make[1]: Entering directory '/home/lacp/NEWP/BENCHMARKS/NPB3.4.1/NPB3.4-MPI/BT'
rm -f *.o *.mod *~ mputil*
rm -f  npbparams.h core
make[1]: Leaving directory '/home/lacp/NEWP/BENCHMARKS/NPB3.4.1/NPB3.4-MPI/BT'
make[1]: Entering directory '/home/lacp/NEWP/BENCHMARKS/NPB3.4.1/NPB3.4-MPI/BT'
make[2]: Entering directory '/home/lacp/NEWP/BENCHMARKS/NPB3.4.1/NPB3.4-MPI/sys'
gcc -g -DFORTRAN_REC_SIZE=1 -o setparams setparams.c
make[2]: Leaving directory '/home/lacp/NEWP/BENCHMARKS/NPB3.4.1/NPB3.4-MPI/sys'
../sys/setparams bt C 
mpifort -c  -O3 mpinpb.f90
mpifort -c  -O3 bt_data.f90
mpifort -c  -O3 bt.f90
mpifort -c  -O3 make_set.f90
mpifort -c  -O3 initialize.f90
mpifort -c  -O3 exact_solution.f90
mpifort -c  -O3 exact_rhs.f90
mpifort -c  -O3 set_constants.f90
mpifort -c  -O3 adi.f90
mpifort -c  -O3 define.f90
mpifort -c  -O3 copy_faces.f90
mpifort -c  -O3 rhs.f90
mpifort -c  -O3 solve_subs.f90
mpifort -c  -O3 x_solve.f90
mpifort -c  -O3 y_solve.f90
mpifort -c  -O3 z_solve.f90
mpifort -c  -O3 add.f90
mpifort -c  -O3 error.f90
mpifort -c  -O3 verify.f90
mpifort -c  -O3 setup_mpi.f90
cd ../common; mpifort -c  -O3 get_active_nprocs.f90
cd ../common; mpifort -c  -O3 print_results.f90
cd ../common; mpifort -c  -O3 timers.f90
make[2]: Entering directory '/home/lacp/NEWP/BENCHMARKS/NPB3.4.1/NPB3.4-MPI/BT'
mpifort -c  -O3 btio.f90
mpifort -O3 -o ../bin/bt.C.x bt.o bt_data.o make_set.o initialize.o exact_solution.o exact_rhs.o set_constants.o adi.o define.o copy_faces.o rhs.o solve_subs.o x_solve.o y_solve.o z_solve.o add.o error.o verify.o setup_mpi.o mpinpb.o ../common/get_active_nprocs.o ../common/print_results.o ../common/timers.o btio.o 
make[2]: Leaving directory '/home/lacp/NEWP/BENCHMARKS/NPB3.4.1/NPB3.4-MPI/BT'
make[1]: Leaving directory '/home/lacp/NEWP/BENCHMARKS/NPB3.4.1/NPB3.4-MPI/BT'
make[1]: Entering directory '/home/lacp/NEWP/BENCHMARKS/NPB3.4.1/NPB3.4-MPI/SP'
rm -f *.o *.mod *~ mputil*
rm -f npbparams.h core
make[1]: Leaving directory '/home/lacp/NEWP/BENCHMARKS/NPB3.4.1/NPB3.4-MPI/SP'
make[1]: Entering directory '/home/lacp/NEWP/BENCHMARKS/NPB3.4.1/NPB3.4-MPI/SP'
make[2]: Entering directory '/home/lacp/NEWP/BENCHMARKS/NPB3.4.1/NPB3.4-MPI/sys'
make[2]: Nothing to be done for 'all'.
make[2]: Leaving directory '/home/lacp/NEWP/BENCHMARKS/NPB3.4.1/NPB3.4-MPI/sys'
../sys/setparams sp C 
mpifort -c  -O3 mpinpb.f90
mpifort -c  -O3 sp_data.f90
mpifort -c  -O3 sp.f90
mpifort -c  -O3 make_set.f90
mpifort -c  -O3 initialize.f90
mpifort -c  -O3 exact_solution.f90
mpifort -c  -O3 exact_rhs.f90
mpifort -c  -O3 set_constants.f90
mpifort -c  -O3 adi.f90
mpifort -c  -O3 define.f90
mpifort -c  -O3 copy_faces.f90
mpifort -c  -O3 rhs.f90
mpifort -c  -O3 lhsx.f90
mpifort -c  -O3 lhsy.f90
mpifort -c  -O3 lhsz.f90
mpifort -c  -O3 x_solve.f90
mpifort -c  -O3 ninvr.f90
mpifort -c  -O3 y_solve.f90
mpifort -c  -O3 pinvr.f90
mpifort -c  -O3 z_solve.f90
mpifort -c  -O3 tzetar.f90
mpifort -c  -O3 add.f90
mpifort -c  -O3 txinvr.f90
mpifort -c  -O3 error.f90
mpifort -c  -O3 verify.f90
mpifort -c  -O3 setup_mpi.f90
mpifort -O3 -o ../bin/sp.C.x sp.o sp_data.o make_set.o initialize.o exact_solution.o exact_rhs.o set_constants.o adi.o define.o copy_faces.o rhs.o lhsx.o lhsy.o lhsz.o x_solve.o ninvr.o y_solve.o pinvr.o z_solve.o tzetar.o add.o txinvr.o error.o verify.o setup_mpi.o mpinpb.o ../common/get_active_nprocs.o ../common/print_results.o ../common/timers.o 
make[1]: Leaving directory '/home/lacp/NEWP/BENCHMARKS/NPB3.4.1/NPB3.4-MPI/SP'
make[1]: Entering directory '/home/lacp/NEWP/BENCHMARKS/NPB3.4.1/NPB3.4-MPI/IS'
rm -f *.o *~ mputil*
rm -f is npbparams.h core
make[1]: Leaving directory '/home/lacp/NEWP/BENCHMARKS/NPB3.4.1/NPB3.4-MPI/IS'
make[1]: Entering directory '/home/lacp/NEWP/BENCHMARKS/NPB3.4.1/NPB3.4-MPI/IS'
make[2]: Entering directory '/home/lacp/NEWP/BENCHMARKS/NPB3.4.1/NPB3.4-MPI/sys'
make[2]: Nothing to be done for 'all'.
make[2]: Leaving directory '/home/lacp/NEWP/BENCHMARKS/NPB3.4.1/NPB3.4-MPI/sys'
../sys/setparams is C 
mpicc -c  -O3 is.c
cd ../common; mpicc -c  -O3 c_print_results.c
cd ../common; mpicc -c  -O3 c_timers.c
mpicc -O3 -o ../bin/is.C.x is.o ../common/c_print_results.o ../common/c_timers.o 
make[1]: Leaving directory '/home/lacp/NEWP/BENCHMARKS/NPB3.4.1/NPB3.4-MPI/IS'
make[1]: Entering directory '/home/lacp/NEWP/BENCHMARKS/NPB3.4.1/NPB3.4-MPI/FT'
rm -f *.o *.mod *~ mputil*
rm -f ft npbparams.h core
make[1]: Leaving directory '/home/lacp/NEWP/BENCHMARKS/NPB3.4.1/NPB3.4-MPI/FT'
make[1]: Entering directory '/home/lacp/NEWP/BENCHMARKS/NPB3.4.1/NPB3.4-MPI/FT'
make[2]: Entering directory '/home/lacp/NEWP/BENCHMARKS/NPB3.4.1/NPB3.4-MPI/sys'
make[2]: Nothing to be done for 'all'.
make[2]: Leaving directory '/home/lacp/NEWP/BENCHMARKS/NPB3.4.1/NPB3.4-MPI/sys'
../sys/setparams ft C 
mpifort -c  -O3 mpinpb.f90
mpifort -c  -O3 ft_data.f90
mpifort -c  -O3 ft.f90
cd ../common; mpifort -c  -O3 randi8.f90
mpifort -O3 -o ../bin/ft.C.x ft.o ft_data.o mpinpb.o ../common/get_active_nprocs.o ../common/randi8.o ../common/print_results.o ../common/timers.o 
make[1]: Leaving directory '/home/lacp/NEWP/BENCHMARKS/NPB3.4.1/NPB3.4-MPI/FT'

1-is-16

Sun Dec 13 21:11:03 -03 2020
Executing >> mpiexec --mca btl self,tcp --mca btl_tcp_if_include eth0 -np 16 -machinefile /home/lacp/NEWP/MACHINE_FILES/nodes16_LACP10 /home/lacp/NEWP/BENCHMARKS/NPB3.4.1/NPB3.4-MPI/bin/is.C.x 2>> /home/lacp/NEWP/LOGS/apps_exec_std_error &> >(tee -a /home/lacp/NEWP/LOGS/LOGS_BACKUP/is.802.3ad-4NICs-layer2.log > /tmp/nas.out) <<
Done!

2-is-16

Sun Dec 13 21:11:20 -03 2020
Executing >> mpiexec --mca btl self,tcp --mca btl_tcp_if_include eth0 -np 16 -machinefile /home/lacp/NEWP/MACHINE_FILES/nodes16_LACP10 /home/lacp/NEWP/BENCHMARKS/NPB3.4.1/NPB3.4-MPI/bin/is.C.x 2>> /home/lacp/NEWP/LOGS/apps_exec_std_error &> >(tee -a /home/lacp/NEWP/LOGS/LOGS_BACKUP/is.802.3ad-4NICs-layer2.log > /tmp/nas.out) <<
Done!

3-is-16

Sun Dec 13 21:11:37 -03 2020
Executing >> mpiexec --mca btl self,tcp --mca btl_tcp_if_include eth0 -np 16 -machinefile /home/lacp/NEWP/MACHINE_FILES/nodes16_LACP10 /home/lacp/NEWP/BENCHMARKS/NPB3.4.1/NPB3.4-MPI/bin/is.C.x 2>> /home/lacp/NEWP/LOGS/apps_exec_std_error &> >(tee -a /home/lacp/NEWP/LOGS/LOGS_BACKUP/is.802.3ad-4NICs-layer2.log > /tmp/nas.out) <<
Done!

4-is-16

Sun Dec 13 21:11:55 -03 2020
Executing >> mpiexec --mca btl self,tcp --mca btl_tcp_if_include eth0 -np 16 -machinefile /home/lacp/NEWP/MACHINE_FILES/nodes16_LACP10 /home/lacp/NEWP/BENCHMARKS/NPB3.4.1/NPB3.4-MPI/bin/is.C.x 2>> /home/lacp/NEWP/LOGS/apps_exec_std_error &> >(tee -a /home/lacp/NEWP/LOGS/LOGS_BACKUP/is.802.3ad-4NICs-layer2.log > /tmp/nas.out) <<
Done!

5-is-16

Sun Dec 13 21:12:12 -03 2020
Executing >> mpiexec --mca btl self,tcp --mca btl_tcp_if_include eth0 -np 16 -machinefile /home/lacp/NEWP/MACHINE_FILES/nodes16_LACP10 /home/lacp/NEWP/BENCHMARKS/NPB3.4.1/NPB3.4-MPI/bin/is.C.x 2>> /home/lacp/NEWP/LOGS/apps_exec_std_error &> >(tee -a /home/lacp/NEWP/LOGS/LOGS_BACKUP/is.802.3ad-4NICs-layer2.log > /tmp/nas.out) <<
Done!

6-is-16

Sun Dec 13 21:12:29 -03 2020
Executing >> mpiexec --mca btl self,tcp --mca btl_tcp_if_include eth0 -np 16 -machinefile /home/lacp/NEWP/MACHINE_FILES/nodes16_LACP10 /home/lacp/NEWP/BENCHMARKS/NPB3.4.1/NPB3.4-MPI/bin/is.C.x 2>> /home/lacp/NEWP/LOGS/apps_exec_std_error &> >(tee -a /home/lacp/NEWP/LOGS/LOGS_BACKUP/is.802.3ad-4NICs-layer2.log > /tmp/nas.out) <<
Done!

7-is-16

Sun Dec 13 21:12:46 -03 2020
Executing >> mpiexec --mca btl self,tcp --mca btl_tcp_if_include eth0 -np 16 -machinefile /home/lacp/NEWP/MACHINE_FILES/nodes16_LACP10 /home/lacp/NEWP/BENCHMARKS/NPB3.4.1/NPB3.4-MPI/bin/is.C.x 2>> /home/lacp/NEWP/LOGS/apps_exec_std_error &> >(tee -a /home/lacp/NEWP/LOGS/LOGS_BACKUP/is.802.3ad-4NICs-layer2.log > /tmp/nas.out) <<
Done!

8-is-16

Sun Dec 13 21:13:04 -03 2020
Executing >> mpiexec --mca btl self,tcp --mca btl_tcp_if_include eth0 -np 16 -machinefile /home/lacp/NEWP/MACHINE_FILES/nodes16_LACP10 /home/lacp/NEWP/BENCHMARKS/NPB3.4.1/NPB3.4-MPI/bin/is.C.x 2>> /home/lacp/NEWP/LOGS/apps_exec_std_error &> >(tee -a /home/lacp/NEWP/LOGS/LOGS_BACKUP/is.802.3ad-4NICs-layer2.log > /tmp/nas.out) <<
Done!

9-is-16

Sun Dec 13 21:13:21 -03 2020
Executing >> mpiexec --mca btl self,tcp --mca btl_tcp_if_include eth0 -np 16 -machinefile /home/lacp/NEWP/MACHINE_FILES/nodes16_LACP10 /home/lacp/NEWP/BENCHMARKS/NPB3.4.1/NPB3.4-MPI/bin/is.C.x 2>> /home/lacp/NEWP/LOGS/apps_exec_std_error &> >(tee -a /home/lacp/NEWP/LOGS/LOGS_BACKUP/is.802.3ad-4NICs-layer2.log > /tmp/nas.out) <<
Done!

10-is-16

Sun Dec 13 21:13:38 -03 2020
Executing >> mpiexec --mca btl self,tcp --mca btl_tcp_if_include eth0 -np 16 -machinefile /home/lacp/NEWP/MACHINE_FILES/nodes16_LACP10 /home/lacp/NEWP/BENCHMARKS/NPB3.4.1/NPB3.4-MPI/bin/is.C.x 2>> /home/lacp/NEWP/LOGS/apps_exec_std_error &> >(tee -a /home/lacp/NEWP/LOGS/LOGS_BACKUP/is.802.3ad-4NICs-layer2.log > /tmp/nas.out) <<
Done!

11-ft-16

Sun Dec 13 21:13:55 -03 2020
Executing >> mpiexec --mca btl self,tcp --mca btl_tcp_if_include eth0 -np 16 -machinefile /home/lacp/NEWP/MACHINE_FILES/nodes16_LACP10 /home/lacp/NEWP/BENCHMARKS/NPB3.4.1/NPB3.4-MPI/bin/ft.C.x 2>> /home/lacp/NEWP/LOGS/apps_exec_std_error &> >(tee -a /home/lacp/NEWP/LOGS/LOGS_BACKUP/ft.802.3ad-4NICs-layer2.log > /tmp/nas.out) <<
Done!

12-ft-16

Sun Dec 13 21:15:55 -03 2020
Executing >> mpiexec --mca btl self,tcp --mca btl_tcp_if_include eth0 -np 16 -machinefile /home/lacp/NEWP/MACHINE_FILES/nodes16_LACP10 /home/lacp/NEWP/BENCHMARKS/NPB3.4.1/NPB3.4-MPI/bin/ft.C.x 2>> /home/lacp/NEWP/LOGS/apps_exec_std_error &> >(tee -a /home/lacp/NEWP/LOGS/LOGS_BACKUP/ft.802.3ad-4NICs-layer2.log > /tmp/nas.out) <<
Done!

13-ft-16

Sun Dec 13 21:17:56 -03 2020
Executing >> mpiexec --mca btl self,tcp --mca btl_tcp_if_include eth0 -np 16 -machinefile /home/lacp/NEWP/MACHINE_FILES/nodes16_LACP10 /home/lacp/NEWP/BENCHMARKS/NPB3.4.1/NPB3.4-MPI/bin/ft.C.x 2>> /home/lacp/NEWP/LOGS/apps_exec_std_error &> >(tee -a /home/lacp/NEWP/LOGS/LOGS_BACKUP/ft.802.3ad-4NICs-layer2.log > /tmp/nas.out) <<
Done!

14-ft-16

Sun Dec 13 21:19:58 -03 2020
Executing >> mpiexec --mca btl self,tcp --mca btl_tcp_if_include eth0 -np 16 -machinefile /home/lacp/NEWP/MACHINE_FILES/nodes16_LACP10 /home/lacp/NEWP/BENCHMARKS/NPB3.4.1/NPB3.4-MPI/bin/ft.C.x 2>> /home/lacp/NEWP/LOGS/apps_exec_std_error &> >(tee -a /home/lacp/NEWP/LOGS/LOGS_BACKUP/ft.802.3ad-4NICs-layer2.log > /tmp/nas.out) <<
Done!

15-ft-16

Sun Dec 13 21:21:58 -03 2020
Executing >> mpiexec --mca btl self,tcp --mca btl_tcp_if_include eth0 -np 16 -machinefile /home/lacp/NEWP/MACHINE_FILES/nodes16_LACP10 /home/lacp/NEWP/BENCHMARKS/NPB3.4.1/NPB3.4-MPI/bin/ft.C.x 2>> /home/lacp/NEWP/LOGS/apps_exec_std_error &> >(tee -a /home/lacp/NEWP/LOGS/LOGS_BACKUP/ft.802.3ad-4NICs-layer2.log > /tmp/nas.out) <<
Done!

16-ft-16

Sun Dec 13 21:23:59 -03 2020
Executing >> mpiexec --mca btl self,tcp --mca btl_tcp_if_include eth0 -np 16 -machinefile /home/lacp/NEWP/MACHINE_FILES/nodes16_LACP10 /home/lacp/NEWP/BENCHMARKS/NPB3.4.1/NPB3.4-MPI/bin/ft.C.x 2>> /home/lacp/NEWP/LOGS/apps_exec_std_error &> >(tee -a /home/lacp/NEWP/LOGS/LOGS_BACKUP/ft.802.3ad-4NICs-layer2.log > /tmp/nas.out) <<
Done!

17-ft-16

Sun Dec 13 21:25:59 -03 2020
Executing >> mpiexec --mca btl self,tcp --mca btl_tcp_if_include eth0 -np 16 -machinefile /home/lacp/NEWP/MACHINE_FILES/nodes16_LACP10 /home/lacp/NEWP/BENCHMARKS/NPB3.4.1/NPB3.4-MPI/bin/ft.C.x 2>> /home/lacp/NEWP/LOGS/apps_exec_std_error &> >(tee -a /home/lacp/NEWP/LOGS/LOGS_BACKUP/ft.802.3ad-4NICs-layer2.log > /tmp/nas.out) <<
Done!

18-ft-16

Sun Dec 13 21:28:00 -03 2020
Executing >> mpiexec --mca btl self,tcp --mca btl_tcp_if_include eth0 -np 16 -machinefile /home/lacp/NEWP/MACHINE_FILES/nodes16_LACP10 /home/lacp/NEWP/BENCHMARKS/NPB3.4.1/NPB3.4-MPI/bin/ft.C.x 2>> /home/lacp/NEWP/LOGS/apps_exec_std_error &> >(tee -a /home/lacp/NEWP/LOGS/LOGS_BACKUP/ft.802.3ad-4NICs-layer2.log > /tmp/nas.out) <<
Done!

19-ft-16

Sun Dec 13 21:30:01 -03 2020
Executing >> mpiexec --mca btl self,tcp --mca btl_tcp_if_include eth0 -np 16 -machinefile /home/lacp/NEWP/MACHINE_FILES/nodes16_LACP10 /home/lacp/NEWP/BENCHMARKS/NPB3.4.1/NPB3.4-MPI/bin/ft.C.x 2>> /home/lacp/NEWP/LOGS/apps_exec_std_error &> >(tee -a /home/lacp/NEWP/LOGS/LOGS_BACKUP/ft.802.3ad-4NICs-layer2.log > /tmp/nas.out) <<
Done!

20-ft-16

Sun Dec 13 21:32:01 -03 2020
Executing >> mpiexec --mca btl self,tcp --mca btl_tcp_if_include eth0 -np 16 -machinefile /home/lacp/NEWP/MACHINE_FILES/nodes16_LACP10 /home/lacp/NEWP/BENCHMARKS/NPB3.4.1/NPB3.4-MPI/bin/ft.C.x 2>> /home/lacp/NEWP/LOGS/apps_exec_std_error &> >(tee -a /home/lacp/NEWP/LOGS/LOGS_BACKUP/ft.802.3ad-4NICs-layer2.log > /tmp/nas.out) <<
Done!

21-is-16

Sun Dec 13 21:34:02 -03 2020
Executing >> mpiexec --mca btl self,tcp --mca btl_tcp_if_include eth0 -np 16 -machinefile /home/lacp/NEWP/MACHINE_FILES/nodes16_LACP10 /home/lacp/NEWP/BENCHMARKS/NPB3.4.1/NPB3.4-MPI/bin/is.C.x 2>> /home/lacp/NEWP/LOGS/apps_exec_std_error &> >(tee -a /home/lacp/NEWP/LOGS/LOGS_BACKUP/is.802.3ad-4NICs-layer2.log > /tmp/nas.out) <<
Done!

22-is-16

Sun Dec 13 21:34:20 -03 2020
Executing >> mpiexec --mca btl self,tcp --mca btl_tcp_if_include eth0 -np 16 -machinefile /home/lacp/NEWP/MACHINE_FILES/nodes16_LACP10 /home/lacp/NEWP/BENCHMARKS/NPB3.4.1/NPB3.4-MPI/bin/is.C.x 2>> /home/lacp/NEWP/LOGS/apps_exec_std_error &> >(tee -a /home/lacp/NEWP/LOGS/LOGS_BACKUP/is.802.3ad-4NICs-layer2.log > /tmp/nas.out) <<
Done!

23-is-16

Sun Dec 13 21:34:37 -03 2020
Executing >> mpiexec --mca btl self,tcp --mca btl_tcp_if_include eth0 -np 16 -machinefile /home/lacp/NEWP/MACHINE_FILES/nodes16_LACP10 /home/lacp/NEWP/BENCHMARKS/NPB3.4.1/NPB3.4-MPI/bin/is.C.x 2>> /home/lacp/NEWP/LOGS/apps_exec_std_error &> >(tee -a /home/lacp/NEWP/LOGS/LOGS_BACKUP/is.802.3ad-4NICs-layer2.log > /tmp/nas.out) <<
Done!

24-is-16

Sun Dec 13 21:34:55 -03 2020
Executing >> mpiexec --mca btl self,tcp --mca btl_tcp_if_include eth0 -np 16 -machinefile /home/lacp/NEWP/MACHINE_FILES/nodes16_LACP10 /home/lacp/NEWP/BENCHMARKS/NPB3.4.1/NPB3.4-MPI/bin/is.C.x 2>> /home/lacp/NEWP/LOGS/apps_exec_std_error &> >(tee -a /home/lacp/NEWP/LOGS/LOGS_BACKUP/is.802.3ad-4NICs-layer2.log > /tmp/nas.out) <<
Done!

25-is-16

Sun Dec 13 21:35:12 -03 2020
Executing >> mpiexec --mca btl self,tcp --mca btl_tcp_if_include eth0 -np 16 -machinefile /home/lacp/NEWP/MACHINE_FILES/nodes16_LACP10 /home/lacp/NEWP/BENCHMARKS/NPB3.4.1/NPB3.4-MPI/bin/is.C.x 2>> /home/lacp/NEWP/LOGS/apps_exec_std_error &> >(tee -a /home/lacp/NEWP/LOGS/LOGS_BACKUP/is.802.3ad-4NICs-layer2.log > /tmp/nas.out) <<
Done!

26-is-16

Sun Dec 13 21:35:28 -03 2020
Executing >> mpiexec --mca btl self,tcp --mca btl_tcp_if_include eth0 -np 16 -machinefile /home/lacp/NEWP/MACHINE_FILES/nodes16_LACP10 /home/lacp/NEWP/BENCHMARKS/NPB3.4.1/NPB3.4-MPI/bin/is.C.x 2>> /home/lacp/NEWP/LOGS/apps_exec_std_error &> >(tee -a /home/lacp/NEWP/LOGS/LOGS_BACKUP/is.802.3ad-4NICs-layer2.log > /tmp/nas.out) <<
Done!

27-is-16

Sun Dec 13 21:35:45 -03 2020
Executing >> mpiexec --mca btl self,tcp --mca btl_tcp_if_include eth0 -np 16 -machinefile /home/lacp/NEWP/MACHINE_FILES/nodes16_LACP10 /home/lacp/NEWP/BENCHMARKS/NPB3.4.1/NPB3.4-MPI/bin/is.C.x 2>> /home/lacp/NEWP/LOGS/apps_exec_std_error &> >(tee -a /home/lacp/NEWP/LOGS/LOGS_BACKUP/is.802.3ad-4NICs-layer2.log > /tmp/nas.out) <<
Done!

28-is-16

Sun Dec 13 21:36:02 -03 2020
Executing >> mpiexec --mca btl self,tcp --mca btl_tcp_if_include eth0 -np 16 -machinefile /home/lacp/NEWP/MACHINE_FILES/nodes16_LACP10 /home/lacp/NEWP/BENCHMARKS/NPB3.4.1/NPB3.4-MPI/bin/is.C.x 2>> /home/lacp/NEWP/LOGS/apps_exec_std_error &> >(tee -a /home/lacp/NEWP/LOGS/LOGS_BACKUP/is.802.3ad-4NICs-layer2.log > /tmp/nas.out) <<
Done!

29-is-16

Sun Dec 13 21:36:20 -03 2020
Executing >> mpiexec --mca btl self,tcp --mca btl_tcp_if_include eth0 -np 16 -machinefile /home/lacp/NEWP/MACHINE_FILES/nodes16_LACP10 /home/lacp/NEWP/BENCHMARKS/NPB3.4.1/NPB3.4-MPI/bin/is.C.x 2>> /home/lacp/NEWP/LOGS/apps_exec_std_error &> >(tee -a /home/lacp/NEWP/LOGS/LOGS_BACKUP/is.802.3ad-4NICs-layer2.log > /tmp/nas.out) <<
Done!

30-is-16

Sun Dec 13 21:36:37 -03 2020
Executing >> mpiexec --mca btl self,tcp --mca btl_tcp_if_include eth0 -np 16 -machinefile /home/lacp/NEWP/MACHINE_FILES/nodes16_LACP10 /home/lacp/NEWP/BENCHMARKS/NPB3.4.1/NPB3.4-MPI/bin/is.C.x 2>> /home/lacp/NEWP/LOGS/apps_exec_std_error &> >(tee -a /home/lacp/NEWP/LOGS/LOGS_BACKUP/is.802.3ad-4NICs-layer2.log > /tmp/nas.out) <<
Done!

31-ft-16

Sun Dec 13 21:36:54 -03 2020
Executing >> mpiexec --mca btl self,tcp --mca btl_tcp_if_include eth0 -np 16 -machinefile /home/lacp/NEWP/MACHINE_FILES/nodes16_LACP10 /home/lacp/NEWP/BENCHMARKS/NPB3.4.1/NPB3.4-MPI/bin/ft.C.x 2>> /home/lacp/NEWP/LOGS/apps_exec_std_error &> >(tee -a /home/lacp/NEWP/LOGS/LOGS_BACKUP/ft.802.3ad-4NICs-layer2.log > /tmp/nas.out) <<
Done!

32-ft-16

Sun Dec 13 21:38:55 -03 2020
Executing >> mpiexec --mca btl self,tcp --mca btl_tcp_if_include eth0 -np 16 -machinefile /home/lacp/NEWP/MACHINE_FILES/nodes16_LACP10 /home/lacp/NEWP/BENCHMARKS/NPB3.4.1/NPB3.4-MPI/bin/ft.C.x 2>> /home/lacp/NEWP/LOGS/apps_exec_std_error &> >(tee -a /home/lacp/NEWP/LOGS/LOGS_BACKUP/ft.802.3ad-4NICs-layer2.log > /tmp/nas.out) <<
Done!

33-ft-16

Sun Dec 13 21:40:56 -03 2020
Executing >> mpiexec --mca btl self,tcp --mca btl_tcp_if_include eth0 -np 16 -machinefile /home/lacp/NEWP/MACHINE_FILES/nodes16_LACP10 /home/lacp/NEWP/BENCHMARKS/NPB3.4.1/NPB3.4-MPI/bin/ft.C.x 2>> /home/lacp/NEWP/LOGS/apps_exec_std_error &> >(tee -a /home/lacp/NEWP/LOGS/LOGS_BACKUP/ft.802.3ad-4NICs-layer2.log > /tmp/nas.out) <<
Done!

34-ft-16

Sun Dec 13 21:42:57 -03 2020
Executing >> mpiexec --mca btl self,tcp --mca btl_tcp_if_include eth0 -np 16 -machinefile /home/lacp/NEWP/MACHINE_FILES/nodes16_LACP10 /home/lacp/NEWP/BENCHMARKS/NPB3.4.1/NPB3.4-MPI/bin/ft.C.x 2>> /home/lacp/NEWP/LOGS/apps_exec_std_error &> >(tee -a /home/lacp/NEWP/LOGS/LOGS_BACKUP/ft.802.3ad-4NICs-layer2.log > /tmp/nas.out) <<
Done!

35-ft-16

Sun Dec 13 21:44:59 -03 2020
Executing >> mpiexec --mca btl self,tcp --mca btl_tcp_if_include eth0 -np 16 -machinefile /home/lacp/NEWP/MACHINE_FILES/nodes16_LACP10 /home/lacp/NEWP/BENCHMARKS/NPB3.4.1/NPB3.4-MPI/bin/ft.C.x 2>> /home/lacp/NEWP/LOGS/apps_exec_std_error &> >(tee -a /home/lacp/NEWP/LOGS/LOGS_BACKUP/ft.802.3ad-4NICs-layer2.log > /tmp/nas.out) <<
Done!

36-ft-16

Sun Dec 13 21:47:01 -03 2020
Executing >> mpiexec --mca btl self,tcp --mca btl_tcp_if_include eth0 -np 16 -machinefile /home/lacp/NEWP/MACHINE_FILES/nodes16_LACP10 /home/lacp/NEWP/BENCHMARKS/NPB3.4.1/NPB3.4-MPI/bin/ft.C.x 2>> /home/lacp/NEWP/LOGS/apps_exec_std_error &> >(tee -a /home/lacp/NEWP/LOGS/LOGS_BACKUP/ft.802.3ad-4NICs-layer2.log > /tmp/nas.out) <<
Done!

37-ft-16

Sun Dec 13 21:49:02 -03 2020
Executing >> mpiexec --mca btl self,tcp --mca btl_tcp_if_include eth0 -np 16 -machinefile /home/lacp/NEWP/MACHINE_FILES/nodes16_LACP10 /home/lacp/NEWP/BENCHMARKS/NPB3.4.1/NPB3.4-MPI/bin/ft.C.x 2>> /home/lacp/NEWP/LOGS/apps_exec_std_error &> >(tee -a /home/lacp/NEWP/LOGS/LOGS_BACKUP/ft.802.3ad-4NICs-layer2.log > /tmp/nas.out) <<
Done!

38-ft-16

Sun Dec 13 21:51:03 -03 2020
Executing >> mpiexec --mca btl self,tcp --mca btl_tcp_if_include eth0 -np 16 -machinefile /home/lacp/NEWP/MACHINE_FILES/nodes16_LACP10 /home/lacp/NEWP/BENCHMARKS/NPB3.4.1/NPB3.4-MPI/bin/ft.C.x 2>> /home/lacp/NEWP/LOGS/apps_exec_std_error &> >(tee -a /home/lacp/NEWP/LOGS/LOGS_BACKUP/ft.802.3ad-4NICs-layer2.log > /tmp/nas.out) <<
Done!

39-ft-16

Sun Dec 13 21:53:04 -03 2020
Executing >> mpiexec --mca btl self,tcp --mca btl_tcp_if_include eth0 -np 16 -machinefile /home/lacp/NEWP/MACHINE_FILES/nodes16_LACP10 /home/lacp/NEWP/BENCHMARKS/NPB3.4.1/NPB3.4-MPI/bin/ft.C.x 2>> /home/lacp/NEWP/LOGS/apps_exec_std_error &> >(tee -a /home/lacp/NEWP/LOGS/LOGS_BACKUP/ft.802.3ad-4NICs-layer2.log > /tmp/nas.out) <<
Done!

40-ft-16

Sun Dec 13 21:55:06 -03 2020
Executing >> mpiexec --mca btl self,tcp --mca btl_tcp_if_include eth0 -np 16 -machinefile /home/lacp/NEWP/MACHINE_FILES/nodes16_LACP10 /home/lacp/NEWP/BENCHMARKS/NPB3.4.1/NPB3.4-MPI/bin/ft.C.x 2>> /home/lacp/NEWP/LOGS/apps_exec_std_error &> >(tee -a /home/lacp/NEWP/LOGS/LOGS_BACKUP/ft.802.3ad-4NICs-layer2.log > /tmp/nas.out) <<
Done!

41-bt-16

Sun Dec 13 21:57:07 -03 2020
Executing >> mpiexec --mca btl self,tcp --mca btl_tcp_if_include eth0 -np 16 -machinefile /home/lacp/NEWP/MACHINE_FILES/nodes16_LACP10 /home/lacp/NEWP/BENCHMARKS/NPB3.4.1/NPB3.4-MPI/bin/bt.C.x 2>> /home/lacp/NEWP/LOGS/apps_exec_std_error &> >(tee -a /home/lacp/NEWP/LOGS/LOGS_BACKUP/bt.802.3ad-4NICs-layer2.log > /tmp/nas.out) <<
Done!

42-bt-16

Sun Dec 13 22:00:18 -03 2020
Executing >> mpiexec --mca btl self,tcp --mca btl_tcp_if_include eth0 -np 16 -machinefile /home/lacp/NEWP/MACHINE_FILES/nodes16_LACP10 /home/lacp/NEWP/BENCHMARKS/NPB3.4.1/NPB3.4-MPI/bin/bt.C.x 2>> /home/lacp/NEWP/LOGS/apps_exec_std_error &> >(tee -a /home/lacp/NEWP/LOGS/LOGS_BACKUP/bt.802.3ad-4NICs-layer2.log > /tmp/nas.out) <<
Done!

43-bt-16

Sun Dec 13 22:03:28 -03 2020
Executing >> mpiexec --mca btl self,tcp --mca btl_tcp_if_include eth0 -np 16 -machinefile /home/lacp/NEWP/MACHINE_FILES/nodes16_LACP10 /home/lacp/NEWP/BENCHMARKS/NPB3.4.1/NPB3.4-MPI/bin/bt.C.x 2>> /home/lacp/NEWP/LOGS/apps_exec_std_error &> >(tee -a /home/lacp/NEWP/LOGS/LOGS_BACKUP/bt.802.3ad-4NICs-layer2.log > /tmp/nas.out) <<
Done!

44-bt-16

Sun Dec 13 22:06:40 -03 2020
Executing >> mpiexec --mca btl self,tcp --mca btl_tcp_if_include eth0 -np 16 -machinefile /home/lacp/NEWP/MACHINE_FILES/nodes16_LACP10 /home/lacp/NEWP/BENCHMARKS/NPB3.4.1/NPB3.4-MPI/bin/bt.C.x 2>> /home/lacp/NEWP/LOGS/apps_exec_std_error &> >(tee -a /home/lacp/NEWP/LOGS/LOGS_BACKUP/bt.802.3ad-4NICs-layer2.log > /tmp/nas.out) <<
Done!

45-bt-16

Sun Dec 13 22:09:50 -03 2020
Executing >> mpiexec --mca btl self,tcp --mca btl_tcp_if_include eth0 -np 16 -machinefile /home/lacp/NEWP/MACHINE_FILES/nodes16_LACP10 /home/lacp/NEWP/BENCHMARKS/NPB3.4.1/NPB3.4-MPI/bin/bt.C.x 2>> /home/lacp/NEWP/LOGS/apps_exec_std_error &> >(tee -a /home/lacp/NEWP/LOGS/LOGS_BACKUP/bt.802.3ad-4NICs-layer2.log > /tmp/nas.out) <<
Done!

46-bt-16

Sun Dec 13 22:13:03 -03 2020
Executing >> mpiexec --mca btl self,tcp --mca btl_tcp_if_include eth0 -np 16 -machinefile /home/lacp/NEWP/MACHINE_FILES/nodes16_LACP10 /home/lacp/NEWP/BENCHMARKS/NPB3.4.1/NPB3.4-MPI/bin/bt.C.x 2>> /home/lacp/NEWP/LOGS/apps_exec_std_error &> >(tee -a /home/lacp/NEWP/LOGS/LOGS_BACKUP/bt.802.3ad-4NICs-layer2.log > /tmp/nas.out) <<
Done!

47-bt-16

Sun Dec 13 22:16:13 -03 2020
Executing >> mpiexec --mca btl self,tcp --mca btl_tcp_if_include eth0 -np 16 -machinefile /home/lacp/NEWP/MACHINE_FILES/nodes16_LACP10 /home/lacp/NEWP/BENCHMARKS/NPB3.4.1/NPB3.4-MPI/bin/bt.C.x 2>> /home/lacp/NEWP/LOGS/apps_exec_std_error &> >(tee -a /home/lacp/NEWP/LOGS/LOGS_BACKUP/bt.802.3ad-4NICs-layer2.log > /tmp/nas.out) <<
Done!

48-bt-16

Sun Dec 13 22:19:24 -03 2020
Executing >> mpiexec --mca btl self,tcp --mca btl_tcp_if_include eth0 -np 16 -machinefile /home/lacp/NEWP/MACHINE_FILES/nodes16_LACP10 /home/lacp/NEWP/BENCHMARKS/NPB3.4.1/NPB3.4-MPI/bin/bt.C.x 2>> /home/lacp/NEWP/LOGS/apps_exec_std_error &> >(tee -a /home/lacp/NEWP/LOGS/LOGS_BACKUP/bt.802.3ad-4NICs-layer2.log > /tmp/nas.out) <<
Done!

49-bt-16

Sun Dec 13 22:22:34 -03 2020
Executing >> mpiexec --mca btl self,tcp --mca btl_tcp_if_include eth0 -np 16 -machinefile /home/lacp/NEWP/MACHINE_FILES/nodes16_LACP10 /home/lacp/NEWP/BENCHMARKS/NPB3.4.1/NPB3.4-MPI/bin/bt.C.x 2>> /home/lacp/NEWP/LOGS/apps_exec_std_error &> >(tee -a /home/lacp/NEWP/LOGS/LOGS_BACKUP/bt.802.3ad-4NICs-layer2.log > /tmp/nas.out) <<
Done!

50-bt-16

Sun Dec 13 22:25:46 -03 2020
Executing >> mpiexec --mca btl self,tcp --mca btl_tcp_if_include eth0 -np 16 -machinefile /home/lacp/NEWP/MACHINE_FILES/nodes16_LACP10 /home/lacp/NEWP/BENCHMARKS/NPB3.4.1/NPB3.4-MPI/bin/bt.C.x 2>> /home/lacp/NEWP/LOGS/apps_exec_std_error &> >(tee -a /home/lacp/NEWP/LOGS/LOGS_BACKUP/bt.802.3ad-4NICs-layer2.log > /tmp/nas.out) <<
Done!

51-sp-16

Sun Dec 13 22:28:57 -03 2020
Executing >> mpiexec --mca btl self,tcp --mca btl_tcp_if_include eth0 -np 16 -machinefile /home/lacp/NEWP/MACHINE_FILES/nodes16_LACP10 /home/lacp/NEWP/BENCHMARKS/NPB3.4.1/NPB3.4-MPI/bin/sp.C.x 2>> /home/lacp/NEWP/LOGS/apps_exec_std_error &> >(tee -a /home/lacp/NEWP/LOGS/LOGS_BACKUP/sp.802.3ad-4NICs-layer2.log > /tmp/nas.out) <<
Done!

52-sp-16

Sun Dec 13 22:32:38 -03 2020
Executing >> mpiexec --mca btl self,tcp --mca btl_tcp_if_include eth0 -np 16 -machinefile /home/lacp/NEWP/MACHINE_FILES/nodes16_LACP10 /home/lacp/NEWP/BENCHMARKS/NPB3.4.1/NPB3.4-MPI/bin/sp.C.x 2>> /home/lacp/NEWP/LOGS/apps_exec_std_error &> >(tee -a /home/lacp/NEWP/LOGS/LOGS_BACKUP/sp.802.3ad-4NICs-layer2.log > /tmp/nas.out) <<
Done!

53-sp-16

Sun Dec 13 22:36:17 -03 2020
Executing >> mpiexec --mca btl self,tcp --mca btl_tcp_if_include eth0 -np 16 -machinefile /home/lacp/NEWP/MACHINE_FILES/nodes16_LACP10 /home/lacp/NEWP/BENCHMARKS/NPB3.4.1/NPB3.4-MPI/bin/sp.C.x 2>> /home/lacp/NEWP/LOGS/apps_exec_std_error &> >(tee -a /home/lacp/NEWP/LOGS/LOGS_BACKUP/sp.802.3ad-4NICs-layer2.log > /tmp/nas.out) <<
Done!

54-sp-16

Sun Dec 13 22:39:55 -03 2020
Executing >> mpiexec --mca btl self,tcp --mca btl_tcp_if_include eth0 -np 16 -machinefile /home/lacp/NEWP/MACHINE_FILES/nodes16_LACP10 /home/lacp/NEWP/BENCHMARKS/NPB3.4.1/NPB3.4-MPI/bin/sp.C.x 2>> /home/lacp/NEWP/LOGS/apps_exec_std_error &> >(tee -a /home/lacp/NEWP/LOGS/LOGS_BACKUP/sp.802.3ad-4NICs-layer2.log > /tmp/nas.out) <<
Done!

55-sp-16

Sun Dec 13 22:43:35 -03 2020
Executing >> mpiexec --mca btl self,tcp --mca btl_tcp_if_include eth0 -np 16 -machinefile /home/lacp/NEWP/MACHINE_FILES/nodes16_LACP10 /home/lacp/NEWP/BENCHMARKS/NPB3.4.1/NPB3.4-MPI/bin/sp.C.x 2>> /home/lacp/NEWP/LOGS/apps_exec_std_error &> >(tee -a /home/lacp/NEWP/LOGS/LOGS_BACKUP/sp.802.3ad-4NICs-layer2.log > /tmp/nas.out) <<
Done!

56-sp-16

Sun Dec 13 22:47:15 -03 2020
Executing >> mpiexec --mca btl self,tcp --mca btl_tcp_if_include eth0 -np 16 -machinefile /home/lacp/NEWP/MACHINE_FILES/nodes16_LACP10 /home/lacp/NEWP/BENCHMARKS/NPB3.4.1/NPB3.4-MPI/bin/sp.C.x 2>> /home/lacp/NEWP/LOGS/apps_exec_std_error &> >(tee -a /home/lacp/NEWP/LOGS/LOGS_BACKUP/sp.802.3ad-4NICs-layer2.log > /tmp/nas.out) <<
Done!

57-sp-16

Sun Dec 13 22:50:55 -03 2020
Executing >> mpiexec --mca btl self,tcp --mca btl_tcp_if_include eth0 -np 16 -machinefile /home/lacp/NEWP/MACHINE_FILES/nodes16_LACP10 /home/lacp/NEWP/BENCHMARKS/NPB3.4.1/NPB3.4-MPI/bin/sp.C.x 2>> /home/lacp/NEWP/LOGS/apps_exec_std_error &> >(tee -a /home/lacp/NEWP/LOGS/LOGS_BACKUP/sp.802.3ad-4NICs-layer2.log > /tmp/nas.out) <<
Done!

58-sp-16

Sun Dec 13 22:54:36 -03 2020
Executing >> mpiexec --mca btl self,tcp --mca btl_tcp_if_include eth0 -np 16 -machinefile /home/lacp/NEWP/MACHINE_FILES/nodes16_LACP10 /home/lacp/NEWP/BENCHMARKS/NPB3.4.1/NPB3.4-MPI/bin/sp.C.x 2>> /home/lacp/NEWP/LOGS/apps_exec_std_error &> >(tee -a /home/lacp/NEWP/LOGS/LOGS_BACKUP/sp.802.3ad-4NICs-layer2.log > /tmp/nas.out) <<
Done!

59-sp-16

Sun Dec 13 22:58:16 -03 2020
Executing >> mpiexec --mca btl self,tcp --mca btl_tcp_if_include eth0 -np 16 -machinefile /home/lacp/NEWP/MACHINE_FILES/nodes16_LACP10 /home/lacp/NEWP/BENCHMARKS/NPB3.4.1/NPB3.4-MPI/bin/sp.C.x 2>> /home/lacp/NEWP/LOGS/apps_exec_std_error &> >(tee -a /home/lacp/NEWP/LOGS/LOGS_BACKUP/sp.802.3ad-4NICs-layer2.log > /tmp/nas.out) <<
Done!

60-sp-16

Sun Dec 13 23:01:54 -03 2020
Executing >> mpiexec --mca btl self,tcp --mca btl_tcp_if_include eth0 -np 16 -machinefile /home/lacp/NEWP/MACHINE_FILES/nodes16_LACP10 /home/lacp/NEWP/BENCHMARKS/NPB3.4.1/NPB3.4-MPI/bin/sp.C.x 2>> /home/lacp/NEWP/LOGS/apps_exec_std_error &> >(tee -a /home/lacp/NEWP/LOGS/LOGS_BACKUP/sp.802.3ad-4NICs-layer2.log > /tmp/nas.out) <<
Done!

61-bt-16

Sun Dec 13 23:05:34 -03 2020
Executing >> mpiexec --mca btl self,tcp --mca btl_tcp_if_include eth0 -np 16 -machinefile /home/lacp/NEWP/MACHINE_FILES/nodes16_LACP10 /home/lacp/NEWP/BENCHMARKS/NPB3.4.1/NPB3.4-MPI/bin/bt.C.x 2>> /home/lacp/NEWP/LOGS/apps_exec_std_error &> >(tee -a /home/lacp/NEWP/LOGS/LOGS_BACKUP/bt.802.3ad-4NICs-layer2.log > /tmp/nas.out) <<
Done!

62-bt-16

Sun Dec 13 23:08:45 -03 2020
Executing >> mpiexec --mca btl self,tcp --mca btl_tcp_if_include eth0 -np 16 -machinefile /home/lacp/NEWP/MACHINE_FILES/nodes16_LACP10 /home/lacp/NEWP/BENCHMARKS/NPB3.4.1/NPB3.4-MPI/bin/bt.C.x 2>> /home/lacp/NEWP/LOGS/apps_exec_std_error &> >(tee -a /home/lacp/NEWP/LOGS/LOGS_BACKUP/bt.802.3ad-4NICs-layer2.log > /tmp/nas.out) <<
Done!

63-bt-16

Sun Dec 13 23:11:56 -03 2020
Executing >> mpiexec --mca btl self,tcp --mca btl_tcp_if_include eth0 -np 16 -machinefile /home/lacp/NEWP/MACHINE_FILES/nodes16_LACP10 /home/lacp/NEWP/BENCHMARKS/NPB3.4.1/NPB3.4-MPI/bin/bt.C.x 2>> /home/lacp/NEWP/LOGS/apps_exec_std_error &> >(tee -a /home/lacp/NEWP/LOGS/LOGS_BACKUP/bt.802.3ad-4NICs-layer2.log > /tmp/nas.out) <<
Done!

64-bt-16

Sun Dec 13 23:15:07 -03 2020
Executing >> mpiexec --mca btl self,tcp --mca btl_tcp_if_include eth0 -np 16 -machinefile /home/lacp/NEWP/MACHINE_FILES/nodes16_LACP10 /home/lacp/NEWP/BENCHMARKS/NPB3.4.1/NPB3.4-MPI/bin/bt.C.x 2>> /home/lacp/NEWP/LOGS/apps_exec_std_error &> >(tee -a /home/lacp/NEWP/LOGS/LOGS_BACKUP/bt.802.3ad-4NICs-layer2.log > /tmp/nas.out) <<
Done!

65-bt-16

Sun Dec 13 23:18:19 -03 2020
Executing >> mpiexec --mca btl self,tcp --mca btl_tcp_if_include eth0 -np 16 -machinefile /home/lacp/NEWP/MACHINE_FILES/nodes16_LACP10 /home/lacp/NEWP/BENCHMARKS/NPB3.4.1/NPB3.4-MPI/bin/bt.C.x 2>> /home/lacp/NEWP/LOGS/apps_exec_std_error &> >(tee -a /home/lacp/NEWP/LOGS/LOGS_BACKUP/bt.802.3ad-4NICs-layer2.log > /tmp/nas.out) <<
Done!

66-bt-16

Sun Dec 13 23:21:30 -03 2020
Executing >> mpiexec --mca btl self,tcp --mca btl_tcp_if_include eth0 -np 16 -machinefile /home/lacp/NEWP/MACHINE_FILES/nodes16_LACP10 /home/lacp/NEWP/BENCHMARKS/NPB3.4.1/NPB3.4-MPI/bin/bt.C.x 2>> /home/lacp/NEWP/LOGS/apps_exec_std_error &> >(tee -a /home/lacp/NEWP/LOGS/LOGS_BACKUP/bt.802.3ad-4NICs-layer2.log > /tmp/nas.out) <<
Done!

67-bt-16

Sun Dec 13 23:24:43 -03 2020
Executing >> mpiexec --mca btl self,tcp --mca btl_tcp_if_include eth0 -np 16 -machinefile /home/lacp/NEWP/MACHINE_FILES/nodes16_LACP10 /home/lacp/NEWP/BENCHMARKS/NPB3.4.1/NPB3.4-MPI/bin/bt.C.x 2>> /home/lacp/NEWP/LOGS/apps_exec_std_error &> >(tee -a /home/lacp/NEWP/LOGS/LOGS_BACKUP/bt.802.3ad-4NICs-layer2.log > /tmp/nas.out) <<
Done!

68-bt-16

Sun Dec 13 23:27:52 -03 2020
Executing >> mpiexec --mca btl self,tcp --mca btl_tcp_if_include eth0 -np 16 -machinefile /home/lacp/NEWP/MACHINE_FILES/nodes16_LACP10 /home/lacp/NEWP/BENCHMARKS/NPB3.4.1/NPB3.4-MPI/bin/bt.C.x 2>> /home/lacp/NEWP/LOGS/apps_exec_std_error &> >(tee -a /home/lacp/NEWP/LOGS/LOGS_BACKUP/bt.802.3ad-4NICs-layer2.log > /tmp/nas.out) <<
Done!

69-bt-16

Sun Dec 13 23:31:02 -03 2020
Executing >> mpiexec --mca btl self,tcp --mca btl_tcp_if_include eth0 -np 16 -machinefile /home/lacp/NEWP/MACHINE_FILES/nodes16_LACP10 /home/lacp/NEWP/BENCHMARKS/NPB3.4.1/NPB3.4-MPI/bin/bt.C.x 2>> /home/lacp/NEWP/LOGS/apps_exec_std_error &> >(tee -a /home/lacp/NEWP/LOGS/LOGS_BACKUP/bt.802.3ad-4NICs-layer2.log > /tmp/nas.out) <<
Done!

70-bt-16

Sun Dec 13 23:34:11 -03 2020
Executing >> mpiexec --mca btl self,tcp --mca btl_tcp_if_include eth0 -np 16 -machinefile /home/lacp/NEWP/MACHINE_FILES/nodes16_LACP10 /home/lacp/NEWP/BENCHMARKS/NPB3.4.1/NPB3.4-MPI/bin/bt.C.x 2>> /home/lacp/NEWP/LOGS/apps_exec_std_error &> >(tee -a /home/lacp/NEWP/LOGS/LOGS_BACKUP/bt.802.3ad-4NICs-layer2.log > /tmp/nas.out) <<
Done!

71-sp-16

Sun Dec 13 23:37:23 -03 2020
Executing >> mpiexec --mca btl self,tcp --mca btl_tcp_if_include eth0 -np 16 -machinefile /home/lacp/NEWP/MACHINE_FILES/nodes16_LACP10 /home/lacp/NEWP/BENCHMARKS/NPB3.4.1/NPB3.4-MPI/bin/sp.C.x 2>> /home/lacp/NEWP/LOGS/apps_exec_std_error &> >(tee -a /home/lacp/NEWP/LOGS/LOGS_BACKUP/sp.802.3ad-4NICs-layer2.log > /tmp/nas.out) <<
Done!

72-sp-16

Sun Dec 13 23:41:02 -03 2020
Executing >> mpiexec --mca btl self,tcp --mca btl_tcp_if_include eth0 -np 16 -machinefile /home/lacp/NEWP/MACHINE_FILES/nodes16_LACP10 /home/lacp/NEWP/BENCHMARKS/NPB3.4.1/NPB3.4-MPI/bin/sp.C.x 2>> /home/lacp/NEWP/LOGS/apps_exec_std_error &> >(tee -a /home/lacp/NEWP/LOGS/LOGS_BACKUP/sp.802.3ad-4NICs-layer2.log > /tmp/nas.out) <<
Done!

73-sp-16

Sun Dec 13 23:44:42 -03 2020
Executing >> mpiexec --mca btl self,tcp --mca btl_tcp_if_include eth0 -np 16 -machinefile /home/lacp/NEWP/MACHINE_FILES/nodes16_LACP10 /home/lacp/NEWP/BENCHMARKS/NPB3.4.1/NPB3.4-MPI/bin/sp.C.x 2>> /home/lacp/NEWP/LOGS/apps_exec_std_error &> >(tee -a /home/lacp/NEWP/LOGS/LOGS_BACKUP/sp.802.3ad-4NICs-layer2.log > /tmp/nas.out) <<
Done!

74-sp-16

Sun Dec 13 23:48:24 -03 2020
Executing >> mpiexec --mca btl self,tcp --mca btl_tcp_if_include eth0 -np 16 -machinefile /home/lacp/NEWP/MACHINE_FILES/nodes16_LACP10 /home/lacp/NEWP/BENCHMARKS/NPB3.4.1/NPB3.4-MPI/bin/sp.C.x 2>> /home/lacp/NEWP/LOGS/apps_exec_std_error &> >(tee -a /home/lacp/NEWP/LOGS/LOGS_BACKUP/sp.802.3ad-4NICs-layer2.log > /tmp/nas.out) <<
Done!

75-sp-16

Sun Dec 13 23:52:06 -03 2020
Executing >> mpiexec --mca btl self,tcp --mca btl_tcp_if_include eth0 -np 16 -machinefile /home/lacp/NEWP/MACHINE_FILES/nodes16_LACP10 /home/lacp/NEWP/BENCHMARKS/NPB3.4.1/NPB3.4-MPI/bin/sp.C.x 2>> /home/lacp/NEWP/LOGS/apps_exec_std_error &> >(tee -a /home/lacp/NEWP/LOGS/LOGS_BACKUP/sp.802.3ad-4NICs-layer2.log > /tmp/nas.out) <<
Done!

76-sp-16

Sun Dec 13 23:55:45 -03 2020
Executing >> mpiexec --mca btl self,tcp --mca btl_tcp_if_include eth0 -np 16 -machinefile /home/lacp/NEWP/MACHINE_FILES/nodes16_LACP10 /home/lacp/NEWP/BENCHMARKS/NPB3.4.1/NPB3.4-MPI/bin/sp.C.x 2>> /home/lacp/NEWP/LOGS/apps_exec_std_error &> >(tee -a /home/lacp/NEWP/LOGS/LOGS_BACKUP/sp.802.3ad-4NICs-layer2.log > /tmp/nas.out) <<
Done!

77-sp-16

Sun Dec 13 23:59:24 -03 2020
Executing >> mpiexec --mca btl self,tcp --mca btl_tcp_if_include eth0 -np 16 -machinefile /home/lacp/NEWP/MACHINE_FILES/nodes16_LACP10 /home/lacp/NEWP/BENCHMARKS/NPB3.4.1/NPB3.4-MPI/bin/sp.C.x 2>> /home/lacp/NEWP/LOGS/apps_exec_std_error &> >(tee -a /home/lacp/NEWP/LOGS/LOGS_BACKUP/sp.802.3ad-4NICs-layer2.log > /tmp/nas.out) <<
Done!

78-sp-16

Mon Dec 14 00:03:04 -03 2020
Executing >> mpiexec --mca btl self,tcp --mca btl_tcp_if_include eth0 -np 16 -machinefile /home/lacp/NEWP/MACHINE_FILES/nodes16_LACP10 /home/lacp/NEWP/BENCHMARKS/NPB3.4.1/NPB3.4-MPI/bin/sp.C.x 2>> /home/lacp/NEWP/LOGS/apps_exec_std_error &> >(tee -a /home/lacp/NEWP/LOGS/LOGS_BACKUP/sp.802.3ad-4NICs-layer2.log > /tmp/nas.out) <<
Done!

79-sp-16

Mon Dec 14 00:06:44 -03 2020
Executing >> mpiexec --mca btl self,tcp --mca btl_tcp_if_include eth0 -np 16 -machinefile /home/lacp/NEWP/MACHINE_FILES/nodes16_LACP10 /home/lacp/NEWP/BENCHMARKS/NPB3.4.1/NPB3.4-MPI/bin/sp.C.x 2>> /home/lacp/NEWP/LOGS/apps_exec_std_error &> >(tee -a /home/lacp/NEWP/LOGS/LOGS_BACKUP/sp.802.3ad-4NICs-layer2.log > /tmp/nas.out) <<
Done!

80-sp-16

Mon Dec 14 00:10:22 -03 2020
Executing >> mpiexec --mca btl self,tcp --mca btl_tcp_if_include eth0 -np 16 -machinefile /home/lacp/NEWP/MACHINE_FILES/nodes16_LACP10 /home/lacp/NEWP/BENCHMARKS/NPB3.4.1/NPB3.4-MPI/bin/sp.C.x 2>> /home/lacp/NEWP/LOGS/apps_exec_std_error &> >(tee -a /home/lacp/NEWP/LOGS/LOGS_BACKUP/sp.802.3ad-4NICs-layer2.log > /tmp/nas.out) <<
Done!

81-bt-16

Mon Dec 14 00:14:02 -03 2020
Executing >> mpiexec --mca btl self,tcp --mca btl_tcp_if_include eth0 -np 16 -machinefile /home/lacp/NEWP/MACHINE_FILES/nodes16_LACP10 /home/lacp/NEWP/BENCHMARKS/NPB3.4.1/NPB3.4-MPI/bin/bt.C.x 2>> /home/lacp/NEWP/LOGS/apps_exec_std_error &> >(tee -a /home/lacp/NEWP/LOGS/LOGS_BACKUP/bt.802.3ad-4NICs-layer2.log > /tmp/nas.out) <<
Done!

82-bt-16

Mon Dec 14 00:17:13 -03 2020
Executing >> mpiexec --mca btl self,tcp --mca btl_tcp_if_include eth0 -np 16 -machinefile /home/lacp/NEWP/MACHINE_FILES/nodes16_LACP10 /home/lacp/NEWP/BENCHMARKS/NPB3.4.1/NPB3.4-MPI/bin/bt.C.x 2>> /home/lacp/NEWP/LOGS/apps_exec_std_error &> >(tee -a /home/lacp/NEWP/LOGS/LOGS_BACKUP/bt.802.3ad-4NICs-layer2.log > /tmp/nas.out) <<
Done!

83-bt-16

Mon Dec 14 00:20:24 -03 2020
Executing >> mpiexec --mca btl self,tcp --mca btl_tcp_if_include eth0 -np 16 -machinefile /home/lacp/NEWP/MACHINE_FILES/nodes16_LACP10 /home/lacp/NEWP/BENCHMARKS/NPB3.4.1/NPB3.4-MPI/bin/bt.C.x 2>> /home/lacp/NEWP/LOGS/apps_exec_std_error &> >(tee -a /home/lacp/NEWP/LOGS/LOGS_BACKUP/bt.802.3ad-4NICs-layer2.log > /tmp/nas.out) <<
Done!

84-bt-16

Mon Dec 14 00:23:35 -03 2020
Executing >> mpiexec --mca btl self,tcp --mca btl_tcp_if_include eth0 -np 16 -machinefile /home/lacp/NEWP/MACHINE_FILES/nodes16_LACP10 /home/lacp/NEWP/BENCHMARKS/NPB3.4.1/NPB3.4-MPI/bin/bt.C.x 2>> /home/lacp/NEWP/LOGS/apps_exec_std_error &> >(tee -a /home/lacp/NEWP/LOGS/LOGS_BACKUP/bt.802.3ad-4NICs-layer2.log > /tmp/nas.out) <<
Done!

85-bt-16

Mon Dec 14 00:26:46 -03 2020
Executing >> mpiexec --mca btl self,tcp --mca btl_tcp_if_include eth0 -np 16 -machinefile /home/lacp/NEWP/MACHINE_FILES/nodes16_LACP10 /home/lacp/NEWP/BENCHMARKS/NPB3.4.1/NPB3.4-MPI/bin/bt.C.x 2>> /home/lacp/NEWP/LOGS/apps_exec_std_error &> >(tee -a /home/lacp/NEWP/LOGS/LOGS_BACKUP/bt.802.3ad-4NICs-layer2.log > /tmp/nas.out) <<
Done!

86-bt-16

Mon Dec 14 00:29:58 -03 2020
Executing >> mpiexec --mca btl self,tcp --mca btl_tcp_if_include eth0 -np 16 -machinefile /home/lacp/NEWP/MACHINE_FILES/nodes16_LACP10 /home/lacp/NEWP/BENCHMARKS/NPB3.4.1/NPB3.4-MPI/bin/bt.C.x 2>> /home/lacp/NEWP/LOGS/apps_exec_std_error &> >(tee -a /home/lacp/NEWP/LOGS/LOGS_BACKUP/bt.802.3ad-4NICs-layer2.log > /tmp/nas.out) <<
Done!

87-bt-16

Mon Dec 14 00:33:08 -03 2020
Executing >> mpiexec --mca btl self,tcp --mca btl_tcp_if_include eth0 -np 16 -machinefile /home/lacp/NEWP/MACHINE_FILES/nodes16_LACP10 /home/lacp/NEWP/BENCHMARKS/NPB3.4.1/NPB3.4-MPI/bin/bt.C.x 2>> /home/lacp/NEWP/LOGS/apps_exec_std_error &> >(tee -a /home/lacp/NEWP/LOGS/LOGS_BACKUP/bt.802.3ad-4NICs-layer2.log > /tmp/nas.out) <<
Done!

88-bt-16

Mon Dec 14 00:36:19 -03 2020
Executing >> mpiexec --mca btl self,tcp --mca btl_tcp_if_include eth0 -np 16 -machinefile /home/lacp/NEWP/MACHINE_FILES/nodes16_LACP10 /home/lacp/NEWP/BENCHMARKS/NPB3.4.1/NPB3.4-MPI/bin/bt.C.x 2>> /home/lacp/NEWP/LOGS/apps_exec_std_error &> >(tee -a /home/lacp/NEWP/LOGS/LOGS_BACKUP/bt.802.3ad-4NICs-layer2.log > /tmp/nas.out) <<
Done!

89-bt-16

Mon Dec 14 00:39:30 -03 2020
Executing >> mpiexec --mca btl self,tcp --mca btl_tcp_if_include eth0 -np 16 -machinefile /home/lacp/NEWP/MACHINE_FILES/nodes16_LACP10 /home/lacp/NEWP/BENCHMARKS/NPB3.4.1/NPB3.4-MPI/bin/bt.C.x 2>> /home/lacp/NEWP/LOGS/apps_exec_std_error &> >(tee -a /home/lacp/NEWP/LOGS/LOGS_BACKUP/bt.802.3ad-4NICs-layer2.log > /tmp/nas.out) <<
Done!

90-bt-16

Mon Dec 14 00:42:41 -03 2020
Executing >> mpiexec --mca btl self,tcp --mca btl_tcp_if_include eth0 -np 16 -machinefile /home/lacp/NEWP/MACHINE_FILES/nodes16_LACP10 /home/lacp/NEWP/BENCHMARKS/NPB3.4.1/NPB3.4-MPI/bin/bt.C.x 2>> /home/lacp/NEWP/LOGS/apps_exec_std_error &> >(tee -a /home/lacp/NEWP/LOGS/LOGS_BACKUP/bt.802.3ad-4NICs-layer2.log > /tmp/nas.out) <<
Done!

91-sp-16

Mon Dec 14 00:45:52 -03 2020
Executing >> mpiexec --mca btl self,tcp --mca btl_tcp_if_include eth0 -np 16 -machinefile /home/lacp/NEWP/MACHINE_FILES/nodes16_LACP10 /home/lacp/NEWP/BENCHMARKS/NPB3.4.1/NPB3.4-MPI/bin/sp.C.x 2>> /home/lacp/NEWP/LOGS/apps_exec_std_error &> >(tee -a /home/lacp/NEWP/LOGS/LOGS_BACKUP/sp.802.3ad-4NICs-layer2.log > /tmp/nas.out) <<
Done!

92-sp-16

Mon Dec 14 00:49:31 -03 2020
Executing >> mpiexec --mca btl self,tcp --mca btl_tcp_if_include eth0 -np 16 -machinefile /home/lacp/NEWP/MACHINE_FILES/nodes16_LACP10 /home/lacp/NEWP/BENCHMARKS/NPB3.4.1/NPB3.4-MPI/bin/sp.C.x 2>> /home/lacp/NEWP/LOGS/apps_exec_std_error &> >(tee -a /home/lacp/NEWP/LOGS/LOGS_BACKUP/sp.802.3ad-4NICs-layer2.log > /tmp/nas.out) <<
Done!

93-sp-16

Mon Dec 14 00:53:12 -03 2020
Executing >> mpiexec --mca btl self,tcp --mca btl_tcp_if_include eth0 -np 16 -machinefile /home/lacp/NEWP/MACHINE_FILES/nodes16_LACP10 /home/lacp/NEWP/BENCHMARKS/NPB3.4.1/NPB3.4-MPI/bin/sp.C.x 2>> /home/lacp/NEWP/LOGS/apps_exec_std_error &> >(tee -a /home/lacp/NEWP/LOGS/LOGS_BACKUP/sp.802.3ad-4NICs-layer2.log > /tmp/nas.out) <<
Done!

94-sp-16

Mon Dec 14 00:56:53 -03 2020
Executing >> mpiexec --mca btl self,tcp --mca btl_tcp_if_include eth0 -np 16 -machinefile /home/lacp/NEWP/MACHINE_FILES/nodes16_LACP10 /home/lacp/NEWP/BENCHMARKS/NPB3.4.1/NPB3.4-MPI/bin/sp.C.x 2>> /home/lacp/NEWP/LOGS/apps_exec_std_error &> >(tee -a /home/lacp/NEWP/LOGS/LOGS_BACKUP/sp.802.3ad-4NICs-layer2.log > /tmp/nas.out) <<
Done!

95-sp-16

Mon Dec 14 01:00:33 -03 2020
Executing >> mpiexec --mca btl self,tcp --mca btl_tcp_if_include eth0 -np 16 -machinefile /home/lacp/NEWP/MACHINE_FILES/nodes16_LACP10 /home/lacp/NEWP/BENCHMARKS/NPB3.4.1/NPB3.4-MPI/bin/sp.C.x 2>> /home/lacp/NEWP/LOGS/apps_exec_std_error &> >(tee -a /home/lacp/NEWP/LOGS/LOGS_BACKUP/sp.802.3ad-4NICs-layer2.log > /tmp/nas.out) <<
Done!

96-sp-16

Mon Dec 14 01:04:14 -03 2020
Executing >> mpiexec --mca btl self,tcp --mca btl_tcp_if_include eth0 -np 16 -machinefile /home/lacp/NEWP/MACHINE_FILES/nodes16_LACP10 /home/lacp/NEWP/BENCHMARKS/NPB3.4.1/NPB3.4-MPI/bin/sp.C.x 2>> /home/lacp/NEWP/LOGS/apps_exec_std_error &> >(tee -a /home/lacp/NEWP/LOGS/LOGS_BACKUP/sp.802.3ad-4NICs-layer2.log > /tmp/nas.out) <<
Done!

97-sp-16

Mon Dec 14 01:07:55 -03 2020
Executing >> mpiexec --mca btl self,tcp --mca btl_tcp_if_include eth0 -np 16 -machinefile /home/lacp/NEWP/MACHINE_FILES/nodes16_LACP10 /home/lacp/NEWP/BENCHMARKS/NPB3.4.1/NPB3.4-MPI/bin/sp.C.x 2>> /home/lacp/NEWP/LOGS/apps_exec_std_error &> >(tee -a /home/lacp/NEWP/LOGS/LOGS_BACKUP/sp.802.3ad-4NICs-layer2.log > /tmp/nas.out) <<
Done!

98-sp-16

Mon Dec 14 01:11:36 -03 2020
Executing >> mpiexec --mca btl self,tcp --mca btl_tcp_if_include eth0 -np 16 -machinefile /home/lacp/NEWP/MACHINE_FILES/nodes16_LACP10 /home/lacp/NEWP/BENCHMARKS/NPB3.4.1/NPB3.4-MPI/bin/sp.C.x 2>> /home/lacp/NEWP/LOGS/apps_exec_std_error &> >(tee -a /home/lacp/NEWP/LOGS/LOGS_BACKUP/sp.802.3ad-4NICs-layer2.log > /tmp/nas.out) <<
Done!

99-sp-16

Mon Dec 14 01:15:15 -03 2020
Executing >> mpiexec --mca btl self,tcp --mca btl_tcp_if_include eth0 -np 16 -machinefile /home/lacp/NEWP/MACHINE_FILES/nodes16_LACP10 /home/lacp/NEWP/BENCHMARKS/NPB3.4.1/NPB3.4-MPI/bin/sp.C.x 2>> /home/lacp/NEWP/LOGS/apps_exec_std_error &> >(tee -a /home/lacp/NEWP/LOGS/LOGS_BACKUP/sp.802.3ad-4NICs-layer2.log > /tmp/nas.out) <<
Done!

100-sp-16

Mon Dec 14 01:18:54 -03 2020
Executing >> mpiexec --mca btl self,tcp --mca btl_tcp_if_include eth0 -np 16 -machinefile /home/lacp/NEWP/MACHINE_FILES/nodes16_LACP10 /home/lacp/NEWP/BENCHMARKS/NPB3.4.1/NPB3.4-MPI/bin/sp.C.x 2>> /home/lacp/NEWP/LOGS/apps_exec_std_error &> >(tee -a /home/lacp/NEWP/LOGS/LOGS_BACKUP/sp.802.3ad-4NICs-layer2.log > /tmp/nas.out) <<
Done!

101-bt-16

Mon Dec 14 01:22:34 -03 2020
Executing >> mpiexec --mca btl self,tcp --mca btl_tcp_if_include eth0 -np 16 -machinefile /home/lacp/NEWP/MACHINE_FILES/nodes16_LACP10 /home/lacp/NEWP/BENCHMARKS/NPB3.4.1/NPB3.4-MPI/bin/bt.C.x 2>> /home/lacp/NEWP/LOGS/apps_exec_std_error &> >(tee -a /home/lacp/NEWP/LOGS/LOGS_BACKUP/bt.802.3ad-4NICs-layer2.log > /tmp/nas.out) <<
Done!

102-bt-16

Mon Dec 14 01:25:45 -03 2020
Executing >> mpiexec --mca btl self,tcp --mca btl_tcp_if_include eth0 -np 16 -machinefile /home/lacp/NEWP/MACHINE_FILES/nodes16_LACP10 /home/lacp/NEWP/BENCHMARKS/NPB3.4.1/NPB3.4-MPI/bin/bt.C.x 2>> /home/lacp/NEWP/LOGS/apps_exec_std_error &> >(tee -a /home/lacp/NEWP/LOGS/LOGS_BACKUP/bt.802.3ad-4NICs-layer2.log > /tmp/nas.out) <<
Done!

103-bt-16

Mon Dec 14 01:28:57 -03 2020
Executing >> mpiexec --mca btl self,tcp --mca btl_tcp_if_include eth0 -np 16 -machinefile /home/lacp/NEWP/MACHINE_FILES/nodes16_LACP10 /home/lacp/NEWP/BENCHMARKS/NPB3.4.1/NPB3.4-MPI/bin/bt.C.x 2>> /home/lacp/NEWP/LOGS/apps_exec_std_error &> >(tee -a /home/lacp/NEWP/LOGS/LOGS_BACKUP/bt.802.3ad-4NICs-layer2.log > /tmp/nas.out) <<
Done!

104-bt-16

Mon Dec 14 01:32:08 -03 2020
Executing >> mpiexec --mca btl self,tcp --mca btl_tcp_if_include eth0 -np 16 -machinefile /home/lacp/NEWP/MACHINE_FILES/nodes16_LACP10 /home/lacp/NEWP/BENCHMARKS/NPB3.4.1/NPB3.4-MPI/bin/bt.C.x 2>> /home/lacp/NEWP/LOGS/apps_exec_std_error &> >(tee -a /home/lacp/NEWP/LOGS/LOGS_BACKUP/bt.802.3ad-4NICs-layer2.log > /tmp/nas.out) <<
Done!

105-bt-16

Mon Dec 14 01:35:20 -03 2020
Executing >> mpiexec --mca btl self,tcp --mca btl_tcp_if_include eth0 -np 16 -machinefile /home/lacp/NEWP/MACHINE_FILES/nodes16_LACP10 /home/lacp/NEWP/BENCHMARKS/NPB3.4.1/NPB3.4-MPI/bin/bt.C.x 2>> /home/lacp/NEWP/LOGS/apps_exec_std_error &> >(tee -a /home/lacp/NEWP/LOGS/LOGS_BACKUP/bt.802.3ad-4NICs-layer2.log > /tmp/nas.out) <<
Done!

106-bt-16

Mon Dec 14 01:38:32 -03 2020
Executing >> mpiexec --mca btl self,tcp --mca btl_tcp_if_include eth0 -np 16 -machinefile /home/lacp/NEWP/MACHINE_FILES/nodes16_LACP10 /home/lacp/NEWP/BENCHMARKS/NPB3.4.1/NPB3.4-MPI/bin/bt.C.x 2>> /home/lacp/NEWP/LOGS/apps_exec_std_error &> >(tee -a /home/lacp/NEWP/LOGS/LOGS_BACKUP/bt.802.3ad-4NICs-layer2.log > /tmp/nas.out) <<
Done!

107-bt-16

Mon Dec 14 01:41:43 -03 2020
Executing >> mpiexec --mca btl self,tcp --mca btl_tcp_if_include eth0 -np 16 -machinefile /home/lacp/NEWP/MACHINE_FILES/nodes16_LACP10 /home/lacp/NEWP/BENCHMARKS/NPB3.4.1/NPB3.4-MPI/bin/bt.C.x 2>> /home/lacp/NEWP/LOGS/apps_exec_std_error &> >(tee -a /home/lacp/NEWP/LOGS/LOGS_BACKUP/bt.802.3ad-4NICs-layer2.log > /tmp/nas.out) <<
Done!

108-bt-16

Mon Dec 14 01:44:56 -03 2020
Executing >> mpiexec --mca btl self,tcp --mca btl_tcp_if_include eth0 -np 16 -machinefile /home/lacp/NEWP/MACHINE_FILES/nodes16_LACP10 /home/lacp/NEWP/BENCHMARKS/NPB3.4.1/NPB3.4-MPI/bin/bt.C.x 2>> /home/lacp/NEWP/LOGS/apps_exec_std_error &> >(tee -a /home/lacp/NEWP/LOGS/LOGS_BACKUP/bt.802.3ad-4NICs-layer2.log > /tmp/nas.out) <<
Done!

109-bt-16

Mon Dec 14 01:48:07 -03 2020
Executing >> mpiexec --mca btl self,tcp --mca btl_tcp_if_include eth0 -np 16 -machinefile /home/lacp/NEWP/MACHINE_FILES/nodes16_LACP10 /home/lacp/NEWP/BENCHMARKS/NPB3.4.1/NPB3.4-MPI/bin/bt.C.x 2>> /home/lacp/NEWP/LOGS/apps_exec_std_error &> >(tee -a /home/lacp/NEWP/LOGS/LOGS_BACKUP/bt.802.3ad-4NICs-layer2.log > /tmp/nas.out) <<
Done!

110-bt-16

Mon Dec 14 01:51:19 -03 2020
Executing >> mpiexec --mca btl self,tcp --mca btl_tcp_if_include eth0 -np 16 -machinefile /home/lacp/NEWP/MACHINE_FILES/nodes16_LACP10 /home/lacp/NEWP/BENCHMARKS/NPB3.4.1/NPB3.4-MPI/bin/bt.C.x 2>> /home/lacp/NEWP/LOGS/apps_exec_std_error &> >(tee -a /home/lacp/NEWP/LOGS/LOGS_BACKUP/bt.802.3ad-4NICs-layer2.log > /tmp/nas.out) <<
Done!

111-sp-16

Mon Dec 14 01:54:31 -03 2020
Executing >> mpiexec --mca btl self,tcp --mca btl_tcp_if_include eth0 -np 16 -machinefile /home/lacp/NEWP/MACHINE_FILES/nodes16_LACP10 /home/lacp/NEWP/BENCHMARKS/NPB3.4.1/NPB3.4-MPI/bin/sp.C.x 2>> /home/lacp/NEWP/LOGS/apps_exec_std_error &> >(tee -a /home/lacp/NEWP/LOGS/LOGS_BACKUP/sp.802.3ad-4NICs-layer2.log > /tmp/nas.out) <<
Done!

112-sp-16

Mon Dec 14 01:58:11 -03 2020
Executing >> mpiexec --mca btl self,tcp --mca btl_tcp_if_include eth0 -np 16 -machinefile /home/lacp/NEWP/MACHINE_FILES/nodes16_LACP10 /home/lacp/NEWP/BENCHMARKS/NPB3.4.1/NPB3.4-MPI/bin/sp.C.x 2>> /home/lacp/NEWP/LOGS/apps_exec_std_error &> >(tee -a /home/lacp/NEWP/LOGS/LOGS_BACKUP/sp.802.3ad-4NICs-layer2.log > /tmp/nas.out) <<
Done!

113-sp-16

Mon Dec 14 02:01:50 -03 2020
Executing >> mpiexec --mca btl self,tcp --mca btl_tcp_if_include eth0 -np 16 -machinefile /home/lacp/NEWP/MACHINE_FILES/nodes16_LACP10 /home/lacp/NEWP/BENCHMARKS/NPB3.4.1/NPB3.4-MPI/bin/sp.C.x 2>> /home/lacp/NEWP/LOGS/apps_exec_std_error &> >(tee -a /home/lacp/NEWP/LOGS/LOGS_BACKUP/sp.802.3ad-4NICs-layer2.log > /tmp/nas.out) <<
Done!

114-sp-16

Mon Dec 14 02:05:30 -03 2020
Executing >> mpiexec --mca btl self,tcp --mca btl_tcp_if_include eth0 -np 16 -machinefile /home/lacp/NEWP/MACHINE_FILES/nodes16_LACP10 /home/lacp/NEWP/BENCHMARKS/NPB3.4.1/NPB3.4-MPI/bin/sp.C.x 2>> /home/lacp/NEWP/LOGS/apps_exec_std_error &> >(tee -a /home/lacp/NEWP/LOGS/LOGS_BACKUP/sp.802.3ad-4NICs-layer2.log > /tmp/nas.out) <<
Done!

115-sp-16

Mon Dec 14 02:09:13 -03 2020
Executing >> mpiexec --mca btl self,tcp --mca btl_tcp_if_include eth0 -np 16 -machinefile /home/lacp/NEWP/MACHINE_FILES/nodes16_LACP10 /home/lacp/NEWP/BENCHMARKS/NPB3.4.1/NPB3.4-MPI/bin/sp.C.x 2>> /home/lacp/NEWP/LOGS/apps_exec_std_error &> >(tee -a /home/lacp/NEWP/LOGS/LOGS_BACKUP/sp.802.3ad-4NICs-layer2.log > /tmp/nas.out) <<
Done!

116-sp-16

Mon Dec 14 02:12:53 -03 2020
Executing >> mpiexec --mca btl self,tcp --mca btl_tcp_if_include eth0 -np 16 -machinefile /home/lacp/NEWP/MACHINE_FILES/nodes16_LACP10 /home/lacp/NEWP/BENCHMARKS/NPB3.4.1/NPB3.4-MPI/bin/sp.C.x 2>> /home/lacp/NEWP/LOGS/apps_exec_std_error &> >(tee -a /home/lacp/NEWP/LOGS/LOGS_BACKUP/sp.802.3ad-4NICs-layer2.log > /tmp/nas.out) <<
Done!

117-sp-16

Mon Dec 14 02:16:35 -03 2020
Executing >> mpiexec --mca btl self,tcp --mca btl_tcp_if_include eth0 -np 16 -machinefile /home/lacp/NEWP/MACHINE_FILES/nodes16_LACP10 /home/lacp/NEWP/BENCHMARKS/NPB3.4.1/NPB3.4-MPI/bin/sp.C.x 2>> /home/lacp/NEWP/LOGS/apps_exec_std_error &> >(tee -a /home/lacp/NEWP/LOGS/LOGS_BACKUP/sp.802.3ad-4NICs-layer2.log > /tmp/nas.out) <<
Done!

118-sp-16

Mon Dec 14 02:20:15 -03 2020
Executing >> mpiexec --mca btl self,tcp --mca btl_tcp_if_include eth0 -np 16 -machinefile /home/lacp/NEWP/MACHINE_FILES/nodes16_LACP10 /home/lacp/NEWP/BENCHMARKS/NPB3.4.1/NPB3.4-MPI/bin/sp.C.x 2>> /home/lacp/NEWP/LOGS/apps_exec_std_error &> >(tee -a /home/lacp/NEWP/LOGS/LOGS_BACKUP/sp.802.3ad-4NICs-layer2.log > /tmp/nas.out) <<
Done!

119-sp-16

Mon Dec 14 02:23:55 -03 2020
Executing >> mpiexec --mca btl self,tcp --mca btl_tcp_if_include eth0 -np 16 -machinefile /home/lacp/NEWP/MACHINE_FILES/nodes16_LACP10 /home/lacp/NEWP/BENCHMARKS/NPB3.4.1/NPB3.4-MPI/bin/sp.C.x 2>> /home/lacp/NEWP/LOGS/apps_exec_std_error &> >(tee -a /home/lacp/NEWP/LOGS/LOGS_BACKUP/sp.802.3ad-4NICs-layer2.log > /tmp/nas.out) <<
Done!

120-sp-16

Mon Dec 14 02:27:35 -03 2020
Executing >> mpiexec --mca btl self,tcp --mca btl_tcp_if_include eth0 -np 16 -machinefile /home/lacp/NEWP/MACHINE_FILES/nodes16_LACP10 /home/lacp/NEWP/BENCHMARKS/NPB3.4.1/NPB3.4-MPI/bin/sp.C.x 2>> /home/lacp/NEWP/LOGS/apps_exec_std_error &> >(tee -a /home/lacp/NEWP/LOGS/LOGS_BACKUP/sp.802.3ad-4NICs-layer2.log > /tmp/nas.out) <<
Done!

121-is-64

Mon Dec 14 02:31:17 -03 2020
Executing >> mpiexec --mca btl self,tcp --mca btl_tcp_if_include eth0 -np 64 -machinefile /home/lacp/NEWP/MACHINE_FILES/nodes64_LACP10 /home/lacp/NEWP/BENCHMARKS/NPB3.4.1/NPB3.4-MPI/bin/is.C.x 2>> /home/lacp/NEWP/LOGS/apps_exec_std_error &> >(tee -a /home/lacp/NEWP/LOGS/LOGS_BACKUP/is.802.3ad-4NICs-layer2.log > /tmp/nas.out) <<
Done!

122-is-64

Mon Dec 14 02:31:38 -03 2020
Executing >> mpiexec --mca btl self,tcp --mca btl_tcp_if_include eth0 -np 64 -machinefile /home/lacp/NEWP/MACHINE_FILES/nodes64_LACP10 /home/lacp/NEWP/BENCHMARKS/NPB3.4.1/NPB3.4-MPI/bin/is.C.x 2>> /home/lacp/NEWP/LOGS/apps_exec_std_error &> >(tee -a /home/lacp/NEWP/LOGS/LOGS_BACKUP/is.802.3ad-4NICs-layer2.log > /tmp/nas.out) <<
Done!

123-is-64

Mon Dec 14 02:31:58 -03 2020
Executing >> mpiexec --mca btl self,tcp --mca btl_tcp_if_include eth0 -np 64 -machinefile /home/lacp/NEWP/MACHINE_FILES/nodes64_LACP10 /home/lacp/NEWP/BENCHMARKS/NPB3.4.1/NPB3.4-MPI/bin/is.C.x 2>> /home/lacp/NEWP/LOGS/apps_exec_std_error &> >(tee -a /home/lacp/NEWP/LOGS/LOGS_BACKUP/is.802.3ad-4NICs-layer2.log > /tmp/nas.out) <<
Done!

124-is-64

Mon Dec 14 02:32:19 -03 2020
Executing >> mpiexec --mca btl self,tcp --mca btl_tcp_if_include eth0 -np 64 -machinefile /home/lacp/NEWP/MACHINE_FILES/nodes64_LACP10 /home/lacp/NEWP/BENCHMARKS/NPB3.4.1/NPB3.4-MPI/bin/is.C.x 2>> /home/lacp/NEWP/LOGS/apps_exec_std_error &> >(tee -a /home/lacp/NEWP/LOGS/LOGS_BACKUP/is.802.3ad-4NICs-layer2.log > /tmp/nas.out) <<
Done!

125-is-64

Mon Dec 14 02:32:40 -03 2020
Executing >> mpiexec --mca btl self,tcp --mca btl_tcp_if_include eth0 -np 64 -machinefile /home/lacp/NEWP/MACHINE_FILES/nodes64_LACP10 /home/lacp/NEWP/BENCHMARKS/NPB3.4.1/NPB3.4-MPI/bin/is.C.x 2>> /home/lacp/NEWP/LOGS/apps_exec_std_error &> >(tee -a /home/lacp/NEWP/LOGS/LOGS_BACKUP/is.802.3ad-4NICs-layer2.log > /tmp/nas.out) <<
Done!

126-is-64

Mon Dec 14 02:33:00 -03 2020
Executing >> mpiexec --mca btl self,tcp --mca btl_tcp_if_include eth0 -np 64 -machinefile /home/lacp/NEWP/MACHINE_FILES/nodes64_LACP10 /home/lacp/NEWP/BENCHMARKS/NPB3.4.1/NPB3.4-MPI/bin/is.C.x 2>> /home/lacp/NEWP/LOGS/apps_exec_std_error &> >(tee -a /home/lacp/NEWP/LOGS/LOGS_BACKUP/is.802.3ad-4NICs-layer2.log > /tmp/nas.out) <<
Done!

127-is-64

Mon Dec 14 02:33:20 -03 2020
Executing >> mpiexec --mca btl self,tcp --mca btl_tcp_if_include eth0 -np 64 -machinefile /home/lacp/NEWP/MACHINE_FILES/nodes64_LACP10 /home/lacp/NEWP/BENCHMARKS/NPB3.4.1/NPB3.4-MPI/bin/is.C.x 2>> /home/lacp/NEWP/LOGS/apps_exec_std_error &> >(tee -a /home/lacp/NEWP/LOGS/LOGS_BACKUP/is.802.3ad-4NICs-layer2.log > /tmp/nas.out) <<
Done!

128-is-64

Mon Dec 14 02:33:41 -03 2020
Executing >> mpiexec --mca btl self,tcp --mca btl_tcp_if_include eth0 -np 64 -machinefile /home/lacp/NEWP/MACHINE_FILES/nodes64_LACP10 /home/lacp/NEWP/BENCHMARKS/NPB3.4.1/NPB3.4-MPI/bin/is.C.x 2>> /home/lacp/NEWP/LOGS/apps_exec_std_error &> >(tee -a /home/lacp/NEWP/LOGS/LOGS_BACKUP/is.802.3ad-4NICs-layer2.log > /tmp/nas.out) <<
Done!

129-is-64

Mon Dec 14 02:34:01 -03 2020
Executing >> mpiexec --mca btl self,tcp --mca btl_tcp_if_include eth0 -np 64 -machinefile /home/lacp/NEWP/MACHINE_FILES/nodes64_LACP10 /home/lacp/NEWP/BENCHMARKS/NPB3.4.1/NPB3.4-MPI/bin/is.C.x 2>> /home/lacp/NEWP/LOGS/apps_exec_std_error &> >(tee -a /home/lacp/NEWP/LOGS/LOGS_BACKUP/is.802.3ad-4NICs-layer2.log > /tmp/nas.out) <<
Done!

130-is-64

Mon Dec 14 02:34:22 -03 2020
Executing >> mpiexec --mca btl self,tcp --mca btl_tcp_if_include eth0 -np 64 -machinefile /home/lacp/NEWP/MACHINE_FILES/nodes64_LACP10 /home/lacp/NEWP/BENCHMARKS/NPB3.4.1/NPB3.4-MPI/bin/is.C.x 2>> /home/lacp/NEWP/LOGS/apps_exec_std_error &> >(tee -a /home/lacp/NEWP/LOGS/LOGS_BACKUP/is.802.3ad-4NICs-layer2.log > /tmp/nas.out) <<
Done!

131-ft-64

Mon Dec 14 02:34:42 -03 2020
Executing >> mpiexec --mca btl self,tcp --mca btl_tcp_if_include eth0 -np 64 -machinefile /home/lacp/NEWP/MACHINE_FILES/nodes64_LACP10 /home/lacp/NEWP/BENCHMARKS/NPB3.4.1/NPB3.4-MPI/bin/ft.C.x 2>> /home/lacp/NEWP/LOGS/apps_exec_std_error &> >(tee -a /home/lacp/NEWP/LOGS/LOGS_BACKUP/ft.802.3ad-4NICs-layer2.log > /tmp/nas.out) <<
Done!

132-ft-64

Mon Dec 14 02:36:46 -03 2020
Executing >> mpiexec --mca btl self,tcp --mca btl_tcp_if_include eth0 -np 64 -machinefile /home/lacp/NEWP/MACHINE_FILES/nodes64_LACP10 /home/lacp/NEWP/BENCHMARKS/NPB3.4.1/NPB3.4-MPI/bin/ft.C.x 2>> /home/lacp/NEWP/LOGS/apps_exec_std_error &> >(tee -a /home/lacp/NEWP/LOGS/LOGS_BACKUP/ft.802.3ad-4NICs-layer2.log > /tmp/nas.out) <<
Done!

133-ft-64

Mon Dec 14 02:38:50 -03 2020
Executing >> mpiexec --mca btl self,tcp --mca btl_tcp_if_include eth0 -np 64 -machinefile /home/lacp/NEWP/MACHINE_FILES/nodes64_LACP10 /home/lacp/NEWP/BENCHMARKS/NPB3.4.1/NPB3.4-MPI/bin/ft.C.x 2>> /home/lacp/NEWP/LOGS/apps_exec_std_error &> >(tee -a /home/lacp/NEWP/LOGS/LOGS_BACKUP/ft.802.3ad-4NICs-layer2.log > /tmp/nas.out) <<
Done!

134-ft-64

Mon Dec 14 02:40:55 -03 2020
Executing >> mpiexec --mca btl self,tcp --mca btl_tcp_if_include eth0 -np 64 -machinefile /home/lacp/NEWP/MACHINE_FILES/nodes64_LACP10 /home/lacp/NEWP/BENCHMARKS/NPB3.4.1/NPB3.4-MPI/bin/ft.C.x 2>> /home/lacp/NEWP/LOGS/apps_exec_std_error &> >(tee -a /home/lacp/NEWP/LOGS/LOGS_BACKUP/ft.802.3ad-4NICs-layer2.log > /tmp/nas.out) <<
Done!

135-ft-64

Mon Dec 14 02:42:59 -03 2020
Executing >> mpiexec --mca btl self,tcp --mca btl_tcp_if_include eth0 -np 64 -machinefile /home/lacp/NEWP/MACHINE_FILES/nodes64_LACP10 /home/lacp/NEWP/BENCHMARKS/NPB3.4.1/NPB3.4-MPI/bin/ft.C.x 2>> /home/lacp/NEWP/LOGS/apps_exec_std_error &> >(tee -a /home/lacp/NEWP/LOGS/LOGS_BACKUP/ft.802.3ad-4NICs-layer2.log > /tmp/nas.out) <<
Done!

136-ft-64

Mon Dec 14 02:45:03 -03 2020
Executing >> mpiexec --mca btl self,tcp --mca btl_tcp_if_include eth0 -np 64 -machinefile /home/lacp/NEWP/MACHINE_FILES/nodes64_LACP10 /home/lacp/NEWP/BENCHMARKS/NPB3.4.1/NPB3.4-MPI/bin/ft.C.x 2>> /home/lacp/NEWP/LOGS/apps_exec_std_error &> >(tee -a /home/lacp/NEWP/LOGS/LOGS_BACKUP/ft.802.3ad-4NICs-layer2.log > /tmp/nas.out) <<
Done!

137-ft-64

Mon Dec 14 02:47:06 -03 2020
Executing >> mpiexec --mca btl self,tcp --mca btl_tcp_if_include eth0 -np 64 -machinefile /home/lacp/NEWP/MACHINE_FILES/nodes64_LACP10 /home/lacp/NEWP/BENCHMARKS/NPB3.4.1/NPB3.4-MPI/bin/ft.C.x 2>> /home/lacp/NEWP/LOGS/apps_exec_std_error &> >(tee -a /home/lacp/NEWP/LOGS/LOGS_BACKUP/ft.802.3ad-4NICs-layer2.log > /tmp/nas.out) <<
Done!

138-ft-64

Mon Dec 14 02:49:10 -03 2020
Executing >> mpiexec --mca btl self,tcp --mca btl_tcp_if_include eth0 -np 64 -machinefile /home/lacp/NEWP/MACHINE_FILES/nodes64_LACP10 /home/lacp/NEWP/BENCHMARKS/NPB3.4.1/NPB3.4-MPI/bin/ft.C.x 2>> /home/lacp/NEWP/LOGS/apps_exec_std_error &> >(tee -a /home/lacp/NEWP/LOGS/LOGS_BACKUP/ft.802.3ad-4NICs-layer2.log > /tmp/nas.out) <<
Done!

139-ft-64

Mon Dec 14 02:51:14 -03 2020
Executing >> mpiexec --mca btl self,tcp --mca btl_tcp_if_include eth0 -np 64 -machinefile /home/lacp/NEWP/MACHINE_FILES/nodes64_LACP10 /home/lacp/NEWP/BENCHMARKS/NPB3.4.1/NPB3.4-MPI/bin/ft.C.x 2>> /home/lacp/NEWP/LOGS/apps_exec_std_error &> >(tee -a /home/lacp/NEWP/LOGS/LOGS_BACKUP/ft.802.3ad-4NICs-layer2.log > /tmp/nas.out) <<
Done!

140-ft-64

Mon Dec 14 02:53:17 -03 2020
Executing >> mpiexec --mca btl self,tcp --mca btl_tcp_if_include eth0 -np 64 -machinefile /home/lacp/NEWP/MACHINE_FILES/nodes64_LACP10 /home/lacp/NEWP/BENCHMARKS/NPB3.4.1/NPB3.4-MPI/bin/ft.C.x 2>> /home/lacp/NEWP/LOGS/apps_exec_std_error &> >(tee -a /home/lacp/NEWP/LOGS/LOGS_BACKUP/ft.802.3ad-4NICs-layer2.log > /tmp/nas.out) <<
Done!

141-is-64

Mon Dec 14 02:55:19 -03 2020
Executing >> mpiexec --mca btl self,tcp --mca btl_tcp_if_include eth0 -np 64 -machinefile /home/lacp/NEWP/MACHINE_FILES/nodes64_LACP10 /home/lacp/NEWP/BENCHMARKS/NPB3.4.1/NPB3.4-MPI/bin/is.C.x 2>> /home/lacp/NEWP/LOGS/apps_exec_std_error &> >(tee -a /home/lacp/NEWP/LOGS/LOGS_BACKUP/is.802.3ad-4NICs-layer2.log > /tmp/nas.out) <<
Done!

142-is-64

Mon Dec 14 02:55:40 -03 2020
Executing >> mpiexec --mca btl self,tcp --mca btl_tcp_if_include eth0 -np 64 -machinefile /home/lacp/NEWP/MACHINE_FILES/nodes64_LACP10 /home/lacp/NEWP/BENCHMARKS/NPB3.4.1/NPB3.4-MPI/bin/is.C.x 2>> /home/lacp/NEWP/LOGS/apps_exec_std_error &> >(tee -a /home/lacp/NEWP/LOGS/LOGS_BACKUP/is.802.3ad-4NICs-layer2.log > /tmp/nas.out) <<
Done!

143-is-64

Mon Dec 14 02:56:01 -03 2020
Executing >> mpiexec --mca btl self,tcp --mca btl_tcp_if_include eth0 -np 64 -machinefile /home/lacp/NEWP/MACHINE_FILES/nodes64_LACP10 /home/lacp/NEWP/BENCHMARKS/NPB3.4.1/NPB3.4-MPI/bin/is.C.x 2>> /home/lacp/NEWP/LOGS/apps_exec_std_error &> >(tee -a /home/lacp/NEWP/LOGS/LOGS_BACKUP/is.802.3ad-4NICs-layer2.log > /tmp/nas.out) <<
Done!

144-is-64

Mon Dec 14 02:56:22 -03 2020
Executing >> mpiexec --mca btl self,tcp --mca btl_tcp_if_include eth0 -np 64 -machinefile /home/lacp/NEWP/MACHINE_FILES/nodes64_LACP10 /home/lacp/NEWP/BENCHMARKS/NPB3.4.1/NPB3.4-MPI/bin/is.C.x 2>> /home/lacp/NEWP/LOGS/apps_exec_std_error &> >(tee -a /home/lacp/NEWP/LOGS/LOGS_BACKUP/is.802.3ad-4NICs-layer2.log > /tmp/nas.out) <<
Done!

145-is-64

Mon Dec 14 02:56:42 -03 2020
Executing >> mpiexec --mca btl self,tcp --mca btl_tcp_if_include eth0 -np 64 -machinefile /home/lacp/NEWP/MACHINE_FILES/nodes64_LACP10 /home/lacp/NEWP/BENCHMARKS/NPB3.4.1/NPB3.4-MPI/bin/is.C.x 2>> /home/lacp/NEWP/LOGS/apps_exec_std_error &> >(tee -a /home/lacp/NEWP/LOGS/LOGS_BACKUP/is.802.3ad-4NICs-layer2.log > /tmp/nas.out) <<
Done!

146-is-64

Mon Dec 14 02:57:03 -03 2020
Executing >> mpiexec --mca btl self,tcp --mca btl_tcp_if_include eth0 -np 64 -machinefile /home/lacp/NEWP/MACHINE_FILES/nodes64_LACP10 /home/lacp/NEWP/BENCHMARKS/NPB3.4.1/NPB3.4-MPI/bin/is.C.x 2>> /home/lacp/NEWP/LOGS/apps_exec_std_error &> >(tee -a /home/lacp/NEWP/LOGS/LOGS_BACKUP/is.802.3ad-4NICs-layer2.log > /tmp/nas.out) <<
Done!

147-is-64

Mon Dec 14 02:57:23 -03 2020
Executing >> mpiexec --mca btl self,tcp --mca btl_tcp_if_include eth0 -np 64 -machinefile /home/lacp/NEWP/MACHINE_FILES/nodes64_LACP10 /home/lacp/NEWP/BENCHMARKS/NPB3.4.1/NPB3.4-MPI/bin/is.C.x 2>> /home/lacp/NEWP/LOGS/apps_exec_std_error &> >(tee -a /home/lacp/NEWP/LOGS/LOGS_BACKUP/is.802.3ad-4NICs-layer2.log > /tmp/nas.out) <<
Done!

148-is-64

Mon Dec 14 02:57:44 -03 2020
Executing >> mpiexec --mca btl self,tcp --mca btl_tcp_if_include eth0 -np 64 -machinefile /home/lacp/NEWP/MACHINE_FILES/nodes64_LACP10 /home/lacp/NEWP/BENCHMARKS/NPB3.4.1/NPB3.4-MPI/bin/is.C.x 2>> /home/lacp/NEWP/LOGS/apps_exec_std_error &> >(tee -a /home/lacp/NEWP/LOGS/LOGS_BACKUP/is.802.3ad-4NICs-layer2.log > /tmp/nas.out) <<
Done!

149-is-64

Mon Dec 14 02:58:05 -03 2020
Executing >> mpiexec --mca btl self,tcp --mca btl_tcp_if_include eth0 -np 64 -machinefile /home/lacp/NEWP/MACHINE_FILES/nodes64_LACP10 /home/lacp/NEWP/BENCHMARKS/NPB3.4.1/NPB3.4-MPI/bin/is.C.x 2>> /home/lacp/NEWP/LOGS/apps_exec_std_error &> >(tee -a /home/lacp/NEWP/LOGS/LOGS_BACKUP/is.802.3ad-4NICs-layer2.log > /tmp/nas.out) <<
Done!

150-is-64

Mon Dec 14 02:58:25 -03 2020
Executing >> mpiexec --mca btl self,tcp --mca btl_tcp_if_include eth0 -np 64 -machinefile /home/lacp/NEWP/MACHINE_FILES/nodes64_LACP10 /home/lacp/NEWP/BENCHMARKS/NPB3.4.1/NPB3.4-MPI/bin/is.C.x 2>> /home/lacp/NEWP/LOGS/apps_exec_std_error &> >(tee -a /home/lacp/NEWP/LOGS/LOGS_BACKUP/is.802.3ad-4NICs-layer2.log > /tmp/nas.out) <<
Done!

151-ft-64

Mon Dec 14 02:58:46 -03 2020
Executing >> mpiexec --mca btl self,tcp --mca btl_tcp_if_include eth0 -np 64 -machinefile /home/lacp/NEWP/MACHINE_FILES/nodes64_LACP10 /home/lacp/NEWP/BENCHMARKS/NPB3.4.1/NPB3.4-MPI/bin/ft.C.x 2>> /home/lacp/NEWP/LOGS/apps_exec_std_error &> >(tee -a /home/lacp/NEWP/LOGS/LOGS_BACKUP/ft.802.3ad-4NICs-layer2.log > /tmp/nas.out) <<
Done!

152-ft-64

Mon Dec 14 03:00:49 -03 2020
Executing >> mpiexec --mca btl self,tcp --mca btl_tcp_if_include eth0 -np 64 -machinefile /home/lacp/NEWP/MACHINE_FILES/nodes64_LACP10 /home/lacp/NEWP/BENCHMARKS/NPB3.4.1/NPB3.4-MPI/bin/ft.C.x 2>> /home/lacp/NEWP/LOGS/apps_exec_std_error &> >(tee -a /home/lacp/NEWP/LOGS/LOGS_BACKUP/ft.802.3ad-4NICs-layer2.log > /tmp/nas.out) <<
Done!

153-ft-64

Mon Dec 14 03:02:53 -03 2020
Executing >> mpiexec --mca btl self,tcp --mca btl_tcp_if_include eth0 -np 64 -machinefile /home/lacp/NEWP/MACHINE_FILES/nodes64_LACP10 /home/lacp/NEWP/BENCHMARKS/NPB3.4.1/NPB3.4-MPI/bin/ft.C.x 2>> /home/lacp/NEWP/LOGS/apps_exec_std_error &> >(tee -a /home/lacp/NEWP/LOGS/LOGS_BACKUP/ft.802.3ad-4NICs-layer2.log > /tmp/nas.out) <<
Done!

154-ft-64

Mon Dec 14 03:04:56 -03 2020
Executing >> mpiexec --mca btl self,tcp --mca btl_tcp_if_include eth0 -np 64 -machinefile /home/lacp/NEWP/MACHINE_FILES/nodes64_LACP10 /home/lacp/NEWP/BENCHMARKS/NPB3.4.1/NPB3.4-MPI/bin/ft.C.x 2>> /home/lacp/NEWP/LOGS/apps_exec_std_error &> >(tee -a /home/lacp/NEWP/LOGS/LOGS_BACKUP/ft.802.3ad-4NICs-layer2.log > /tmp/nas.out) <<
Done!

155-ft-64

Mon Dec 14 03:07:00 -03 2020
Executing >> mpiexec --mca btl self,tcp --mca btl_tcp_if_include eth0 -np 64 -machinefile /home/lacp/NEWP/MACHINE_FILES/nodes64_LACP10 /home/lacp/NEWP/BENCHMARKS/NPB3.4.1/NPB3.4-MPI/bin/ft.C.x 2>> /home/lacp/NEWP/LOGS/apps_exec_std_error &> >(tee -a /home/lacp/NEWP/LOGS/LOGS_BACKUP/ft.802.3ad-4NICs-layer2.log > /tmp/nas.out) <<
Done!

156-ft-64

Mon Dec 14 03:09:02 -03 2020
Executing >> mpiexec --mca btl self,tcp --mca btl_tcp_if_include eth0 -np 64 -machinefile /home/lacp/NEWP/MACHINE_FILES/nodes64_LACP10 /home/lacp/NEWP/BENCHMARKS/NPB3.4.1/NPB3.4-MPI/bin/ft.C.x 2>> /home/lacp/NEWP/LOGS/apps_exec_std_error &> >(tee -a /home/lacp/NEWP/LOGS/LOGS_BACKUP/ft.802.3ad-4NICs-layer2.log > /tmp/nas.out) <<
Done!

157-ft-64

Mon Dec 14 03:11:07 -03 2020
Executing >> mpiexec --mca btl self,tcp --mca btl_tcp_if_include eth0 -np 64 -machinefile /home/lacp/NEWP/MACHINE_FILES/nodes64_LACP10 /home/lacp/NEWP/BENCHMARKS/NPB3.4.1/NPB3.4-MPI/bin/ft.C.x 2>> /home/lacp/NEWP/LOGS/apps_exec_std_error &> >(tee -a /home/lacp/NEWP/LOGS/LOGS_BACKUP/ft.802.3ad-4NICs-layer2.log > /tmp/nas.out) <<
Done!

158-ft-64

Mon Dec 14 03:13:11 -03 2020
Executing >> mpiexec --mca btl self,tcp --mca btl_tcp_if_include eth0 -np 64 -machinefile /home/lacp/NEWP/MACHINE_FILES/nodes64_LACP10 /home/lacp/NEWP/BENCHMARKS/NPB3.4.1/NPB3.4-MPI/bin/ft.C.x 2>> /home/lacp/NEWP/LOGS/apps_exec_std_error &> >(tee -a /home/lacp/NEWP/LOGS/LOGS_BACKUP/ft.802.3ad-4NICs-layer2.log > /tmp/nas.out) <<
Done!

159-ft-64

Mon Dec 14 03:15:14 -03 2020
Executing >> mpiexec --mca btl self,tcp --mca btl_tcp_if_include eth0 -np 64 -machinefile /home/lacp/NEWP/MACHINE_FILES/nodes64_LACP10 /home/lacp/NEWP/BENCHMARKS/NPB3.4.1/NPB3.4-MPI/bin/ft.C.x 2>> /home/lacp/NEWP/LOGS/apps_exec_std_error &> >(tee -a /home/lacp/NEWP/LOGS/LOGS_BACKUP/ft.802.3ad-4NICs-layer2.log > /tmp/nas.out) <<
Done!

160-ft-64

Mon Dec 14 03:17:18 -03 2020
Executing >> mpiexec --mca btl self,tcp --mca btl_tcp_if_include eth0 -np 64 -machinefile /home/lacp/NEWP/MACHINE_FILES/nodes64_LACP10 /home/lacp/NEWP/BENCHMARKS/NPB3.4.1/NPB3.4-MPI/bin/ft.C.x 2>> /home/lacp/NEWP/LOGS/apps_exec_std_error &> >(tee -a /home/lacp/NEWP/LOGS/LOGS_BACKUP/ft.802.3ad-4NICs-layer2.log > /tmp/nas.out) <<
Done!

161-bt-64

Mon Dec 14 03:19:21 -03 2020
Executing >> mpiexec --mca btl self,tcp --mca btl_tcp_if_include eth0 -np 64 -machinefile /home/lacp/NEWP/MACHINE_FILES/nodes64_LACP10 /home/lacp/NEWP/BENCHMARKS/NPB3.4.1/NPB3.4-MPI/bin/bt.C.x 2>> /home/lacp/NEWP/LOGS/apps_exec_std_error &> >(tee -a /home/lacp/NEWP/LOGS/LOGS_BACKUP/bt.802.3ad-4NICs-layer2.log > /tmp/nas.out) <<
Done!

162-bt-64

Mon Dec 14 03:22:18 -03 2020
Executing >> mpiexec --mca btl self,tcp --mca btl_tcp_if_include eth0 -np 64 -machinefile /home/lacp/NEWP/MACHINE_FILES/nodes64_LACP10 /home/lacp/NEWP/BENCHMARKS/NPB3.4.1/NPB3.4-MPI/bin/bt.C.x 2>> /home/lacp/NEWP/LOGS/apps_exec_std_error &> >(tee -a /home/lacp/NEWP/LOGS/LOGS_BACKUP/bt.802.3ad-4NICs-layer2.log > /tmp/nas.out) <<
Done!

163-bt-64

Mon Dec 14 03:25:15 -03 2020
Executing >> mpiexec --mca btl self,tcp --mca btl_tcp_if_include eth0 -np 64 -machinefile /home/lacp/NEWP/MACHINE_FILES/nodes64_LACP10 /home/lacp/NEWP/BENCHMARKS/NPB3.4.1/NPB3.4-MPI/bin/bt.C.x 2>> /home/lacp/NEWP/LOGS/apps_exec_std_error &> >(tee -a /home/lacp/NEWP/LOGS/LOGS_BACKUP/bt.802.3ad-4NICs-layer2.log > /tmp/nas.out) <<
Done!

164-bt-64

Mon Dec 14 03:28:13 -03 2020
Executing >> mpiexec --mca btl self,tcp --mca btl_tcp_if_include eth0 -np 64 -machinefile /home/lacp/NEWP/MACHINE_FILES/nodes64_LACP10 /home/lacp/NEWP/BENCHMARKS/NPB3.4.1/NPB3.4-MPI/bin/bt.C.x 2>> /home/lacp/NEWP/LOGS/apps_exec_std_error &> >(tee -a /home/lacp/NEWP/LOGS/LOGS_BACKUP/bt.802.3ad-4NICs-layer2.log > /tmp/nas.out) <<
Done!

165-bt-64

Mon Dec 14 03:31:10 -03 2020
Executing >> mpiexec --mca btl self,tcp --mca btl_tcp_if_include eth0 -np 64 -machinefile /home/lacp/NEWP/MACHINE_FILES/nodes64_LACP10 /home/lacp/NEWP/BENCHMARKS/NPB3.4.1/NPB3.4-MPI/bin/bt.C.x 2>> /home/lacp/NEWP/LOGS/apps_exec_std_error &> >(tee -a /home/lacp/NEWP/LOGS/LOGS_BACKUP/bt.802.3ad-4NICs-layer2.log > /tmp/nas.out) <<
Done!

166-bt-64

Mon Dec 14 03:34:07 -03 2020
Executing >> mpiexec --mca btl self,tcp --mca btl_tcp_if_include eth0 -np 64 -machinefile /home/lacp/NEWP/MACHINE_FILES/nodes64_LACP10 /home/lacp/NEWP/BENCHMARKS/NPB3.4.1/NPB3.4-MPI/bin/bt.C.x 2>> /home/lacp/NEWP/LOGS/apps_exec_std_error &> >(tee -a /home/lacp/NEWP/LOGS/LOGS_BACKUP/bt.802.3ad-4NICs-layer2.log > /tmp/nas.out) <<
Done!

167-bt-64

Mon Dec 14 03:37:03 -03 2020
Executing >> mpiexec --mca btl self,tcp --mca btl_tcp_if_include eth0 -np 64 -machinefile /home/lacp/NEWP/MACHINE_FILES/nodes64_LACP10 /home/lacp/NEWP/BENCHMARKS/NPB3.4.1/NPB3.4-MPI/bin/bt.C.x 2>> /home/lacp/NEWP/LOGS/apps_exec_std_error &> >(tee -a /home/lacp/NEWP/LOGS/LOGS_BACKUP/bt.802.3ad-4NICs-layer2.log > /tmp/nas.out) <<
Done!

168-bt-64

Mon Dec 14 03:40:01 -03 2020
Executing >> mpiexec --mca btl self,tcp --mca btl_tcp_if_include eth0 -np 64 -machinefile /home/lacp/NEWP/MACHINE_FILES/nodes64_LACP10 /home/lacp/NEWP/BENCHMARKS/NPB3.4.1/NPB3.4-MPI/bin/bt.C.x 2>> /home/lacp/NEWP/LOGS/apps_exec_std_error &> >(tee -a /home/lacp/NEWP/LOGS/LOGS_BACKUP/bt.802.3ad-4NICs-layer2.log > /tmp/nas.out) <<
Done!

169-bt-64

Mon Dec 14 03:42:58 -03 2020
Executing >> mpiexec --mca btl self,tcp --mca btl_tcp_if_include eth0 -np 64 -machinefile /home/lacp/NEWP/MACHINE_FILES/nodes64_LACP10 /home/lacp/NEWP/BENCHMARKS/NPB3.4.1/NPB3.4-MPI/bin/bt.C.x 2>> /home/lacp/NEWP/LOGS/apps_exec_std_error &> >(tee -a /home/lacp/NEWP/LOGS/LOGS_BACKUP/bt.802.3ad-4NICs-layer2.log > /tmp/nas.out) <<
Done!

170-bt-64

Mon Dec 14 03:45:54 -03 2020
Executing >> mpiexec --mca btl self,tcp --mca btl_tcp_if_include eth0 -np 64 -machinefile /home/lacp/NEWP/MACHINE_FILES/nodes64_LACP10 /home/lacp/NEWP/BENCHMARKS/NPB3.4.1/NPB3.4-MPI/bin/bt.C.x 2>> /home/lacp/NEWP/LOGS/apps_exec_std_error &> >(tee -a /home/lacp/NEWP/LOGS/LOGS_BACKUP/bt.802.3ad-4NICs-layer2.log > /tmp/nas.out) <<
Done!

171-sp-64

Mon Dec 14 03:48:52 -03 2020
Executing >> mpiexec --mca btl self,tcp --mca btl_tcp_if_include eth0 -np 64 -machinefile /home/lacp/NEWP/MACHINE_FILES/nodes64_LACP10 /home/lacp/NEWP/BENCHMARKS/NPB3.4.1/NPB3.4-MPI/bin/sp.C.x 2>> /home/lacp/NEWP/LOGS/apps_exec_std_error &> >(tee -a /home/lacp/NEWP/LOGS/LOGS_BACKUP/sp.802.3ad-4NICs-layer2.log > /tmp/nas.out) <<
Done!

172-sp-64

Mon Dec 14 03:53:35 -03 2020
Executing >> mpiexec --mca btl self,tcp --mca btl_tcp_if_include eth0 -np 64 -machinefile /home/lacp/NEWP/MACHINE_FILES/nodes64_LACP10 /home/lacp/NEWP/BENCHMARKS/NPB3.4.1/NPB3.4-MPI/bin/sp.C.x 2>> /home/lacp/NEWP/LOGS/apps_exec_std_error &> >(tee -a /home/lacp/NEWP/LOGS/LOGS_BACKUP/sp.802.3ad-4NICs-layer2.log > /tmp/nas.out) <<
Done!

173-sp-64

Mon Dec 14 03:58:21 -03 2020
Executing >> mpiexec --mca btl self,tcp --mca btl_tcp_if_include eth0 -np 64 -machinefile /home/lacp/NEWP/MACHINE_FILES/nodes64_LACP10 /home/lacp/NEWP/BENCHMARKS/NPB3.4.1/NPB3.4-MPI/bin/sp.C.x 2>> /home/lacp/NEWP/LOGS/apps_exec_std_error &> >(tee -a /home/lacp/NEWP/LOGS/LOGS_BACKUP/sp.802.3ad-4NICs-layer2.log > /tmp/nas.out) <<
Done!

174-sp-64

Mon Dec 14 04:03:17 -03 2020
Executing >> mpiexec --mca btl self,tcp --mca btl_tcp_if_include eth0 -np 64 -machinefile /home/lacp/NEWP/MACHINE_FILES/nodes64_LACP10 /home/lacp/NEWP/BENCHMARKS/NPB3.4.1/NPB3.4-MPI/bin/sp.C.x 2>> /home/lacp/NEWP/LOGS/apps_exec_std_error &> >(tee -a /home/lacp/NEWP/LOGS/LOGS_BACKUP/sp.802.3ad-4NICs-layer2.log > /tmp/nas.out) <<
Done!

175-sp-64

Mon Dec 14 04:08:05 -03 2020
Executing >> mpiexec --mca btl self,tcp --mca btl_tcp_if_include eth0 -np 64 -machinefile /home/lacp/NEWP/MACHINE_FILES/nodes64_LACP10 /home/lacp/NEWP/BENCHMARKS/NPB3.4.1/NPB3.4-MPI/bin/sp.C.x 2>> /home/lacp/NEWP/LOGS/apps_exec_std_error &> >(tee -a /home/lacp/NEWP/LOGS/LOGS_BACKUP/sp.802.3ad-4NICs-layer2.log > /tmp/nas.out) <<
Done!

176-sp-64

Mon Dec 14 04:13:03 -03 2020
Executing >> mpiexec --mca btl self,tcp --mca btl_tcp_if_include eth0 -np 64 -machinefile /home/lacp/NEWP/MACHINE_FILES/nodes64_LACP10 /home/lacp/NEWP/BENCHMARKS/NPB3.4.1/NPB3.4-MPI/bin/sp.C.x 2>> /home/lacp/NEWP/LOGS/apps_exec_std_error &> >(tee -a /home/lacp/NEWP/LOGS/LOGS_BACKUP/sp.802.3ad-4NICs-layer2.log > /tmp/nas.out) <<
Done!

177-sp-64

Mon Dec 14 04:17:52 -03 2020
Executing >> mpiexec --mca btl self,tcp --mca btl_tcp_if_include eth0 -np 64 -machinefile /home/lacp/NEWP/MACHINE_FILES/nodes64_LACP10 /home/lacp/NEWP/BENCHMARKS/NPB3.4.1/NPB3.4-MPI/bin/sp.C.x 2>> /home/lacp/NEWP/LOGS/apps_exec_std_error &> >(tee -a /home/lacp/NEWP/LOGS/LOGS_BACKUP/sp.802.3ad-4NICs-layer2.log > /tmp/nas.out) <<
Done!

178-sp-64

Mon Dec 14 04:22:47 -03 2020
Executing >> mpiexec --mca btl self,tcp --mca btl_tcp_if_include eth0 -np 64 -machinefile /home/lacp/NEWP/MACHINE_FILES/nodes64_LACP10 /home/lacp/NEWP/BENCHMARKS/NPB3.4.1/NPB3.4-MPI/bin/sp.C.x 2>> /home/lacp/NEWP/LOGS/apps_exec_std_error &> >(tee -a /home/lacp/NEWP/LOGS/LOGS_BACKUP/sp.802.3ad-4NICs-layer2.log > /tmp/nas.out) <<
Done!

179-sp-64

Mon Dec 14 04:27:37 -03 2020
Executing >> mpiexec --mca btl self,tcp --mca btl_tcp_if_include eth0 -np 64 -machinefile /home/lacp/NEWP/MACHINE_FILES/nodes64_LACP10 /home/lacp/NEWP/BENCHMARKS/NPB3.4.1/NPB3.4-MPI/bin/sp.C.x 2>> /home/lacp/NEWP/LOGS/apps_exec_std_error &> >(tee -a /home/lacp/NEWP/LOGS/LOGS_BACKUP/sp.802.3ad-4NICs-layer2.log > /tmp/nas.out) <<
Done!

180-sp-64

Mon Dec 14 04:32:26 -03 2020
Executing >> mpiexec --mca btl self,tcp --mca btl_tcp_if_include eth0 -np 64 -machinefile /home/lacp/NEWP/MACHINE_FILES/nodes64_LACP10 /home/lacp/NEWP/BENCHMARKS/NPB3.4.1/NPB3.4-MPI/bin/sp.C.x 2>> /home/lacp/NEWP/LOGS/apps_exec_std_error &> >(tee -a /home/lacp/NEWP/LOGS/LOGS_BACKUP/sp.802.3ad-4NICs-layer2.log > /tmp/nas.out) <<
Done!

181-bt-64

Mon Dec 14 04:37:17 -03 2020
Executing >> mpiexec --mca btl self,tcp --mca btl_tcp_if_include eth0 -np 64 -machinefile /home/lacp/NEWP/MACHINE_FILES/nodes64_LACP10 /home/lacp/NEWP/BENCHMARKS/NPB3.4.1/NPB3.4-MPI/bin/bt.C.x 2>> /home/lacp/NEWP/LOGS/apps_exec_std_error &> >(tee -a /home/lacp/NEWP/LOGS/LOGS_BACKUP/bt.802.3ad-4NICs-layer2.log > /tmp/nas.out) <<
Done!

182-bt-64

Mon Dec 14 04:40:17 -03 2020
Executing >> mpiexec --mca btl self,tcp --mca btl_tcp_if_include eth0 -np 64 -machinefile /home/lacp/NEWP/MACHINE_FILES/nodes64_LACP10 /home/lacp/NEWP/BENCHMARKS/NPB3.4.1/NPB3.4-MPI/bin/bt.C.x 2>> /home/lacp/NEWP/LOGS/apps_exec_std_error &> >(tee -a /home/lacp/NEWP/LOGS/LOGS_BACKUP/bt.802.3ad-4NICs-layer2.log > /tmp/nas.out) <<
Done!

183-bt-64

Mon Dec 14 04:43:18 -03 2020
Executing >> mpiexec --mca btl self,tcp --mca btl_tcp_if_include eth0 -np 64 -machinefile /home/lacp/NEWP/MACHINE_FILES/nodes64_LACP10 /home/lacp/NEWP/BENCHMARKS/NPB3.4.1/NPB3.4-MPI/bin/bt.C.x 2>> /home/lacp/NEWP/LOGS/apps_exec_std_error &> >(tee -a /home/lacp/NEWP/LOGS/LOGS_BACKUP/bt.802.3ad-4NICs-layer2.log > /tmp/nas.out) <<
Done!

184-bt-64

Mon Dec 14 04:46:17 -03 2020
Executing >> mpiexec --mca btl self,tcp --mca btl_tcp_if_include eth0 -np 64 -machinefile /home/lacp/NEWP/MACHINE_FILES/nodes64_LACP10 /home/lacp/NEWP/BENCHMARKS/NPB3.4.1/NPB3.4-MPI/bin/bt.C.x 2>> /home/lacp/NEWP/LOGS/apps_exec_std_error &> >(tee -a /home/lacp/NEWP/LOGS/LOGS_BACKUP/bt.802.3ad-4NICs-layer2.log > /tmp/nas.out) <<
Done!

185-bt-64

Mon Dec 14 04:49:13 -03 2020
Executing >> mpiexec --mca btl self,tcp --mca btl_tcp_if_include eth0 -np 64 -machinefile /home/lacp/NEWP/MACHINE_FILES/nodes64_LACP10 /home/lacp/NEWP/BENCHMARKS/NPB3.4.1/NPB3.4-MPI/bin/bt.C.x 2>> /home/lacp/NEWP/LOGS/apps_exec_std_error &> >(tee -a /home/lacp/NEWP/LOGS/LOGS_BACKUP/bt.802.3ad-4NICs-layer2.log > /tmp/nas.out) <<
Done!

186-bt-64

Mon Dec 14 04:52:13 -03 2020
Executing >> mpiexec --mca btl self,tcp --mca btl_tcp_if_include eth0 -np 64 -machinefile /home/lacp/NEWP/MACHINE_FILES/nodes64_LACP10 /home/lacp/NEWP/BENCHMARKS/NPB3.4.1/NPB3.4-MPI/bin/bt.C.x 2>> /home/lacp/NEWP/LOGS/apps_exec_std_error &> >(tee -a /home/lacp/NEWP/LOGS/LOGS_BACKUP/bt.802.3ad-4NICs-layer2.log > /tmp/nas.out) <<
Done!

187-bt-64

Mon Dec 14 04:55:11 -03 2020
Executing >> mpiexec --mca btl self,tcp --mca btl_tcp_if_include eth0 -np 64 -machinefile /home/lacp/NEWP/MACHINE_FILES/nodes64_LACP10 /home/lacp/NEWP/BENCHMARKS/NPB3.4.1/NPB3.4-MPI/bin/bt.C.x 2>> /home/lacp/NEWP/LOGS/apps_exec_std_error &> >(tee -a /home/lacp/NEWP/LOGS/LOGS_BACKUP/bt.802.3ad-4NICs-layer2.log > /tmp/nas.out) <<
Done!

188-bt-64

Mon Dec 14 04:58:09 -03 2020
Executing >> mpiexec --mca btl self,tcp --mca btl_tcp_if_include eth0 -np 64 -machinefile /home/lacp/NEWP/MACHINE_FILES/nodes64_LACP10 /home/lacp/NEWP/BENCHMARKS/NPB3.4.1/NPB3.4-MPI/bin/bt.C.x 2>> /home/lacp/NEWP/LOGS/apps_exec_std_error &> >(tee -a /home/lacp/NEWP/LOGS/LOGS_BACKUP/bt.802.3ad-4NICs-layer2.log > /tmp/nas.out) <<
Done!

189-bt-64

Mon Dec 14 05:01:06 -03 2020
Executing >> mpiexec --mca btl self,tcp --mca btl_tcp_if_include eth0 -np 64 -machinefile /home/lacp/NEWP/MACHINE_FILES/nodes64_LACP10 /home/lacp/NEWP/BENCHMARKS/NPB3.4.1/NPB3.4-MPI/bin/bt.C.x 2>> /home/lacp/NEWP/LOGS/apps_exec_std_error &> >(tee -a /home/lacp/NEWP/LOGS/LOGS_BACKUP/bt.802.3ad-4NICs-layer2.log > /tmp/nas.out) <<
Done!

190-bt-64

Mon Dec 14 05:04:05 -03 2020
Executing >> mpiexec --mca btl self,tcp --mca btl_tcp_if_include eth0 -np 64 -machinefile /home/lacp/NEWP/MACHINE_FILES/nodes64_LACP10 /home/lacp/NEWP/BENCHMARKS/NPB3.4.1/NPB3.4-MPI/bin/bt.C.x 2>> /home/lacp/NEWP/LOGS/apps_exec_std_error &> >(tee -a /home/lacp/NEWP/LOGS/LOGS_BACKUP/bt.802.3ad-4NICs-layer2.log > /tmp/nas.out) <<
Done!

191-sp-64

Mon Dec 14 05:07:01 -03 2020
Executing >> mpiexec --mca btl self,tcp --mca btl_tcp_if_include eth0 -np 64 -machinefile /home/lacp/NEWP/MACHINE_FILES/nodes64_LACP10 /home/lacp/NEWP/BENCHMARKS/NPB3.4.1/NPB3.4-MPI/bin/sp.C.x 2>> /home/lacp/NEWP/LOGS/apps_exec_std_error &> >(tee -a /home/lacp/NEWP/LOGS/LOGS_BACKUP/sp.802.3ad-4NICs-layer2.log > /tmp/nas.out) <<
Done!

192-sp-64

Mon Dec 14 05:11:51 -03 2020
Executing >> mpiexec --mca btl self,tcp --mca btl_tcp_if_include eth0 -np 64 -machinefile /home/lacp/NEWP/MACHINE_FILES/nodes64_LACP10 /home/lacp/NEWP/BENCHMARKS/NPB3.4.1/NPB3.4-MPI/bin/sp.C.x 2>> /home/lacp/NEWP/LOGS/apps_exec_std_error &> >(tee -a /home/lacp/NEWP/LOGS/LOGS_BACKUP/sp.802.3ad-4NICs-layer2.log > /tmp/nas.out) <<
Done!

193-sp-64

Mon Dec 14 05:16:44 -03 2020
Executing >> mpiexec --mca btl self,tcp --mca btl_tcp_if_include eth0 -np 64 -machinefile /home/lacp/NEWP/MACHINE_FILES/nodes64_LACP10 /home/lacp/NEWP/BENCHMARKS/NPB3.4.1/NPB3.4-MPI/bin/sp.C.x 2>> /home/lacp/NEWP/LOGS/apps_exec_std_error &> >(tee -a /home/lacp/NEWP/LOGS/LOGS_BACKUP/sp.802.3ad-4NICs-layer2.log > /tmp/nas.out) <<
Done!

194-sp-64

Mon Dec 14 05:21:30 -03 2020
Executing >> mpiexec --mca btl self,tcp --mca btl_tcp_if_include eth0 -np 64 -machinefile /home/lacp/NEWP/MACHINE_FILES/nodes64_LACP10 /home/lacp/NEWP/BENCHMARKS/NPB3.4.1/NPB3.4-MPI/bin/sp.C.x 2>> /home/lacp/NEWP/LOGS/apps_exec_std_error &> >(tee -a /home/lacp/NEWP/LOGS/LOGS_BACKUP/sp.802.3ad-4NICs-layer2.log > /tmp/nas.out) <<
Done!

195-sp-64

Mon Dec 14 05:26:22 -03 2020
Executing >> mpiexec --mca btl self,tcp --mca btl_tcp_if_include eth0 -np 64 -machinefile /home/lacp/NEWP/MACHINE_FILES/nodes64_LACP10 /home/lacp/NEWP/BENCHMARKS/NPB3.4.1/NPB3.4-MPI/bin/sp.C.x 2>> /home/lacp/NEWP/LOGS/apps_exec_std_error &> >(tee -a /home/lacp/NEWP/LOGS/LOGS_BACKUP/sp.802.3ad-4NICs-layer2.log > /tmp/nas.out) <<
Done!

196-sp-64

Mon Dec 14 05:31:14 -03 2020
Executing >> mpiexec --mca btl self,tcp --mca btl_tcp_if_include eth0 -np 64 -machinefile /home/lacp/NEWP/MACHINE_FILES/nodes64_LACP10 /home/lacp/NEWP/BENCHMARKS/NPB3.4.1/NPB3.4-MPI/bin/sp.C.x 2>> /home/lacp/NEWP/LOGS/apps_exec_std_error &> >(tee -a /home/lacp/NEWP/LOGS/LOGS_BACKUP/sp.802.3ad-4NICs-layer2.log > /tmp/nas.out) <<
Done!

197-sp-64

Mon Dec 14 05:36:01 -03 2020
Executing >> mpiexec --mca btl self,tcp --mca btl_tcp_if_include eth0 -np 64 -machinefile /home/lacp/NEWP/MACHINE_FILES/nodes64_LACP10 /home/lacp/NEWP/BENCHMARKS/NPB3.4.1/NPB3.4-MPI/bin/sp.C.x 2>> /home/lacp/NEWP/LOGS/apps_exec_std_error &> >(tee -a /home/lacp/NEWP/LOGS/LOGS_BACKUP/sp.802.3ad-4NICs-layer2.log > /tmp/nas.out) <<
Done!

198-sp-64

Mon Dec 14 05:40:51 -03 2020
Executing >> mpiexec --mca btl self,tcp --mca btl_tcp_if_include eth0 -np 64 -machinefile /home/lacp/NEWP/MACHINE_FILES/nodes64_LACP10 /home/lacp/NEWP/BENCHMARKS/NPB3.4.1/NPB3.4-MPI/bin/sp.C.x 2>> /home/lacp/NEWP/LOGS/apps_exec_std_error &> >(tee -a /home/lacp/NEWP/LOGS/LOGS_BACKUP/sp.802.3ad-4NICs-layer2.log > /tmp/nas.out) <<
Done!

199-sp-64

Mon Dec 14 05:45:43 -03 2020
Executing >> mpiexec --mca btl self,tcp --mca btl_tcp_if_include eth0 -np 64 -machinefile /home/lacp/NEWP/MACHINE_FILES/nodes64_LACP10 /home/lacp/NEWP/BENCHMARKS/NPB3.4.1/NPB3.4-MPI/bin/sp.C.x 2>> /home/lacp/NEWP/LOGS/apps_exec_std_error &> >(tee -a /home/lacp/NEWP/LOGS/LOGS_BACKUP/sp.802.3ad-4NICs-layer2.log > /tmp/nas.out) <<
Done!

200-sp-64

Mon Dec 14 05:50:32 -03 2020
Executing >> mpiexec --mca btl self,tcp --mca btl_tcp_if_include eth0 -np 64 -machinefile /home/lacp/NEWP/MACHINE_FILES/nodes64_LACP10 /home/lacp/NEWP/BENCHMARKS/NPB3.4.1/NPB3.4-MPI/bin/sp.C.x 2>> /home/lacp/NEWP/LOGS/apps_exec_std_error &> >(tee -a /home/lacp/NEWP/LOGS/LOGS_BACKUP/sp.802.3ad-4NICs-layer2.log > /tmp/nas.out) <<
Done!

201-bt-64

Mon Dec 14 05:55:31 -03 2020
Executing >> mpiexec --mca btl self,tcp --mca btl_tcp_if_include eth0 -np 64 -machinefile /home/lacp/NEWP/MACHINE_FILES/nodes64_LACP10 /home/lacp/NEWP/BENCHMARKS/NPB3.4.1/NPB3.4-MPI/bin/bt.C.x 2>> /home/lacp/NEWP/LOGS/apps_exec_std_error &> >(tee -a /home/lacp/NEWP/LOGS/LOGS_BACKUP/bt.802.3ad-4NICs-layer2.log > /tmp/nas.out) <<
Done!

202-bt-64

Mon Dec 14 05:58:30 -03 2020
Executing >> mpiexec --mca btl self,tcp --mca btl_tcp_if_include eth0 -np 64 -machinefile /home/lacp/NEWP/MACHINE_FILES/nodes64_LACP10 /home/lacp/NEWP/BENCHMARKS/NPB3.4.1/NPB3.4-MPI/bin/bt.C.x 2>> /home/lacp/NEWP/LOGS/apps_exec_std_error &> >(tee -a /home/lacp/NEWP/LOGS/LOGS_BACKUP/bt.802.3ad-4NICs-layer2.log > /tmp/nas.out) <<
Done!

203-bt-64

Mon Dec 14 06:01:28 -03 2020
Executing >> mpiexec --mca btl self,tcp --mca btl_tcp_if_include eth0 -np 64 -machinefile /home/lacp/NEWP/MACHINE_FILES/nodes64_LACP10 /home/lacp/NEWP/BENCHMARKS/NPB3.4.1/NPB3.4-MPI/bin/bt.C.x 2>> /home/lacp/NEWP/LOGS/apps_exec_std_error &> >(tee -a /home/lacp/NEWP/LOGS/LOGS_BACKUP/bt.802.3ad-4NICs-layer2.log > /tmp/nas.out) <<
Done!

204-bt-64

Mon Dec 14 06:04:26 -03 2020
Executing >> mpiexec --mca btl self,tcp --mca btl_tcp_if_include eth0 -np 64 -machinefile /home/lacp/NEWP/MACHINE_FILES/nodes64_LACP10 /home/lacp/NEWP/BENCHMARKS/NPB3.4.1/NPB3.4-MPI/bin/bt.C.x 2>> /home/lacp/NEWP/LOGS/apps_exec_std_error &> >(tee -a /home/lacp/NEWP/LOGS/LOGS_BACKUP/bt.802.3ad-4NICs-layer2.log > /tmp/nas.out) <<
Done!

205-bt-64

Mon Dec 14 06:07:26 -03 2020
Executing >> mpiexec --mca btl self,tcp --mca btl_tcp_if_include eth0 -np 64 -machinefile /home/lacp/NEWP/MACHINE_FILES/nodes64_LACP10 /home/lacp/NEWP/BENCHMARKS/NPB3.4.1/NPB3.4-MPI/bin/bt.C.x 2>> /home/lacp/NEWP/LOGS/apps_exec_std_error &> >(tee -a /home/lacp/NEWP/LOGS/LOGS_BACKUP/bt.802.3ad-4NICs-layer2.log > /tmp/nas.out) <<
Done!

206-bt-64

Mon Dec 14 06:10:23 -03 2020
Executing >> mpiexec --mca btl self,tcp --mca btl_tcp_if_include eth0 -np 64 -machinefile /home/lacp/NEWP/MACHINE_FILES/nodes64_LACP10 /home/lacp/NEWP/BENCHMARKS/NPB3.4.1/NPB3.4-MPI/bin/bt.C.x 2>> /home/lacp/NEWP/LOGS/apps_exec_std_error &> >(tee -a /home/lacp/NEWP/LOGS/LOGS_BACKUP/bt.802.3ad-4NICs-layer2.log > /tmp/nas.out) <<
Done!

207-bt-64

Mon Dec 14 06:13:22 -03 2020
Executing >> mpiexec --mca btl self,tcp --mca btl_tcp_if_include eth0 -np 64 -machinefile /home/lacp/NEWP/MACHINE_FILES/nodes64_LACP10 /home/lacp/NEWP/BENCHMARKS/NPB3.4.1/NPB3.4-MPI/bin/bt.C.x 2>> /home/lacp/NEWP/LOGS/apps_exec_std_error &> >(tee -a /home/lacp/NEWP/LOGS/LOGS_BACKUP/bt.802.3ad-4NICs-layer2.log > /tmp/nas.out) <<
Done!

208-bt-64

Mon Dec 14 06:16:19 -03 2020
Executing >> mpiexec --mca btl self,tcp --mca btl_tcp_if_include eth0 -np 64 -machinefile /home/lacp/NEWP/MACHINE_FILES/nodes64_LACP10 /home/lacp/NEWP/BENCHMARKS/NPB3.4.1/NPB3.4-MPI/bin/bt.C.x 2>> /home/lacp/NEWP/LOGS/apps_exec_std_error &> >(tee -a /home/lacp/NEWP/LOGS/LOGS_BACKUP/bt.802.3ad-4NICs-layer2.log > /tmp/nas.out) <<
Done!

209-bt-64

Mon Dec 14 06:19:21 -03 2020
Executing >> mpiexec --mca btl self,tcp --mca btl_tcp_if_include eth0 -np 64 -machinefile /home/lacp/NEWP/MACHINE_FILES/nodes64_LACP10 /home/lacp/NEWP/BENCHMARKS/NPB3.4.1/NPB3.4-MPI/bin/bt.C.x 2>> /home/lacp/NEWP/LOGS/apps_exec_std_error &> >(tee -a /home/lacp/NEWP/LOGS/LOGS_BACKUP/bt.802.3ad-4NICs-layer2.log > /tmp/nas.out) <<
Done!

210-bt-64

Mon Dec 14 06:22:19 -03 2020
Executing >> mpiexec --mca btl self,tcp --mca btl_tcp_if_include eth0 -np 64 -machinefile /home/lacp/NEWP/MACHINE_FILES/nodes64_LACP10 /home/lacp/NEWP/BENCHMARKS/NPB3.4.1/NPB3.4-MPI/bin/bt.C.x 2>> /home/lacp/NEWP/LOGS/apps_exec_std_error &> >(tee -a /home/lacp/NEWP/LOGS/LOGS_BACKUP/bt.802.3ad-4NICs-layer2.log > /tmp/nas.out) <<
Done!

211-sp-64

Mon Dec 14 06:25:16 -03 2020
Executing >> mpiexec --mca btl self,tcp --mca btl_tcp_if_include eth0 -np 64 -machinefile /home/lacp/NEWP/MACHINE_FILES/nodes64_LACP10 /home/lacp/NEWP/BENCHMARKS/NPB3.4.1/NPB3.4-MPI/bin/sp.C.x 2>> /home/lacp/NEWP/LOGS/apps_exec_std_error &> >(tee -a /home/lacp/NEWP/LOGS/LOGS_BACKUP/sp.802.3ad-4NICs-layer2.log > /tmp/nas.out) <<
Done!

212-sp-64

Mon Dec 14 06:30:07 -03 2020
Executing >> mpiexec --mca btl self,tcp --mca btl_tcp_if_include eth0 -np 64 -machinefile /home/lacp/NEWP/MACHINE_FILES/nodes64_LACP10 /home/lacp/NEWP/BENCHMARKS/NPB3.4.1/NPB3.4-MPI/bin/sp.C.x 2>> /home/lacp/NEWP/LOGS/apps_exec_std_error &> >(tee -a /home/lacp/NEWP/LOGS/LOGS_BACKUP/sp.802.3ad-4NICs-layer2.log > /tmp/nas.out) <<
Done!

213-sp-64

Mon Dec 14 06:35:00 -03 2020
Executing >> mpiexec --mca btl self,tcp --mca btl_tcp_if_include eth0 -np 64 -machinefile /home/lacp/NEWP/MACHINE_FILES/nodes64_LACP10 /home/lacp/NEWP/BENCHMARKS/NPB3.4.1/NPB3.4-MPI/bin/sp.C.x 2>> /home/lacp/NEWP/LOGS/apps_exec_std_error &> >(tee -a /home/lacp/NEWP/LOGS/LOGS_BACKUP/sp.802.3ad-4NICs-layer2.log > /tmp/nas.out) <<
Done!

214-sp-64

Mon Dec 14 06:39:55 -03 2020
Executing >> mpiexec --mca btl self,tcp --mca btl_tcp_if_include eth0 -np 64 -machinefile /home/lacp/NEWP/MACHINE_FILES/nodes64_LACP10 /home/lacp/NEWP/BENCHMARKS/NPB3.4.1/NPB3.4-MPI/bin/sp.C.x 2>> /home/lacp/NEWP/LOGS/apps_exec_std_error &> >(tee -a /home/lacp/NEWP/LOGS/LOGS_BACKUP/sp.802.3ad-4NICs-layer2.log > /tmp/nas.out) <<
Done!

215-sp-64

Mon Dec 14 06:44:46 -03 2020
Executing >> mpiexec --mca btl self,tcp --mca btl_tcp_if_include eth0 -np 64 -machinefile /home/lacp/NEWP/MACHINE_FILES/nodes64_LACP10 /home/lacp/NEWP/BENCHMARKS/NPB3.4.1/NPB3.4-MPI/bin/sp.C.x 2>> /home/lacp/NEWP/LOGS/apps_exec_std_error &> >(tee -a /home/lacp/NEWP/LOGS/LOGS_BACKUP/sp.802.3ad-4NICs-layer2.log > /tmp/nas.out) <<
Done!

216-sp-64

Mon Dec 14 06:49:37 -03 2020
Executing >> mpiexec --mca btl self,tcp --mca btl_tcp_if_include eth0 -np 64 -machinefile /home/lacp/NEWP/MACHINE_FILES/nodes64_LACP10 /home/lacp/NEWP/BENCHMARKS/NPB3.4.1/NPB3.4-MPI/bin/sp.C.x 2>> /home/lacp/NEWP/LOGS/apps_exec_std_error &> >(tee -a /home/lacp/NEWP/LOGS/LOGS_BACKUP/sp.802.3ad-4NICs-layer2.log > /tmp/nas.out) <<
Done!

217-sp-64

Mon Dec 14 06:54:30 -03 2020
Executing >> mpiexec --mca btl self,tcp --mca btl_tcp_if_include eth0 -np 64 -machinefile /home/lacp/NEWP/MACHINE_FILES/nodes64_LACP10 /home/lacp/NEWP/BENCHMARKS/NPB3.4.1/NPB3.4-MPI/bin/sp.C.x 2>> /home/lacp/NEWP/LOGS/apps_exec_std_error &> >(tee -a /home/lacp/NEWP/LOGS/LOGS_BACKUP/sp.802.3ad-4NICs-layer2.log > /tmp/nas.out) <<
Done!

218-sp-64

Mon Dec 14 06:59:23 -03 2020
Executing >> mpiexec --mca btl self,tcp --mca btl_tcp_if_include eth0 -np 64 -machinefile /home/lacp/NEWP/MACHINE_FILES/nodes64_LACP10 /home/lacp/NEWP/BENCHMARKS/NPB3.4.1/NPB3.4-MPI/bin/sp.C.x 2>> /home/lacp/NEWP/LOGS/apps_exec_std_error &> >(tee -a /home/lacp/NEWP/LOGS/LOGS_BACKUP/sp.802.3ad-4NICs-layer2.log > /tmp/nas.out) <<
Done!

219-sp-64

Mon Dec 14 07:04:16 -03 2020
Executing >> mpiexec --mca btl self,tcp --mca btl_tcp_if_include eth0 -np 64 -machinefile /home/lacp/NEWP/MACHINE_FILES/nodes64_LACP10 /home/lacp/NEWP/BENCHMARKS/NPB3.4.1/NPB3.4-MPI/bin/sp.C.x 2>> /home/lacp/NEWP/LOGS/apps_exec_std_error &> >(tee -a /home/lacp/NEWP/LOGS/LOGS_BACKUP/sp.802.3ad-4NICs-layer2.log > /tmp/nas.out) <<
Done!

220-sp-64

Mon Dec 14 07:09:07 -03 2020
Executing >> mpiexec --mca btl self,tcp --mca btl_tcp_if_include eth0 -np 64 -machinefile /home/lacp/NEWP/MACHINE_FILES/nodes64_LACP10 /home/lacp/NEWP/BENCHMARKS/NPB3.4.1/NPB3.4-MPI/bin/sp.C.x 2>> /home/lacp/NEWP/LOGS/apps_exec_std_error &> >(tee -a /home/lacp/NEWP/LOGS/LOGS_BACKUP/sp.802.3ad-4NICs-layer2.log > /tmp/nas.out) <<
Done!

221-bt-64

Mon Dec 14 07:13:53 -03 2020
Executing >> mpiexec --mca btl self,tcp --mca btl_tcp_if_include eth0 -np 64 -machinefile /home/lacp/NEWP/MACHINE_FILES/nodes64_LACP10 /home/lacp/NEWP/BENCHMARKS/NPB3.4.1/NPB3.4-MPI/bin/bt.C.x 2>> /home/lacp/NEWP/LOGS/apps_exec_std_error &> >(tee -a /home/lacp/NEWP/LOGS/LOGS_BACKUP/bt.802.3ad-4NICs-layer2.log > /tmp/nas.out) <<
Done!

222-bt-64

Mon Dec 14 07:16:50 -03 2020
Executing >> mpiexec --mca btl self,tcp --mca btl_tcp_if_include eth0 -np 64 -machinefile /home/lacp/NEWP/MACHINE_FILES/nodes64_LACP10 /home/lacp/NEWP/BENCHMARKS/NPB3.4.1/NPB3.4-MPI/bin/bt.C.x 2>> /home/lacp/NEWP/LOGS/apps_exec_std_error &> >(tee -a /home/lacp/NEWP/LOGS/LOGS_BACKUP/bt.802.3ad-4NICs-layer2.log > /tmp/nas.out) <<
Done!

223-bt-64

Mon Dec 14 07:19:49 -03 2020
Executing >> mpiexec --mca btl self,tcp --mca btl_tcp_if_include eth0 -np 64 -machinefile /home/lacp/NEWP/MACHINE_FILES/nodes64_LACP10 /home/lacp/NEWP/BENCHMARKS/NPB3.4.1/NPB3.4-MPI/bin/bt.C.x 2>> /home/lacp/NEWP/LOGS/apps_exec_std_error &> >(tee -a /home/lacp/NEWP/LOGS/LOGS_BACKUP/bt.802.3ad-4NICs-layer2.log > /tmp/nas.out) <<
Done!

224-bt-64

Mon Dec 14 07:22:46 -03 2020
Executing >> mpiexec --mca btl self,tcp --mca btl_tcp_if_include eth0 -np 64 -machinefile /home/lacp/NEWP/MACHINE_FILES/nodes64_LACP10 /home/lacp/NEWP/BENCHMARKS/NPB3.4.1/NPB3.4-MPI/bin/bt.C.x 2>> /home/lacp/NEWP/LOGS/apps_exec_std_error &> >(tee -a /home/lacp/NEWP/LOGS/LOGS_BACKUP/bt.802.3ad-4NICs-layer2.log > /tmp/nas.out) <<
Done!

225-bt-64

Mon Dec 14 07:25:44 -03 2020
Executing >> mpiexec --mca btl self,tcp --mca btl_tcp_if_include eth0 -np 64 -machinefile /home/lacp/NEWP/MACHINE_FILES/nodes64_LACP10 /home/lacp/NEWP/BENCHMARKS/NPB3.4.1/NPB3.4-MPI/bin/bt.C.x 2>> /home/lacp/NEWP/LOGS/apps_exec_std_error &> >(tee -a /home/lacp/NEWP/LOGS/LOGS_BACKUP/bt.802.3ad-4NICs-layer2.log > /tmp/nas.out) <<
Done!

226-bt-64

Mon Dec 14 07:28:42 -03 2020
Executing >> mpiexec --mca btl self,tcp --mca btl_tcp_if_include eth0 -np 64 -machinefile /home/lacp/NEWP/MACHINE_FILES/nodes64_LACP10 /home/lacp/NEWP/BENCHMARKS/NPB3.4.1/NPB3.4-MPI/bin/bt.C.x 2>> /home/lacp/NEWP/LOGS/apps_exec_std_error &> >(tee -a /home/lacp/NEWP/LOGS/LOGS_BACKUP/bt.802.3ad-4NICs-layer2.log > /tmp/nas.out) <<
Done!

227-bt-64

Mon Dec 14 07:31:39 -03 2020
Executing >> mpiexec --mca btl self,tcp --mca btl_tcp_if_include eth0 -np 64 -machinefile /home/lacp/NEWP/MACHINE_FILES/nodes64_LACP10 /home/lacp/NEWP/BENCHMARKS/NPB3.4.1/NPB3.4-MPI/bin/bt.C.x 2>> /home/lacp/NEWP/LOGS/apps_exec_std_error &> >(tee -a /home/lacp/NEWP/LOGS/LOGS_BACKUP/bt.802.3ad-4NICs-layer2.log > /tmp/nas.out) <<
Done!

228-bt-64

Mon Dec 14 07:34:38 -03 2020
Executing >> mpiexec --mca btl self,tcp --mca btl_tcp_if_include eth0 -np 64 -machinefile /home/lacp/NEWP/MACHINE_FILES/nodes64_LACP10 /home/lacp/NEWP/BENCHMARKS/NPB3.4.1/NPB3.4-MPI/bin/bt.C.x 2>> /home/lacp/NEWP/LOGS/apps_exec_std_error &> >(tee -a /home/lacp/NEWP/LOGS/LOGS_BACKUP/bt.802.3ad-4NICs-layer2.log > /tmp/nas.out) <<
Done!

229-bt-64

Mon Dec 14 07:37:34 -03 2020
Executing >> mpiexec --mca btl self,tcp --mca btl_tcp_if_include eth0 -np 64 -machinefile /home/lacp/NEWP/MACHINE_FILES/nodes64_LACP10 /home/lacp/NEWP/BENCHMARKS/NPB3.4.1/NPB3.4-MPI/bin/bt.C.x 2>> /home/lacp/NEWP/LOGS/apps_exec_std_error &> >(tee -a /home/lacp/NEWP/LOGS/LOGS_BACKUP/bt.802.3ad-4NICs-layer2.log > /tmp/nas.out) <<
Done!

230-bt-64

Mon Dec 14 07:40:33 -03 2020
Executing >> mpiexec --mca btl self,tcp --mca btl_tcp_if_include eth0 -np 64 -machinefile /home/lacp/NEWP/MACHINE_FILES/nodes64_LACP10 /home/lacp/NEWP/BENCHMARKS/NPB3.4.1/NPB3.4-MPI/bin/bt.C.x 2>> /home/lacp/NEWP/LOGS/apps_exec_std_error &> >(tee -a /home/lacp/NEWP/LOGS/LOGS_BACKUP/bt.802.3ad-4NICs-layer2.log > /tmp/nas.out) <<
Done!

231-sp-64

Mon Dec 14 07:43:30 -03 2020
Executing >> mpiexec --mca btl self,tcp --mca btl_tcp_if_include eth0 -np 64 -machinefile /home/lacp/NEWP/MACHINE_FILES/nodes64_LACP10 /home/lacp/NEWP/BENCHMARKS/NPB3.4.1/NPB3.4-MPI/bin/sp.C.x 2>> /home/lacp/NEWP/LOGS/apps_exec_std_error &> >(tee -a /home/lacp/NEWP/LOGS/LOGS_BACKUP/sp.802.3ad-4NICs-layer2.log > /tmp/nas.out) <<
Done!

232-sp-64

Mon Dec 14 07:48:19 -03 2020
Executing >> mpiexec --mca btl self,tcp --mca btl_tcp_if_include eth0 -np 64 -machinefile /home/lacp/NEWP/MACHINE_FILES/nodes64_LACP10 /home/lacp/NEWP/BENCHMARKS/NPB3.4.1/NPB3.4-MPI/bin/sp.C.x 2>> /home/lacp/NEWP/LOGS/apps_exec_std_error &> >(tee -a /home/lacp/NEWP/LOGS/LOGS_BACKUP/sp.802.3ad-4NICs-layer2.log > /tmp/nas.out) <<
Done!

233-sp-64

Mon Dec 14 07:53:09 -03 2020
Executing >> mpiexec --mca btl self,tcp --mca btl_tcp_if_include eth0 -np 64 -machinefile /home/lacp/NEWP/MACHINE_FILES/nodes64_LACP10 /home/lacp/NEWP/BENCHMARKS/NPB3.4.1/NPB3.4-MPI/bin/sp.C.x 2>> /home/lacp/NEWP/LOGS/apps_exec_std_error &> >(tee -a /home/lacp/NEWP/LOGS/LOGS_BACKUP/sp.802.3ad-4NICs-layer2.log > /tmp/nas.out) <<
Done!

234-sp-64

Mon Dec 14 07:58:04 -03 2020
Executing >> mpiexec --mca btl self,tcp --mca btl_tcp_if_include eth0 -np 64 -machinefile /home/lacp/NEWP/MACHINE_FILES/nodes64_LACP10 /home/lacp/NEWP/BENCHMARKS/NPB3.4.1/NPB3.4-MPI/bin/sp.C.x 2>> /home/lacp/NEWP/LOGS/apps_exec_std_error &> >(tee -a /home/lacp/NEWP/LOGS/LOGS_BACKUP/sp.802.3ad-4NICs-layer2.log > /tmp/nas.out) <<
Done!

235-sp-64

Mon Dec 14 08:02:53 -03 2020
Executing >> mpiexec --mca btl self,tcp --mca btl_tcp_if_include eth0 -np 64 -machinefile /home/lacp/NEWP/MACHINE_FILES/nodes64_LACP10 /home/lacp/NEWP/BENCHMARKS/NPB3.4.1/NPB3.4-MPI/bin/sp.C.x 2>> /home/lacp/NEWP/LOGS/apps_exec_std_error &> >(tee -a /home/lacp/NEWP/LOGS/LOGS_BACKUP/sp.802.3ad-4NICs-layer2.log > /tmp/nas.out) <<
Done!

236-sp-64

Mon Dec 14 08:07:47 -03 2020
Executing >> mpiexec --mca btl self,tcp --mca btl_tcp_if_include eth0 -np 64 -machinefile /home/lacp/NEWP/MACHINE_FILES/nodes64_LACP10 /home/lacp/NEWP/BENCHMARKS/NPB3.4.1/NPB3.4-MPI/bin/sp.C.x 2>> /home/lacp/NEWP/LOGS/apps_exec_std_error &> >(tee -a /home/lacp/NEWP/LOGS/LOGS_BACKUP/sp.802.3ad-4NICs-layer2.log > /tmp/nas.out) <<
Done!

237-sp-64

Mon Dec 14 08:12:41 -03 2020
Executing >> mpiexec --mca btl self,tcp --mca btl_tcp_if_include eth0 -np 64 -machinefile /home/lacp/NEWP/MACHINE_FILES/nodes64_LACP10 /home/lacp/NEWP/BENCHMARKS/NPB3.4.1/NPB3.4-MPI/bin/sp.C.x 2>> /home/lacp/NEWP/LOGS/apps_exec_std_error &> >(tee -a /home/lacp/NEWP/LOGS/LOGS_BACKUP/sp.802.3ad-4NICs-layer2.log > /tmp/nas.out) <<
Done!

238-sp-64

Mon Dec 14 08:17:34 -03 2020
Executing >> mpiexec --mca btl self,tcp --mca btl_tcp_if_include eth0 -np 64 -machinefile /home/lacp/NEWP/MACHINE_FILES/nodes64_LACP10 /home/lacp/NEWP/BENCHMARKS/NPB3.4.1/NPB3.4-MPI/bin/sp.C.x 2>> /home/lacp/NEWP/LOGS/apps_exec_std_error &> >(tee -a /home/lacp/NEWP/LOGS/LOGS_BACKUP/sp.802.3ad-4NICs-layer2.log > /tmp/nas.out) <<
Done!

239-sp-64

Mon Dec 14 08:22:18 -03 2020
Executing >> mpiexec --mca btl self,tcp --mca btl_tcp_if_include eth0 -np 64 -machinefile /home/lacp/NEWP/MACHINE_FILES/nodes64_LACP10 /home/lacp/NEWP/BENCHMARKS/NPB3.4.1/NPB3.4-MPI/bin/sp.C.x 2>> /home/lacp/NEWP/LOGS/apps_exec_std_error &> >(tee -a /home/lacp/NEWP/LOGS/LOGS_BACKUP/sp.802.3ad-4NICs-layer2.log > /tmp/nas.out) <<
Done!

240-sp-64

Mon Dec 14 08:27:12 -03 2020
Executing >> mpiexec --mca btl self,tcp --mca btl_tcp_if_include eth0 -np 64 -machinefile /home/lacp/NEWP/MACHINE_FILES/nodes64_LACP10 /home/lacp/NEWP/BENCHMARKS/NPB3.4.1/NPB3.4-MPI/bin/sp.C.x 2>> /home/lacp/NEWP/LOGS/apps_exec_std_error &> >(tee -a /home/lacp/NEWP/LOGS/LOGS_BACKUP/sp.802.3ad-4NICs-layer2.log > /tmp/nas.out) <<
Done!
