make[1]: Entering directory '/home/lacp/NEWP/BENCHMARKS/NPB3.4.1/NPB3.4-MPI/BT'
rm -f *.o *.mod *~ mputil*
rm -f  npbparams.h core
make[1]: Leaving directory '/home/lacp/NEWP/BENCHMARKS/NPB3.4.1/NPB3.4-MPI/BT'
make[1]: Entering directory '/home/lacp/NEWP/BENCHMARKS/NPB3.4.1/NPB3.4-MPI/BT'
make[2]: Entering directory '/home/lacp/NEWP/BENCHMARKS/NPB3.4.1/NPB3.4-MPI/sys'
gcc -g -DFORTRAN_REC_SIZE=1 -o setparams setparams.c
make[2]: Leaving directory '/home/lacp/NEWP/BENCHMARKS/NPB3.4.1/NPB3.4-MPI/sys'
../sys/setparams bt C 
mpifort -c  -O3 mpinpb.f90
mpifort -c  -O3 bt_data.f90
mpifort -c  -O3 bt.f90
mpifort -c  -O3 make_set.f90
mpifort -c  -O3 initialize.f90
mpifort -c  -O3 exact_solution.f90
mpifort -c  -O3 exact_rhs.f90
mpifort -c  -O3 set_constants.f90
mpifort -c  -O3 adi.f90
mpifort -c  -O3 define.f90
mpifort -c  -O3 copy_faces.f90
mpifort -c  -O3 rhs.f90
mpifort -c  -O3 solve_subs.f90
mpifort -c  -O3 x_solve.f90
mpifort -c  -O3 y_solve.f90
mpifort -c  -O3 z_solve.f90
mpifort -c  -O3 add.f90
mpifort -c  -O3 error.f90
mpifort -c  -O3 verify.f90
mpifort -c  -O3 setup_mpi.f90
cd ../common; mpifort -c  -O3 get_active_nprocs.f90
cd ../common; mpifort -c  -O3 print_results.f90
cd ../common; mpifort -c  -O3 timers.f90
make[2]: Entering directory '/home/lacp/NEWP/BENCHMARKS/NPB3.4.1/NPB3.4-MPI/BT'
mpifort -c  -O3 btio.f90
mpifort -O3 -o ../bin/bt.C.x bt.o bt_data.o make_set.o initialize.o exact_solution.o exact_rhs.o set_constants.o adi.o define.o copy_faces.o rhs.o solve_subs.o x_solve.o y_solve.o z_solve.o add.o error.o verify.o setup_mpi.o mpinpb.o ../common/get_active_nprocs.o ../common/print_results.o ../common/timers.o btio.o 
make[2]: Leaving directory '/home/lacp/NEWP/BENCHMARKS/NPB3.4.1/NPB3.4-MPI/BT'
make[1]: Leaving directory '/home/lacp/NEWP/BENCHMARKS/NPB3.4.1/NPB3.4-MPI/BT'
make[1]: Entering directory '/home/lacp/NEWP/BENCHMARKS/NPB3.4.1/NPB3.4-MPI/SP'
rm -f *.o *.mod *~ mputil*
rm -f npbparams.h core
make[1]: Leaving directory '/home/lacp/NEWP/BENCHMARKS/NPB3.4.1/NPB3.4-MPI/SP'
make[1]: Entering directory '/home/lacp/NEWP/BENCHMARKS/NPB3.4.1/NPB3.4-MPI/SP'
make[2]: Entering directory '/home/lacp/NEWP/BENCHMARKS/NPB3.4.1/NPB3.4-MPI/sys'
make[2]: Nothing to be done for 'all'.
make[2]: Leaving directory '/home/lacp/NEWP/BENCHMARKS/NPB3.4.1/NPB3.4-MPI/sys'
../sys/setparams sp C 
mpifort -c  -O3 mpinpb.f90
mpifort -c  -O3 sp_data.f90
mpifort -c  -O3 sp.f90
mpifort -c  -O3 make_set.f90
mpifort -c  -O3 initialize.f90
mpifort -c  -O3 exact_solution.f90
mpifort -c  -O3 exact_rhs.f90
mpifort -c  -O3 set_constants.f90
mpifort -c  -O3 adi.f90
mpifort -c  -O3 define.f90
mpifort -c  -O3 copy_faces.f90
mpifort -c  -O3 rhs.f90
mpifort -c  -O3 lhsx.f90
mpifort -c  -O3 lhsy.f90
mpifort -c  -O3 lhsz.f90
mpifort -c  -O3 x_solve.f90
mpifort -c  -O3 ninvr.f90
mpifort -c  -O3 y_solve.f90
mpifort -c  -O3 pinvr.f90
mpifort -c  -O3 z_solve.f90
mpifort -c  -O3 tzetar.f90
mpifort -c  -O3 add.f90
mpifort -c  -O3 txinvr.f90
mpifort -c  -O3 error.f90
mpifort -c  -O3 verify.f90
mpifort -c  -O3 setup_mpi.f90
mpifort -O3 -o ../bin/sp.C.x sp.o sp_data.o make_set.o initialize.o exact_solution.o exact_rhs.o set_constants.o adi.o define.o copy_faces.o rhs.o lhsx.o lhsy.o lhsz.o x_solve.o ninvr.o y_solve.o pinvr.o z_solve.o tzetar.o add.o txinvr.o error.o verify.o setup_mpi.o mpinpb.o ../common/get_active_nprocs.o ../common/print_results.o ../common/timers.o 
make[1]: Leaving directory '/home/lacp/NEWP/BENCHMARKS/NPB3.4.1/NPB3.4-MPI/SP'
make[1]: Entering directory '/home/lacp/NEWP/BENCHMARKS/NPB3.4.1/NPB3.4-MPI/IS'
rm -f *.o *~ mputil*
rm -f is npbparams.h core
make[1]: Leaving directory '/home/lacp/NEWP/BENCHMARKS/NPB3.4.1/NPB3.4-MPI/IS'
make[1]: Entering directory '/home/lacp/NEWP/BENCHMARKS/NPB3.4.1/NPB3.4-MPI/IS'
make[2]: Entering directory '/home/lacp/NEWP/BENCHMARKS/NPB3.4.1/NPB3.4-MPI/sys'
make[2]: Nothing to be done for 'all'.
make[2]: Leaving directory '/home/lacp/NEWP/BENCHMARKS/NPB3.4.1/NPB3.4-MPI/sys'
../sys/setparams is C 
mpicc -c  -O3 is.c
cd ../common; mpicc -c  -O3 c_print_results.c
cd ../common; mpicc -c  -O3 c_timers.c
mpicc -O3 -o ../bin/is.C.x is.o ../common/c_print_results.o ../common/c_timers.o 
make[1]: Leaving directory '/home/lacp/NEWP/BENCHMARKS/NPB3.4.1/NPB3.4-MPI/IS'
make[1]: Entering directory '/home/lacp/NEWP/BENCHMARKS/NPB3.4.1/NPB3.4-MPI/FT'
rm -f *.o *.mod *~ mputil*
rm -f ft npbparams.h core
make[1]: Leaving directory '/home/lacp/NEWP/BENCHMARKS/NPB3.4.1/NPB3.4-MPI/FT'
make[1]: Entering directory '/home/lacp/NEWP/BENCHMARKS/NPB3.4.1/NPB3.4-MPI/FT'
make[2]: Entering directory '/home/lacp/NEWP/BENCHMARKS/NPB3.4.1/NPB3.4-MPI/sys'
make[2]: Nothing to be done for 'all'.
make[2]: Leaving directory '/home/lacp/NEWP/BENCHMARKS/NPB3.4.1/NPB3.4-MPI/sys'
../sys/setparams ft C 
mpifort -c  -O3 mpinpb.f90
mpifort -c  -O3 ft_data.f90
mpifort -c  -O3 ft.f90
cd ../common; mpifort -c  -O3 randi8.f90
mpifort -O3 -o ../bin/ft.C.x ft.o ft_data.o mpinpb.o ../common/get_active_nprocs.o ../common/randi8.o ../common/print_results.o ../common/timers.o 
make[1]: Leaving directory '/home/lacp/NEWP/BENCHMARKS/NPB3.4.1/NPB3.4-MPI/FT'

1-is-16

Sat Dec  5 16:51:19 -03 2020
Executing >> mpiexec --mca btl self,tcp --mca btl_tcp_if_include eth0 -np 16 -machinefile /home/lacp/NEWP/MACHINE_FILES/nodes16_LACP10 /home/lacp/NEWP/BENCHMARKS/NPB3.4.1/NPB3.4-MPI/bin/is.C.x 2>> /home/lacp/NEWP/LOGS/apps_exec_std_error &> >(tee -a /home/lacp/NEWP/LOGS/LOGS_BACKUP/is.balance-rr-2NICs-layer2.log > /tmp/nas.out) <<
Done!

2-is-16

Sat Dec  5 16:51:33 -03 2020
Executing >> mpiexec --mca btl self,tcp --mca btl_tcp_if_include eth0 -np 16 -machinefile /home/lacp/NEWP/MACHINE_FILES/nodes16_LACP10 /home/lacp/NEWP/BENCHMARKS/NPB3.4.1/NPB3.4-MPI/bin/is.C.x 2>> /home/lacp/NEWP/LOGS/apps_exec_std_error &> >(tee -a /home/lacp/NEWP/LOGS/LOGS_BACKUP/is.balance-rr-2NICs-layer2.log > /tmp/nas.out) <<
Done!

3-is-16

Sat Dec  5 16:51:46 -03 2020
Executing >> mpiexec --mca btl self,tcp --mca btl_tcp_if_include eth0 -np 16 -machinefile /home/lacp/NEWP/MACHINE_FILES/nodes16_LACP10 /home/lacp/NEWP/BENCHMARKS/NPB3.4.1/NPB3.4-MPI/bin/is.C.x 2>> /home/lacp/NEWP/LOGS/apps_exec_std_error &> >(tee -a /home/lacp/NEWP/LOGS/LOGS_BACKUP/is.balance-rr-2NICs-layer2.log > /tmp/nas.out) <<
Done!

4-is-16

Sat Dec  5 16:52:00 -03 2020
Executing >> mpiexec --mca btl self,tcp --mca btl_tcp_if_include eth0 -np 16 -machinefile /home/lacp/NEWP/MACHINE_FILES/nodes16_LACP10 /home/lacp/NEWP/BENCHMARKS/NPB3.4.1/NPB3.4-MPI/bin/is.C.x 2>> /home/lacp/NEWP/LOGS/apps_exec_std_error &> >(tee -a /home/lacp/NEWP/LOGS/LOGS_BACKUP/is.balance-rr-2NICs-layer2.log > /tmp/nas.out) <<
Done!

5-is-16

Sat Dec  5 16:52:14 -03 2020
Executing >> mpiexec --mca btl self,tcp --mca btl_tcp_if_include eth0 -np 16 -machinefile /home/lacp/NEWP/MACHINE_FILES/nodes16_LACP10 /home/lacp/NEWP/BENCHMARKS/NPB3.4.1/NPB3.4-MPI/bin/is.C.x 2>> /home/lacp/NEWP/LOGS/apps_exec_std_error &> >(tee -a /home/lacp/NEWP/LOGS/LOGS_BACKUP/is.balance-rr-2NICs-layer2.log > /tmp/nas.out) <<
Done!

6-is-16

Sat Dec  5 16:52:27 -03 2020
Executing >> mpiexec --mca btl self,tcp --mca btl_tcp_if_include eth0 -np 16 -machinefile /home/lacp/NEWP/MACHINE_FILES/nodes16_LACP10 /home/lacp/NEWP/BENCHMARKS/NPB3.4.1/NPB3.4-MPI/bin/is.C.x 2>> /home/lacp/NEWP/LOGS/apps_exec_std_error &> >(tee -a /home/lacp/NEWP/LOGS/LOGS_BACKUP/is.balance-rr-2NICs-layer2.log > /tmp/nas.out) <<
Done!

7-is-16

Sat Dec  5 16:52:40 -03 2020
Executing >> mpiexec --mca btl self,tcp --mca btl_tcp_if_include eth0 -np 16 -machinefile /home/lacp/NEWP/MACHINE_FILES/nodes16_LACP10 /home/lacp/NEWP/BENCHMARKS/NPB3.4.1/NPB3.4-MPI/bin/is.C.x 2>> /home/lacp/NEWP/LOGS/apps_exec_std_error &> >(tee -a /home/lacp/NEWP/LOGS/LOGS_BACKUP/is.balance-rr-2NICs-layer2.log > /tmp/nas.out) <<
Done!

8-is-16

Sat Dec  5 16:52:54 -03 2020
Executing >> mpiexec --mca btl self,tcp --mca btl_tcp_if_include eth0 -np 16 -machinefile /home/lacp/NEWP/MACHINE_FILES/nodes16_LACP10 /home/lacp/NEWP/BENCHMARKS/NPB3.4.1/NPB3.4-MPI/bin/is.C.x 2>> /home/lacp/NEWP/LOGS/apps_exec_std_error &> >(tee -a /home/lacp/NEWP/LOGS/LOGS_BACKUP/is.balance-rr-2NICs-layer2.log > /tmp/nas.out) <<
Done!

9-is-16

Sat Dec  5 16:53:08 -03 2020
Executing >> mpiexec --mca btl self,tcp --mca btl_tcp_if_include eth0 -np 16 -machinefile /home/lacp/NEWP/MACHINE_FILES/nodes16_LACP10 /home/lacp/NEWP/BENCHMARKS/NPB3.4.1/NPB3.4-MPI/bin/is.C.x 2>> /home/lacp/NEWP/LOGS/apps_exec_std_error &> >(tee -a /home/lacp/NEWP/LOGS/LOGS_BACKUP/is.balance-rr-2NICs-layer2.log > /tmp/nas.out) <<
Done!

10-is-16

Sat Dec  5 16:53:21 -03 2020
Executing >> mpiexec --mca btl self,tcp --mca btl_tcp_if_include eth0 -np 16 -machinefile /home/lacp/NEWP/MACHINE_FILES/nodes16_LACP10 /home/lacp/NEWP/BENCHMARKS/NPB3.4.1/NPB3.4-MPI/bin/is.C.x 2>> /home/lacp/NEWP/LOGS/apps_exec_std_error &> >(tee -a /home/lacp/NEWP/LOGS/LOGS_BACKUP/is.balance-rr-2NICs-layer2.log > /tmp/nas.out) <<
Done!

11-ft-16

Sat Dec  5 16:53:35 -03 2020
Executing >> mpiexec --mca btl self,tcp --mca btl_tcp_if_include eth0 -np 16 -machinefile /home/lacp/NEWP/MACHINE_FILES/nodes16_LACP10 /home/lacp/NEWP/BENCHMARKS/NPB3.4.1/NPB3.4-MPI/bin/ft.C.x 2>> /home/lacp/NEWP/LOGS/apps_exec_std_error &> >(tee -a /home/lacp/NEWP/LOGS/LOGS_BACKUP/ft.balance-rr-2NICs-layer2.log > /tmp/nas.out) <<
Done!

12-ft-16

Sat Dec  5 16:55:02 -03 2020
Executing >> mpiexec --mca btl self,tcp --mca btl_tcp_if_include eth0 -np 16 -machinefile /home/lacp/NEWP/MACHINE_FILES/nodes16_LACP10 /home/lacp/NEWP/BENCHMARKS/NPB3.4.1/NPB3.4-MPI/bin/ft.C.x 2>> /home/lacp/NEWP/LOGS/apps_exec_std_error &> >(tee -a /home/lacp/NEWP/LOGS/LOGS_BACKUP/ft.balance-rr-2NICs-layer2.log > /tmp/nas.out) <<
Done!

13-ft-16

Sat Dec  5 16:56:28 -03 2020
Executing >> mpiexec --mca btl self,tcp --mca btl_tcp_if_include eth0 -np 16 -machinefile /home/lacp/NEWP/MACHINE_FILES/nodes16_LACP10 /home/lacp/NEWP/BENCHMARKS/NPB3.4.1/NPB3.4-MPI/bin/ft.C.x 2>> /home/lacp/NEWP/LOGS/apps_exec_std_error &> >(tee -a /home/lacp/NEWP/LOGS/LOGS_BACKUP/ft.balance-rr-2NICs-layer2.log > /tmp/nas.out) <<
Done!

14-ft-16

Sat Dec  5 16:57:55 -03 2020
Executing >> mpiexec --mca btl self,tcp --mca btl_tcp_if_include eth0 -np 16 -machinefile /home/lacp/NEWP/MACHINE_FILES/nodes16_LACP10 /home/lacp/NEWP/BENCHMARKS/NPB3.4.1/NPB3.4-MPI/bin/ft.C.x 2>> /home/lacp/NEWP/LOGS/apps_exec_std_error &> >(tee -a /home/lacp/NEWP/LOGS/LOGS_BACKUP/ft.balance-rr-2NICs-layer2.log > /tmp/nas.out) <<
Done!

15-ft-16

Sat Dec  5 16:59:22 -03 2020
Executing >> mpiexec --mca btl self,tcp --mca btl_tcp_if_include eth0 -np 16 -machinefile /home/lacp/NEWP/MACHINE_FILES/nodes16_LACP10 /home/lacp/NEWP/BENCHMARKS/NPB3.4.1/NPB3.4-MPI/bin/ft.C.x 2>> /home/lacp/NEWP/LOGS/apps_exec_std_error &> >(tee -a /home/lacp/NEWP/LOGS/LOGS_BACKUP/ft.balance-rr-2NICs-layer2.log > /tmp/nas.out) <<
Done!

16-ft-16

Sat Dec  5 17:00:48 -03 2020
Executing >> mpiexec --mca btl self,tcp --mca btl_tcp_if_include eth0 -np 16 -machinefile /home/lacp/NEWP/MACHINE_FILES/nodes16_LACP10 /home/lacp/NEWP/BENCHMARKS/NPB3.4.1/NPB3.4-MPI/bin/ft.C.x 2>> /home/lacp/NEWP/LOGS/apps_exec_std_error &> >(tee -a /home/lacp/NEWP/LOGS/LOGS_BACKUP/ft.balance-rr-2NICs-layer2.log > /tmp/nas.out) <<
Done!

17-ft-16

Sat Dec  5 17:02:15 -03 2020
Executing >> mpiexec --mca btl self,tcp --mca btl_tcp_if_include eth0 -np 16 -machinefile /home/lacp/NEWP/MACHINE_FILES/nodes16_LACP10 /home/lacp/NEWP/BENCHMARKS/NPB3.4.1/NPB3.4-MPI/bin/ft.C.x 2>> /home/lacp/NEWP/LOGS/apps_exec_std_error &> >(tee -a /home/lacp/NEWP/LOGS/LOGS_BACKUP/ft.balance-rr-2NICs-layer2.log > /tmp/nas.out) <<
Done!

18-ft-16

Sat Dec  5 17:03:42 -03 2020
Executing >> mpiexec --mca btl self,tcp --mca btl_tcp_if_include eth0 -np 16 -machinefile /home/lacp/NEWP/MACHINE_FILES/nodes16_LACP10 /home/lacp/NEWP/BENCHMARKS/NPB3.4.1/NPB3.4-MPI/bin/ft.C.x 2>> /home/lacp/NEWP/LOGS/apps_exec_std_error &> >(tee -a /home/lacp/NEWP/LOGS/LOGS_BACKUP/ft.balance-rr-2NICs-layer2.log > /tmp/nas.out) <<
Done!

19-ft-16

Sat Dec  5 17:05:09 -03 2020
Executing >> mpiexec --mca btl self,tcp --mca btl_tcp_if_include eth0 -np 16 -machinefile /home/lacp/NEWP/MACHINE_FILES/nodes16_LACP10 /home/lacp/NEWP/BENCHMARKS/NPB3.4.1/NPB3.4-MPI/bin/ft.C.x 2>> /home/lacp/NEWP/LOGS/apps_exec_std_error &> >(tee -a /home/lacp/NEWP/LOGS/LOGS_BACKUP/ft.balance-rr-2NICs-layer2.log > /tmp/nas.out) <<
Done!

20-ft-16

Sat Dec  5 17:06:36 -03 2020
Executing >> mpiexec --mca btl self,tcp --mca btl_tcp_if_include eth0 -np 16 -machinefile /home/lacp/NEWP/MACHINE_FILES/nodes16_LACP10 /home/lacp/NEWP/BENCHMARKS/NPB3.4.1/NPB3.4-MPI/bin/ft.C.x 2>> /home/lacp/NEWP/LOGS/apps_exec_std_error &> >(tee -a /home/lacp/NEWP/LOGS/LOGS_BACKUP/ft.balance-rr-2NICs-layer2.log > /tmp/nas.out) <<
Done!

21-is-16

Sat Dec  5 17:08:03 -03 2020
Executing >> mpiexec --mca btl self,tcp --mca btl_tcp_if_include eth0 -np 16 -machinefile /home/lacp/NEWP/MACHINE_FILES/nodes16_LACP10 /home/lacp/NEWP/BENCHMARKS/NPB3.4.1/NPB3.4-MPI/bin/is.C.x 2>> /home/lacp/NEWP/LOGS/apps_exec_std_error &> >(tee -a /home/lacp/NEWP/LOGS/LOGS_BACKUP/is.balance-rr-2NICs-layer2.log > /tmp/nas.out) <<
Done!

22-is-16

Sat Dec  5 17:08:16 -03 2020
Executing >> mpiexec --mca btl self,tcp --mca btl_tcp_if_include eth0 -np 16 -machinefile /home/lacp/NEWP/MACHINE_FILES/nodes16_LACP10 /home/lacp/NEWP/BENCHMARKS/NPB3.4.1/NPB3.4-MPI/bin/is.C.x 2>> /home/lacp/NEWP/LOGS/apps_exec_std_error &> >(tee -a /home/lacp/NEWP/LOGS/LOGS_BACKUP/is.balance-rr-2NICs-layer2.log > /tmp/nas.out) <<
Done!

23-is-16

Sat Dec  5 17:08:29 -03 2020
Executing >> mpiexec --mca btl self,tcp --mca btl_tcp_if_include eth0 -np 16 -machinefile /home/lacp/NEWP/MACHINE_FILES/nodes16_LACP10 /home/lacp/NEWP/BENCHMARKS/NPB3.4.1/NPB3.4-MPI/bin/is.C.x 2>> /home/lacp/NEWP/LOGS/apps_exec_std_error &> >(tee -a /home/lacp/NEWP/LOGS/LOGS_BACKUP/is.balance-rr-2NICs-layer2.log > /tmp/nas.out) <<
Done!

24-is-16

Sat Dec  5 17:08:43 -03 2020
Executing >> mpiexec --mca btl self,tcp --mca btl_tcp_if_include eth0 -np 16 -machinefile /home/lacp/NEWP/MACHINE_FILES/nodes16_LACP10 /home/lacp/NEWP/BENCHMARKS/NPB3.4.1/NPB3.4-MPI/bin/is.C.x 2>> /home/lacp/NEWP/LOGS/apps_exec_std_error &> >(tee -a /home/lacp/NEWP/LOGS/LOGS_BACKUP/is.balance-rr-2NICs-layer2.log > /tmp/nas.out) <<
Done!

25-is-16

Sat Dec  5 17:08:56 -03 2020
Executing >> mpiexec --mca btl self,tcp --mca btl_tcp_if_include eth0 -np 16 -machinefile /home/lacp/NEWP/MACHINE_FILES/nodes16_LACP10 /home/lacp/NEWP/BENCHMARKS/NPB3.4.1/NPB3.4-MPI/bin/is.C.x 2>> /home/lacp/NEWP/LOGS/apps_exec_std_error &> >(tee -a /home/lacp/NEWP/LOGS/LOGS_BACKUP/is.balance-rr-2NICs-layer2.log > /tmp/nas.out) <<
Done!

26-is-16

Sat Dec  5 17:09:09 -03 2020
Executing >> mpiexec --mca btl self,tcp --mca btl_tcp_if_include eth0 -np 16 -machinefile /home/lacp/NEWP/MACHINE_FILES/nodes16_LACP10 /home/lacp/NEWP/BENCHMARKS/NPB3.4.1/NPB3.4-MPI/bin/is.C.x 2>> /home/lacp/NEWP/LOGS/apps_exec_std_error &> >(tee -a /home/lacp/NEWP/LOGS/LOGS_BACKUP/is.balance-rr-2NICs-layer2.log > /tmp/nas.out) <<
Done!

27-is-16

Sat Dec  5 17:09:23 -03 2020
Executing >> mpiexec --mca btl self,tcp --mca btl_tcp_if_include eth0 -np 16 -machinefile /home/lacp/NEWP/MACHINE_FILES/nodes16_LACP10 /home/lacp/NEWP/BENCHMARKS/NPB3.4.1/NPB3.4-MPI/bin/is.C.x 2>> /home/lacp/NEWP/LOGS/apps_exec_std_error &> >(tee -a /home/lacp/NEWP/LOGS/LOGS_BACKUP/is.balance-rr-2NICs-layer2.log > /tmp/nas.out) <<
Done!

28-is-16

Sat Dec  5 17:09:36 -03 2020
Executing >> mpiexec --mca btl self,tcp --mca btl_tcp_if_include eth0 -np 16 -machinefile /home/lacp/NEWP/MACHINE_FILES/nodes16_LACP10 /home/lacp/NEWP/BENCHMARKS/NPB3.4.1/NPB3.4-MPI/bin/is.C.x 2>> /home/lacp/NEWP/LOGS/apps_exec_std_error &> >(tee -a /home/lacp/NEWP/LOGS/LOGS_BACKUP/is.balance-rr-2NICs-layer2.log > /tmp/nas.out) <<
Done!

29-is-16

Sat Dec  5 17:09:50 -03 2020
Executing >> mpiexec --mca btl self,tcp --mca btl_tcp_if_include eth0 -np 16 -machinefile /home/lacp/NEWP/MACHINE_FILES/nodes16_LACP10 /home/lacp/NEWP/BENCHMARKS/NPB3.4.1/NPB3.4-MPI/bin/is.C.x 2>> /home/lacp/NEWP/LOGS/apps_exec_std_error &> >(tee -a /home/lacp/NEWP/LOGS/LOGS_BACKUP/is.balance-rr-2NICs-layer2.log > /tmp/nas.out) <<
Done!

30-is-16

Sat Dec  5 17:10:03 -03 2020
Executing >> mpiexec --mca btl self,tcp --mca btl_tcp_if_include eth0 -np 16 -machinefile /home/lacp/NEWP/MACHINE_FILES/nodes16_LACP10 /home/lacp/NEWP/BENCHMARKS/NPB3.4.1/NPB3.4-MPI/bin/is.C.x 2>> /home/lacp/NEWP/LOGS/apps_exec_std_error &> >(tee -a /home/lacp/NEWP/LOGS/LOGS_BACKUP/is.balance-rr-2NICs-layer2.log > /tmp/nas.out) <<
Done!

31-ft-16

Sat Dec  5 17:10:16 -03 2020
Executing >> mpiexec --mca btl self,tcp --mca btl_tcp_if_include eth0 -np 16 -machinefile /home/lacp/NEWP/MACHINE_FILES/nodes16_LACP10 /home/lacp/NEWP/BENCHMARKS/NPB3.4.1/NPB3.4-MPI/bin/ft.C.x 2>> /home/lacp/NEWP/LOGS/apps_exec_std_error &> >(tee -a /home/lacp/NEWP/LOGS/LOGS_BACKUP/ft.balance-rr-2NICs-layer2.log > /tmp/nas.out) <<
Done!

32-ft-16

Sat Dec  5 17:11:44 -03 2020
Executing >> mpiexec --mca btl self,tcp --mca btl_tcp_if_include eth0 -np 16 -machinefile /home/lacp/NEWP/MACHINE_FILES/nodes16_LACP10 /home/lacp/NEWP/BENCHMARKS/NPB3.4.1/NPB3.4-MPI/bin/ft.C.x 2>> /home/lacp/NEWP/LOGS/apps_exec_std_error &> >(tee -a /home/lacp/NEWP/LOGS/LOGS_BACKUP/ft.balance-rr-2NICs-layer2.log > /tmp/nas.out) <<
Done!

33-ft-16

Sat Dec  5 17:13:11 -03 2020
Executing >> mpiexec --mca btl self,tcp --mca btl_tcp_if_include eth0 -np 16 -machinefile /home/lacp/NEWP/MACHINE_FILES/nodes16_LACP10 /home/lacp/NEWP/BENCHMARKS/NPB3.4.1/NPB3.4-MPI/bin/ft.C.x 2>> /home/lacp/NEWP/LOGS/apps_exec_std_error &> >(tee -a /home/lacp/NEWP/LOGS/LOGS_BACKUP/ft.balance-rr-2NICs-layer2.log > /tmp/nas.out) <<
Done!

34-ft-16

Sat Dec  5 17:14:38 -03 2020
Executing >> mpiexec --mca btl self,tcp --mca btl_tcp_if_include eth0 -np 16 -machinefile /home/lacp/NEWP/MACHINE_FILES/nodes16_LACP10 /home/lacp/NEWP/BENCHMARKS/NPB3.4.1/NPB3.4-MPI/bin/ft.C.x 2>> /home/lacp/NEWP/LOGS/apps_exec_std_error &> >(tee -a /home/lacp/NEWP/LOGS/LOGS_BACKUP/ft.balance-rr-2NICs-layer2.log > /tmp/nas.out) <<
Done!

35-ft-16

Sat Dec  5 17:16:04 -03 2020
Executing >> mpiexec --mca btl self,tcp --mca btl_tcp_if_include eth0 -np 16 -machinefile /home/lacp/NEWP/MACHINE_FILES/nodes16_LACP10 /home/lacp/NEWP/BENCHMARKS/NPB3.4.1/NPB3.4-MPI/bin/ft.C.x 2>> /home/lacp/NEWP/LOGS/apps_exec_std_error &> >(tee -a /home/lacp/NEWP/LOGS/LOGS_BACKUP/ft.balance-rr-2NICs-layer2.log > /tmp/nas.out) <<
Done!

36-ft-16

Sat Dec  5 17:17:31 -03 2020
Executing >> mpiexec --mca btl self,tcp --mca btl_tcp_if_include eth0 -np 16 -machinefile /home/lacp/NEWP/MACHINE_FILES/nodes16_LACP10 /home/lacp/NEWP/BENCHMARKS/NPB3.4.1/NPB3.4-MPI/bin/ft.C.x 2>> /home/lacp/NEWP/LOGS/apps_exec_std_error &> >(tee -a /home/lacp/NEWP/LOGS/LOGS_BACKUP/ft.balance-rr-2NICs-layer2.log > /tmp/nas.out) <<
Done!

37-ft-16

Sat Dec  5 17:18:58 -03 2020
Executing >> mpiexec --mca btl self,tcp --mca btl_tcp_if_include eth0 -np 16 -machinefile /home/lacp/NEWP/MACHINE_FILES/nodes16_LACP10 /home/lacp/NEWP/BENCHMARKS/NPB3.4.1/NPB3.4-MPI/bin/ft.C.x 2>> /home/lacp/NEWP/LOGS/apps_exec_std_error &> >(tee -a /home/lacp/NEWP/LOGS/LOGS_BACKUP/ft.balance-rr-2NICs-layer2.log > /tmp/nas.out) <<
Done!

38-ft-16

Sat Dec  5 17:20:25 -03 2020
Executing >> mpiexec --mca btl self,tcp --mca btl_tcp_if_include eth0 -np 16 -machinefile /home/lacp/NEWP/MACHINE_FILES/nodes16_LACP10 /home/lacp/NEWP/BENCHMARKS/NPB3.4.1/NPB3.4-MPI/bin/ft.C.x 2>> /home/lacp/NEWP/LOGS/apps_exec_std_error &> >(tee -a /home/lacp/NEWP/LOGS/LOGS_BACKUP/ft.balance-rr-2NICs-layer2.log > /tmp/nas.out) <<
Done!

39-ft-16

Sat Dec  5 17:21:52 -03 2020
Executing >> mpiexec --mca btl self,tcp --mca btl_tcp_if_include eth0 -np 16 -machinefile /home/lacp/NEWP/MACHINE_FILES/nodes16_LACP10 /home/lacp/NEWP/BENCHMARKS/NPB3.4.1/NPB3.4-MPI/bin/ft.C.x 2>> /home/lacp/NEWP/LOGS/apps_exec_std_error &> >(tee -a /home/lacp/NEWP/LOGS/LOGS_BACKUP/ft.balance-rr-2NICs-layer2.log > /tmp/nas.out) <<
Done!

40-ft-16

Sat Dec  5 17:23:19 -03 2020
Executing >> mpiexec --mca btl self,tcp --mca btl_tcp_if_include eth0 -np 16 -machinefile /home/lacp/NEWP/MACHINE_FILES/nodes16_LACP10 /home/lacp/NEWP/BENCHMARKS/NPB3.4.1/NPB3.4-MPI/bin/ft.C.x 2>> /home/lacp/NEWP/LOGS/apps_exec_std_error &> >(tee -a /home/lacp/NEWP/LOGS/LOGS_BACKUP/ft.balance-rr-2NICs-layer2.log > /tmp/nas.out) <<
Done!

41-bt-16

Sat Dec  5 17:24:46 -03 2020
Executing >> mpiexec --mca btl self,tcp --mca btl_tcp_if_include eth0 -np 16 -machinefile /home/lacp/NEWP/MACHINE_FILES/nodes16_LACP10 /home/lacp/NEWP/BENCHMARKS/NPB3.4.1/NPB3.4-MPI/bin/bt.C.x 2>> /home/lacp/NEWP/LOGS/apps_exec_std_error &> >(tee -a /home/lacp/NEWP/LOGS/LOGS_BACKUP/bt.balance-rr-2NICs-layer2.log > /tmp/nas.out) <<
Done!

42-bt-16

Sat Dec  5 17:27:50 -03 2020
Executing >> mpiexec --mca btl self,tcp --mca btl_tcp_if_include eth0 -np 16 -machinefile /home/lacp/NEWP/MACHINE_FILES/nodes16_LACP10 /home/lacp/NEWP/BENCHMARKS/NPB3.4.1/NPB3.4-MPI/bin/bt.C.x 2>> /home/lacp/NEWP/LOGS/apps_exec_std_error &> >(tee -a /home/lacp/NEWP/LOGS/LOGS_BACKUP/bt.balance-rr-2NICs-layer2.log > /tmp/nas.out) <<
Done!

43-bt-16

Sat Dec  5 17:30:54 -03 2020
Executing >> mpiexec --mca btl self,tcp --mca btl_tcp_if_include eth0 -np 16 -machinefile /home/lacp/NEWP/MACHINE_FILES/nodes16_LACP10 /home/lacp/NEWP/BENCHMARKS/NPB3.4.1/NPB3.4-MPI/bin/bt.C.x 2>> /home/lacp/NEWP/LOGS/apps_exec_std_error &> >(tee -a /home/lacp/NEWP/LOGS/LOGS_BACKUP/bt.balance-rr-2NICs-layer2.log > /tmp/nas.out) <<
Done!

44-bt-16

Sat Dec  5 17:33:59 -03 2020
Executing >> mpiexec --mca btl self,tcp --mca btl_tcp_if_include eth0 -np 16 -machinefile /home/lacp/NEWP/MACHINE_FILES/nodes16_LACP10 /home/lacp/NEWP/BENCHMARKS/NPB3.4.1/NPB3.4-MPI/bin/bt.C.x 2>> /home/lacp/NEWP/LOGS/apps_exec_std_error &> >(tee -a /home/lacp/NEWP/LOGS/LOGS_BACKUP/bt.balance-rr-2NICs-layer2.log > /tmp/nas.out) <<
Done!

45-bt-16

Sat Dec  5 17:37:05 -03 2020
Executing >> mpiexec --mca btl self,tcp --mca btl_tcp_if_include eth0 -np 16 -machinefile /home/lacp/NEWP/MACHINE_FILES/nodes16_LACP10 /home/lacp/NEWP/BENCHMARKS/NPB3.4.1/NPB3.4-MPI/bin/bt.C.x 2>> /home/lacp/NEWP/LOGS/apps_exec_std_error &> >(tee -a /home/lacp/NEWP/LOGS/LOGS_BACKUP/bt.balance-rr-2NICs-layer2.log > /tmp/nas.out) <<
Done!

46-bt-16

Sat Dec  5 17:40:10 -03 2020
Executing >> mpiexec --mca btl self,tcp --mca btl_tcp_if_include eth0 -np 16 -machinefile /home/lacp/NEWP/MACHINE_FILES/nodes16_LACP10 /home/lacp/NEWP/BENCHMARKS/NPB3.4.1/NPB3.4-MPI/bin/bt.C.x 2>> /home/lacp/NEWP/LOGS/apps_exec_std_error &> >(tee -a /home/lacp/NEWP/LOGS/LOGS_BACKUP/bt.balance-rr-2NICs-layer2.log > /tmp/nas.out) <<
Done!

47-bt-16

Sat Dec  5 17:43:13 -03 2020
Executing >> mpiexec --mca btl self,tcp --mca btl_tcp_if_include eth0 -np 16 -machinefile /home/lacp/NEWP/MACHINE_FILES/nodes16_LACP10 /home/lacp/NEWP/BENCHMARKS/NPB3.4.1/NPB3.4-MPI/bin/bt.C.x 2>> /home/lacp/NEWP/LOGS/apps_exec_std_error &> >(tee -a /home/lacp/NEWP/LOGS/LOGS_BACKUP/bt.balance-rr-2NICs-layer2.log > /tmp/nas.out) <<
Done!

48-bt-16

Sat Dec  5 17:46:18 -03 2020
Executing >> mpiexec --mca btl self,tcp --mca btl_tcp_if_include eth0 -np 16 -machinefile /home/lacp/NEWP/MACHINE_FILES/nodes16_LACP10 /home/lacp/NEWP/BENCHMARKS/NPB3.4.1/NPB3.4-MPI/bin/bt.C.x 2>> /home/lacp/NEWP/LOGS/apps_exec_std_error &> >(tee -a /home/lacp/NEWP/LOGS/LOGS_BACKUP/bt.balance-rr-2NICs-layer2.log > /tmp/nas.out) <<
Done!

49-bt-16

Sat Dec  5 17:49:22 -03 2020
Executing >> mpiexec --mca btl self,tcp --mca btl_tcp_if_include eth0 -np 16 -machinefile /home/lacp/NEWP/MACHINE_FILES/nodes16_LACP10 /home/lacp/NEWP/BENCHMARKS/NPB3.4.1/NPB3.4-MPI/bin/bt.C.x 2>> /home/lacp/NEWP/LOGS/apps_exec_std_error &> >(tee -a /home/lacp/NEWP/LOGS/LOGS_BACKUP/bt.balance-rr-2NICs-layer2.log > /tmp/nas.out) <<
Done!

50-bt-16

Sat Dec  5 17:52:28 -03 2020
Executing >> mpiexec --mca btl self,tcp --mca btl_tcp_if_include eth0 -np 16 -machinefile /home/lacp/NEWP/MACHINE_FILES/nodes16_LACP10 /home/lacp/NEWP/BENCHMARKS/NPB3.4.1/NPB3.4-MPI/bin/bt.C.x 2>> /home/lacp/NEWP/LOGS/apps_exec_std_error &> >(tee -a /home/lacp/NEWP/LOGS/LOGS_BACKUP/bt.balance-rr-2NICs-layer2.log > /tmp/nas.out) <<
Done!

51-sp-16

Sat Dec  5 17:55:33 -03 2020
Executing >> mpiexec --mca btl self,tcp --mca btl_tcp_if_include eth0 -np 16 -machinefile /home/lacp/NEWP/MACHINE_FILES/nodes16_LACP10 /home/lacp/NEWP/BENCHMARKS/NPB3.4.1/NPB3.4-MPI/bin/sp.C.x 2>> /home/lacp/NEWP/LOGS/apps_exec_std_error &> >(tee -a /home/lacp/NEWP/LOGS/LOGS_BACKUP/sp.balance-rr-2NICs-layer2.log > /tmp/nas.out) <<
Done!

52-sp-16

Sat Dec  5 17:59:06 -03 2020
Executing >> mpiexec --mca btl self,tcp --mca btl_tcp_if_include eth0 -np 16 -machinefile /home/lacp/NEWP/MACHINE_FILES/nodes16_LACP10 /home/lacp/NEWP/BENCHMARKS/NPB3.4.1/NPB3.4-MPI/bin/sp.C.x 2>> /home/lacp/NEWP/LOGS/apps_exec_std_error &> >(tee -a /home/lacp/NEWP/LOGS/LOGS_BACKUP/sp.balance-rr-2NICs-layer2.log > /tmp/nas.out) <<
Done!

53-sp-16

Sat Dec  5 18:02:38 -03 2020
Executing >> mpiexec --mca btl self,tcp --mca btl_tcp_if_include eth0 -np 16 -machinefile /home/lacp/NEWP/MACHINE_FILES/nodes16_LACP10 /home/lacp/NEWP/BENCHMARKS/NPB3.4.1/NPB3.4-MPI/bin/sp.C.x 2>> /home/lacp/NEWP/LOGS/apps_exec_std_error &> >(tee -a /home/lacp/NEWP/LOGS/LOGS_BACKUP/sp.balance-rr-2NICs-layer2.log > /tmp/nas.out) <<
Done!

54-sp-16

Sat Dec  5 18:06:09 -03 2020
Executing >> mpiexec --mca btl self,tcp --mca btl_tcp_if_include eth0 -np 16 -machinefile /home/lacp/NEWP/MACHINE_FILES/nodes16_LACP10 /home/lacp/NEWP/BENCHMARKS/NPB3.4.1/NPB3.4-MPI/bin/sp.C.x 2>> /home/lacp/NEWP/LOGS/apps_exec_std_error &> >(tee -a /home/lacp/NEWP/LOGS/LOGS_BACKUP/sp.balance-rr-2NICs-layer2.log > /tmp/nas.out) <<
Done!

55-sp-16

Sat Dec  5 18:09:37 -03 2020
Executing >> mpiexec --mca btl self,tcp --mca btl_tcp_if_include eth0 -np 16 -machinefile /home/lacp/NEWP/MACHINE_FILES/nodes16_LACP10 /home/lacp/NEWP/BENCHMARKS/NPB3.4.1/NPB3.4-MPI/bin/sp.C.x 2>> /home/lacp/NEWP/LOGS/apps_exec_std_error &> >(tee -a /home/lacp/NEWP/LOGS/LOGS_BACKUP/sp.balance-rr-2NICs-layer2.log > /tmp/nas.out) <<
Done!

56-sp-16

Sat Dec  5 18:13:06 -03 2020
Executing >> mpiexec --mca btl self,tcp --mca btl_tcp_if_include eth0 -np 16 -machinefile /home/lacp/NEWP/MACHINE_FILES/nodes16_LACP10 /home/lacp/NEWP/BENCHMARKS/NPB3.4.1/NPB3.4-MPI/bin/sp.C.x 2>> /home/lacp/NEWP/LOGS/apps_exec_std_error &> >(tee -a /home/lacp/NEWP/LOGS/LOGS_BACKUP/sp.balance-rr-2NICs-layer2.log > /tmp/nas.out) <<
Done!

57-sp-16

Sat Dec  5 18:16:38 -03 2020
Executing >> mpiexec --mca btl self,tcp --mca btl_tcp_if_include eth0 -np 16 -machinefile /home/lacp/NEWP/MACHINE_FILES/nodes16_LACP10 /home/lacp/NEWP/BENCHMARKS/NPB3.4.1/NPB3.4-MPI/bin/sp.C.x 2>> /home/lacp/NEWP/LOGS/apps_exec_std_error &> >(tee -a /home/lacp/NEWP/LOGS/LOGS_BACKUP/sp.balance-rr-2NICs-layer2.log > /tmp/nas.out) <<
Done!

58-sp-16

Sat Dec  5 18:20:09 -03 2020
Executing >> mpiexec --mca btl self,tcp --mca btl_tcp_if_include eth0 -np 16 -machinefile /home/lacp/NEWP/MACHINE_FILES/nodes16_LACP10 /home/lacp/NEWP/BENCHMARKS/NPB3.4.1/NPB3.4-MPI/bin/sp.C.x 2>> /home/lacp/NEWP/LOGS/apps_exec_std_error &> >(tee -a /home/lacp/NEWP/LOGS/LOGS_BACKUP/sp.balance-rr-2NICs-layer2.log > /tmp/nas.out) <<
Done!

59-sp-16

Sat Dec  5 18:23:38 -03 2020
Executing >> mpiexec --mca btl self,tcp --mca btl_tcp_if_include eth0 -np 16 -machinefile /home/lacp/NEWP/MACHINE_FILES/nodes16_LACP10 /home/lacp/NEWP/BENCHMARKS/NPB3.4.1/NPB3.4-MPI/bin/sp.C.x 2>> /home/lacp/NEWP/LOGS/apps_exec_std_error &> >(tee -a /home/lacp/NEWP/LOGS/LOGS_BACKUP/sp.balance-rr-2NICs-layer2.log > /tmp/nas.out) <<
Done!

60-sp-16

Sat Dec  5 18:27:09 -03 2020
Executing >> mpiexec --mca btl self,tcp --mca btl_tcp_if_include eth0 -np 16 -machinefile /home/lacp/NEWP/MACHINE_FILES/nodes16_LACP10 /home/lacp/NEWP/BENCHMARKS/NPB3.4.1/NPB3.4-MPI/bin/sp.C.x 2>> /home/lacp/NEWP/LOGS/apps_exec_std_error &> >(tee -a /home/lacp/NEWP/LOGS/LOGS_BACKUP/sp.balance-rr-2NICs-layer2.log > /tmp/nas.out) <<
Done!

61-bt-16

Sat Dec  5 18:30:38 -03 2020
Executing >> mpiexec --mca btl self,tcp --mca btl_tcp_if_include eth0 -np 16 -machinefile /home/lacp/NEWP/MACHINE_FILES/nodes16_LACP10 /home/lacp/NEWP/BENCHMARKS/NPB3.4.1/NPB3.4-MPI/bin/bt.C.x 2>> /home/lacp/NEWP/LOGS/apps_exec_std_error &> >(tee -a /home/lacp/NEWP/LOGS/LOGS_BACKUP/bt.balance-rr-2NICs-layer2.log > /tmp/nas.out) <<
Done!

62-bt-16

Sat Dec  5 18:33:43 -03 2020
Executing >> mpiexec --mca btl self,tcp --mca btl_tcp_if_include eth0 -np 16 -machinefile /home/lacp/NEWP/MACHINE_FILES/nodes16_LACP10 /home/lacp/NEWP/BENCHMARKS/NPB3.4.1/NPB3.4-MPI/bin/bt.C.x 2>> /home/lacp/NEWP/LOGS/apps_exec_std_error &> >(tee -a /home/lacp/NEWP/LOGS/LOGS_BACKUP/bt.balance-rr-2NICs-layer2.log > /tmp/nas.out) <<
Done!

63-bt-16

Sat Dec  5 18:36:47 -03 2020
Executing >> mpiexec --mca btl self,tcp --mca btl_tcp_if_include eth0 -np 16 -machinefile /home/lacp/NEWP/MACHINE_FILES/nodes16_LACP10 /home/lacp/NEWP/BENCHMARKS/NPB3.4.1/NPB3.4-MPI/bin/bt.C.x 2>> /home/lacp/NEWP/LOGS/apps_exec_std_error &> >(tee -a /home/lacp/NEWP/LOGS/LOGS_BACKUP/bt.balance-rr-2NICs-layer2.log > /tmp/nas.out) <<
Done!

64-bt-16

Sat Dec  5 18:39:51 -03 2020
Executing >> mpiexec --mca btl self,tcp --mca btl_tcp_if_include eth0 -np 16 -machinefile /home/lacp/NEWP/MACHINE_FILES/nodes16_LACP10 /home/lacp/NEWP/BENCHMARKS/NPB3.4.1/NPB3.4-MPI/bin/bt.C.x 2>> /home/lacp/NEWP/LOGS/apps_exec_std_error &> >(tee -a /home/lacp/NEWP/LOGS/LOGS_BACKUP/bt.balance-rr-2NICs-layer2.log > /tmp/nas.out) <<
Done!

65-bt-16

Sat Dec  5 18:42:57 -03 2020
Executing >> mpiexec --mca btl self,tcp --mca btl_tcp_if_include eth0 -np 16 -machinefile /home/lacp/NEWP/MACHINE_FILES/nodes16_LACP10 /home/lacp/NEWP/BENCHMARKS/NPB3.4.1/NPB3.4-MPI/bin/bt.C.x 2>> /home/lacp/NEWP/LOGS/apps_exec_std_error &> >(tee -a /home/lacp/NEWP/LOGS/LOGS_BACKUP/bt.balance-rr-2NICs-layer2.log > /tmp/nas.out) <<
Done!

66-bt-16

Sat Dec  5 18:46:02 -03 2020
Executing >> mpiexec --mca btl self,tcp --mca btl_tcp_if_include eth0 -np 16 -machinefile /home/lacp/NEWP/MACHINE_FILES/nodes16_LACP10 /home/lacp/NEWP/BENCHMARKS/NPB3.4.1/NPB3.4-MPI/bin/bt.C.x 2>> /home/lacp/NEWP/LOGS/apps_exec_std_error &> >(tee -a /home/lacp/NEWP/LOGS/LOGS_BACKUP/bt.balance-rr-2NICs-layer2.log > /tmp/nas.out) <<
Done!

67-bt-16

Sat Dec  5 18:49:08 -03 2020
Executing >> mpiexec --mca btl self,tcp --mca btl_tcp_if_include eth0 -np 16 -machinefile /home/lacp/NEWP/MACHINE_FILES/nodes16_LACP10 /home/lacp/NEWP/BENCHMARKS/NPB3.4.1/NPB3.4-MPI/bin/bt.C.x 2>> /home/lacp/NEWP/LOGS/apps_exec_std_error &> >(tee -a /home/lacp/NEWP/LOGS/LOGS_BACKUP/bt.balance-rr-2NICs-layer2.log > /tmp/nas.out) <<
Done!

68-bt-16

Sat Dec  5 18:52:13 -03 2020
Executing >> mpiexec --mca btl self,tcp --mca btl_tcp_if_include eth0 -np 16 -machinefile /home/lacp/NEWP/MACHINE_FILES/nodes16_LACP10 /home/lacp/NEWP/BENCHMARKS/NPB3.4.1/NPB3.4-MPI/bin/bt.C.x 2>> /home/lacp/NEWP/LOGS/apps_exec_std_error &> >(tee -a /home/lacp/NEWP/LOGS/LOGS_BACKUP/bt.balance-rr-2NICs-layer2.log > /tmp/nas.out) <<
Done!

69-bt-16

Sat Dec  5 18:55:18 -03 2020
Executing >> mpiexec --mca btl self,tcp --mca btl_tcp_if_include eth0 -np 16 -machinefile /home/lacp/NEWP/MACHINE_FILES/nodes16_LACP10 /home/lacp/NEWP/BENCHMARKS/NPB3.4.1/NPB3.4-MPI/bin/bt.C.x 2>> /home/lacp/NEWP/LOGS/apps_exec_std_error &> >(tee -a /home/lacp/NEWP/LOGS/LOGS_BACKUP/bt.balance-rr-2NICs-layer2.log > /tmp/nas.out) <<
Done!

70-bt-16

Sat Dec  5 18:58:22 -03 2020
Executing >> mpiexec --mca btl self,tcp --mca btl_tcp_if_include eth0 -np 16 -machinefile /home/lacp/NEWP/MACHINE_FILES/nodes16_LACP10 /home/lacp/NEWP/BENCHMARKS/NPB3.4.1/NPB3.4-MPI/bin/bt.C.x 2>> /home/lacp/NEWP/LOGS/apps_exec_std_error &> >(tee -a /home/lacp/NEWP/LOGS/LOGS_BACKUP/bt.balance-rr-2NICs-layer2.log > /tmp/nas.out) <<
Done!

71-sp-16

Sat Dec  5 19:01:26 -03 2020
Executing >> mpiexec --mca btl self,tcp --mca btl_tcp_if_include eth0 -np 16 -machinefile /home/lacp/NEWP/MACHINE_FILES/nodes16_LACP10 /home/lacp/NEWP/BENCHMARKS/NPB3.4.1/NPB3.4-MPI/bin/sp.C.x 2>> /home/lacp/NEWP/LOGS/apps_exec_std_error &> >(tee -a /home/lacp/NEWP/LOGS/LOGS_BACKUP/sp.balance-rr-2NICs-layer2.log > /tmp/nas.out) <<
Done!

72-sp-16

Sat Dec  5 19:04:56 -03 2020
Executing >> mpiexec --mca btl self,tcp --mca btl_tcp_if_include eth0 -np 16 -machinefile /home/lacp/NEWP/MACHINE_FILES/nodes16_LACP10 /home/lacp/NEWP/BENCHMARKS/NPB3.4.1/NPB3.4-MPI/bin/sp.C.x 2>> /home/lacp/NEWP/LOGS/apps_exec_std_error &> >(tee -a /home/lacp/NEWP/LOGS/LOGS_BACKUP/sp.balance-rr-2NICs-layer2.log > /tmp/nas.out) <<
Done!

73-sp-16

Sat Dec  5 19:08:25 -03 2020
Executing >> mpiexec --mca btl self,tcp --mca btl_tcp_if_include eth0 -np 16 -machinefile /home/lacp/NEWP/MACHINE_FILES/nodes16_LACP10 /home/lacp/NEWP/BENCHMARKS/NPB3.4.1/NPB3.4-MPI/bin/sp.C.x 2>> /home/lacp/NEWP/LOGS/apps_exec_std_error &> >(tee -a /home/lacp/NEWP/LOGS/LOGS_BACKUP/sp.balance-rr-2NICs-layer2.log > /tmp/nas.out) <<
Done!

74-sp-16

Sat Dec  5 19:11:55 -03 2020
Executing >> mpiexec --mca btl self,tcp --mca btl_tcp_if_include eth0 -np 16 -machinefile /home/lacp/NEWP/MACHINE_FILES/nodes16_LACP10 /home/lacp/NEWP/BENCHMARKS/NPB3.4.1/NPB3.4-MPI/bin/sp.C.x 2>> /home/lacp/NEWP/LOGS/apps_exec_std_error &> >(tee -a /home/lacp/NEWP/LOGS/LOGS_BACKUP/sp.balance-rr-2NICs-layer2.log > /tmp/nas.out) <<
Done!

75-sp-16

Sat Dec  5 19:15:25 -03 2020
Executing >> mpiexec --mca btl self,tcp --mca btl_tcp_if_include eth0 -np 16 -machinefile /home/lacp/NEWP/MACHINE_FILES/nodes16_LACP10 /home/lacp/NEWP/BENCHMARKS/NPB3.4.1/NPB3.4-MPI/bin/sp.C.x 2>> /home/lacp/NEWP/LOGS/apps_exec_std_error &> >(tee -a /home/lacp/NEWP/LOGS/LOGS_BACKUP/sp.balance-rr-2NICs-layer2.log > /tmp/nas.out) <<
Done!

76-sp-16

Sat Dec  5 19:18:55 -03 2020
Executing >> mpiexec --mca btl self,tcp --mca btl_tcp_if_include eth0 -np 16 -machinefile /home/lacp/NEWP/MACHINE_FILES/nodes16_LACP10 /home/lacp/NEWP/BENCHMARKS/NPB3.4.1/NPB3.4-MPI/bin/sp.C.x 2>> /home/lacp/NEWP/LOGS/apps_exec_std_error &> >(tee -a /home/lacp/NEWP/LOGS/LOGS_BACKUP/sp.balance-rr-2NICs-layer2.log > /tmp/nas.out) <<
Done!

77-sp-16

Sat Dec  5 19:22:26 -03 2020
Executing >> mpiexec --mca btl self,tcp --mca btl_tcp_if_include eth0 -np 16 -machinefile /home/lacp/NEWP/MACHINE_FILES/nodes16_LACP10 /home/lacp/NEWP/BENCHMARKS/NPB3.4.1/NPB3.4-MPI/bin/sp.C.x 2>> /home/lacp/NEWP/LOGS/apps_exec_std_error &> >(tee -a /home/lacp/NEWP/LOGS/LOGS_BACKUP/sp.balance-rr-2NICs-layer2.log > /tmp/nas.out) <<
Done!

78-sp-16

Sat Dec  5 19:25:58 -03 2020
Executing >> mpiexec --mca btl self,tcp --mca btl_tcp_if_include eth0 -np 16 -machinefile /home/lacp/NEWP/MACHINE_FILES/nodes16_LACP10 /home/lacp/NEWP/BENCHMARKS/NPB3.4.1/NPB3.4-MPI/bin/sp.C.x 2>> /home/lacp/NEWP/LOGS/apps_exec_std_error &> >(tee -a /home/lacp/NEWP/LOGS/LOGS_BACKUP/sp.balance-rr-2NICs-layer2.log > /tmp/nas.out) <<
Done!

79-sp-16

Sat Dec  5 19:29:29 -03 2020
Executing >> mpiexec --mca btl self,tcp --mca btl_tcp_if_include eth0 -np 16 -machinefile /home/lacp/NEWP/MACHINE_FILES/nodes16_LACP10 /home/lacp/NEWP/BENCHMARKS/NPB3.4.1/NPB3.4-MPI/bin/sp.C.x 2>> /home/lacp/NEWP/LOGS/apps_exec_std_error &> >(tee -a /home/lacp/NEWP/LOGS/LOGS_BACKUP/sp.balance-rr-2NICs-layer2.log > /tmp/nas.out) <<
Done!

80-sp-16

Sat Dec  5 19:32:59 -03 2020
Executing >> mpiexec --mca btl self,tcp --mca btl_tcp_if_include eth0 -np 16 -machinefile /home/lacp/NEWP/MACHINE_FILES/nodes16_LACP10 /home/lacp/NEWP/BENCHMARKS/NPB3.4.1/NPB3.4-MPI/bin/sp.C.x 2>> /home/lacp/NEWP/LOGS/apps_exec_std_error &> >(tee -a /home/lacp/NEWP/LOGS/LOGS_BACKUP/sp.balance-rr-2NICs-layer2.log > /tmp/nas.out) <<
Done!

81-bt-16

Sat Dec  5 19:36:28 -03 2020
Executing >> mpiexec --mca btl self,tcp --mca btl_tcp_if_include eth0 -np 16 -machinefile /home/lacp/NEWP/MACHINE_FILES/nodes16_LACP10 /home/lacp/NEWP/BENCHMARKS/NPB3.4.1/NPB3.4-MPI/bin/bt.C.x 2>> /home/lacp/NEWP/LOGS/apps_exec_std_error &> >(tee -a /home/lacp/NEWP/LOGS/LOGS_BACKUP/bt.balance-rr-2NICs-layer2.log > /tmp/nas.out) <<
Done!

82-bt-16

Sat Dec  5 19:39:31 -03 2020
Executing >> mpiexec --mca btl self,tcp --mca btl_tcp_if_include eth0 -np 16 -machinefile /home/lacp/NEWP/MACHINE_FILES/nodes16_LACP10 /home/lacp/NEWP/BENCHMARKS/NPB3.4.1/NPB3.4-MPI/bin/bt.C.x 2>> /home/lacp/NEWP/LOGS/apps_exec_std_error &> >(tee -a /home/lacp/NEWP/LOGS/LOGS_BACKUP/bt.balance-rr-2NICs-layer2.log > /tmp/nas.out) <<
Done!

83-bt-16

Sat Dec  5 19:42:36 -03 2020
Executing >> mpiexec --mca btl self,tcp --mca btl_tcp_if_include eth0 -np 16 -machinefile /home/lacp/NEWP/MACHINE_FILES/nodes16_LACP10 /home/lacp/NEWP/BENCHMARKS/NPB3.4.1/NPB3.4-MPI/bin/bt.C.x 2>> /home/lacp/NEWP/LOGS/apps_exec_std_error &> >(tee -a /home/lacp/NEWP/LOGS/LOGS_BACKUP/bt.balance-rr-2NICs-layer2.log > /tmp/nas.out) <<
Done!

84-bt-16

Sat Dec  5 19:45:40 -03 2020
Executing >> mpiexec --mca btl self,tcp --mca btl_tcp_if_include eth0 -np 16 -machinefile /home/lacp/NEWP/MACHINE_FILES/nodes16_LACP10 /home/lacp/NEWP/BENCHMARKS/NPB3.4.1/NPB3.4-MPI/bin/bt.C.x 2>> /home/lacp/NEWP/LOGS/apps_exec_std_error &> >(tee -a /home/lacp/NEWP/LOGS/LOGS_BACKUP/bt.balance-rr-2NICs-layer2.log > /tmp/nas.out) <<
Done!

85-bt-16

Sat Dec  5 19:48:46 -03 2020
Executing >> mpiexec --mca btl self,tcp --mca btl_tcp_if_include eth0 -np 16 -machinefile /home/lacp/NEWP/MACHINE_FILES/nodes16_LACP10 /home/lacp/NEWP/BENCHMARKS/NPB3.4.1/NPB3.4-MPI/bin/bt.C.x 2>> /home/lacp/NEWP/LOGS/apps_exec_std_error &> >(tee -a /home/lacp/NEWP/LOGS/LOGS_BACKUP/bt.balance-rr-2NICs-layer2.log > /tmp/nas.out) <<
Done!

86-bt-16

Sat Dec  5 19:51:51 -03 2020
Executing >> mpiexec --mca btl self,tcp --mca btl_tcp_if_include eth0 -np 16 -machinefile /home/lacp/NEWP/MACHINE_FILES/nodes16_LACP10 /home/lacp/NEWP/BENCHMARKS/NPB3.4.1/NPB3.4-MPI/bin/bt.C.x 2>> /home/lacp/NEWP/LOGS/apps_exec_std_error &> >(tee -a /home/lacp/NEWP/LOGS/LOGS_BACKUP/bt.balance-rr-2NICs-layer2.log > /tmp/nas.out) <<
Done!

87-bt-16

Sat Dec  5 19:54:56 -03 2020
Executing >> mpiexec --mca btl self,tcp --mca btl_tcp_if_include eth0 -np 16 -machinefile /home/lacp/NEWP/MACHINE_FILES/nodes16_LACP10 /home/lacp/NEWP/BENCHMARKS/NPB3.4.1/NPB3.4-MPI/bin/bt.C.x 2>> /home/lacp/NEWP/LOGS/apps_exec_std_error &> >(tee -a /home/lacp/NEWP/LOGS/LOGS_BACKUP/bt.balance-rr-2NICs-layer2.log > /tmp/nas.out) <<
Done!

88-bt-16

Sat Dec  5 19:58:02 -03 2020
Executing >> mpiexec --mca btl self,tcp --mca btl_tcp_if_include eth0 -np 16 -machinefile /home/lacp/NEWP/MACHINE_FILES/nodes16_LACP10 /home/lacp/NEWP/BENCHMARKS/NPB3.4.1/NPB3.4-MPI/bin/bt.C.x 2>> /home/lacp/NEWP/LOGS/apps_exec_std_error &> >(tee -a /home/lacp/NEWP/LOGS/LOGS_BACKUP/bt.balance-rr-2NICs-layer2.log > /tmp/nas.out) <<
Done!

89-bt-16

Sat Dec  5 20:01:06 -03 2020
Executing >> mpiexec --mca btl self,tcp --mca btl_tcp_if_include eth0 -np 16 -machinefile /home/lacp/NEWP/MACHINE_FILES/nodes16_LACP10 /home/lacp/NEWP/BENCHMARKS/NPB3.4.1/NPB3.4-MPI/bin/bt.C.x 2>> /home/lacp/NEWP/LOGS/apps_exec_std_error &> >(tee -a /home/lacp/NEWP/LOGS/LOGS_BACKUP/bt.balance-rr-2NICs-layer2.log > /tmp/nas.out) <<
Done!

90-bt-16

Sat Dec  5 20:04:10 -03 2020
Executing >> mpiexec --mca btl self,tcp --mca btl_tcp_if_include eth0 -np 16 -machinefile /home/lacp/NEWP/MACHINE_FILES/nodes16_LACP10 /home/lacp/NEWP/BENCHMARKS/NPB3.4.1/NPB3.4-MPI/bin/bt.C.x 2>> /home/lacp/NEWP/LOGS/apps_exec_std_error &> >(tee -a /home/lacp/NEWP/LOGS/LOGS_BACKUP/bt.balance-rr-2NICs-layer2.log > /tmp/nas.out) <<
Done!

91-sp-16

Sat Dec  5 20:07:17 -03 2020
Executing >> mpiexec --mca btl self,tcp --mca btl_tcp_if_include eth0 -np 16 -machinefile /home/lacp/NEWP/MACHINE_FILES/nodes16_LACP10 /home/lacp/NEWP/BENCHMARKS/NPB3.4.1/NPB3.4-MPI/bin/sp.C.x 2>> /home/lacp/NEWP/LOGS/apps_exec_std_error &> >(tee -a /home/lacp/NEWP/LOGS/LOGS_BACKUP/sp.balance-rr-2NICs-layer2.log > /tmp/nas.out) <<
Done!

92-sp-16

Sat Dec  5 20:10:49 -03 2020
Executing >> mpiexec --mca btl self,tcp --mca btl_tcp_if_include eth0 -np 16 -machinefile /home/lacp/NEWP/MACHINE_FILES/nodes16_LACP10 /home/lacp/NEWP/BENCHMARKS/NPB3.4.1/NPB3.4-MPI/bin/sp.C.x 2>> /home/lacp/NEWP/LOGS/apps_exec_std_error &> >(tee -a /home/lacp/NEWP/LOGS/LOGS_BACKUP/sp.balance-rr-2NICs-layer2.log > /tmp/nas.out) <<
Done!

93-sp-16

Sat Dec  5 20:14:19 -03 2020
Executing >> mpiexec --mca btl self,tcp --mca btl_tcp_if_include eth0 -np 16 -machinefile /home/lacp/NEWP/MACHINE_FILES/nodes16_LACP10 /home/lacp/NEWP/BENCHMARKS/NPB3.4.1/NPB3.4-MPI/bin/sp.C.x 2>> /home/lacp/NEWP/LOGS/apps_exec_std_error &> >(tee -a /home/lacp/NEWP/LOGS/LOGS_BACKUP/sp.balance-rr-2NICs-layer2.log > /tmp/nas.out) <<
Done!

94-sp-16

Sat Dec  5 20:17:48 -03 2020
Executing >> mpiexec --mca btl self,tcp --mca btl_tcp_if_include eth0 -np 16 -machinefile /home/lacp/NEWP/MACHINE_FILES/nodes16_LACP10 /home/lacp/NEWP/BENCHMARKS/NPB3.4.1/NPB3.4-MPI/bin/sp.C.x 2>> /home/lacp/NEWP/LOGS/apps_exec_std_error &> >(tee -a /home/lacp/NEWP/LOGS/LOGS_BACKUP/sp.balance-rr-2NICs-layer2.log > /tmp/nas.out) <<
Done!

95-sp-16

Sat Dec  5 20:21:21 -03 2020
Executing >> mpiexec --mca btl self,tcp --mca btl_tcp_if_include eth0 -np 16 -machinefile /home/lacp/NEWP/MACHINE_FILES/nodes16_LACP10 /home/lacp/NEWP/BENCHMARKS/NPB3.4.1/NPB3.4-MPI/bin/sp.C.x 2>> /home/lacp/NEWP/LOGS/apps_exec_std_error &> >(tee -a /home/lacp/NEWP/LOGS/LOGS_BACKUP/sp.balance-rr-2NICs-layer2.log > /tmp/nas.out) <<
Done!

96-sp-16

Sat Dec  5 20:24:50 -03 2020
Executing >> mpiexec --mca btl self,tcp --mca btl_tcp_if_include eth0 -np 16 -machinefile /home/lacp/NEWP/MACHINE_FILES/nodes16_LACP10 /home/lacp/NEWP/BENCHMARKS/NPB3.4.1/NPB3.4-MPI/bin/sp.C.x 2>> /home/lacp/NEWP/LOGS/apps_exec_std_error &> >(tee -a /home/lacp/NEWP/LOGS/LOGS_BACKUP/sp.balance-rr-2NICs-layer2.log > /tmp/nas.out) <<
Done!

97-sp-16

Sat Dec  5 20:28:20 -03 2020
Executing >> mpiexec --mca btl self,tcp --mca btl_tcp_if_include eth0 -np 16 -machinefile /home/lacp/NEWP/MACHINE_FILES/nodes16_LACP10 /home/lacp/NEWP/BENCHMARKS/NPB3.4.1/NPB3.4-MPI/bin/sp.C.x 2>> /home/lacp/NEWP/LOGS/apps_exec_std_error &> >(tee -a /home/lacp/NEWP/LOGS/LOGS_BACKUP/sp.balance-rr-2NICs-layer2.log > /tmp/nas.out) <<
Done!

98-sp-16

Sat Dec  5 20:31:53 -03 2020
Executing >> mpiexec --mca btl self,tcp --mca btl_tcp_if_include eth0 -np 16 -machinefile /home/lacp/NEWP/MACHINE_FILES/nodes16_LACP10 /home/lacp/NEWP/BENCHMARKS/NPB3.4.1/NPB3.4-MPI/bin/sp.C.x 2>> /home/lacp/NEWP/LOGS/apps_exec_std_error &> >(tee -a /home/lacp/NEWP/LOGS/LOGS_BACKUP/sp.balance-rr-2NICs-layer2.log > /tmp/nas.out) <<
Done!

99-sp-16

Sat Dec  5 20:35:21 -03 2020
Executing >> mpiexec --mca btl self,tcp --mca btl_tcp_if_include eth0 -np 16 -machinefile /home/lacp/NEWP/MACHINE_FILES/nodes16_LACP10 /home/lacp/NEWP/BENCHMARKS/NPB3.4.1/NPB3.4-MPI/bin/sp.C.x 2>> /home/lacp/NEWP/LOGS/apps_exec_std_error &> >(tee -a /home/lacp/NEWP/LOGS/LOGS_BACKUP/sp.balance-rr-2NICs-layer2.log > /tmp/nas.out) <<
Done!

100-sp-16

Sat Dec  5 20:38:51 -03 2020
Executing >> mpiexec --mca btl self,tcp --mca btl_tcp_if_include eth0 -np 16 -machinefile /home/lacp/NEWP/MACHINE_FILES/nodes16_LACP10 /home/lacp/NEWP/BENCHMARKS/NPB3.4.1/NPB3.4-MPI/bin/sp.C.x 2>> /home/lacp/NEWP/LOGS/apps_exec_std_error &> >(tee -a /home/lacp/NEWP/LOGS/LOGS_BACKUP/sp.balance-rr-2NICs-layer2.log > /tmp/nas.out) <<
Done!

101-bt-16

Sat Dec  5 20:42:22 -03 2020
Executing >> mpiexec --mca btl self,tcp --mca btl_tcp_if_include eth0 -np 16 -machinefile /home/lacp/NEWP/MACHINE_FILES/nodes16_LACP10 /home/lacp/NEWP/BENCHMARKS/NPB3.4.1/NPB3.4-MPI/bin/bt.C.x 2>> /home/lacp/NEWP/LOGS/apps_exec_std_error &> >(tee -a /home/lacp/NEWP/LOGS/LOGS_BACKUP/bt.balance-rr-2NICs-layer2.log > /tmp/nas.out) <<
Done!

102-bt-16

Sat Dec  5 20:45:27 -03 2020
Executing >> mpiexec --mca btl self,tcp --mca btl_tcp_if_include eth0 -np 16 -machinefile /home/lacp/NEWP/MACHINE_FILES/nodes16_LACP10 /home/lacp/NEWP/BENCHMARKS/NPB3.4.1/NPB3.4-MPI/bin/bt.C.x 2>> /home/lacp/NEWP/LOGS/apps_exec_std_error &> >(tee -a /home/lacp/NEWP/LOGS/LOGS_BACKUP/bt.balance-rr-2NICs-layer2.log > /tmp/nas.out) <<
Done!

103-bt-16

Sat Dec  5 20:48:33 -03 2020
Executing >> mpiexec --mca btl self,tcp --mca btl_tcp_if_include eth0 -np 16 -machinefile /home/lacp/NEWP/MACHINE_FILES/nodes16_LACP10 /home/lacp/NEWP/BENCHMARKS/NPB3.4.1/NPB3.4-MPI/bin/bt.C.x 2>> /home/lacp/NEWP/LOGS/apps_exec_std_error &> >(tee -a /home/lacp/NEWP/LOGS/LOGS_BACKUP/bt.balance-rr-2NICs-layer2.log > /tmp/nas.out) <<
Done!

104-bt-16

Sat Dec  5 20:51:38 -03 2020
Executing >> mpiexec --mca btl self,tcp --mca btl_tcp_if_include eth0 -np 16 -machinefile /home/lacp/NEWP/MACHINE_FILES/nodes16_LACP10 /home/lacp/NEWP/BENCHMARKS/NPB3.4.1/NPB3.4-MPI/bin/bt.C.x 2>> /home/lacp/NEWP/LOGS/apps_exec_std_error &> >(tee -a /home/lacp/NEWP/LOGS/LOGS_BACKUP/bt.balance-rr-2NICs-layer2.log > /tmp/nas.out) <<
Done!

105-bt-16

Sat Dec  5 20:54:42 -03 2020
Executing >> mpiexec --mca btl self,tcp --mca btl_tcp_if_include eth0 -np 16 -machinefile /home/lacp/NEWP/MACHINE_FILES/nodes16_LACP10 /home/lacp/NEWP/BENCHMARKS/NPB3.4.1/NPB3.4-MPI/bin/bt.C.x 2>> /home/lacp/NEWP/LOGS/apps_exec_std_error &> >(tee -a /home/lacp/NEWP/LOGS/LOGS_BACKUP/bt.balance-rr-2NICs-layer2.log > /tmp/nas.out) <<
Done!

106-bt-16

Sat Dec  5 20:57:47 -03 2020
Executing >> mpiexec --mca btl self,tcp --mca btl_tcp_if_include eth0 -np 16 -machinefile /home/lacp/NEWP/MACHINE_FILES/nodes16_LACP10 /home/lacp/NEWP/BENCHMARKS/NPB3.4.1/NPB3.4-MPI/bin/bt.C.x 2>> /home/lacp/NEWP/LOGS/apps_exec_std_error &> >(tee -a /home/lacp/NEWP/LOGS/LOGS_BACKUP/bt.balance-rr-2NICs-layer2.log > /tmp/nas.out) <<
Done!

107-bt-16

Sat Dec  5 21:00:51 -03 2020
Executing >> mpiexec --mca btl self,tcp --mca btl_tcp_if_include eth0 -np 16 -machinefile /home/lacp/NEWP/MACHINE_FILES/nodes16_LACP10 /home/lacp/NEWP/BENCHMARKS/NPB3.4.1/NPB3.4-MPI/bin/bt.C.x 2>> /home/lacp/NEWP/LOGS/apps_exec_std_error &> >(tee -a /home/lacp/NEWP/LOGS/LOGS_BACKUP/bt.balance-rr-2NICs-layer2.log > /tmp/nas.out) <<
Done!

108-bt-16

Sat Dec  5 21:03:55 -03 2020
Executing >> mpiexec --mca btl self,tcp --mca btl_tcp_if_include eth0 -np 16 -machinefile /home/lacp/NEWP/MACHINE_FILES/nodes16_LACP10 /home/lacp/NEWP/BENCHMARKS/NPB3.4.1/NPB3.4-MPI/bin/bt.C.x 2>> /home/lacp/NEWP/LOGS/apps_exec_std_error &> >(tee -a /home/lacp/NEWP/LOGS/LOGS_BACKUP/bt.balance-rr-2NICs-layer2.log > /tmp/nas.out) <<
Done!

109-bt-16

Sat Dec  5 21:07:01 -03 2020
Executing >> mpiexec --mca btl self,tcp --mca btl_tcp_if_include eth0 -np 16 -machinefile /home/lacp/NEWP/MACHINE_FILES/nodes16_LACP10 /home/lacp/NEWP/BENCHMARKS/NPB3.4.1/NPB3.4-MPI/bin/bt.C.x 2>> /home/lacp/NEWP/LOGS/apps_exec_std_error &> >(tee -a /home/lacp/NEWP/LOGS/LOGS_BACKUP/bt.balance-rr-2NICs-layer2.log > /tmp/nas.out) <<
Done!

110-bt-16

Sat Dec  5 21:10:07 -03 2020
Executing >> mpiexec --mca btl self,tcp --mca btl_tcp_if_include eth0 -np 16 -machinefile /home/lacp/NEWP/MACHINE_FILES/nodes16_LACP10 /home/lacp/NEWP/BENCHMARKS/NPB3.4.1/NPB3.4-MPI/bin/bt.C.x 2>> /home/lacp/NEWP/LOGS/apps_exec_std_error &> >(tee -a /home/lacp/NEWP/LOGS/LOGS_BACKUP/bt.balance-rr-2NICs-layer2.log > /tmp/nas.out) <<
Done!

111-sp-16

Sat Dec  5 21:13:12 -03 2020
Executing >> mpiexec --mca btl self,tcp --mca btl_tcp_if_include eth0 -np 16 -machinefile /home/lacp/NEWP/MACHINE_FILES/nodes16_LACP10 /home/lacp/NEWP/BENCHMARKS/NPB3.4.1/NPB3.4-MPI/bin/sp.C.x 2>> /home/lacp/NEWP/LOGS/apps_exec_std_error &> >(tee -a /home/lacp/NEWP/LOGS/LOGS_BACKUP/sp.balance-rr-2NICs-layer2.log > /tmp/nas.out) <<
Done!

112-sp-16

Sat Dec  5 21:16:43 -03 2020
Executing >> mpiexec --mca btl self,tcp --mca btl_tcp_if_include eth0 -np 16 -machinefile /home/lacp/NEWP/MACHINE_FILES/nodes16_LACP10 /home/lacp/NEWP/BENCHMARKS/NPB3.4.1/NPB3.4-MPI/bin/sp.C.x 2>> /home/lacp/NEWP/LOGS/apps_exec_std_error &> >(tee -a /home/lacp/NEWP/LOGS/LOGS_BACKUP/sp.balance-rr-2NICs-layer2.log > /tmp/nas.out) <<
Done!

113-sp-16

Sat Dec  5 21:20:13 -03 2020
Executing >> mpiexec --mca btl self,tcp --mca btl_tcp_if_include eth0 -np 16 -machinefile /home/lacp/NEWP/MACHINE_FILES/nodes16_LACP10 /home/lacp/NEWP/BENCHMARKS/NPB3.4.1/NPB3.4-MPI/bin/sp.C.x 2>> /home/lacp/NEWP/LOGS/apps_exec_std_error &> >(tee -a /home/lacp/NEWP/LOGS/LOGS_BACKUP/sp.balance-rr-2NICs-layer2.log > /tmp/nas.out) <<
Done!

114-sp-16

Sat Dec  5 21:23:43 -03 2020
Executing >> mpiexec --mca btl self,tcp --mca btl_tcp_if_include eth0 -np 16 -machinefile /home/lacp/NEWP/MACHINE_FILES/nodes16_LACP10 /home/lacp/NEWP/BENCHMARKS/NPB3.4.1/NPB3.4-MPI/bin/sp.C.x 2>> /home/lacp/NEWP/LOGS/apps_exec_std_error &> >(tee -a /home/lacp/NEWP/LOGS/LOGS_BACKUP/sp.balance-rr-2NICs-layer2.log > /tmp/nas.out) <<
Done!

115-sp-16

Sat Dec  5 21:27:12 -03 2020
Executing >> mpiexec --mca btl self,tcp --mca btl_tcp_if_include eth0 -np 16 -machinefile /home/lacp/NEWP/MACHINE_FILES/nodes16_LACP10 /home/lacp/NEWP/BENCHMARKS/NPB3.4.1/NPB3.4-MPI/bin/sp.C.x 2>> /home/lacp/NEWP/LOGS/apps_exec_std_error &> >(tee -a /home/lacp/NEWP/LOGS/LOGS_BACKUP/sp.balance-rr-2NICs-layer2.log > /tmp/nas.out) <<
Done!

116-sp-16

Sat Dec  5 21:30:44 -03 2020
Executing >> mpiexec --mca btl self,tcp --mca btl_tcp_if_include eth0 -np 16 -machinefile /home/lacp/NEWP/MACHINE_FILES/nodes16_LACP10 /home/lacp/NEWP/BENCHMARKS/NPB3.4.1/NPB3.4-MPI/bin/sp.C.x 2>> /home/lacp/NEWP/LOGS/apps_exec_std_error &> >(tee -a /home/lacp/NEWP/LOGS/LOGS_BACKUP/sp.balance-rr-2NICs-layer2.log > /tmp/nas.out) <<
Done!

117-sp-16

Sat Dec  5 21:34:14 -03 2020
Executing >> mpiexec --mca btl self,tcp --mca btl_tcp_if_include eth0 -np 16 -machinefile /home/lacp/NEWP/MACHINE_FILES/nodes16_LACP10 /home/lacp/NEWP/BENCHMARKS/NPB3.4.1/NPB3.4-MPI/bin/sp.C.x 2>> /home/lacp/NEWP/LOGS/apps_exec_std_error &> >(tee -a /home/lacp/NEWP/LOGS/LOGS_BACKUP/sp.balance-rr-2NICs-layer2.log > /tmp/nas.out) <<
Done!

118-sp-16

Sat Dec  5 21:37:45 -03 2020
Executing >> mpiexec --mca btl self,tcp --mca btl_tcp_if_include eth0 -np 16 -machinefile /home/lacp/NEWP/MACHINE_FILES/nodes16_LACP10 /home/lacp/NEWP/BENCHMARKS/NPB3.4.1/NPB3.4-MPI/bin/sp.C.x 2>> /home/lacp/NEWP/LOGS/apps_exec_std_error &> >(tee -a /home/lacp/NEWP/LOGS/LOGS_BACKUP/sp.balance-rr-2NICs-layer2.log > /tmp/nas.out) <<
Done!

119-sp-16

Sat Dec  5 21:41:16 -03 2020
Executing >> mpiexec --mca btl self,tcp --mca btl_tcp_if_include eth0 -np 16 -machinefile /home/lacp/NEWP/MACHINE_FILES/nodes16_LACP10 /home/lacp/NEWP/BENCHMARKS/NPB3.4.1/NPB3.4-MPI/bin/sp.C.x 2>> /home/lacp/NEWP/LOGS/apps_exec_std_error &> >(tee -a /home/lacp/NEWP/LOGS/LOGS_BACKUP/sp.balance-rr-2NICs-layer2.log > /tmp/nas.out) <<
Done!

120-sp-16

Sat Dec  5 21:44:49 -03 2020
Executing >> mpiexec --mca btl self,tcp --mca btl_tcp_if_include eth0 -np 16 -machinefile /home/lacp/NEWP/MACHINE_FILES/nodes16_LACP10 /home/lacp/NEWP/BENCHMARKS/NPB3.4.1/NPB3.4-MPI/bin/sp.C.x 2>> /home/lacp/NEWP/LOGS/apps_exec_std_error &> >(tee -a /home/lacp/NEWP/LOGS/LOGS_BACKUP/sp.balance-rr-2NICs-layer2.log > /tmp/nas.out) <<
Done!

121-is-64

Sat Dec  5 21:48:22 -03 2020
Executing >> mpiexec --mca btl self,tcp --mca btl_tcp_if_include eth0 -np 64 -machinefile /home/lacp/NEWP/MACHINE_FILES/nodes64_LACP10 /home/lacp/NEWP/BENCHMARKS/NPB3.4.1/NPB3.4-MPI/bin/is.C.x 2>> /home/lacp/NEWP/LOGS/apps_exec_std_error &> >(tee -a /home/lacp/NEWP/LOGS/LOGS_BACKUP/is.balance-rr-2NICs-layer2.log > /tmp/nas.out) <<
Done!

122-is-64

Sat Dec  5 21:48:40 -03 2020
Executing >> mpiexec --mca btl self,tcp --mca btl_tcp_if_include eth0 -np 64 -machinefile /home/lacp/NEWP/MACHINE_FILES/nodes64_LACP10 /home/lacp/NEWP/BENCHMARKS/NPB3.4.1/NPB3.4-MPI/bin/is.C.x 2>> /home/lacp/NEWP/LOGS/apps_exec_std_error &> >(tee -a /home/lacp/NEWP/LOGS/LOGS_BACKUP/is.balance-rr-2NICs-layer2.log > /tmp/nas.out) <<
Done!

123-is-64

Sat Dec  5 21:48:59 -03 2020
Executing >> mpiexec --mca btl self,tcp --mca btl_tcp_if_include eth0 -np 64 -machinefile /home/lacp/NEWP/MACHINE_FILES/nodes64_LACP10 /home/lacp/NEWP/BENCHMARKS/NPB3.4.1/NPB3.4-MPI/bin/is.C.x 2>> /home/lacp/NEWP/LOGS/apps_exec_std_error &> >(tee -a /home/lacp/NEWP/LOGS/LOGS_BACKUP/is.balance-rr-2NICs-layer2.log > /tmp/nas.out) <<
Done!

124-is-64

Sat Dec  5 21:49:17 -03 2020
Executing >> mpiexec --mca btl self,tcp --mca btl_tcp_if_include eth0 -np 64 -machinefile /home/lacp/NEWP/MACHINE_FILES/nodes64_LACP10 /home/lacp/NEWP/BENCHMARKS/NPB3.4.1/NPB3.4-MPI/bin/is.C.x 2>> /home/lacp/NEWP/LOGS/apps_exec_std_error &> >(tee -a /home/lacp/NEWP/LOGS/LOGS_BACKUP/is.balance-rr-2NICs-layer2.log > /tmp/nas.out) <<
Done!

125-is-64

Sat Dec  5 21:49:36 -03 2020
Executing >> mpiexec --mca btl self,tcp --mca btl_tcp_if_include eth0 -np 64 -machinefile /home/lacp/NEWP/MACHINE_FILES/nodes64_LACP10 /home/lacp/NEWP/BENCHMARKS/NPB3.4.1/NPB3.4-MPI/bin/is.C.x 2>> /home/lacp/NEWP/LOGS/apps_exec_std_error &> >(tee -a /home/lacp/NEWP/LOGS/LOGS_BACKUP/is.balance-rr-2NICs-layer2.log > /tmp/nas.out) <<
Done!

126-is-64

Sat Dec  5 21:49:54 -03 2020
Executing >> mpiexec --mca btl self,tcp --mca btl_tcp_if_include eth0 -np 64 -machinefile /home/lacp/NEWP/MACHINE_FILES/nodes64_LACP10 /home/lacp/NEWP/BENCHMARKS/NPB3.4.1/NPB3.4-MPI/bin/is.C.x 2>> /home/lacp/NEWP/LOGS/apps_exec_std_error &> >(tee -a /home/lacp/NEWP/LOGS/LOGS_BACKUP/is.balance-rr-2NICs-layer2.log > /tmp/nas.out) <<
Done!

127-is-64

Sat Dec  5 21:50:13 -03 2020
Executing >> mpiexec --mca btl self,tcp --mca btl_tcp_if_include eth0 -np 64 -machinefile /home/lacp/NEWP/MACHINE_FILES/nodes64_LACP10 /home/lacp/NEWP/BENCHMARKS/NPB3.4.1/NPB3.4-MPI/bin/is.C.x 2>> /home/lacp/NEWP/LOGS/apps_exec_std_error &> >(tee -a /home/lacp/NEWP/LOGS/LOGS_BACKUP/is.balance-rr-2NICs-layer2.log > /tmp/nas.out) <<
Done!

128-is-64

Sat Dec  5 21:50:31 -03 2020
Executing >> mpiexec --mca btl self,tcp --mca btl_tcp_if_include eth0 -np 64 -machinefile /home/lacp/NEWP/MACHINE_FILES/nodes64_LACP10 /home/lacp/NEWP/BENCHMARKS/NPB3.4.1/NPB3.4-MPI/bin/is.C.x 2>> /home/lacp/NEWP/LOGS/apps_exec_std_error &> >(tee -a /home/lacp/NEWP/LOGS/LOGS_BACKUP/is.balance-rr-2NICs-layer2.log > /tmp/nas.out) <<
Done!

129-is-64

Sat Dec  5 21:50:50 -03 2020
Executing >> mpiexec --mca btl self,tcp --mca btl_tcp_if_include eth0 -np 64 -machinefile /home/lacp/NEWP/MACHINE_FILES/nodes64_LACP10 /home/lacp/NEWP/BENCHMARKS/NPB3.4.1/NPB3.4-MPI/bin/is.C.x 2>> /home/lacp/NEWP/LOGS/apps_exec_std_error &> >(tee -a /home/lacp/NEWP/LOGS/LOGS_BACKUP/is.balance-rr-2NICs-layer2.log > /tmp/nas.out) <<
Done!

130-is-64

Sat Dec  5 21:51:09 -03 2020
Executing >> mpiexec --mca btl self,tcp --mca btl_tcp_if_include eth0 -np 64 -machinefile /home/lacp/NEWP/MACHINE_FILES/nodes64_LACP10 /home/lacp/NEWP/BENCHMARKS/NPB3.4.1/NPB3.4-MPI/bin/is.C.x 2>> /home/lacp/NEWP/LOGS/apps_exec_std_error &> >(tee -a /home/lacp/NEWP/LOGS/LOGS_BACKUP/is.balance-rr-2NICs-layer2.log > /tmp/nas.out) <<
Done!

131-ft-64

Sat Dec  5 21:51:27 -03 2020
Executing >> mpiexec --mca btl self,tcp --mca btl_tcp_if_include eth0 -np 64 -machinefile /home/lacp/NEWP/MACHINE_FILES/nodes64_LACP10 /home/lacp/NEWP/BENCHMARKS/NPB3.4.1/NPB3.4-MPI/bin/ft.C.x 2>> /home/lacp/NEWP/LOGS/apps_exec_std_error &> >(tee -a /home/lacp/NEWP/LOGS/LOGS_BACKUP/ft.balance-rr-2NICs-layer2.log > /tmp/nas.out) <<
Done!

132-ft-64

Sat Dec  5 21:52:53 -03 2020
Executing >> mpiexec --mca btl self,tcp --mca btl_tcp_if_include eth0 -np 64 -machinefile /home/lacp/NEWP/MACHINE_FILES/nodes64_LACP10 /home/lacp/NEWP/BENCHMARKS/NPB3.4.1/NPB3.4-MPI/bin/ft.C.x 2>> /home/lacp/NEWP/LOGS/apps_exec_std_error &> >(tee -a /home/lacp/NEWP/LOGS/LOGS_BACKUP/ft.balance-rr-2NICs-layer2.log > /tmp/nas.out) <<
Done!

133-ft-64

Sat Dec  5 21:54:18 -03 2020
Executing >> mpiexec --mca btl self,tcp --mca btl_tcp_if_include eth0 -np 64 -machinefile /home/lacp/NEWP/MACHINE_FILES/nodes64_LACP10 /home/lacp/NEWP/BENCHMARKS/NPB3.4.1/NPB3.4-MPI/bin/ft.C.x 2>> /home/lacp/NEWP/LOGS/apps_exec_std_error &> >(tee -a /home/lacp/NEWP/LOGS/LOGS_BACKUP/ft.balance-rr-2NICs-layer2.log > /tmp/nas.out) <<
Done!

134-ft-64

Sat Dec  5 21:55:43 -03 2020
Executing >> mpiexec --mca btl self,tcp --mca btl_tcp_if_include eth0 -np 64 -machinefile /home/lacp/NEWP/MACHINE_FILES/nodes64_LACP10 /home/lacp/NEWP/BENCHMARKS/NPB3.4.1/NPB3.4-MPI/bin/ft.C.x 2>> /home/lacp/NEWP/LOGS/apps_exec_std_error &> >(tee -a /home/lacp/NEWP/LOGS/LOGS_BACKUP/ft.balance-rr-2NICs-layer2.log > /tmp/nas.out) <<
Done!

135-ft-64

Sat Dec  5 21:57:08 -03 2020
Executing >> mpiexec --mca btl self,tcp --mca btl_tcp_if_include eth0 -np 64 -machinefile /home/lacp/NEWP/MACHINE_FILES/nodes64_LACP10 /home/lacp/NEWP/BENCHMARKS/NPB3.4.1/NPB3.4-MPI/bin/ft.C.x 2>> /home/lacp/NEWP/LOGS/apps_exec_std_error &> >(tee -a /home/lacp/NEWP/LOGS/LOGS_BACKUP/ft.balance-rr-2NICs-layer2.log > /tmp/nas.out) <<
Done!

136-ft-64

Sat Dec  5 21:58:34 -03 2020
Executing >> mpiexec --mca btl self,tcp --mca btl_tcp_if_include eth0 -np 64 -machinefile /home/lacp/NEWP/MACHINE_FILES/nodes64_LACP10 /home/lacp/NEWP/BENCHMARKS/NPB3.4.1/NPB3.4-MPI/bin/ft.C.x 2>> /home/lacp/NEWP/LOGS/apps_exec_std_error &> >(tee -a /home/lacp/NEWP/LOGS/LOGS_BACKUP/ft.balance-rr-2NICs-layer2.log > /tmp/nas.out) <<
Done!

137-ft-64

Sat Dec  5 22:00:00 -03 2020
Executing >> mpiexec --mca btl self,tcp --mca btl_tcp_if_include eth0 -np 64 -machinefile /home/lacp/NEWP/MACHINE_FILES/nodes64_LACP10 /home/lacp/NEWP/BENCHMARKS/NPB3.4.1/NPB3.4-MPI/bin/ft.C.x 2>> /home/lacp/NEWP/LOGS/apps_exec_std_error &> >(tee -a /home/lacp/NEWP/LOGS/LOGS_BACKUP/ft.balance-rr-2NICs-layer2.log > /tmp/nas.out) <<
Done!

138-ft-64

Sat Dec  5 22:01:25 -03 2020
Executing >> mpiexec --mca btl self,tcp --mca btl_tcp_if_include eth0 -np 64 -machinefile /home/lacp/NEWP/MACHINE_FILES/nodes64_LACP10 /home/lacp/NEWP/BENCHMARKS/NPB3.4.1/NPB3.4-MPI/bin/ft.C.x 2>> /home/lacp/NEWP/LOGS/apps_exec_std_error &> >(tee -a /home/lacp/NEWP/LOGS/LOGS_BACKUP/ft.balance-rr-2NICs-layer2.log > /tmp/nas.out) <<
Done!

139-ft-64

Sat Dec  5 22:02:50 -03 2020
Executing >> mpiexec --mca btl self,tcp --mca btl_tcp_if_include eth0 -np 64 -machinefile /home/lacp/NEWP/MACHINE_FILES/nodes64_LACP10 /home/lacp/NEWP/BENCHMARKS/NPB3.4.1/NPB3.4-MPI/bin/ft.C.x 2>> /home/lacp/NEWP/LOGS/apps_exec_std_error &> >(tee -a /home/lacp/NEWP/LOGS/LOGS_BACKUP/ft.balance-rr-2NICs-layer2.log > /tmp/nas.out) <<
Done!

140-ft-64

Sat Dec  5 22:04:16 -03 2020
Executing >> mpiexec --mca btl self,tcp --mca btl_tcp_if_include eth0 -np 64 -machinefile /home/lacp/NEWP/MACHINE_FILES/nodes64_LACP10 /home/lacp/NEWP/BENCHMARKS/NPB3.4.1/NPB3.4-MPI/bin/ft.C.x 2>> /home/lacp/NEWP/LOGS/apps_exec_std_error &> >(tee -a /home/lacp/NEWP/LOGS/LOGS_BACKUP/ft.balance-rr-2NICs-layer2.log > /tmp/nas.out) <<
Done!

141-is-64

Sat Dec  5 22:05:41 -03 2020
Executing >> mpiexec --mca btl self,tcp --mca btl_tcp_if_include eth0 -np 64 -machinefile /home/lacp/NEWP/MACHINE_FILES/nodes64_LACP10 /home/lacp/NEWP/BENCHMARKS/NPB3.4.1/NPB3.4-MPI/bin/is.C.x 2>> /home/lacp/NEWP/LOGS/apps_exec_std_error &> >(tee -a /home/lacp/NEWP/LOGS/LOGS_BACKUP/is.balance-rr-2NICs-layer2.log > /tmp/nas.out) <<
Done!

142-is-64

Sat Dec  5 22:06:00 -03 2020
Executing >> mpiexec --mca btl self,tcp --mca btl_tcp_if_include eth0 -np 64 -machinefile /home/lacp/NEWP/MACHINE_FILES/nodes64_LACP10 /home/lacp/NEWP/BENCHMARKS/NPB3.4.1/NPB3.4-MPI/bin/is.C.x 2>> /home/lacp/NEWP/LOGS/apps_exec_std_error &> >(tee -a /home/lacp/NEWP/LOGS/LOGS_BACKUP/is.balance-rr-2NICs-layer2.log > /tmp/nas.out) <<
Done!

143-is-64

Sat Dec  5 22:06:18 -03 2020
Executing >> mpiexec --mca btl self,tcp --mca btl_tcp_if_include eth0 -np 64 -machinefile /home/lacp/NEWP/MACHINE_FILES/nodes64_LACP10 /home/lacp/NEWP/BENCHMARKS/NPB3.4.1/NPB3.4-MPI/bin/is.C.x 2>> /home/lacp/NEWP/LOGS/apps_exec_std_error &> >(tee -a /home/lacp/NEWP/LOGS/LOGS_BACKUP/is.balance-rr-2NICs-layer2.log > /tmp/nas.out) <<
Done!

144-is-64

Sat Dec  5 22:06:37 -03 2020
Executing >> mpiexec --mca btl self,tcp --mca btl_tcp_if_include eth0 -np 64 -machinefile /home/lacp/NEWP/MACHINE_FILES/nodes64_LACP10 /home/lacp/NEWP/BENCHMARKS/NPB3.4.1/NPB3.4-MPI/bin/is.C.x 2>> /home/lacp/NEWP/LOGS/apps_exec_std_error &> >(tee -a /home/lacp/NEWP/LOGS/LOGS_BACKUP/is.balance-rr-2NICs-layer2.log > /tmp/nas.out) <<
Done!

145-is-64

Sat Dec  5 22:06:56 -03 2020
Executing >> mpiexec --mca btl self,tcp --mca btl_tcp_if_include eth0 -np 64 -machinefile /home/lacp/NEWP/MACHINE_FILES/nodes64_LACP10 /home/lacp/NEWP/BENCHMARKS/NPB3.4.1/NPB3.4-MPI/bin/is.C.x 2>> /home/lacp/NEWP/LOGS/apps_exec_std_error &> >(tee -a /home/lacp/NEWP/LOGS/LOGS_BACKUP/is.balance-rr-2NICs-layer2.log > /tmp/nas.out) <<
Done!

146-is-64

Sat Dec  5 22:07:15 -03 2020
Executing >> mpiexec --mca btl self,tcp --mca btl_tcp_if_include eth0 -np 64 -machinefile /home/lacp/NEWP/MACHINE_FILES/nodes64_LACP10 /home/lacp/NEWP/BENCHMARKS/NPB3.4.1/NPB3.4-MPI/bin/is.C.x 2>> /home/lacp/NEWP/LOGS/apps_exec_std_error &> >(tee -a /home/lacp/NEWP/LOGS/LOGS_BACKUP/is.balance-rr-2NICs-layer2.log > /tmp/nas.out) <<
Done!

147-is-64

Sat Dec  5 22:07:34 -03 2020
Executing >> mpiexec --mca btl self,tcp --mca btl_tcp_if_include eth0 -np 64 -machinefile /home/lacp/NEWP/MACHINE_FILES/nodes64_LACP10 /home/lacp/NEWP/BENCHMARKS/NPB3.4.1/NPB3.4-MPI/bin/is.C.x 2>> /home/lacp/NEWP/LOGS/apps_exec_std_error &> >(tee -a /home/lacp/NEWP/LOGS/LOGS_BACKUP/is.balance-rr-2NICs-layer2.log > /tmp/nas.out) <<
Done!

148-is-64

Sat Dec  5 22:07:53 -03 2020
Executing >> mpiexec --mca btl self,tcp --mca btl_tcp_if_include eth0 -np 64 -machinefile /home/lacp/NEWP/MACHINE_FILES/nodes64_LACP10 /home/lacp/NEWP/BENCHMARKS/NPB3.4.1/NPB3.4-MPI/bin/is.C.x 2>> /home/lacp/NEWP/LOGS/apps_exec_std_error &> >(tee -a /home/lacp/NEWP/LOGS/LOGS_BACKUP/is.balance-rr-2NICs-layer2.log > /tmp/nas.out) <<
Done!

149-is-64

Sat Dec  5 22:08:12 -03 2020
Executing >> mpiexec --mca btl self,tcp --mca btl_tcp_if_include eth0 -np 64 -machinefile /home/lacp/NEWP/MACHINE_FILES/nodes64_LACP10 /home/lacp/NEWP/BENCHMARKS/NPB3.4.1/NPB3.4-MPI/bin/is.C.x 2>> /home/lacp/NEWP/LOGS/apps_exec_std_error &> >(tee -a /home/lacp/NEWP/LOGS/LOGS_BACKUP/is.balance-rr-2NICs-layer2.log > /tmp/nas.out) <<
Done!

150-is-64

Sat Dec  5 22:08:31 -03 2020
Executing >> mpiexec --mca btl self,tcp --mca btl_tcp_if_include eth0 -np 64 -machinefile /home/lacp/NEWP/MACHINE_FILES/nodes64_LACP10 /home/lacp/NEWP/BENCHMARKS/NPB3.4.1/NPB3.4-MPI/bin/is.C.x 2>> /home/lacp/NEWP/LOGS/apps_exec_std_error &> >(tee -a /home/lacp/NEWP/LOGS/LOGS_BACKUP/is.balance-rr-2NICs-layer2.log > /tmp/nas.out) <<
Done!

151-ft-64

Sat Dec  5 22:08:50 -03 2020
Executing >> mpiexec --mca btl self,tcp --mca btl_tcp_if_include eth0 -np 64 -machinefile /home/lacp/NEWP/MACHINE_FILES/nodes64_LACP10 /home/lacp/NEWP/BENCHMARKS/NPB3.4.1/NPB3.4-MPI/bin/ft.C.x 2>> /home/lacp/NEWP/LOGS/apps_exec_std_error &> >(tee -a /home/lacp/NEWP/LOGS/LOGS_BACKUP/ft.balance-rr-2NICs-layer2.log > /tmp/nas.out) <<
Done!

152-ft-64

Sat Dec  5 22:10:15 -03 2020
Executing >> mpiexec --mca btl self,tcp --mca btl_tcp_if_include eth0 -np 64 -machinefile /home/lacp/NEWP/MACHINE_FILES/nodes64_LACP10 /home/lacp/NEWP/BENCHMARKS/NPB3.4.1/NPB3.4-MPI/bin/ft.C.x 2>> /home/lacp/NEWP/LOGS/apps_exec_std_error &> >(tee -a /home/lacp/NEWP/LOGS/LOGS_BACKUP/ft.balance-rr-2NICs-layer2.log > /tmp/nas.out) <<
Done!

153-ft-64

Sat Dec  5 22:11:42 -03 2020
Executing >> mpiexec --mca btl self,tcp --mca btl_tcp_if_include eth0 -np 64 -machinefile /home/lacp/NEWP/MACHINE_FILES/nodes64_LACP10 /home/lacp/NEWP/BENCHMARKS/NPB3.4.1/NPB3.4-MPI/bin/ft.C.x 2>> /home/lacp/NEWP/LOGS/apps_exec_std_error &> >(tee -a /home/lacp/NEWP/LOGS/LOGS_BACKUP/ft.balance-rr-2NICs-layer2.log > /tmp/nas.out) <<
Done!

154-ft-64

Sat Dec  5 22:13:07 -03 2020
Executing >> mpiexec --mca btl self,tcp --mca btl_tcp_if_include eth0 -np 64 -machinefile /home/lacp/NEWP/MACHINE_FILES/nodes64_LACP10 /home/lacp/NEWP/BENCHMARKS/NPB3.4.1/NPB3.4-MPI/bin/ft.C.x 2>> /home/lacp/NEWP/LOGS/apps_exec_std_error &> >(tee -a /home/lacp/NEWP/LOGS/LOGS_BACKUP/ft.balance-rr-2NICs-layer2.log > /tmp/nas.out) <<
Done!

155-ft-64

Sat Dec  5 22:14:34 -03 2020
Executing >> mpiexec --mca btl self,tcp --mca btl_tcp_if_include eth0 -np 64 -machinefile /home/lacp/NEWP/MACHINE_FILES/nodes64_LACP10 /home/lacp/NEWP/BENCHMARKS/NPB3.4.1/NPB3.4-MPI/bin/ft.C.x 2>> /home/lacp/NEWP/LOGS/apps_exec_std_error &> >(tee -a /home/lacp/NEWP/LOGS/LOGS_BACKUP/ft.balance-rr-2NICs-layer2.log > /tmp/nas.out) <<
Done!

156-ft-64

Sat Dec  5 22:15:57 -03 2020
Executing >> mpiexec --mca btl self,tcp --mca btl_tcp_if_include eth0 -np 64 -machinefile /home/lacp/NEWP/MACHINE_FILES/nodes64_LACP10 /home/lacp/NEWP/BENCHMARKS/NPB3.4.1/NPB3.4-MPI/bin/ft.C.x 2>> /home/lacp/NEWP/LOGS/apps_exec_std_error &> >(tee -a /home/lacp/NEWP/LOGS/LOGS_BACKUP/ft.balance-rr-2NICs-layer2.log > /tmp/nas.out) <<
Done!

157-ft-64

Sat Dec  5 22:17:22 -03 2020
Executing >> mpiexec --mca btl self,tcp --mca btl_tcp_if_include eth0 -np 64 -machinefile /home/lacp/NEWP/MACHINE_FILES/nodes64_LACP10 /home/lacp/NEWP/BENCHMARKS/NPB3.4.1/NPB3.4-MPI/bin/ft.C.x 2>> /home/lacp/NEWP/LOGS/apps_exec_std_error &> >(tee -a /home/lacp/NEWP/LOGS/LOGS_BACKUP/ft.balance-rr-2NICs-layer2.log > /tmp/nas.out) <<
Done!

158-ft-64

Sat Dec  5 22:18:46 -03 2020
Executing >> mpiexec --mca btl self,tcp --mca btl_tcp_if_include eth0 -np 64 -machinefile /home/lacp/NEWP/MACHINE_FILES/nodes64_LACP10 /home/lacp/NEWP/BENCHMARKS/NPB3.4.1/NPB3.4-MPI/bin/ft.C.x 2>> /home/lacp/NEWP/LOGS/apps_exec_std_error &> >(tee -a /home/lacp/NEWP/LOGS/LOGS_BACKUP/ft.balance-rr-2NICs-layer2.log > /tmp/nas.out) <<
Done!

159-ft-64

Sat Dec  5 22:20:11 -03 2020
Executing >> mpiexec --mca btl self,tcp --mca btl_tcp_if_include eth0 -np 64 -machinefile /home/lacp/NEWP/MACHINE_FILES/nodes64_LACP10 /home/lacp/NEWP/BENCHMARKS/NPB3.4.1/NPB3.4-MPI/bin/ft.C.x 2>> /home/lacp/NEWP/LOGS/apps_exec_std_error &> >(tee -a /home/lacp/NEWP/LOGS/LOGS_BACKUP/ft.balance-rr-2NICs-layer2.log > /tmp/nas.out) <<
Done!

160-ft-64

Sat Dec  5 22:21:36 -03 2020
Executing >> mpiexec --mca btl self,tcp --mca btl_tcp_if_include eth0 -np 64 -machinefile /home/lacp/NEWP/MACHINE_FILES/nodes64_LACP10 /home/lacp/NEWP/BENCHMARKS/NPB3.4.1/NPB3.4-MPI/bin/ft.C.x 2>> /home/lacp/NEWP/LOGS/apps_exec_std_error &> >(tee -a /home/lacp/NEWP/LOGS/LOGS_BACKUP/ft.balance-rr-2NICs-layer2.log > /tmp/nas.out) <<
Done!

161-bt-64

Sat Dec  5 22:23:01 -03 2020
Executing >> mpiexec --mca btl self,tcp --mca btl_tcp_if_include eth0 -np 64 -machinefile /home/lacp/NEWP/MACHINE_FILES/nodes64_LACP10 /home/lacp/NEWP/BENCHMARKS/NPB3.4.1/NPB3.4-MPI/bin/bt.C.x 2>> /home/lacp/NEWP/LOGS/apps_exec_std_error &> >(tee -a /home/lacp/NEWP/LOGS/LOGS_BACKUP/bt.balance-rr-2NICs-layer2.log > /tmp/nas.out) <<
Done!

162-bt-64

Sat Dec  5 22:25:58 -03 2020
Executing >> mpiexec --mca btl self,tcp --mca btl_tcp_if_include eth0 -np 64 -machinefile /home/lacp/NEWP/MACHINE_FILES/nodes64_LACP10 /home/lacp/NEWP/BENCHMARKS/NPB3.4.1/NPB3.4-MPI/bin/bt.C.x 2>> /home/lacp/NEWP/LOGS/apps_exec_std_error &> >(tee -a /home/lacp/NEWP/LOGS/LOGS_BACKUP/bt.balance-rr-2NICs-layer2.log > /tmp/nas.out) <<
Done!

163-bt-64

Sat Dec  5 22:28:56 -03 2020
Executing >> mpiexec --mca btl self,tcp --mca btl_tcp_if_include eth0 -np 64 -machinefile /home/lacp/NEWP/MACHINE_FILES/nodes64_LACP10 /home/lacp/NEWP/BENCHMARKS/NPB3.4.1/NPB3.4-MPI/bin/bt.C.x 2>> /home/lacp/NEWP/LOGS/apps_exec_std_error &> >(tee -a /home/lacp/NEWP/LOGS/LOGS_BACKUP/bt.balance-rr-2NICs-layer2.log > /tmp/nas.out) <<
Done!

164-bt-64

Sat Dec  5 22:31:51 -03 2020
Executing >> mpiexec --mca btl self,tcp --mca btl_tcp_if_include eth0 -np 64 -machinefile /home/lacp/NEWP/MACHINE_FILES/nodes64_LACP10 /home/lacp/NEWP/BENCHMARKS/NPB3.4.1/NPB3.4-MPI/bin/bt.C.x 2>> /home/lacp/NEWP/LOGS/apps_exec_std_error &> >(tee -a /home/lacp/NEWP/LOGS/LOGS_BACKUP/bt.balance-rr-2NICs-layer2.log > /tmp/nas.out) <<
Done!

165-bt-64

Sat Dec  5 22:34:48 -03 2020
Executing >> mpiexec --mca btl self,tcp --mca btl_tcp_if_include eth0 -np 64 -machinefile /home/lacp/NEWP/MACHINE_FILES/nodes64_LACP10 /home/lacp/NEWP/BENCHMARKS/NPB3.4.1/NPB3.4-MPI/bin/bt.C.x 2>> /home/lacp/NEWP/LOGS/apps_exec_std_error &> >(tee -a /home/lacp/NEWP/LOGS/LOGS_BACKUP/bt.balance-rr-2NICs-layer2.log > /tmp/nas.out) <<
Done!

166-bt-64

Sat Dec  5 22:37:45 -03 2020
Executing >> mpiexec --mca btl self,tcp --mca btl_tcp_if_include eth0 -np 64 -machinefile /home/lacp/NEWP/MACHINE_FILES/nodes64_LACP10 /home/lacp/NEWP/BENCHMARKS/NPB3.4.1/NPB3.4-MPI/bin/bt.C.x 2>> /home/lacp/NEWP/LOGS/apps_exec_std_error &> >(tee -a /home/lacp/NEWP/LOGS/LOGS_BACKUP/bt.balance-rr-2NICs-layer2.log > /tmp/nas.out) <<
Done!

167-bt-64

Sat Dec  5 22:40:39 -03 2020
Executing >> mpiexec --mca btl self,tcp --mca btl_tcp_if_include eth0 -np 64 -machinefile /home/lacp/NEWP/MACHINE_FILES/nodes64_LACP10 /home/lacp/NEWP/BENCHMARKS/NPB3.4.1/NPB3.4-MPI/bin/bt.C.x 2>> /home/lacp/NEWP/LOGS/apps_exec_std_error &> >(tee -a /home/lacp/NEWP/LOGS/LOGS_BACKUP/bt.balance-rr-2NICs-layer2.log > /tmp/nas.out) <<
Done!

168-bt-64

Sat Dec  5 22:43:35 -03 2020
Executing >> mpiexec --mca btl self,tcp --mca btl_tcp_if_include eth0 -np 64 -machinefile /home/lacp/NEWP/MACHINE_FILES/nodes64_LACP10 /home/lacp/NEWP/BENCHMARKS/NPB3.4.1/NPB3.4-MPI/bin/bt.C.x 2>> /home/lacp/NEWP/LOGS/apps_exec_std_error &> >(tee -a /home/lacp/NEWP/LOGS/LOGS_BACKUP/bt.balance-rr-2NICs-layer2.log > /tmp/nas.out) <<
Done!

169-bt-64

Sat Dec  5 22:46:30 -03 2020
Executing >> mpiexec --mca btl self,tcp --mca btl_tcp_if_include eth0 -np 64 -machinefile /home/lacp/NEWP/MACHINE_FILES/nodes64_LACP10 /home/lacp/NEWP/BENCHMARKS/NPB3.4.1/NPB3.4-MPI/bin/bt.C.x 2>> /home/lacp/NEWP/LOGS/apps_exec_std_error &> >(tee -a /home/lacp/NEWP/LOGS/LOGS_BACKUP/bt.balance-rr-2NICs-layer2.log > /tmp/nas.out) <<
Done!

170-bt-64

Sat Dec  5 22:49:25 -03 2020
Executing >> mpiexec --mca btl self,tcp --mca btl_tcp_if_include eth0 -np 64 -machinefile /home/lacp/NEWP/MACHINE_FILES/nodes64_LACP10 /home/lacp/NEWP/BENCHMARKS/NPB3.4.1/NPB3.4-MPI/bin/bt.C.x 2>> /home/lacp/NEWP/LOGS/apps_exec_std_error &> >(tee -a /home/lacp/NEWP/LOGS/LOGS_BACKUP/bt.balance-rr-2NICs-layer2.log > /tmp/nas.out) <<
Done!

171-sp-64

Sat Dec  5 22:52:21 -03 2020
Executing >> mpiexec --mca btl self,tcp --mca btl_tcp_if_include eth0 -np 64 -machinefile /home/lacp/NEWP/MACHINE_FILES/nodes64_LACP10 /home/lacp/NEWP/BENCHMARKS/NPB3.4.1/NPB3.4-MPI/bin/sp.C.x 2>> /home/lacp/NEWP/LOGS/apps_exec_std_error &> >(tee -a /home/lacp/NEWP/LOGS/LOGS_BACKUP/sp.balance-rr-2NICs-layer2.log > /tmp/nas.out) <<
Done!

172-sp-64

Sat Dec  5 22:56:59 -03 2020
Executing >> mpiexec --mca btl self,tcp --mca btl_tcp_if_include eth0 -np 64 -machinefile /home/lacp/NEWP/MACHINE_FILES/nodes64_LACP10 /home/lacp/NEWP/BENCHMARKS/NPB3.4.1/NPB3.4-MPI/bin/sp.C.x 2>> /home/lacp/NEWP/LOGS/apps_exec_std_error &> >(tee -a /home/lacp/NEWP/LOGS/LOGS_BACKUP/sp.balance-rr-2NICs-layer2.log > /tmp/nas.out) <<
Done!

173-sp-64

Sat Dec  5 23:01:39 -03 2020
Executing >> mpiexec --mca btl self,tcp --mca btl_tcp_if_include eth0 -np 64 -machinefile /home/lacp/NEWP/MACHINE_FILES/nodes64_LACP10 /home/lacp/NEWP/BENCHMARKS/NPB3.4.1/NPB3.4-MPI/bin/sp.C.x 2>> /home/lacp/NEWP/LOGS/apps_exec_std_error &> >(tee -a /home/lacp/NEWP/LOGS/LOGS_BACKUP/sp.balance-rr-2NICs-layer2.log > /tmp/nas.out) <<
Done!

174-sp-64

Sat Dec  5 23:06:23 -03 2020
Executing >> mpiexec --mca btl self,tcp --mca btl_tcp_if_include eth0 -np 64 -machinefile /home/lacp/NEWP/MACHINE_FILES/nodes64_LACP10 /home/lacp/NEWP/BENCHMARKS/NPB3.4.1/NPB3.4-MPI/bin/sp.C.x 2>> /home/lacp/NEWP/LOGS/apps_exec_std_error &> >(tee -a /home/lacp/NEWP/LOGS/LOGS_BACKUP/sp.balance-rr-2NICs-layer2.log > /tmp/nas.out) <<
Done!

175-sp-64

Sat Dec  5 23:11:12 -03 2020
Executing >> mpiexec --mca btl self,tcp --mca btl_tcp_if_include eth0 -np 64 -machinefile /home/lacp/NEWP/MACHINE_FILES/nodes64_LACP10 /home/lacp/NEWP/BENCHMARKS/NPB3.4.1/NPB3.4-MPI/bin/sp.C.x 2>> /home/lacp/NEWP/LOGS/apps_exec_std_error &> >(tee -a /home/lacp/NEWP/LOGS/LOGS_BACKUP/sp.balance-rr-2NICs-layer2.log > /tmp/nas.out) <<
Done!

176-sp-64

Sat Dec  5 23:15:49 -03 2020
Executing >> mpiexec --mca btl self,tcp --mca btl_tcp_if_include eth0 -np 64 -machinefile /home/lacp/NEWP/MACHINE_FILES/nodes64_LACP10 /home/lacp/NEWP/BENCHMARKS/NPB3.4.1/NPB3.4-MPI/bin/sp.C.x 2>> /home/lacp/NEWP/LOGS/apps_exec_std_error &> >(tee -a /home/lacp/NEWP/LOGS/LOGS_BACKUP/sp.balance-rr-2NICs-layer2.log > /tmp/nas.out) <<
Done!

177-sp-64

Sat Dec  5 23:20:36 -03 2020
Executing >> mpiexec --mca btl self,tcp --mca btl_tcp_if_include eth0 -np 64 -machinefile /home/lacp/NEWP/MACHINE_FILES/nodes64_LACP10 /home/lacp/NEWP/BENCHMARKS/NPB3.4.1/NPB3.4-MPI/bin/sp.C.x 2>> /home/lacp/NEWP/LOGS/apps_exec_std_error &> >(tee -a /home/lacp/NEWP/LOGS/LOGS_BACKUP/sp.balance-rr-2NICs-layer2.log > /tmp/nas.out) <<
Done!

178-sp-64

Sat Dec  5 23:25:19 -03 2020
Executing >> mpiexec --mca btl self,tcp --mca btl_tcp_if_include eth0 -np 64 -machinefile /home/lacp/NEWP/MACHINE_FILES/nodes64_LACP10 /home/lacp/NEWP/BENCHMARKS/NPB3.4.1/NPB3.4-MPI/bin/sp.C.x 2>> /home/lacp/NEWP/LOGS/apps_exec_std_error &> >(tee -a /home/lacp/NEWP/LOGS/LOGS_BACKUP/sp.balance-rr-2NICs-layer2.log > /tmp/nas.out) <<
Done!

179-sp-64

Sat Dec  5 23:29:59 -03 2020
Executing >> mpiexec --mca btl self,tcp --mca btl_tcp_if_include eth0 -np 64 -machinefile /home/lacp/NEWP/MACHINE_FILES/nodes64_LACP10 /home/lacp/NEWP/BENCHMARKS/NPB3.4.1/NPB3.4-MPI/bin/sp.C.x 2>> /home/lacp/NEWP/LOGS/apps_exec_std_error &> >(tee -a /home/lacp/NEWP/LOGS/LOGS_BACKUP/sp.balance-rr-2NICs-layer2.log > /tmp/nas.out) <<
Done!

180-sp-64

Sat Dec  5 23:34:39 -03 2020
Executing >> mpiexec --mca btl self,tcp --mca btl_tcp_if_include eth0 -np 64 -machinefile /home/lacp/NEWP/MACHINE_FILES/nodes64_LACP10 /home/lacp/NEWP/BENCHMARKS/NPB3.4.1/NPB3.4-MPI/bin/sp.C.x 2>> /home/lacp/NEWP/LOGS/apps_exec_std_error &> >(tee -a /home/lacp/NEWP/LOGS/LOGS_BACKUP/sp.balance-rr-2NICs-layer2.log > /tmp/nas.out) <<
Done!

181-bt-64

Sat Dec  5 23:39:23 -03 2020
Executing >> mpiexec --mca btl self,tcp --mca btl_tcp_if_include eth0 -np 64 -machinefile /home/lacp/NEWP/MACHINE_FILES/nodes64_LACP10 /home/lacp/NEWP/BENCHMARKS/NPB3.4.1/NPB3.4-MPI/bin/bt.C.x 2>> /home/lacp/NEWP/LOGS/apps_exec_std_error &> >(tee -a /home/lacp/NEWP/LOGS/LOGS_BACKUP/bt.balance-rr-2NICs-layer2.log > /tmp/nas.out) <<
Done!

182-bt-64

Sat Dec  5 23:42:17 -03 2020
Executing >> mpiexec --mca btl self,tcp --mca btl_tcp_if_include eth0 -np 64 -machinefile /home/lacp/NEWP/MACHINE_FILES/nodes64_LACP10 /home/lacp/NEWP/BENCHMARKS/NPB3.4.1/NPB3.4-MPI/bin/bt.C.x 2>> /home/lacp/NEWP/LOGS/apps_exec_std_error &> >(tee -a /home/lacp/NEWP/LOGS/LOGS_BACKUP/bt.balance-rr-2NICs-layer2.log > /tmp/nas.out) <<
Done!

183-bt-64

Sat Dec  5 23:45:12 -03 2020
Executing >> mpiexec --mca btl self,tcp --mca btl_tcp_if_include eth0 -np 64 -machinefile /home/lacp/NEWP/MACHINE_FILES/nodes64_LACP10 /home/lacp/NEWP/BENCHMARKS/NPB3.4.1/NPB3.4-MPI/bin/bt.C.x 2>> /home/lacp/NEWP/LOGS/apps_exec_std_error &> >(tee -a /home/lacp/NEWP/LOGS/LOGS_BACKUP/bt.balance-rr-2NICs-layer2.log > /tmp/nas.out) <<
Done!

184-bt-64

Sat Dec  5 23:48:07 -03 2020
Executing >> mpiexec --mca btl self,tcp --mca btl_tcp_if_include eth0 -np 64 -machinefile /home/lacp/NEWP/MACHINE_FILES/nodes64_LACP10 /home/lacp/NEWP/BENCHMARKS/NPB3.4.1/NPB3.4-MPI/bin/bt.C.x 2>> /home/lacp/NEWP/LOGS/apps_exec_std_error &> >(tee -a /home/lacp/NEWP/LOGS/LOGS_BACKUP/bt.balance-rr-2NICs-layer2.log > /tmp/nas.out) <<
Done!

185-bt-64

Sat Dec  5 23:51:02 -03 2020
Executing >> mpiexec --mca btl self,tcp --mca btl_tcp_if_include eth0 -np 64 -machinefile /home/lacp/NEWP/MACHINE_FILES/nodes64_LACP10 /home/lacp/NEWP/BENCHMARKS/NPB3.4.1/NPB3.4-MPI/bin/bt.C.x 2>> /home/lacp/NEWP/LOGS/apps_exec_std_error &> >(tee -a /home/lacp/NEWP/LOGS/LOGS_BACKUP/bt.balance-rr-2NICs-layer2.log > /tmp/nas.out) <<
Done!

186-bt-64

Sat Dec  5 23:53:56 -03 2020
Executing >> mpiexec --mca btl self,tcp --mca btl_tcp_if_include eth0 -np 64 -machinefile /home/lacp/NEWP/MACHINE_FILES/nodes64_LACP10 /home/lacp/NEWP/BENCHMARKS/NPB3.4.1/NPB3.4-MPI/bin/bt.C.x 2>> /home/lacp/NEWP/LOGS/apps_exec_std_error &> >(tee -a /home/lacp/NEWP/LOGS/LOGS_BACKUP/bt.balance-rr-2NICs-layer2.log > /tmp/nas.out) <<
Done!

187-bt-64

Sat Dec  5 23:56:50 -03 2020
Executing >> mpiexec --mca btl self,tcp --mca btl_tcp_if_include eth0 -np 64 -machinefile /home/lacp/NEWP/MACHINE_FILES/nodes64_LACP10 /home/lacp/NEWP/BENCHMARKS/NPB3.4.1/NPB3.4-MPI/bin/bt.C.x 2>> /home/lacp/NEWP/LOGS/apps_exec_std_error &> >(tee -a /home/lacp/NEWP/LOGS/LOGS_BACKUP/bt.balance-rr-2NICs-layer2.log > /tmp/nas.out) <<
Done!

188-bt-64

Sat Dec  5 23:59:46 -03 2020
Executing >> mpiexec --mca btl self,tcp --mca btl_tcp_if_include eth0 -np 64 -machinefile /home/lacp/NEWP/MACHINE_FILES/nodes64_LACP10 /home/lacp/NEWP/BENCHMARKS/NPB3.4.1/NPB3.4-MPI/bin/bt.C.x 2>> /home/lacp/NEWP/LOGS/apps_exec_std_error &> >(tee -a /home/lacp/NEWP/LOGS/LOGS_BACKUP/bt.balance-rr-2NICs-layer2.log > /tmp/nas.out) <<
Done!

189-bt-64

Sun Dec  6 00:02:42 -03 2020
Executing >> mpiexec --mca btl self,tcp --mca btl_tcp_if_include eth0 -np 64 -machinefile /home/lacp/NEWP/MACHINE_FILES/nodes64_LACP10 /home/lacp/NEWP/BENCHMARKS/NPB3.4.1/NPB3.4-MPI/bin/bt.C.x 2>> /home/lacp/NEWP/LOGS/apps_exec_std_error &> >(tee -a /home/lacp/NEWP/LOGS/LOGS_BACKUP/bt.balance-rr-2NICs-layer2.log > /tmp/nas.out) <<
Done!

190-bt-64

Sun Dec  6 00:05:37 -03 2020
Executing >> mpiexec --mca btl self,tcp --mca btl_tcp_if_include eth0 -np 64 -machinefile /home/lacp/NEWP/MACHINE_FILES/nodes64_LACP10 /home/lacp/NEWP/BENCHMARKS/NPB3.4.1/NPB3.4-MPI/bin/bt.C.x 2>> /home/lacp/NEWP/LOGS/apps_exec_std_error &> >(tee -a /home/lacp/NEWP/LOGS/LOGS_BACKUP/bt.balance-rr-2NICs-layer2.log > /tmp/nas.out) <<
Done!

191-sp-64

Sun Dec  6 00:08:33 -03 2020
Executing >> mpiexec --mca btl self,tcp --mca btl_tcp_if_include eth0 -np 64 -machinefile /home/lacp/NEWP/MACHINE_FILES/nodes64_LACP10 /home/lacp/NEWP/BENCHMARKS/NPB3.4.1/NPB3.4-MPI/bin/sp.C.x 2>> /home/lacp/NEWP/LOGS/apps_exec_std_error &> >(tee -a /home/lacp/NEWP/LOGS/LOGS_BACKUP/sp.balance-rr-2NICs-layer2.log > /tmp/nas.out) <<
Done!

192-sp-64

Sun Dec  6 00:13:16 -03 2020
Executing >> mpiexec --mca btl self,tcp --mca btl_tcp_if_include eth0 -np 64 -machinefile /home/lacp/NEWP/MACHINE_FILES/nodes64_LACP10 /home/lacp/NEWP/BENCHMARKS/NPB3.4.1/NPB3.4-MPI/bin/sp.C.x 2>> /home/lacp/NEWP/LOGS/apps_exec_std_error &> >(tee -a /home/lacp/NEWP/LOGS/LOGS_BACKUP/sp.balance-rr-2NICs-layer2.log > /tmp/nas.out) <<
Done!

193-sp-64

Sun Dec  6 00:17:54 -03 2020
Executing >> mpiexec --mca btl self,tcp --mca btl_tcp_if_include eth0 -np 64 -machinefile /home/lacp/NEWP/MACHINE_FILES/nodes64_LACP10 /home/lacp/NEWP/BENCHMARKS/NPB3.4.1/NPB3.4-MPI/bin/sp.C.x 2>> /home/lacp/NEWP/LOGS/apps_exec_std_error &> >(tee -a /home/lacp/NEWP/LOGS/LOGS_BACKUP/sp.balance-rr-2NICs-layer2.log > /tmp/nas.out) <<
Done!

194-sp-64

Sun Dec  6 00:22:43 -03 2020
Executing >> mpiexec --mca btl self,tcp --mca btl_tcp_if_include eth0 -np 64 -machinefile /home/lacp/NEWP/MACHINE_FILES/nodes64_LACP10 /home/lacp/NEWP/BENCHMARKS/NPB3.4.1/NPB3.4-MPI/bin/sp.C.x 2>> /home/lacp/NEWP/LOGS/apps_exec_std_error &> >(tee -a /home/lacp/NEWP/LOGS/LOGS_BACKUP/sp.balance-rr-2NICs-layer2.log > /tmp/nas.out) <<
Done!

195-sp-64

Sun Dec  6 00:27:26 -03 2020
Executing >> mpiexec --mca btl self,tcp --mca btl_tcp_if_include eth0 -np 64 -machinefile /home/lacp/NEWP/MACHINE_FILES/nodes64_LACP10 /home/lacp/NEWP/BENCHMARKS/NPB3.4.1/NPB3.4-MPI/bin/sp.C.x 2>> /home/lacp/NEWP/LOGS/apps_exec_std_error &> >(tee -a /home/lacp/NEWP/LOGS/LOGS_BACKUP/sp.balance-rr-2NICs-layer2.log > /tmp/nas.out) <<
Done!

196-sp-64

Sun Dec  6 00:32:05 -03 2020
Executing >> mpiexec --mca btl self,tcp --mca btl_tcp_if_include eth0 -np 64 -machinefile /home/lacp/NEWP/MACHINE_FILES/nodes64_LACP10 /home/lacp/NEWP/BENCHMARKS/NPB3.4.1/NPB3.4-MPI/bin/sp.C.x 2>> /home/lacp/NEWP/LOGS/apps_exec_std_error &> >(tee -a /home/lacp/NEWP/LOGS/LOGS_BACKUP/sp.balance-rr-2NICs-layer2.log > /tmp/nas.out) <<
Done!

197-sp-64

Sun Dec  6 00:36:32 -03 2020
Executing >> mpiexec --mca btl self,tcp --mca btl_tcp_if_include eth0 -np 64 -machinefile /home/lacp/NEWP/MACHINE_FILES/nodes64_LACP10 /home/lacp/NEWP/BENCHMARKS/NPB3.4.1/NPB3.4-MPI/bin/sp.C.x 2>> /home/lacp/NEWP/LOGS/apps_exec_std_error &> >(tee -a /home/lacp/NEWP/LOGS/LOGS_BACKUP/sp.balance-rr-2NICs-layer2.log > /tmp/nas.out) <<
Done!

198-sp-64

Sun Dec  6 00:41:18 -03 2020
Executing >> mpiexec --mca btl self,tcp --mca btl_tcp_if_include eth0 -np 64 -machinefile /home/lacp/NEWP/MACHINE_FILES/nodes64_LACP10 /home/lacp/NEWP/BENCHMARKS/NPB3.4.1/NPB3.4-MPI/bin/sp.C.x 2>> /home/lacp/NEWP/LOGS/apps_exec_std_error &> >(tee -a /home/lacp/NEWP/LOGS/LOGS_BACKUP/sp.balance-rr-2NICs-layer2.log > /tmp/nas.out) <<
Done!

199-sp-64

Sun Dec  6 00:46:00 -03 2020
Executing >> mpiexec --mca btl self,tcp --mca btl_tcp_if_include eth0 -np 64 -machinefile /home/lacp/NEWP/MACHINE_FILES/nodes64_LACP10 /home/lacp/NEWP/BENCHMARKS/NPB3.4.1/NPB3.4-MPI/bin/sp.C.x 2>> /home/lacp/NEWP/LOGS/apps_exec_std_error &> >(tee -a /home/lacp/NEWP/LOGS/LOGS_BACKUP/sp.balance-rr-2NICs-layer2.log > /tmp/nas.out) <<
Done!

200-sp-64

Sun Dec  6 00:50:36 -03 2020
Executing >> mpiexec --mca btl self,tcp --mca btl_tcp_if_include eth0 -np 64 -machinefile /home/lacp/NEWP/MACHINE_FILES/nodes64_LACP10 /home/lacp/NEWP/BENCHMARKS/NPB3.4.1/NPB3.4-MPI/bin/sp.C.x 2>> /home/lacp/NEWP/LOGS/apps_exec_std_error &> >(tee -a /home/lacp/NEWP/LOGS/LOGS_BACKUP/sp.balance-rr-2NICs-layer2.log > /tmp/nas.out) <<
Done!

201-bt-64

Sun Dec  6 00:55:17 -03 2020
Executing >> mpiexec --mca btl self,tcp --mca btl_tcp_if_include eth0 -np 64 -machinefile /home/lacp/NEWP/MACHINE_FILES/nodes64_LACP10 /home/lacp/NEWP/BENCHMARKS/NPB3.4.1/NPB3.4-MPI/bin/bt.C.x 2>> /home/lacp/NEWP/LOGS/apps_exec_std_error &> >(tee -a /home/lacp/NEWP/LOGS/LOGS_BACKUP/bt.balance-rr-2NICs-layer2.log > /tmp/nas.out) <<
Done!

202-bt-64

Sun Dec  6 00:58:12 -03 2020
Executing >> mpiexec --mca btl self,tcp --mca btl_tcp_if_include eth0 -np 64 -machinefile /home/lacp/NEWP/MACHINE_FILES/nodes64_LACP10 /home/lacp/NEWP/BENCHMARKS/NPB3.4.1/NPB3.4-MPI/bin/bt.C.x 2>> /home/lacp/NEWP/LOGS/apps_exec_std_error &> >(tee -a /home/lacp/NEWP/LOGS/LOGS_BACKUP/bt.balance-rr-2NICs-layer2.log > /tmp/nas.out) <<
Done!

203-bt-64

Sun Dec  6 01:01:09 -03 2020
Executing >> mpiexec --mca btl self,tcp --mca btl_tcp_if_include eth0 -np 64 -machinefile /home/lacp/NEWP/MACHINE_FILES/nodes64_LACP10 /home/lacp/NEWP/BENCHMARKS/NPB3.4.1/NPB3.4-MPI/bin/bt.C.x 2>> /home/lacp/NEWP/LOGS/apps_exec_std_error &> >(tee -a /home/lacp/NEWP/LOGS/LOGS_BACKUP/bt.balance-rr-2NICs-layer2.log > /tmp/nas.out) <<
Done!

204-bt-64

Sun Dec  6 01:04:04 -03 2020
Executing >> mpiexec --mca btl self,tcp --mca btl_tcp_if_include eth0 -np 64 -machinefile /home/lacp/NEWP/MACHINE_FILES/nodes64_LACP10 /home/lacp/NEWP/BENCHMARKS/NPB3.4.1/NPB3.4-MPI/bin/bt.C.x 2>> /home/lacp/NEWP/LOGS/apps_exec_std_error &> >(tee -a /home/lacp/NEWP/LOGS/LOGS_BACKUP/bt.balance-rr-2NICs-layer2.log > /tmp/nas.out) <<
Done!

205-bt-64

Sun Dec  6 01:07:00 -03 2020
Executing >> mpiexec --mca btl self,tcp --mca btl_tcp_if_include eth0 -np 64 -machinefile /home/lacp/NEWP/MACHINE_FILES/nodes64_LACP10 /home/lacp/NEWP/BENCHMARKS/NPB3.4.1/NPB3.4-MPI/bin/bt.C.x 2>> /home/lacp/NEWP/LOGS/apps_exec_std_error &> >(tee -a /home/lacp/NEWP/LOGS/LOGS_BACKUP/bt.balance-rr-2NICs-layer2.log > /tmp/nas.out) <<
Done!

206-bt-64

Sun Dec  6 01:09:55 -03 2020
Executing >> mpiexec --mca btl self,tcp --mca btl_tcp_if_include eth0 -np 64 -machinefile /home/lacp/NEWP/MACHINE_FILES/nodes64_LACP10 /home/lacp/NEWP/BENCHMARKS/NPB3.4.1/NPB3.4-MPI/bin/bt.C.x 2>> /home/lacp/NEWP/LOGS/apps_exec_std_error &> >(tee -a /home/lacp/NEWP/LOGS/LOGS_BACKUP/bt.balance-rr-2NICs-layer2.log > /tmp/nas.out) <<
Done!

207-bt-64

Sun Dec  6 01:12:50 -03 2020
Executing >> mpiexec --mca btl self,tcp --mca btl_tcp_if_include eth0 -np 64 -machinefile /home/lacp/NEWP/MACHINE_FILES/nodes64_LACP10 /home/lacp/NEWP/BENCHMARKS/NPB3.4.1/NPB3.4-MPI/bin/bt.C.x 2>> /home/lacp/NEWP/LOGS/apps_exec_std_error &> >(tee -a /home/lacp/NEWP/LOGS/LOGS_BACKUP/bt.balance-rr-2NICs-layer2.log > /tmp/nas.out) <<
Done!

208-bt-64

Sun Dec  6 01:15:44 -03 2020
Executing >> mpiexec --mca btl self,tcp --mca btl_tcp_if_include eth0 -np 64 -machinefile /home/lacp/NEWP/MACHINE_FILES/nodes64_LACP10 /home/lacp/NEWP/BENCHMARKS/NPB3.4.1/NPB3.4-MPI/bin/bt.C.x 2>> /home/lacp/NEWP/LOGS/apps_exec_std_error &> >(tee -a /home/lacp/NEWP/LOGS/LOGS_BACKUP/bt.balance-rr-2NICs-layer2.log > /tmp/nas.out) <<
Done!

209-bt-64

Sun Dec  6 01:18:39 -03 2020
Executing >> mpiexec --mca btl self,tcp --mca btl_tcp_if_include eth0 -np 64 -machinefile /home/lacp/NEWP/MACHINE_FILES/nodes64_LACP10 /home/lacp/NEWP/BENCHMARKS/NPB3.4.1/NPB3.4-MPI/bin/bt.C.x 2>> /home/lacp/NEWP/LOGS/apps_exec_std_error &> >(tee -a /home/lacp/NEWP/LOGS/LOGS_BACKUP/bt.balance-rr-2NICs-layer2.log > /tmp/nas.out) <<
Done!

210-bt-64

Sun Dec  6 01:21:35 -03 2020
Executing >> mpiexec --mca btl self,tcp --mca btl_tcp_if_include eth0 -np 64 -machinefile /home/lacp/NEWP/MACHINE_FILES/nodes64_LACP10 /home/lacp/NEWP/BENCHMARKS/NPB3.4.1/NPB3.4-MPI/bin/bt.C.x 2>> /home/lacp/NEWP/LOGS/apps_exec_std_error &> >(tee -a /home/lacp/NEWP/LOGS/LOGS_BACKUP/bt.balance-rr-2NICs-layer2.log > /tmp/nas.out) <<
Done!

211-sp-64

Sun Dec  6 01:24:30 -03 2020
Executing >> mpiexec --mca btl self,tcp --mca btl_tcp_if_include eth0 -np 64 -machinefile /home/lacp/NEWP/MACHINE_FILES/nodes64_LACP10 /home/lacp/NEWP/BENCHMARKS/NPB3.4.1/NPB3.4-MPI/bin/sp.C.x 2>> /home/lacp/NEWP/LOGS/apps_exec_std_error &> >(tee -a /home/lacp/NEWP/LOGS/LOGS_BACKUP/sp.balance-rr-2NICs-layer2.log > /tmp/nas.out) <<
Done!

212-sp-64

Sun Dec  6 01:29:13 -03 2020
Executing >> mpiexec --mca btl self,tcp --mca btl_tcp_if_include eth0 -np 64 -machinefile /home/lacp/NEWP/MACHINE_FILES/nodes64_LACP10 /home/lacp/NEWP/BENCHMARKS/NPB3.4.1/NPB3.4-MPI/bin/sp.C.x 2>> /home/lacp/NEWP/LOGS/apps_exec_std_error &> >(tee -a /home/lacp/NEWP/LOGS/LOGS_BACKUP/sp.balance-rr-2NICs-layer2.log > /tmp/nas.out) <<
Done!

213-sp-64

Sun Dec  6 01:33:55 -03 2020
Executing >> mpiexec --mca btl self,tcp --mca btl_tcp_if_include eth0 -np 64 -machinefile /home/lacp/NEWP/MACHINE_FILES/nodes64_LACP10 /home/lacp/NEWP/BENCHMARKS/NPB3.4.1/NPB3.4-MPI/bin/sp.C.x 2>> /home/lacp/NEWP/LOGS/apps_exec_std_error &> >(tee -a /home/lacp/NEWP/LOGS/LOGS_BACKUP/sp.balance-rr-2NICs-layer2.log > /tmp/nas.out) <<
Done!

214-sp-64

Sun Dec  6 01:38:31 -03 2020
Executing >> mpiexec --mca btl self,tcp --mca btl_tcp_if_include eth0 -np 64 -machinefile /home/lacp/NEWP/MACHINE_FILES/nodes64_LACP10 /home/lacp/NEWP/BENCHMARKS/NPB3.4.1/NPB3.4-MPI/bin/sp.C.x 2>> /home/lacp/NEWP/LOGS/apps_exec_std_error &> >(tee -a /home/lacp/NEWP/LOGS/LOGS_BACKUP/sp.balance-rr-2NICs-layer2.log > /tmp/nas.out) <<
Done!

215-sp-64

Sun Dec  6 01:43:15 -03 2020
Executing >> mpiexec --mca btl self,tcp --mca btl_tcp_if_include eth0 -np 64 -machinefile /home/lacp/NEWP/MACHINE_FILES/nodes64_LACP10 /home/lacp/NEWP/BENCHMARKS/NPB3.4.1/NPB3.4-MPI/bin/sp.C.x 2>> /home/lacp/NEWP/LOGS/apps_exec_std_error &> >(tee -a /home/lacp/NEWP/LOGS/LOGS_BACKUP/sp.balance-rr-2NICs-layer2.log > /tmp/nas.out) <<
Done!

216-sp-64

Sun Dec  6 01:47:52 -03 2020
Executing >> mpiexec --mca btl self,tcp --mca btl_tcp_if_include eth0 -np 64 -machinefile /home/lacp/NEWP/MACHINE_FILES/nodes64_LACP10 /home/lacp/NEWP/BENCHMARKS/NPB3.4.1/NPB3.4-MPI/bin/sp.C.x 2>> /home/lacp/NEWP/LOGS/apps_exec_std_error &> >(tee -a /home/lacp/NEWP/LOGS/LOGS_BACKUP/sp.balance-rr-2NICs-layer2.log > /tmp/nas.out) <<
Done!

217-sp-64

Sun Dec  6 01:52:39 -03 2020
Executing >> mpiexec --mca btl self,tcp --mca btl_tcp_if_include eth0 -np 64 -machinefile /home/lacp/NEWP/MACHINE_FILES/nodes64_LACP10 /home/lacp/NEWP/BENCHMARKS/NPB3.4.1/NPB3.4-MPI/bin/sp.C.x 2>> /home/lacp/NEWP/LOGS/apps_exec_std_error &> >(tee -a /home/lacp/NEWP/LOGS/LOGS_BACKUP/sp.balance-rr-2NICs-layer2.log > /tmp/nas.out) <<
Done!

218-sp-64

Sun Dec  6 01:57:22 -03 2020
Executing >> mpiexec --mca btl self,tcp --mca btl_tcp_if_include eth0 -np 64 -machinefile /home/lacp/NEWP/MACHINE_FILES/nodes64_LACP10 /home/lacp/NEWP/BENCHMARKS/NPB3.4.1/NPB3.4-MPI/bin/sp.C.x 2>> /home/lacp/NEWP/LOGS/apps_exec_std_error &> >(tee -a /home/lacp/NEWP/LOGS/LOGS_BACKUP/sp.balance-rr-2NICs-layer2.log > /tmp/nas.out) <<
Done!

219-sp-64

Sun Dec  6 02:02:02 -03 2020
Executing >> mpiexec --mca btl self,tcp --mca btl_tcp_if_include eth0 -np 64 -machinefile /home/lacp/NEWP/MACHINE_FILES/nodes64_LACP10 /home/lacp/NEWP/BENCHMARKS/NPB3.4.1/NPB3.4-MPI/bin/sp.C.x 2>> /home/lacp/NEWP/LOGS/apps_exec_std_error &> >(tee -a /home/lacp/NEWP/LOGS/LOGS_BACKUP/sp.balance-rr-2NICs-layer2.log > /tmp/nas.out) <<
Done!

220-sp-64

Sun Dec  6 02:06:38 -03 2020
Executing >> mpiexec --mca btl self,tcp --mca btl_tcp_if_include eth0 -np 64 -machinefile /home/lacp/NEWP/MACHINE_FILES/nodes64_LACP10 /home/lacp/NEWP/BENCHMARKS/NPB3.4.1/NPB3.4-MPI/bin/sp.C.x 2>> /home/lacp/NEWP/LOGS/apps_exec_std_error &> >(tee -a /home/lacp/NEWP/LOGS/LOGS_BACKUP/sp.balance-rr-2NICs-layer2.log > /tmp/nas.out) <<
Done!

221-bt-64

Sun Dec  6 02:11:24 -03 2020
Executing >> mpiexec --mca btl self,tcp --mca btl_tcp_if_include eth0 -np 64 -machinefile /home/lacp/NEWP/MACHINE_FILES/nodes64_LACP10 /home/lacp/NEWP/BENCHMARKS/NPB3.4.1/NPB3.4-MPI/bin/bt.C.x 2>> /home/lacp/NEWP/LOGS/apps_exec_std_error &> >(tee -a /home/lacp/NEWP/LOGS/LOGS_BACKUP/bt.balance-rr-2NICs-layer2.log > /tmp/nas.out) <<
Done!

222-bt-64

Sun Dec  6 02:14:21 -03 2020
Executing >> mpiexec --mca btl self,tcp --mca btl_tcp_if_include eth0 -np 64 -machinefile /home/lacp/NEWP/MACHINE_FILES/nodes64_LACP10 /home/lacp/NEWP/BENCHMARKS/NPB3.4.1/NPB3.4-MPI/bin/bt.C.x 2>> /home/lacp/NEWP/LOGS/apps_exec_std_error &> >(tee -a /home/lacp/NEWP/LOGS/LOGS_BACKUP/bt.balance-rr-2NICs-layer2.log > /tmp/nas.out) <<
Done!

223-bt-64

Sun Dec  6 02:17:16 -03 2020
Executing >> mpiexec --mca btl self,tcp --mca btl_tcp_if_include eth0 -np 64 -machinefile /home/lacp/NEWP/MACHINE_FILES/nodes64_LACP10 /home/lacp/NEWP/BENCHMARKS/NPB3.4.1/NPB3.4-MPI/bin/bt.C.x 2>> /home/lacp/NEWP/LOGS/apps_exec_std_error &> >(tee -a /home/lacp/NEWP/LOGS/LOGS_BACKUP/bt.balance-rr-2NICs-layer2.log > /tmp/nas.out) <<
Done!

224-bt-64

Sun Dec  6 02:20:11 -03 2020
Executing >> mpiexec --mca btl self,tcp --mca btl_tcp_if_include eth0 -np 64 -machinefile /home/lacp/NEWP/MACHINE_FILES/nodes64_LACP10 /home/lacp/NEWP/BENCHMARKS/NPB3.4.1/NPB3.4-MPI/bin/bt.C.x 2>> /home/lacp/NEWP/LOGS/apps_exec_std_error &> >(tee -a /home/lacp/NEWP/LOGS/LOGS_BACKUP/bt.balance-rr-2NICs-layer2.log > /tmp/nas.out) <<
Done!

225-bt-64

Sun Dec  6 02:23:06 -03 2020
Executing >> mpiexec --mca btl self,tcp --mca btl_tcp_if_include eth0 -np 64 -machinefile /home/lacp/NEWP/MACHINE_FILES/nodes64_LACP10 /home/lacp/NEWP/BENCHMARKS/NPB3.4.1/NPB3.4-MPI/bin/bt.C.x 2>> /home/lacp/NEWP/LOGS/apps_exec_std_error &> >(tee -a /home/lacp/NEWP/LOGS/LOGS_BACKUP/bt.balance-rr-2NICs-layer2.log > /tmp/nas.out) <<
Done!

226-bt-64

Sun Dec  6 02:26:01 -03 2020
Executing >> mpiexec --mca btl self,tcp --mca btl_tcp_if_include eth0 -np 64 -machinefile /home/lacp/NEWP/MACHINE_FILES/nodes64_LACP10 /home/lacp/NEWP/BENCHMARKS/NPB3.4.1/NPB3.4-MPI/bin/bt.C.x 2>> /home/lacp/NEWP/LOGS/apps_exec_std_error &> >(tee -a /home/lacp/NEWP/LOGS/LOGS_BACKUP/bt.balance-rr-2NICs-layer2.log > /tmp/nas.out) <<
Done!

227-bt-64

Sun Dec  6 02:29:00 -03 2020
Executing >> mpiexec --mca btl self,tcp --mca btl_tcp_if_include eth0 -np 64 -machinefile /home/lacp/NEWP/MACHINE_FILES/nodes64_LACP10 /home/lacp/NEWP/BENCHMARKS/NPB3.4.1/NPB3.4-MPI/bin/bt.C.x 2>> /home/lacp/NEWP/LOGS/apps_exec_std_error &> >(tee -a /home/lacp/NEWP/LOGS/LOGS_BACKUP/bt.balance-rr-2NICs-layer2.log > /tmp/nas.out) <<
Done!

228-bt-64

Sun Dec  6 02:31:54 -03 2020
Executing >> mpiexec --mca btl self,tcp --mca btl_tcp_if_include eth0 -np 64 -machinefile /home/lacp/NEWP/MACHINE_FILES/nodes64_LACP10 /home/lacp/NEWP/BENCHMARKS/NPB3.4.1/NPB3.4-MPI/bin/bt.C.x 2>> /home/lacp/NEWP/LOGS/apps_exec_std_error &> >(tee -a /home/lacp/NEWP/LOGS/LOGS_BACKUP/bt.balance-rr-2NICs-layer2.log > /tmp/nas.out) <<
Done!

229-bt-64

Sun Dec  6 02:34:50 -03 2020
Executing >> mpiexec --mca btl self,tcp --mca btl_tcp_if_include eth0 -np 64 -machinefile /home/lacp/NEWP/MACHINE_FILES/nodes64_LACP10 /home/lacp/NEWP/BENCHMARKS/NPB3.4.1/NPB3.4-MPI/bin/bt.C.x 2>> /home/lacp/NEWP/LOGS/apps_exec_std_error &> >(tee -a /home/lacp/NEWP/LOGS/LOGS_BACKUP/bt.balance-rr-2NICs-layer2.log > /tmp/nas.out) <<
Done!

230-bt-64

Sun Dec  6 02:37:46 -03 2020
Executing >> mpiexec --mca btl self,tcp --mca btl_tcp_if_include eth0 -np 64 -machinefile /home/lacp/NEWP/MACHINE_FILES/nodes64_LACP10 /home/lacp/NEWP/BENCHMARKS/NPB3.4.1/NPB3.4-MPI/bin/bt.C.x 2>> /home/lacp/NEWP/LOGS/apps_exec_std_error &> >(tee -a /home/lacp/NEWP/LOGS/LOGS_BACKUP/bt.balance-rr-2NICs-layer2.log > /tmp/nas.out) <<
Done!

231-sp-64

Sun Dec  6 02:40:44 -03 2020
Executing >> mpiexec --mca btl self,tcp --mca btl_tcp_if_include eth0 -np 64 -machinefile /home/lacp/NEWP/MACHINE_FILES/nodes64_LACP10 /home/lacp/NEWP/BENCHMARKS/NPB3.4.1/NPB3.4-MPI/bin/sp.C.x 2>> /home/lacp/NEWP/LOGS/apps_exec_std_error &> >(tee -a /home/lacp/NEWP/LOGS/LOGS_BACKUP/sp.balance-rr-2NICs-layer2.log > /tmp/nas.out) <<
Done!

232-sp-64

Sun Dec  6 02:45:24 -03 2020
Executing >> mpiexec --mca btl self,tcp --mca btl_tcp_if_include eth0 -np 64 -machinefile /home/lacp/NEWP/MACHINE_FILES/nodes64_LACP10 /home/lacp/NEWP/BENCHMARKS/NPB3.4.1/NPB3.4-MPI/bin/sp.C.x 2>> /home/lacp/NEWP/LOGS/apps_exec_std_error &> >(tee -a /home/lacp/NEWP/LOGS/LOGS_BACKUP/sp.balance-rr-2NICs-layer2.log > /tmp/nas.out) <<
Done!

233-sp-64

Sun Dec  6 02:50:00 -03 2020
Executing >> mpiexec --mca btl self,tcp --mca btl_tcp_if_include eth0 -np 64 -machinefile /home/lacp/NEWP/MACHINE_FILES/nodes64_LACP10 /home/lacp/NEWP/BENCHMARKS/NPB3.4.1/NPB3.4-MPI/bin/sp.C.x 2>> /home/lacp/NEWP/LOGS/apps_exec_std_error &> >(tee -a /home/lacp/NEWP/LOGS/LOGS_BACKUP/sp.balance-rr-2NICs-layer2.log > /tmp/nas.out) <<
Done!

234-sp-64

Sun Dec  6 02:54:50 -03 2020
Executing >> mpiexec --mca btl self,tcp --mca btl_tcp_if_include eth0 -np 64 -machinefile /home/lacp/NEWP/MACHINE_FILES/nodes64_LACP10 /home/lacp/NEWP/BENCHMARKS/NPB3.4.1/NPB3.4-MPI/bin/sp.C.x 2>> /home/lacp/NEWP/LOGS/apps_exec_std_error &> >(tee -a /home/lacp/NEWP/LOGS/LOGS_BACKUP/sp.balance-rr-2NICs-layer2.log > /tmp/nas.out) <<
Done!

235-sp-64

Sun Dec  6 02:59:31 -03 2020
Executing >> mpiexec --mca btl self,tcp --mca btl_tcp_if_include eth0 -np 64 -machinefile /home/lacp/NEWP/MACHINE_FILES/nodes64_LACP10 /home/lacp/NEWP/BENCHMARKS/NPB3.4.1/NPB3.4-MPI/bin/sp.C.x 2>> /home/lacp/NEWP/LOGS/apps_exec_std_error &> >(tee -a /home/lacp/NEWP/LOGS/LOGS_BACKUP/sp.balance-rr-2NICs-layer2.log > /tmp/nas.out) <<
Done!

236-sp-64

Sun Dec  6 03:04:05 -03 2020
Executing >> mpiexec --mca btl self,tcp --mca btl_tcp_if_include eth0 -np 64 -machinefile /home/lacp/NEWP/MACHINE_FILES/nodes64_LACP10 /home/lacp/NEWP/BENCHMARKS/NPB3.4.1/NPB3.4-MPI/bin/sp.C.x 2>> /home/lacp/NEWP/LOGS/apps_exec_std_error &> >(tee -a /home/lacp/NEWP/LOGS/LOGS_BACKUP/sp.balance-rr-2NICs-layer2.log > /tmp/nas.out) <<
Done!

237-sp-64

Sun Dec  6 03:08:45 -03 2020
Executing >> mpiexec --mca btl self,tcp --mca btl_tcp_if_include eth0 -np 64 -machinefile /home/lacp/NEWP/MACHINE_FILES/nodes64_LACP10 /home/lacp/NEWP/BENCHMARKS/NPB3.4.1/NPB3.4-MPI/bin/sp.C.x 2>> /home/lacp/NEWP/LOGS/apps_exec_std_error &> >(tee -a /home/lacp/NEWP/LOGS/LOGS_BACKUP/sp.balance-rr-2NICs-layer2.log > /tmp/nas.out) <<
Done!

238-sp-64

Sun Dec  6 03:13:29 -03 2020
Executing >> mpiexec --mca btl self,tcp --mca btl_tcp_if_include eth0 -np 64 -machinefile /home/lacp/NEWP/MACHINE_FILES/nodes64_LACP10 /home/lacp/NEWP/BENCHMARKS/NPB3.4.1/NPB3.4-MPI/bin/sp.C.x 2>> /home/lacp/NEWP/LOGS/apps_exec_std_error &> >(tee -a /home/lacp/NEWP/LOGS/LOGS_BACKUP/sp.balance-rr-2NICs-layer2.log > /tmp/nas.out) <<
Done!

239-sp-64

Sun Dec  6 03:18:11 -03 2020
Executing >> mpiexec --mca btl self,tcp --mca btl_tcp_if_include eth0 -np 64 -machinefile /home/lacp/NEWP/MACHINE_FILES/nodes64_LACP10 /home/lacp/NEWP/BENCHMARKS/NPB3.4.1/NPB3.4-MPI/bin/sp.C.x 2>> /home/lacp/NEWP/LOGS/apps_exec_std_error &> >(tee -a /home/lacp/NEWP/LOGS/LOGS_BACKUP/sp.balance-rr-2NICs-layer2.log > /tmp/nas.out) <<
Done!

240-sp-64

Sun Dec  6 03:22:53 -03 2020
Executing >> mpiexec --mca btl self,tcp --mca btl_tcp_if_include eth0 -np 64 -machinefile /home/lacp/NEWP/MACHINE_FILES/nodes64_LACP10 /home/lacp/NEWP/BENCHMARKS/NPB3.4.1/NPB3.4-MPI/bin/sp.C.x 2>> /home/lacp/NEWP/LOGS/apps_exec_std_error &> >(tee -a /home/lacp/NEWP/LOGS/LOGS_BACKUP/sp.balance-rr-2NICs-layer2.log > /tmp/nas.out) <<
Done!
