

 NAS Parallel Benchmarks 3.4 -- IS Benchmark

 Size:  134217728  (class C)
 Iterations:   10
 Total number of processes:  16

   iteration
        1
        2
        3
        4
        5
        6
        7
        8
        9
        10


 IS Benchmark Completed
 Class           =                        C
 Size            =                134217728
 Iterations      =                       10
 Time in seconds =                    12.01
 Total processes =                       16
 Active processes=                       16
 Mop/s total     =                   111.79
 Mop/s/process   =                     6.99
 Operation type  =              keys ranked
 Verification    =               SUCCESSFUL
 Version         =                    3.4.1
 Compile date    =              13 Dec 2020

 Compile options:
    MPICC        = mpicc
    CLINK        = $(MPICC)
    CMPI_LIB     = (none)
    CMPI_INC     = (none)
    CFLAGS       = -O3
    CLINKFLAGS   = $(CFLAGS)


 Please send feedbacks and/or the results of this run to:

 NPB Development Team
 npb@nas.nasa.gov




 NAS Parallel Benchmarks 3.4 -- IS Benchmark

 Size:  134217728  (class C)
 Iterations:   10
 Total number of processes:  16

   iteration
        1
        2
        3
        4
        5
        6
        7
        8
        9
        10


 IS Benchmark Completed
 Class           =                        C
 Size            =                134217728
 Iterations      =                       10
 Time in seconds =                    11.87
 Total processes =                       16
 Active processes=                       16
 Mop/s total     =                   113.11
 Mop/s/process   =                     7.07
 Operation type  =              keys ranked
 Verification    =               SUCCESSFUL
 Version         =                    3.4.1
 Compile date    =              13 Dec 2020

 Compile options:
    MPICC        = mpicc
    CLINK        = $(MPICC)
    CMPI_LIB     = (none)
    CMPI_INC     = (none)
    CFLAGS       = -O3
    CLINKFLAGS   = $(CFLAGS)


 Please send feedbacks and/or the results of this run to:

 NPB Development Team
 npb@nas.nasa.gov




 NAS Parallel Benchmarks 3.4 -- IS Benchmark

 Size:  134217728  (class C)
 Iterations:   10
 Total number of processes:  16

   iteration
        1
        2
        3
        4
        5
        6
        7
        8
        9
        10


 IS Benchmark Completed
 Class           =                        C
 Size            =                134217728
 Iterations      =                       10
 Time in seconds =                    12.04
 Total processes =                       16
 Active processes=                       16
 Mop/s total     =                   111.45
 Mop/s/process   =                     6.97
 Operation type  =              keys ranked
 Verification    =               SUCCESSFUL
 Version         =                    3.4.1
 Compile date    =              13 Dec 2020

 Compile options:
    MPICC        = mpicc
    CLINK        = $(MPICC)
    CMPI_LIB     = (none)
    CMPI_INC     = (none)
    CFLAGS       = -O3
    CLINKFLAGS   = $(CFLAGS)


 Please send feedbacks and/or the results of this run to:

 NPB Development Team
 npb@nas.nasa.gov




 NAS Parallel Benchmarks 3.4 -- IS Benchmark

 Size:  134217728  (class C)
 Iterations:   10
 Total number of processes:  16

   iteration
        1
        2
        3
        4
        5
        6
        7
        8
        9
        10


 IS Benchmark Completed
 Class           =                        C
 Size            =                134217728
 Iterations      =                       10
 Time in seconds =                    11.82
 Total processes =                       16
 Active processes=                       16
 Mop/s total     =                   113.57
 Mop/s/process   =                     7.10
 Operation type  =              keys ranked
 Verification    =               SUCCESSFUL
 Version         =                    3.4.1
 Compile date    =              13 Dec 2020

 Compile options:
    MPICC        = mpicc
    CLINK        = $(MPICC)
    CMPI_LIB     = (none)
    CMPI_INC     = (none)
    CFLAGS       = -O3
    CLINKFLAGS   = $(CFLAGS)


 Please send feedbacks and/or the results of this run to:

 NPB Development Team
 npb@nas.nasa.gov




 NAS Parallel Benchmarks 3.4 -- IS Benchmark

 Size:  134217728  (class C)
 Iterations:   10
 Total number of processes:  16

   iteration
        1
        2
        3
        4
        5
        6
        7
        8
        9
        10


 IS Benchmark Completed
 Class           =                        C
 Size            =                134217728
 Iterations      =                       10
 Time in seconds =                    11.56
 Total processes =                       16
 Active processes=                       16
 Mop/s total     =                   116.14
 Mop/s/process   =                     7.26
 Operation type  =              keys ranked
 Verification    =               SUCCESSFUL
 Version         =                    3.4.1
 Compile date    =              13 Dec 2020

 Compile options:
    MPICC        = mpicc
    CLINK        = $(MPICC)
    CMPI_LIB     = (none)
    CMPI_INC     = (none)
    CFLAGS       = -O3
    CLINKFLAGS   = $(CFLAGS)


 Please send feedbacks and/or the results of this run to:

 NPB Development Team
 npb@nas.nasa.gov




 NAS Parallel Benchmarks 3.4 -- IS Benchmark

 Size:  134217728  (class C)
 Iterations:   10
 Total number of processes:  16

   iteration
        1
        2
        3
        4
        5
        6
        7
        8
        9
        10


 IS Benchmark Completed
 Class           =                        C
 Size            =                134217728
 Iterations      =                       10
 Time in seconds =                    11.83
 Total processes =                       16
 Active processes=                       16
 Mop/s total     =                   113.44
 Mop/s/process   =                     7.09
 Operation type  =              keys ranked
 Verification    =               SUCCESSFUL
 Version         =                    3.4.1
 Compile date    =              13 Dec 2020

 Compile options:
    MPICC        = mpicc
    CLINK        = $(MPICC)
    CMPI_LIB     = (none)
    CMPI_INC     = (none)
    CFLAGS       = -O3
    CLINKFLAGS   = $(CFLAGS)


 Please send feedbacks and/or the results of this run to:

 NPB Development Team
 npb@nas.nasa.gov




 NAS Parallel Benchmarks 3.4 -- IS Benchmark

 Size:  134217728  (class C)
 Iterations:   10
 Total number of processes:  16

   iteration
        1
        2
        3
        4
        5
        6
        7
        8
        9
        10


 IS Benchmark Completed
 Class           =                        C
 Size            =                134217728
 Iterations      =                       10
 Time in seconds =                    12.42
 Total processes =                       16
 Active processes=                       16
 Mop/s total     =                   108.07
 Mop/s/process   =                     6.75
 Operation type  =              keys ranked
 Verification    =               SUCCESSFUL
 Version         =                    3.4.1
 Compile date    =              13 Dec 2020

 Compile options:
    MPICC        = mpicc
    CLINK        = $(MPICC)
    CMPI_LIB     = (none)
    CMPI_INC     = (none)
    CFLAGS       = -O3
    CLINKFLAGS   = $(CFLAGS)


 Please send feedbacks and/or the results of this run to:

 NPB Development Team
 npb@nas.nasa.gov




 NAS Parallel Benchmarks 3.4 -- IS Benchmark

 Size:  134217728  (class C)
 Iterations:   10
 Total number of processes:  16

   iteration
        1
        2
        3
        4
        5
        6
        7
        8
        9
        10


 IS Benchmark Completed
 Class           =                        C
 Size            =                134217728
 Iterations      =                       10
 Time in seconds =                    11.69
 Total processes =                       16
 Active processes=                       16
 Mop/s total     =                   114.85
 Mop/s/process   =                     7.18
 Operation type  =              keys ranked
 Verification    =               SUCCESSFUL
 Version         =                    3.4.1
 Compile date    =              13 Dec 2020

 Compile options:
    MPICC        = mpicc
    CLINK        = $(MPICC)
    CMPI_LIB     = (none)
    CMPI_INC     = (none)
    CFLAGS       = -O3
    CLINKFLAGS   = $(CFLAGS)


 Please send feedbacks and/or the results of this run to:

 NPB Development Team
 npb@nas.nasa.gov




 NAS Parallel Benchmarks 3.4 -- IS Benchmark

 Size:  134217728  (class C)
 Iterations:   10
 Total number of processes:  16

   iteration
        1
        2
        3
        4
        5
        6
        7
        8
        9
        10


 IS Benchmark Completed
 Class           =                        C
 Size            =                134217728
 Iterations      =                       10
 Time in seconds =                    11.83
 Total processes =                       16
 Active processes=                       16
 Mop/s total     =                   113.42
 Mop/s/process   =                     7.09
 Operation type  =              keys ranked
 Verification    =               SUCCESSFUL
 Version         =                    3.4.1
 Compile date    =              13 Dec 2020

 Compile options:
    MPICC        = mpicc
    CLINK        = $(MPICC)
    CMPI_LIB     = (none)
    CMPI_INC     = (none)
    CFLAGS       = -O3
    CLINKFLAGS   = $(CFLAGS)


 Please send feedbacks and/or the results of this run to:

 NPB Development Team
 npb@nas.nasa.gov




 NAS Parallel Benchmarks 3.4 -- IS Benchmark

 Size:  134217728  (class C)
 Iterations:   10
 Total number of processes:  16

   iteration
        1
        2
        3
        4
        5
        6
        7
        8
        9
        10


 IS Benchmark Completed
 Class           =                        C
 Size            =                134217728
 Iterations      =                       10
 Time in seconds =                    11.85
 Total processes =                       16
 Active processes=                       16
 Mop/s total     =                   113.22
 Mop/s/process   =                     7.08
 Operation type  =              keys ranked
 Verification    =               SUCCESSFUL
 Version         =                    3.4.1
 Compile date    =              13 Dec 2020

 Compile options:
    MPICC        = mpicc
    CLINK        = $(MPICC)
    CMPI_LIB     = (none)
    CMPI_INC     = (none)
    CFLAGS       = -O3
    CLINKFLAGS   = $(CFLAGS)


 Please send feedbacks and/or the results of this run to:

 NPB Development Team
 npb@nas.nasa.gov




 NAS Parallel Benchmarks 3.4 -- IS Benchmark

 Size:  134217728  (class C)
 Iterations:   10
 Total number of processes:  16

   iteration
        1
        2
        3
        4
        5
        6
        7
        8
        9
        10


 IS Benchmark Completed
 Class           =                        C
 Size            =                134217728
 Iterations      =                       10
 Time in seconds =                    11.93
 Total processes =                       16
 Active processes=                       16
 Mop/s total     =                   112.51
 Mop/s/process   =                     7.03
 Operation type  =              keys ranked
 Verification    =               SUCCESSFUL
 Version         =                    3.4.1
 Compile date    =              13 Dec 2020

 Compile options:
    MPICC        = mpicc
    CLINK        = $(MPICC)
    CMPI_LIB     = (none)
    CMPI_INC     = (none)
    CFLAGS       = -O3
    CLINKFLAGS   = $(CFLAGS)


 Please send feedbacks and/or the results of this run to:

 NPB Development Team
 npb@nas.nasa.gov




 NAS Parallel Benchmarks 3.4 -- IS Benchmark

 Size:  134217728  (class C)
 Iterations:   10
 Total number of processes:  16

   iteration
        1
        2
        3
        4
        5
        6
        7
        8
        9
        10


 IS Benchmark Completed
 Class           =                        C
 Size            =                134217728
 Iterations      =                       10
 Time in seconds =                    11.85
 Total processes =                       16
 Active processes=                       16
 Mop/s total     =                   113.30
 Mop/s/process   =                     7.08
 Operation type  =              keys ranked
 Verification    =               SUCCESSFUL
 Version         =                    3.4.1
 Compile date    =              13 Dec 2020

 Compile options:
    MPICC        = mpicc
    CLINK        = $(MPICC)
    CMPI_LIB     = (none)
    CMPI_INC     = (none)
    CFLAGS       = -O3
    CLINKFLAGS   = $(CFLAGS)


 Please send feedbacks and/or the results of this run to:

 NPB Development Team
 npb@nas.nasa.gov




 NAS Parallel Benchmarks 3.4 -- IS Benchmark

 Size:  134217728  (class C)
 Iterations:   10
 Total number of processes:  16

   iteration
        1
        2
        3
        4
        5
        6
        7
        8
        9
        10


 IS Benchmark Completed
 Class           =                        C
 Size            =                134217728
 Iterations      =                       10
 Time in seconds =                    11.96
 Total processes =                       16
 Active processes=                       16
 Mop/s total     =                   112.18
 Mop/s/process   =                     7.01
 Operation type  =              keys ranked
 Verification    =               SUCCESSFUL
 Version         =                    3.4.1
 Compile date    =              13 Dec 2020

 Compile options:
    MPICC        = mpicc
    CLINK        = $(MPICC)
    CMPI_LIB     = (none)
    CMPI_INC     = (none)
    CFLAGS       = -O3
    CLINKFLAGS   = $(CFLAGS)


 Please send feedbacks and/or the results of this run to:

 NPB Development Team
 npb@nas.nasa.gov




 NAS Parallel Benchmarks 3.4 -- IS Benchmark

 Size:  134217728  (class C)
 Iterations:   10
 Total number of processes:  16

   iteration
        1
        2
        3
        4
        5
        6
        7
        8
        9
        10


 IS Benchmark Completed
 Class           =                        C
 Size            =                134217728
 Iterations      =                       10
 Time in seconds =                    11.74
 Total processes =                       16
 Active processes=                       16
 Mop/s total     =                   114.33
 Mop/s/process   =                     7.15
 Operation type  =              keys ranked
 Verification    =               SUCCESSFUL
 Version         =                    3.4.1
 Compile date    =              13 Dec 2020

 Compile options:
    MPICC        = mpicc
    CLINK        = $(MPICC)
    CMPI_LIB     = (none)
    CMPI_INC     = (none)
    CFLAGS       = -O3
    CLINKFLAGS   = $(CFLAGS)


 Please send feedbacks and/or the results of this run to:

 NPB Development Team
 npb@nas.nasa.gov




 NAS Parallel Benchmarks 3.4 -- IS Benchmark

 Size:  134217728  (class C)
 Iterations:   10
 Total number of processes:  16

   iteration
        1
        2
        3
        4
        5
        6
        7
        8
        9
        10


 IS Benchmark Completed
 Class           =                        C
 Size            =                134217728
 Iterations      =                       10
 Time in seconds =                    11.55
 Total processes =                       16
 Active processes=                       16
 Mop/s total     =                   116.24
 Mop/s/process   =                     7.26
 Operation type  =              keys ranked
 Verification    =               SUCCESSFUL
 Version         =                    3.4.1
 Compile date    =              13 Dec 2020

 Compile options:
    MPICC        = mpicc
    CLINK        = $(MPICC)
    CMPI_LIB     = (none)
    CMPI_INC     = (none)
    CFLAGS       = -O3
    CLINKFLAGS   = $(CFLAGS)


 Please send feedbacks and/or the results of this run to:

 NPB Development Team
 npb@nas.nasa.gov




 NAS Parallel Benchmarks 3.4 -- IS Benchmark

 Size:  134217728  (class C)
 Iterations:   10
 Total number of processes:  16

   iteration
        1
        2
        3
        4
        5
        6
        7
        8
        9
        10


 IS Benchmark Completed
 Class           =                        C
 Size            =                134217728
 Iterations      =                       10
 Time in seconds =                    11.83
 Total processes =                       16
 Active processes=                       16
 Mop/s total     =                   113.42
 Mop/s/process   =                     7.09
 Operation type  =              keys ranked
 Verification    =               SUCCESSFUL
 Version         =                    3.4.1
 Compile date    =              13 Dec 2020

 Compile options:
    MPICC        = mpicc
    CLINK        = $(MPICC)
    CMPI_LIB     = (none)
    CMPI_INC     = (none)
    CFLAGS       = -O3
    CLINKFLAGS   = $(CFLAGS)


 Please send feedbacks and/or the results of this run to:

 NPB Development Team
 npb@nas.nasa.gov




 NAS Parallel Benchmarks 3.4 -- IS Benchmark

 Size:  134217728  (class C)
 Iterations:   10
 Total number of processes:  16

   iteration
        1
        2
        3
        4
        5
        6
        7
        8
        9
        10


 IS Benchmark Completed
 Class           =                        C
 Size            =                134217728
 Iterations      =                       10
 Time in seconds =                    11.63
 Total processes =                       16
 Active processes=                       16
 Mop/s total     =                   115.42
 Mop/s/process   =                     7.21
 Operation type  =              keys ranked
 Verification    =               SUCCESSFUL
 Version         =                    3.4.1
 Compile date    =              13 Dec 2020

 Compile options:
    MPICC        = mpicc
    CLINK        = $(MPICC)
    CMPI_LIB     = (none)
    CMPI_INC     = (none)
    CFLAGS       = -O3
    CLINKFLAGS   = $(CFLAGS)


 Please send feedbacks and/or the results of this run to:

 NPB Development Team
 npb@nas.nasa.gov




 NAS Parallel Benchmarks 3.4 -- IS Benchmark

 Size:  134217728  (class C)
 Iterations:   10
 Total number of processes:  16

   iteration
        1
        2
        3
        4
        5
        6
        7
        8
        9
        10


 IS Benchmark Completed
 Class           =                        C
 Size            =                134217728
 Iterations      =                       10
 Time in seconds =                    11.83
 Total processes =                       16
 Active processes=                       16
 Mop/s total     =                   113.50
 Mop/s/process   =                     7.09
 Operation type  =              keys ranked
 Verification    =               SUCCESSFUL
 Version         =                    3.4.1
 Compile date    =              13 Dec 2020

 Compile options:
    MPICC        = mpicc
    CLINK        = $(MPICC)
    CMPI_LIB     = (none)
    CMPI_INC     = (none)
    CFLAGS       = -O3
    CLINKFLAGS   = $(CFLAGS)


 Please send feedbacks and/or the results of this run to:

 NPB Development Team
 npb@nas.nasa.gov




 NAS Parallel Benchmarks 3.4 -- IS Benchmark

 Size:  134217728  (class C)
 Iterations:   10
 Total number of processes:  16

   iteration
        1
        2
        3
        4
        5
        6
        7
        8
        9
        10


 IS Benchmark Completed
 Class           =                        C
 Size            =                134217728
 Iterations      =                       10
 Time in seconds =                    11.87
 Total processes =                       16
 Active processes=                       16
 Mop/s total     =                   113.10
 Mop/s/process   =                     7.07
 Operation type  =              keys ranked
 Verification    =               SUCCESSFUL
 Version         =                    3.4.1
 Compile date    =              13 Dec 2020

 Compile options:
    MPICC        = mpicc
    CLINK        = $(MPICC)
    CMPI_LIB     = (none)
    CMPI_INC     = (none)
    CFLAGS       = -O3
    CLINKFLAGS   = $(CFLAGS)


 Please send feedbacks and/or the results of this run to:

 NPB Development Team
 npb@nas.nasa.gov




 NAS Parallel Benchmarks 3.4 -- IS Benchmark

 Size:  134217728  (class C)
 Iterations:   10
 Total number of processes:  16

   iteration
        1
        2
        3
        4
        5
        6
        7
        8
        9
        10


 IS Benchmark Completed
 Class           =                        C
 Size            =                134217728
 Iterations      =                       10
 Time in seconds =                    11.90
 Total processes =                       16
 Active processes=                       16
 Mop/s total     =                   112.81
 Mop/s/process   =                     7.05
 Operation type  =              keys ranked
 Verification    =               SUCCESSFUL
 Version         =                    3.4.1
 Compile date    =              13 Dec 2020

 Compile options:
    MPICC        = mpicc
    CLINK        = $(MPICC)
    CMPI_LIB     = (none)
    CMPI_INC     = (none)
    CFLAGS       = -O3
    CLINKFLAGS   = $(CFLAGS)


 Please send feedbacks and/or the results of this run to:

 NPB Development Team
 npb@nas.nasa.gov




 NAS Parallel Benchmarks 3.4 -- IS Benchmark

 Size:  134217728  (class C)
 Iterations:   10
 Total number of processes:  64

   iteration
        1
        2
        3
        4
        5
        6
        7
        8
        9
        10


 IS Benchmark Completed
 Class           =                        C
 Size            =                134217728
 Iterations      =                       10
 Time in seconds =                    15.60
 Total processes =                       64
 Active processes=                       64
 Mop/s total     =                    86.03
 Mop/s/process   =                     1.34
 Operation type  =              keys ranked
 Verification    =               SUCCESSFUL
 Version         =                    3.4.1
 Compile date    =              13 Dec 2020

 Compile options:
    MPICC        = mpicc
    CLINK        = $(MPICC)
    CMPI_LIB     = (none)
    CMPI_INC     = (none)
    CFLAGS       = -O3
    CLINKFLAGS   = $(CFLAGS)


 Please send feedbacks and/or the results of this run to:

 NPB Development Team
 npb@nas.nasa.gov




 NAS Parallel Benchmarks 3.4 -- IS Benchmark

 Size:  134217728  (class C)
 Iterations:   10
 Total number of processes:  64

   iteration
        1
        2
        3
        4
        5
        6
        7
        8
        9
        10


 IS Benchmark Completed
 Class           =                        C
 Size            =                134217728
 Iterations      =                       10
 Time in seconds =                    15.60
 Total processes =                       64
 Active processes=                       64
 Mop/s total     =                    86.02
 Mop/s/process   =                     1.34
 Operation type  =              keys ranked
 Verification    =               SUCCESSFUL
 Version         =                    3.4.1
 Compile date    =              13 Dec 2020

 Compile options:
    MPICC        = mpicc
    CLINK        = $(MPICC)
    CMPI_LIB     = (none)
    CMPI_INC     = (none)
    CFLAGS       = -O3
    CLINKFLAGS   = $(CFLAGS)


 Please send feedbacks and/or the results of this run to:

 NPB Development Team
 npb@nas.nasa.gov




 NAS Parallel Benchmarks 3.4 -- IS Benchmark

 Size:  134217728  (class C)
 Iterations:   10
 Total number of processes:  64

   iteration
        1
        2
        3
        4
        5
        6
        7
        8
        9
        10


 IS Benchmark Completed
 Class           =                        C
 Size            =                134217728
 Iterations      =                       10
 Time in seconds =                    16.06
 Total processes =                       64
 Active processes=                       64
 Mop/s total     =                    83.59
 Mop/s/process   =                     1.31
 Operation type  =              keys ranked
 Verification    =               SUCCESSFUL
 Version         =                    3.4.1
 Compile date    =              13 Dec 2020

 Compile options:
    MPICC        = mpicc
    CLINK        = $(MPICC)
    CMPI_LIB     = (none)
    CMPI_INC     = (none)
    CFLAGS       = -O3
    CLINKFLAGS   = $(CFLAGS)


 Please send feedbacks and/or the results of this run to:

 NPB Development Team
 npb@nas.nasa.gov




 NAS Parallel Benchmarks 3.4 -- IS Benchmark

 Size:  134217728  (class C)
 Iterations:   10
 Total number of processes:  64

   iteration
        1
        2
        3
        4
        5
        6
        7
        8
        9
        10


 IS Benchmark Completed
 Class           =                        C
 Size            =                134217728
 Iterations      =                       10
 Time in seconds =                    15.99
 Total processes =                       64
 Active processes=                       64
 Mop/s total     =                    83.95
 Mop/s/process   =                     1.31
 Operation type  =              keys ranked
 Verification    =               SUCCESSFUL
 Version         =                    3.4.1
 Compile date    =              13 Dec 2020

 Compile options:
    MPICC        = mpicc
    CLINK        = $(MPICC)
    CMPI_LIB     = (none)
    CMPI_INC     = (none)
    CFLAGS       = -O3
    CLINKFLAGS   = $(CFLAGS)


 Please send feedbacks and/or the results of this run to:

 NPB Development Team
 npb@nas.nasa.gov




 NAS Parallel Benchmarks 3.4 -- IS Benchmark

 Size:  134217728  (class C)
 Iterations:   10
 Total number of processes:  64

   iteration
        1
        2
        3
        4
        5
        6
        7
        8
        9
        10


 IS Benchmark Completed
 Class           =                        C
 Size            =                134217728
 Iterations      =                       10
 Time in seconds =                    15.47
 Total processes =                       64
 Active processes=                       64
 Mop/s total     =                    86.76
 Mop/s/process   =                     1.36
 Operation type  =              keys ranked
 Verification    =               SUCCESSFUL
 Version         =                    3.4.1
 Compile date    =              13 Dec 2020

 Compile options:
    MPICC        = mpicc
    CLINK        = $(MPICC)
    CMPI_LIB     = (none)
    CMPI_INC     = (none)
    CFLAGS       = -O3
    CLINKFLAGS   = $(CFLAGS)


 Please send feedbacks and/or the results of this run to:

 NPB Development Team
 npb@nas.nasa.gov




 NAS Parallel Benchmarks 3.4 -- IS Benchmark

 Size:  134217728  (class C)
 Iterations:   10
 Total number of processes:  64

   iteration
        1
        2
        3
        4
        5
        6
        7
        8
        9
        10


 IS Benchmark Completed
 Class           =                        C
 Size            =                134217728
 Iterations      =                       10
 Time in seconds =                    15.36
 Total processes =                       64
 Active processes=                       64
 Mop/s total     =                    87.40
 Mop/s/process   =                     1.37
 Operation type  =              keys ranked
 Verification    =               SUCCESSFUL
 Version         =                    3.4.1
 Compile date    =              13 Dec 2020

 Compile options:
    MPICC        = mpicc
    CLINK        = $(MPICC)
    CMPI_LIB     = (none)
    CMPI_INC     = (none)
    CFLAGS       = -O3
    CLINKFLAGS   = $(CFLAGS)


 Please send feedbacks and/or the results of this run to:

 NPB Development Team
 npb@nas.nasa.gov




 NAS Parallel Benchmarks 3.4 -- IS Benchmark

 Size:  134217728  (class C)
 Iterations:   10
 Total number of processes:  64

   iteration
        1
        2
        3
        4
        5
        6
        7
        8
        9
        10


 IS Benchmark Completed
 Class           =                        C
 Size            =                134217728
 Iterations      =                       10
 Time in seconds =                    15.68
 Total processes =                       64
 Active processes=                       64
 Mop/s total     =                    85.61
 Mop/s/process   =                     1.34
 Operation type  =              keys ranked
 Verification    =               SUCCESSFUL
 Version         =                    3.4.1
 Compile date    =              13 Dec 2020

 Compile options:
    MPICC        = mpicc
    CLINK        = $(MPICC)
    CMPI_LIB     = (none)
    CMPI_INC     = (none)
    CFLAGS       = -O3
    CLINKFLAGS   = $(CFLAGS)


 Please send feedbacks and/or the results of this run to:

 NPB Development Team
 npb@nas.nasa.gov




 NAS Parallel Benchmarks 3.4 -- IS Benchmark

 Size:  134217728  (class C)
 Iterations:   10
 Total number of processes:  64

   iteration
        1
        2
        3
        4
        5
        6
        7
        8
        9
        10


 IS Benchmark Completed
 Class           =                        C
 Size            =                134217728
 Iterations      =                       10
 Time in seconds =                    15.96
 Total processes =                       64
 Active processes=                       64
 Mop/s total     =                    84.08
 Mop/s/process   =                     1.31
 Operation type  =              keys ranked
 Verification    =               SUCCESSFUL
 Version         =                    3.4.1
 Compile date    =              13 Dec 2020

 Compile options:
    MPICC        = mpicc
    CLINK        = $(MPICC)
    CMPI_LIB     = (none)
    CMPI_INC     = (none)
    CFLAGS       = -O3
    CLINKFLAGS   = $(CFLAGS)


 Please send feedbacks and/or the results of this run to:

 NPB Development Team
 npb@nas.nasa.gov




 NAS Parallel Benchmarks 3.4 -- IS Benchmark

 Size:  134217728  (class C)
 Iterations:   10
 Total number of processes:  64

   iteration
        1
        2
        3
        4
        5
        6
        7
        8
        9
        10


 IS Benchmark Completed
 Class           =                        C
 Size            =                134217728
 Iterations      =                       10
 Time in seconds =                    15.75
 Total processes =                       64
 Active processes=                       64
 Mop/s total     =                    85.20
 Mop/s/process   =                     1.33
 Operation type  =              keys ranked
 Verification    =               SUCCESSFUL
 Version         =                    3.4.1
 Compile date    =              13 Dec 2020

 Compile options:
    MPICC        = mpicc
    CLINK        = $(MPICC)
    CMPI_LIB     = (none)
    CMPI_INC     = (none)
    CFLAGS       = -O3
    CLINKFLAGS   = $(CFLAGS)


 Please send feedbacks and/or the results of this run to:

 NPB Development Team
 npb@nas.nasa.gov




 NAS Parallel Benchmarks 3.4 -- IS Benchmark

 Size:  134217728  (class C)
 Iterations:   10
 Total number of processes:  64

   iteration
        1
        2
        3
        4
        5
        6
        7
        8
        9
        10


 IS Benchmark Completed
 Class           =                        C
 Size            =                134217728
 Iterations      =                       10
 Time in seconds =                    15.51
 Total processes =                       64
 Active processes=                       64
 Mop/s total     =                    86.51
 Mop/s/process   =                     1.35
 Operation type  =              keys ranked
 Verification    =               SUCCESSFUL
 Version         =                    3.4.1
 Compile date    =              13 Dec 2020

 Compile options:
    MPICC        = mpicc
    CLINK        = $(MPICC)
    CMPI_LIB     = (none)
    CMPI_INC     = (none)
    CFLAGS       = -O3
    CLINKFLAGS   = $(CFLAGS)


 Please send feedbacks and/or the results of this run to:

 NPB Development Team
 npb@nas.nasa.gov




 NAS Parallel Benchmarks 3.4 -- IS Benchmark

 Size:  134217728  (class C)
 Iterations:   10
 Total number of processes:  64

   iteration
        1
        2
        3
        4
        5
        6
        7
        8
        9
        10


 IS Benchmark Completed
 Class           =                        C
 Size            =                134217728
 Iterations      =                       10
 Time in seconds =                    16.08
 Total processes =                       64
 Active processes=                       64
 Mop/s total     =                    83.48
 Mop/s/process   =                     1.30
 Operation type  =              keys ranked
 Verification    =               SUCCESSFUL
 Version         =                    3.4.1
 Compile date    =              13 Dec 2020

 Compile options:
    MPICC        = mpicc
    CLINK        = $(MPICC)
    CMPI_LIB     = (none)
    CMPI_INC     = (none)
    CFLAGS       = -O3
    CLINKFLAGS   = $(CFLAGS)


 Please send feedbacks and/or the results of this run to:

 NPB Development Team
 npb@nas.nasa.gov




 NAS Parallel Benchmarks 3.4 -- IS Benchmark

 Size:  134217728  (class C)
 Iterations:   10
 Total number of processes:  64

   iteration
        1
        2
        3
        4
        5
        6
        7
        8
        9
        10


 IS Benchmark Completed
 Class           =                        C
 Size            =                134217728
 Iterations      =                       10
 Time in seconds =                    15.86
 Total processes =                       64
 Active processes=                       64
 Mop/s total     =                    84.61
 Mop/s/process   =                     1.32
 Operation type  =              keys ranked
 Verification    =               SUCCESSFUL
 Version         =                    3.4.1
 Compile date    =              13 Dec 2020

 Compile options:
    MPICC        = mpicc
    CLINK        = $(MPICC)
    CMPI_LIB     = (none)
    CMPI_INC     = (none)
    CFLAGS       = -O3
    CLINKFLAGS   = $(CFLAGS)


 Please send feedbacks and/or the results of this run to:

 NPB Development Team
 npb@nas.nasa.gov




 NAS Parallel Benchmarks 3.4 -- IS Benchmark

 Size:  134217728  (class C)
 Iterations:   10
 Total number of processes:  64

   iteration
        1
        2
        3
        4
        5
        6
        7
        8
        9
        10


 IS Benchmark Completed
 Class           =                        C
 Size            =                134217728
 Iterations      =                       10
 Time in seconds =                    16.09
 Total processes =                       64
 Active processes=                       64
 Mop/s total     =                    83.43
 Mop/s/process   =                     1.30
 Operation type  =              keys ranked
 Verification    =               SUCCESSFUL
 Version         =                    3.4.1
 Compile date    =              13 Dec 2020

 Compile options:
    MPICC        = mpicc
    CLINK        = $(MPICC)
    CMPI_LIB     = (none)
    CMPI_INC     = (none)
    CFLAGS       = -O3
    CLINKFLAGS   = $(CFLAGS)


 Please send feedbacks and/or the results of this run to:

 NPB Development Team
 npb@nas.nasa.gov




 NAS Parallel Benchmarks 3.4 -- IS Benchmark

 Size:  134217728  (class C)
 Iterations:   10
 Total number of processes:  64

   iteration
        1
        2
        3
        4
        5
        6
        7
        8
        9
        10


 IS Benchmark Completed
 Class           =                        C
 Size            =                134217728
 Iterations      =                       10
 Time in seconds =                    15.75
 Total processes =                       64
 Active processes=                       64
 Mop/s total     =                    85.23
 Mop/s/process   =                     1.33
 Operation type  =              keys ranked
 Verification    =               SUCCESSFUL
 Version         =                    3.4.1
 Compile date    =              13 Dec 2020

 Compile options:
    MPICC        = mpicc
    CLINK        = $(MPICC)
    CMPI_LIB     = (none)
    CMPI_INC     = (none)
    CFLAGS       = -O3
    CLINKFLAGS   = $(CFLAGS)


 Please send feedbacks and/or the results of this run to:

 NPB Development Team
 npb@nas.nasa.gov




 NAS Parallel Benchmarks 3.4 -- IS Benchmark

 Size:  134217728  (class C)
 Iterations:   10
 Total number of processes:  64

   iteration
        1
        2
        3
        4
        5
        6
        7
        8
        9
        10


 IS Benchmark Completed
 Class           =                        C
 Size            =                134217728
 Iterations      =                       10
 Time in seconds =                    15.65
 Total processes =                       64
 Active processes=                       64
 Mop/s total     =                    85.76
 Mop/s/process   =                     1.34
 Operation type  =              keys ranked
 Verification    =               SUCCESSFUL
 Version         =                    3.4.1
 Compile date    =              13 Dec 2020

 Compile options:
    MPICC        = mpicc
    CLINK        = $(MPICC)
    CMPI_LIB     = (none)
    CMPI_INC     = (none)
    CFLAGS       = -O3
    CLINKFLAGS   = $(CFLAGS)


 Please send feedbacks and/or the results of this run to:

 NPB Development Team
 npb@nas.nasa.gov




 NAS Parallel Benchmarks 3.4 -- IS Benchmark

 Size:  134217728  (class C)
 Iterations:   10
 Total number of processes:  64

   iteration
        1
        2
        3
        4
        5
        6
        7
        8
        9
        10


 IS Benchmark Completed
 Class           =                        C
 Size            =                134217728
 Iterations      =                       10
 Time in seconds =                    15.63
 Total processes =                       64
 Active processes=                       64
 Mop/s total     =                    85.86
 Mop/s/process   =                     1.34
 Operation type  =              keys ranked
 Verification    =               SUCCESSFUL
 Version         =                    3.4.1
 Compile date    =              13 Dec 2020

 Compile options:
    MPICC        = mpicc
    CLINK        = $(MPICC)
    CMPI_LIB     = (none)
    CMPI_INC     = (none)
    CFLAGS       = -O3
    CLINKFLAGS   = $(CFLAGS)


 Please send feedbacks and/or the results of this run to:

 NPB Development Team
 npb@nas.nasa.gov




 NAS Parallel Benchmarks 3.4 -- IS Benchmark

 Size:  134217728  (class C)
 Iterations:   10
 Total number of processes:  64

   iteration
        1
        2
        3
        4
        5
        6
        7
        8
        9
        10


 IS Benchmark Completed
 Class           =                        C
 Size            =                134217728
 Iterations      =                       10
 Time in seconds =                    15.54
 Total processes =                       64
 Active processes=                       64
 Mop/s total     =                    86.39
 Mop/s/process   =                     1.35
 Operation type  =              keys ranked
 Verification    =               SUCCESSFUL
 Version         =                    3.4.1
 Compile date    =              13 Dec 2020

 Compile options:
    MPICC        = mpicc
    CLINK        = $(MPICC)
    CMPI_LIB     = (none)
    CMPI_INC     = (none)
    CFLAGS       = -O3
    CLINKFLAGS   = $(CFLAGS)


 Please send feedbacks and/or the results of this run to:

 NPB Development Team
 npb@nas.nasa.gov




 NAS Parallel Benchmarks 3.4 -- IS Benchmark

 Size:  134217728  (class C)
 Iterations:   10
 Total number of processes:  64

   iteration
        1
        2
        3
        4
        5
        6
        7
        8
        9
        10


 IS Benchmark Completed
 Class           =                        C
 Size            =                134217728
 Iterations      =                       10
 Time in seconds =                    15.58
 Total processes =                       64
 Active processes=                       64
 Mop/s total     =                    86.17
 Mop/s/process   =                     1.35
 Operation type  =              keys ranked
 Verification    =               SUCCESSFUL
 Version         =                    3.4.1
 Compile date    =              13 Dec 2020

 Compile options:
    MPICC        = mpicc
    CLINK        = $(MPICC)
    CMPI_LIB     = (none)
    CMPI_INC     = (none)
    CFLAGS       = -O3
    CLINKFLAGS   = $(CFLAGS)


 Please send feedbacks and/or the results of this run to:

 NPB Development Team
 npb@nas.nasa.gov




 NAS Parallel Benchmarks 3.4 -- IS Benchmark

 Size:  134217728  (class C)
 Iterations:   10
 Total number of processes:  64

   iteration
        1
        2
        3
        4
        5
        6
        7
        8
        9
        10


 IS Benchmark Completed
 Class           =                        C
 Size            =                134217728
 Iterations      =                       10
 Time in seconds =                    15.90
 Total processes =                       64
 Active processes=                       64
 Mop/s total     =                    84.41
 Mop/s/process   =                     1.32
 Operation type  =              keys ranked
 Verification    =               SUCCESSFUL
 Version         =                    3.4.1
 Compile date    =              13 Dec 2020

 Compile options:
    MPICC        = mpicc
    CLINK        = $(MPICC)
    CMPI_LIB     = (none)
    CMPI_INC     = (none)
    CFLAGS       = -O3
    CLINKFLAGS   = $(CFLAGS)


 Please send feedbacks and/or the results of this run to:

 NPB Development Team
 npb@nas.nasa.gov




 NAS Parallel Benchmarks 3.4 -- IS Benchmark

 Size:  134217728  (class C)
 Iterations:   10
 Total number of processes:  64

   iteration
        1
        2
        3
        4
        5
        6
        7
        8
        9
        10


 IS Benchmark Completed
 Class           =                        C
 Size            =                134217728
 Iterations      =                       10
 Time in seconds =                    15.99
 Total processes =                       64
 Active processes=                       64
 Mop/s total     =                    83.96
 Mop/s/process   =                     1.31
 Operation type  =              keys ranked
 Verification    =               SUCCESSFUL
 Version         =                    3.4.1
 Compile date    =              13 Dec 2020

 Compile options:
    MPICC        = mpicc
    CLINK        = $(MPICC)
    CMPI_LIB     = (none)
    CMPI_INC     = (none)
    CFLAGS       = -O3
    CLINKFLAGS   = $(CFLAGS)


 Please send feedbacks and/or the results of this run to:

 NPB Development Team
 npb@nas.nasa.gov


