#------------------------------------------------------------
#    Intel(R) MPI Benchmarks 2019 Update 6, MPI-1 part    
#------------------------------------------------------------
# Date                  : Mon Aug 24 18:40:08 2020
# Machine               : x86_64
# System                : Linux
# Release               : 4.15.0-112-generic
# Version               : #113-Ubuntu SMP Thu Jul 9 23:41:39 UTC 2020
# MPI Version           : 3.1
# MPI Thread Environment: 


# Calling sequence was: 

# /home/lacp/NEWP/BENCHMARKS/mpi-benchmarks/IMB-MPI1 PingPong 

# Minimum message length in bytes:   0
# Maximum message length in bytes:   4194304
#
# MPI_Datatype                   :   MPI_BYTE 
# MPI_Datatype for reductions    :   MPI_FLOAT 
# MPI_Op                         :   MPI_SUM  
# 
# 

# List of Benchmarks to run:

# PingPong

#---------------------------------------------------
# Benchmarking PingPong 
# #processes = 2 
#---------------------------------------------------
       #bytes #repetitions      t[usec]   Mbytes/sec
            0         1000        25.16         0.00
            1         1000        25.80         0.04
            2         1000        25.78         0.08
            4         1000        25.79         0.16
            8         1000        25.74         0.31
           16         1000        25.89         0.62
           32         1000        26.04         1.23
           64         1000        26.10         2.45
          128         1000        26.45         4.84
          256         1000        26.63         9.61
          512         1000        27.06        18.92
         1024         1000        28.36        36.11
         2048         1000        31.51        65.00
         4096         1000        38.59       106.13
         8192         1000        44.82       182.78
        16384         1000        60.78       269.56
        32768         1000        52.26       627.00
        65536          640       110.58       592.66
       131072          320       171.26       765.35
       262144          160       260.64      1005.76
       524288           80       462.80      1132.86
      1048576           40       860.68      1218.30
      2097152           20      1620.10      1294.45
      4194304           10      3214.93      1304.63


# All processes entering MPI_Finalize

#------------------------------------------------------------
#    Intel(R) MPI Benchmarks 2019 Update 6, MPI-1 part    
#------------------------------------------------------------
# Date                  : Mon Aug 24 19:32:04 2020
# Machine               : x86_64
# System                : Linux
# Release               : 4.15.0-112-generic
# Version               : #113-Ubuntu SMP Thu Jul 9 23:41:39 UTC 2020
# MPI Version           : 3.1
# MPI Thread Environment: 


# Calling sequence was: 

# /home/lacp/NEWP/BENCHMARKS/mpi-benchmarks/IMB-MPI1 PingPong 

# Minimum message length in bytes:   0
# Maximum message length in bytes:   4194304
#
# MPI_Datatype                   :   MPI_BYTE 
# MPI_Datatype for reductions    :   MPI_FLOAT 
# MPI_Op                         :   MPI_SUM  
# 
# 

# List of Benchmarks to run:

# PingPong

#---------------------------------------------------
# Benchmarking PingPong 
# #processes = 2 
#---------------------------------------------------
       #bytes #repetitions      t[usec]   Mbytes/sec
            0         1000        26.94         0.00
            1         1000        26.02         0.04
            2         1000        26.69         0.07
            4         1000        26.19         0.15
            8         1000        26.29         0.30
           16         1000        26.96         0.59
           32         1000        26.52         1.21
           64         1000        26.78         2.39
          128         1000        26.54         4.82
          256         1000        26.85         9.54
          512         1000        27.36        18.71
         1024         1000        28.94        35.38
         2048         1000        31.84        64.31
         4096         1000        39.20       104.49
         8192         1000        45.97       178.19
        16384         1000        69.29       236.44
        32768         1000        61.04       536.84
        65536          640       112.01       585.09
       131072          320       165.36       792.67
       262144          160       259.81      1009.00
       524288           80       431.82      1214.14
      1048576           40       785.26      1335.32
      2097152           20      1618.77      1295.53
      4194304           10      3263.11      1285.37


# All processes entering MPI_Finalize

#------------------------------------------------------------
#    Intel(R) MPI Benchmarks 2019 Update 6, MPI-1 part    
#------------------------------------------------------------
# Date                  : Mon Aug 24 19:35:14 2020
# Machine               : x86_64
# System                : Linux
# Release               : 4.15.0-112-generic
# Version               : #113-Ubuntu SMP Thu Jul 9 23:41:39 UTC 2020
# MPI Version           : 3.1
# MPI Thread Environment: 


# Calling sequence was: 

# /home/lacp/NEWP/BENCHMARKS/mpi-benchmarks/IMB-MPI1 PingPong 

# Minimum message length in bytes:   0
# Maximum message length in bytes:   4194304
#
# MPI_Datatype                   :   MPI_BYTE 
# MPI_Datatype for reductions    :   MPI_FLOAT 
# MPI_Op                         :   MPI_SUM  
# 
# 

# List of Benchmarks to run:

# PingPong

#---------------------------------------------------
# Benchmarking PingPong 
# #processes = 2 
#---------------------------------------------------
       #bytes #repetitions      t[usec]   Mbytes/sec
            0         1000        25.54         0.00
            1         1000        26.13         0.04
            2         1000        26.16         0.08
            4         1000        26.24         0.15
            8         1000        26.15         0.31
           16         1000        26.46         0.60
           32         1000        26.54         1.21
           64         1000        26.87         2.38
          128         1000        26.62         4.81
          256         1000        27.08         9.45
          512         1000        27.84        18.39
         1024         1000        28.75        35.62
         2048         1000        31.95        64.11
         4096         1000        39.64       103.34
         8192         1000        45.94       178.31
        16384         1000        68.75       238.31
        32768         1000        84.61       387.26
        65536          640       122.68       534.22
       131072          320       183.43       714.57
       262144          160       276.94       946.58
       524288           80       443.22      1182.91
      1048576           40       795.21      1318.61
      2097152           20      1630.40      1286.28
      4194304           10      3245.14      1292.49


# All processes entering MPI_Finalize

#------------------------------------------------------------
#    Intel(R) MPI Benchmarks 2019 Update 6, MPI-1 part    
#------------------------------------------------------------
# Date                  : Mon Aug 24 20:08:18 2020
# Machine               : x86_64
# System                : Linux
# Release               : 4.15.0-112-generic
# Version               : #113-Ubuntu SMP Thu Jul 9 23:41:39 UTC 2020
# MPI Version           : 3.1
# MPI Thread Environment: 


# Calling sequence was: 

# /home/lacp/NEWP/BENCHMARKS/mpi-benchmarks/IMB-MPI1 PingPong 

# Minimum message length in bytes:   0
# Maximum message length in bytes:   4194304
#
# MPI_Datatype                   :   MPI_BYTE 
# MPI_Datatype for reductions    :   MPI_FLOAT 
# MPI_Op                         :   MPI_SUM  
# 
# 

# List of Benchmarks to run:

# PingPong

#---------------------------------------------------
# Benchmarking PingPong 
# #processes = 2 
#---------------------------------------------------
       #bytes #repetitions      t[usec]   Mbytes/sec
            0         1000        25.82         0.00
            1         1000        26.08         0.04
            2         1000        26.45         0.08
            4         1000        26.16         0.15
            8         1000        26.13         0.31
           16         1000        26.39         0.61
           32         1000        26.36         1.21
           64         1000        26.67         2.40
          128         1000        26.80         4.78
          256         1000        27.02         9.47
          512         1000        27.76        18.45
         1024         1000        28.98        35.33
         2048         1000        32.52        62.97
         4096         1000        40.22       101.83
         8192         1000        46.48       176.25
        16384         1000        50.98       321.40
        32768         1000        72.25       453.51
        65536          640       112.50       582.55
       131072          320       182.92       716.57
       262144          160       284.73       920.68
       524288           80       437.96      1197.13
      1048576           40       786.79      1332.73
      2097152           20      1638.30      1280.08
      4194304           10      3224.65      1300.70


# All processes entering MPI_Finalize

#------------------------------------------------------------
#    Intel(R) MPI Benchmarks 2019 Update 6, MPI-1 part    
#------------------------------------------------------------
# Date                  : Mon Aug 24 20:12:54 2020
# Machine               : x86_64
# System                : Linux
# Release               : 4.15.0-112-generic
# Version               : #113-Ubuntu SMP Thu Jul 9 23:41:39 UTC 2020
# MPI Version           : 3.1
# MPI Thread Environment: 


# Calling sequence was: 

# /home/lacp/NEWP/BENCHMARKS/mpi-benchmarks/IMB-MPI1 PingPong 

# Minimum message length in bytes:   0
# Maximum message length in bytes:   4194304
#
# MPI_Datatype                   :   MPI_BYTE 
# MPI_Datatype for reductions    :   MPI_FLOAT 
# MPI_Op                         :   MPI_SUM  
# 
# 

# List of Benchmarks to run:

# PingPong

#---------------------------------------------------
# Benchmarking PingPong 
# #processes = 2 
#---------------------------------------------------
       #bytes #repetitions      t[usec]   Mbytes/sec
            0         1000        25.54         0.00
            1         1000        26.39         0.04
            2         1000        26.64         0.08
            4         1000        26.76         0.15
            8         1000        26.53         0.30
           16         1000        26.29         0.61
           32         1000        26.62         1.20
           64         1000        26.97         2.37
          128         1000        27.18         4.71
          256         1000        27.13         9.44
          512         1000        27.69        18.49
         1024         1000        29.52        34.69
         2048         1000        32.41        63.20
         4096         1000        40.06       102.25
         8192         1000        45.84       178.72
        16384         1000        67.42       243.00
        32768         1000        56.96       575.24
        65536          640       112.94       580.29
       131072          320       164.86       795.04
       262144          160       286.48       915.06
       524288           80       466.09      1124.86
      1048576           40       797.15      1315.40
      2097152           20      1622.14      1292.83
      4194304           10      3225.44      1300.38


# All processes entering MPI_Finalize

#------------------------------------------------------------
#    Intel(R) MPI Benchmarks 2019 Update 6, MPI-1 part    
#------------------------------------------------------------
# Date                  : Mon Aug 24 21:30:47 2020
# Machine               : x86_64
# System                : Linux
# Release               : 4.15.0-112-generic
# Version               : #113-Ubuntu SMP Thu Jul 9 23:41:39 UTC 2020
# MPI Version           : 3.1
# MPI Thread Environment: 


# Calling sequence was: 

# /home/lacp/NEWP/BENCHMARKS/mpi-benchmarks/IMB-MPI1 PingPong 

# Minimum message length in bytes:   0
# Maximum message length in bytes:   4194304
#
# MPI_Datatype                   :   MPI_BYTE 
# MPI_Datatype for reductions    :   MPI_FLOAT 
# MPI_Op                         :   MPI_SUM  
# 
# 

# List of Benchmarks to run:

# PingPong

#---------------------------------------------------
# Benchmarking PingPong 
# #processes = 2 
#---------------------------------------------------
       #bytes #repetitions      t[usec]   Mbytes/sec
            0         1000        25.65         0.00
            1         1000        26.23         0.04
            2         1000        26.38         0.08
            4         1000        26.26         0.15
            8         1000        26.23         0.30
           16         1000        26.34         0.61
           32         1000        26.43         1.21
           64         1000        26.55         2.41
          128         1000        26.81         4.77
          256         1000        27.20         9.41
          512         1000        27.80        18.42
         1024         1000        28.65        35.74
         2048         1000        32.67        62.68
         4096         1000        40.01       102.38
         8192         1000        45.75       179.07
        16384         1000        67.67       242.13
        32768         1000        84.08       389.71
        65536          640       112.24       583.92
       131072          320       164.89       794.90
       262144          160       258.99      1012.18
       524288           80       432.02      1213.58
      1048576           40       787.46      1331.60
      2097152           20      1634.83      1282.79
      4194304           10      3262.72      1285.53


# All processes entering MPI_Finalize

#------------------------------------------------------------
#    Intel(R) MPI Benchmarks 2019 Update 6, MPI-1 part    
#------------------------------------------------------------
# Date                  : Mon Aug 24 21:31:06 2020
# Machine               : x86_64
# System                : Linux
# Release               : 4.15.0-112-generic
# Version               : #113-Ubuntu SMP Thu Jul 9 23:41:39 UTC 2020
# MPI Version           : 3.1
# MPI Thread Environment: 


# Calling sequence was: 

# /home/lacp/NEWP/BENCHMARKS/mpi-benchmarks/IMB-MPI1 PingPong 

# Minimum message length in bytes:   0
# Maximum message length in bytes:   4194304
#
# MPI_Datatype                   :   MPI_BYTE 
# MPI_Datatype for reductions    :   MPI_FLOAT 
# MPI_Op                         :   MPI_SUM  
# 
# 

# List of Benchmarks to run:

# PingPong

#---------------------------------------------------
# Benchmarking PingPong 
# #processes = 2 
#---------------------------------------------------
       #bytes #repetitions      t[usec]   Mbytes/sec
            0         1000        26.87         0.00
            1         1000        26.14         0.04
            2         1000        26.14         0.08
            4         1000        26.50         0.15
            8         1000        26.05         0.31
           16         1000        26.16         0.61
           32         1000        26.40         1.21
           64         1000        26.74         2.39
          128         1000        26.69         4.80
          256         1000        26.78         9.56
          512         1000        27.51        18.61
         1024         1000        28.72        35.66
         2048         1000        32.12        63.77
         4096         1000        39.84       102.82
         8192         1000        46.11       177.65
        16384         1000        67.06       244.31
        32768         1000       111.32       294.37
        65536          640       178.60       366.95
       131072          320       170.19       770.14
       262144          160       258.10      1015.65
       524288           80       439.41      1193.16
      1048576           40       783.94      1337.58
      2097152           20      1639.46      1279.17
      4194304           10      3251.56      1289.94


# All processes entering MPI_Finalize

#------------------------------------------------------------
#    Intel(R) MPI Benchmarks 2019 Update 6, MPI-1 part    
#------------------------------------------------------------
# Date                  : Mon Aug 24 21:32:56 2020
# Machine               : x86_64
# System                : Linux
# Release               : 4.15.0-112-generic
# Version               : #113-Ubuntu SMP Thu Jul 9 23:41:39 UTC 2020
# MPI Version           : 3.1
# MPI Thread Environment: 


# Calling sequence was: 

# /home/lacp/NEWP/BENCHMARKS/mpi-benchmarks/IMB-MPI1 PingPong 

# Minimum message length in bytes:   0
# Maximum message length in bytes:   4194304
#
# MPI_Datatype                   :   MPI_BYTE 
# MPI_Datatype for reductions    :   MPI_FLOAT 
# MPI_Op                         :   MPI_SUM  
# 
# 

# List of Benchmarks to run:

# PingPong

#---------------------------------------------------
# Benchmarking PingPong 
# #processes = 2 
#---------------------------------------------------
       #bytes #repetitions      t[usec]   Mbytes/sec
            0         1000        25.60         0.00
            1         1000        26.44         0.04
            2         1000        26.79         0.07
            4         1000        26.62         0.15
            8         1000        26.61         0.30
           16         1000        26.66         0.60
           32         1000        26.69         1.20
           64         1000        27.01         2.37
          128         1000        27.11         4.72
          256         1000        27.19         9.41
          512         1000        27.62        18.53
         1024         1000        29.16        35.12
         2048         1000        32.45        63.11
         4096         1000        40.06       102.26
         8192         1000        46.35       176.76
        16384         1000        68.45       239.35
        32768         1000       113.79       287.96
        65536          640       113.02       579.86
       131072          320       164.11       798.68
       262144          160       257.87      1016.58
       524288           80       434.19      1207.51
      1048576           40       782.96      1339.24
      2097152           20      1632.10      1284.94
      4194304           10      3538.32      1185.39


# All processes entering MPI_Finalize

#------------------------------------------------------------
#    Intel(R) MPI Benchmarks 2019 Update 6, MPI-1 part    
#------------------------------------------------------------
# Date                  : Mon Aug 24 21:37:32 2020
# Machine               : x86_64
# System                : Linux
# Release               : 4.15.0-112-generic
# Version               : #113-Ubuntu SMP Thu Jul 9 23:41:39 UTC 2020
# MPI Version           : 3.1
# MPI Thread Environment: 


# Calling sequence was: 

# /home/lacp/NEWP/BENCHMARKS/mpi-benchmarks/IMB-MPI1 PingPong 

# Minimum message length in bytes:   0
# Maximum message length in bytes:   4194304
#
# MPI_Datatype                   :   MPI_BYTE 
# MPI_Datatype for reductions    :   MPI_FLOAT 
# MPI_Op                         :   MPI_SUM  
# 
# 

# List of Benchmarks to run:

# PingPong

#---------------------------------------------------
# Benchmarking PingPong 
# #processes = 2 
#---------------------------------------------------
       #bytes #repetitions      t[usec]   Mbytes/sec
            0         1000        27.37         0.00
            1         1000        26.34         0.04
            2         1000        26.67         0.07
            4         1000        26.42         0.15
            8         1000        26.39         0.30
           16         1000        26.40         0.61
           32         1000        28.24         1.13
           64         1000        26.54         2.41
          128         1000        26.88         4.76
          256         1000        27.10         9.45
          512         1000        27.82        18.40
         1024         1000        29.21        35.06
         2048         1000        32.86        62.33
         4096         1000        40.29       101.66
         8192         1000        47.95       170.84
        16384         1000        68.48       239.26
        32768         1000        55.07       595.05
        65536          640       113.23       578.80
       131072          320       166.35       787.94
       262144          160       259.68      1009.51
       524288           80       436.34      1201.55
      1048576           40       857.74      1222.49
      2097152           20      1824.65      1149.34
      4194304           10      3323.73      1261.93


# All processes entering MPI_Finalize

#------------------------------------------------------------
#    Intel(R) MPI Benchmarks 2019 Update 6, MPI-1 part    
#------------------------------------------------------------
# Date                  : Mon Aug 24 21:41:09 2020
# Machine               : x86_64
# System                : Linux
# Release               : 4.15.0-112-generic
# Version               : #113-Ubuntu SMP Thu Jul 9 23:41:39 UTC 2020
# MPI Version           : 3.1
# MPI Thread Environment: 


# Calling sequence was: 

# /home/lacp/NEWP/BENCHMARKS/mpi-benchmarks/IMB-MPI1 PingPong 

# Minimum message length in bytes:   0
# Maximum message length in bytes:   4194304
#
# MPI_Datatype                   :   MPI_BYTE 
# MPI_Datatype for reductions    :   MPI_FLOAT 
# MPI_Op                         :   MPI_SUM  
# 
# 

# List of Benchmarks to run:

# PingPong

#---------------------------------------------------
# Benchmarking PingPong 
# #processes = 2 
#---------------------------------------------------
       #bytes #repetitions      t[usec]   Mbytes/sec
            0         1000        25.69         0.00
            1         1000        26.29         0.04
            2         1000        26.36         0.08
            4         1000        26.26         0.15
            8         1000        26.40         0.30
           16         1000        26.18         0.61
           32         1000        26.52         1.21
           64         1000        26.58         2.41
          128         1000        26.76         4.78
          256         1000        27.22         9.40
          512         1000        27.85        18.38
         1024         1000        28.89        35.45
         2048         1000        32.06        63.88
         4096         1000        39.63       103.35
         8192         1000        45.96       178.23
        16384         1000        60.55       270.59
        32768         1000        52.61       622.83
        65536          640       111.69       586.77
       131072          320       165.47       792.11
       262144          160       256.48      1022.10
       524288           80       432.09      1213.39
      1048576           40       784.03      1337.42
      2097152           20      1804.41      1162.23
      4194304           10      3301.62      1270.38


# All processes entering MPI_Finalize

#------------------------------------------------------------
#    Intel(R) MPI Benchmarks 2019 Update 6, MPI-1 part    
#------------------------------------------------------------
# Date                  : Mon Aug 24 21:50:52 2020
# Machine               : x86_64
# System                : Linux
# Release               : 4.15.0-112-generic
# Version               : #113-Ubuntu SMP Thu Jul 9 23:41:39 UTC 2020
# MPI Version           : 3.1
# MPI Thread Environment: 


# Calling sequence was: 

# /home/lacp/NEWP/BENCHMARKS/mpi-benchmarks/IMB-MPI1 PingPong 

# Minimum message length in bytes:   0
# Maximum message length in bytes:   4194304
#
# MPI_Datatype                   :   MPI_BYTE 
# MPI_Datatype for reductions    :   MPI_FLOAT 
# MPI_Op                         :   MPI_SUM  
# 
# 

# List of Benchmarks to run:

# PingPong

#---------------------------------------------------
# Benchmarking PingPong 
# #processes = 2 
#---------------------------------------------------
       #bytes #repetitions      t[usec]   Mbytes/sec
            0         1000        27.42         0.00
            1         1000        27.05         0.04
            2         1000        27.04         0.07
            4         1000        27.35         0.15
            8         1000        26.82         0.30
           16         1000        26.89         0.59
           32         1000        27.18         1.18
           64         1000        27.35         2.34
          128         1000        28.98         4.42
          256         1000        27.99         9.15
          512         1000        28.17        18.18
         1024         1000        29.83        34.33
         2048         1000        33.00        62.07
         4096         1000        40.29       101.67
         8192         1000        46.26       177.09
        16384         1000        64.23       255.07
        32768         1000        55.58       589.56
        65536          640       114.86       570.56
       131072          320       165.49       792.02
       262144          160       257.04      1019.87
       524288           80       434.48      1206.71
      1048576           40       782.62      1339.83
      2097152           20      1627.72      1288.40
      4194304           10      3224.10      1300.92


# All processes entering MPI_Finalize

#------------------------------------------------------------
#    Intel(R) MPI Benchmarks 2019 Update 6, MPI-1 part    
#------------------------------------------------------------
# Date                  : Mon Aug 24 21:56:32 2020
# Machine               : x86_64
# System                : Linux
# Release               : 4.15.0-112-generic
# Version               : #113-Ubuntu SMP Thu Jul 9 23:41:39 UTC 2020
# MPI Version           : 3.1
# MPI Thread Environment: 


# Calling sequence was: 

# /home/lacp/NEWP/BENCHMARKS/mpi-benchmarks/IMB-MPI1 PingPong 

# Minimum message length in bytes:   0
# Maximum message length in bytes:   4194304
#
# MPI_Datatype                   :   MPI_BYTE 
# MPI_Datatype for reductions    :   MPI_FLOAT 
# MPI_Op                         :   MPI_SUM  
# 
# 

# List of Benchmarks to run:

# PingPong

#---------------------------------------------------
# Benchmarking PingPong 
# #processes = 2 
#---------------------------------------------------
       #bytes #repetitions      t[usec]   Mbytes/sec
            0         1000        25.57         0.00
            1         1000        26.53         0.04
            2         1000        26.54         0.08
            4         1000        26.45         0.15
            8         1000        26.64         0.30
           16         1000        26.45         0.61
           32         1000        26.71         1.20
           64         1000        26.64         2.40
          128         1000        26.84         4.77
          256         1000        27.61         9.27
          512         1000        28.01        18.28
         1024         1000        29.24        35.02
         2048         1000        32.31        63.39
         4096         1000        39.73       103.10
         8192         1000        45.99       178.11
        16384         1000        63.99       256.03
        32768         1000        53.30       614.77
        65536          640       113.14       579.26
       131072          320       166.08       789.23
       262144          160       258.50      1014.11
       524288           80       435.87      1202.84
      1048576           40       795.55      1318.06
      2097152           20      1648.88      1271.86
      4194304           10      3262.35      1285.67


# All processes entering MPI_Finalize

#------------------------------------------------------------
#    Intel(R) MPI Benchmarks 2019 Update 6, MPI-1 part    
#------------------------------------------------------------
# Date                  : Mon Aug 24 22:21:22 2020
# Machine               : x86_64
# System                : Linux
# Release               : 4.15.0-112-generic
# Version               : #113-Ubuntu SMP Thu Jul 9 23:41:39 UTC 2020
# MPI Version           : 3.1
# MPI Thread Environment: 


# Calling sequence was: 

# /home/lacp/NEWP/BENCHMARKS/mpi-benchmarks/IMB-MPI1 PingPong 

# Minimum message length in bytes:   0
# Maximum message length in bytes:   4194304
#
# MPI_Datatype                   :   MPI_BYTE 
# MPI_Datatype for reductions    :   MPI_FLOAT 
# MPI_Op                         :   MPI_SUM  
# 
# 

# List of Benchmarks to run:

# PingPong

#---------------------------------------------------
# Benchmarking PingPong 
# #processes = 2 
#---------------------------------------------------
       #bytes #repetitions      t[usec]   Mbytes/sec
            0         1000        26.80         0.00
            1         1000        25.92         0.04
            2         1000        26.08         0.08
            4         1000        25.77         0.16
            8         1000        25.95         0.31
           16         1000        25.94         0.62
           32         1000        26.21         1.22
           64         1000        26.83         2.39
          128         1000        26.48         4.83
          256         1000        27.13         9.44
          512         1000        27.25        18.79
         1024         1000        28.64        35.75
         2048         1000        31.85        64.30
         4096         1000        39.03       104.95
         8192         1000        45.47       180.18
        16384         1000        63.23       259.11
        32768         1000        52.88       619.62
        65536          640       112.13       584.44
       131072          320       166.21       788.57
       262144          160       259.70      1009.42
       524288           80       435.44      1204.05
      1048576           40       787.59      1331.37
      2097152           20      1646.65      1273.59
      4194304           10      3209.75      1306.74


# All processes entering MPI_Finalize

#------------------------------------------------------------
#    Intel(R) MPI Benchmarks 2019 Update 6, MPI-1 part    
#------------------------------------------------------------
# Date                  : Mon Aug 24 22:46:56 2020
# Machine               : x86_64
# System                : Linux
# Release               : 4.15.0-112-generic
# Version               : #113-Ubuntu SMP Thu Jul 9 23:41:39 UTC 2020
# MPI Version           : 3.1
# MPI Thread Environment: 


# Calling sequence was: 

# /home/lacp/NEWP/BENCHMARKS/mpi-benchmarks/IMB-MPI1 PingPong 

# Minimum message length in bytes:   0
# Maximum message length in bytes:   4194304
#
# MPI_Datatype                   :   MPI_BYTE 
# MPI_Datatype for reductions    :   MPI_FLOAT 
# MPI_Op                         :   MPI_SUM  
# 
# 

# List of Benchmarks to run:

# PingPong

#---------------------------------------------------
# Benchmarking PingPong 
# #processes = 2 
#---------------------------------------------------
       #bytes #repetitions      t[usec]   Mbytes/sec
            0         1000        25.94         0.00
            1         1000        26.40         0.04
            2         1000        26.36         0.08
            4         1000        26.44         0.15
            8         1000        26.47         0.30
           16         1000        26.97         0.59
           32         1000        26.73         1.20
           64         1000        26.91         2.38
          128         1000        27.22         4.70
          256         1000        27.38         9.35
          512         1000        28.19        18.16
         1024         1000        29.10        35.18
         2048         1000        32.26        63.49
         4096         1000        39.64       103.34
         8192         1000        47.33       173.08
        16384         1000        68.48       239.24
        32768         1000        82.35       397.89
        65536          640       112.41       583.01
       131072          320       166.04       789.38
       262144          160       256.88      1020.50
       524288           80       434.77      1205.89
      1048576           40       783.66      1338.05
      2097152           20      1642.74      1276.62
      4194304           10      3254.32      1288.84


# All processes entering MPI_Finalize

#------------------------------------------------------------
#    Intel(R) MPI Benchmarks 2019 Update 6, MPI-1 part    
#------------------------------------------------------------
# Date                  : Mon Aug 24 23:02:15 2020
# Machine               : x86_64
# System                : Linux
# Release               : 4.15.0-112-generic
# Version               : #113-Ubuntu SMP Thu Jul 9 23:41:39 UTC 2020
# MPI Version           : 3.1
# MPI Thread Environment: 


# Calling sequence was: 

# /home/lacp/NEWP/BENCHMARKS/mpi-benchmarks/IMB-MPI1 PingPong 

# Minimum message length in bytes:   0
# Maximum message length in bytes:   4194304
#
# MPI_Datatype                   :   MPI_BYTE 
# MPI_Datatype for reductions    :   MPI_FLOAT 
# MPI_Op                         :   MPI_SUM  
# 
# 

# List of Benchmarks to run:

# PingPong

#---------------------------------------------------
# Benchmarking PingPong 
# #processes = 2 
#---------------------------------------------------
       #bytes #repetitions      t[usec]   Mbytes/sec
            0         1000        26.62         0.00
            1         1000        25.59         0.04
            2         1000        25.94         0.08
            4         1000        25.72         0.16
            8         1000        25.60         0.31
           16         1000        25.70         0.62
           32         1000        26.13         1.22
           64         1000        26.00         2.46
          128         1000        26.42         4.84
          256         1000        26.30         9.73
          512         1000        27.11        18.89
         1024         1000        28.68        35.71
         2048         1000        31.85        64.31
         4096         1000        39.32       104.17
         8192         1000        46.21       177.27
        16384         1000        67.61       242.34
        32768         1000        67.40       486.14
        65536          640       111.37       588.43
       131072          320       166.26       788.38
       262144          160       258.59      1013.73
       524288           80       436.12      1202.17
      1048576           40       788.28      1330.20
      2097152           20      1614.33      1299.09
      4194304           10      3232.82      1297.41


# All processes entering MPI_Finalize

#------------------------------------------------------------
#    Intel(R) MPI Benchmarks 2019 Update 6, MPI-1 part    
#------------------------------------------------------------
# Date                  : Mon Aug 24 23:09:08 2020
# Machine               : x86_64
# System                : Linux
# Release               : 4.15.0-112-generic
# Version               : #113-Ubuntu SMP Thu Jul 9 23:41:39 UTC 2020
# MPI Version           : 3.1
# MPI Thread Environment: 


# Calling sequence was: 

# /home/lacp/NEWP/BENCHMARKS/mpi-benchmarks/IMB-MPI1 PingPong 

# Minimum message length in bytes:   0
# Maximum message length in bytes:   4194304
#
# MPI_Datatype                   :   MPI_BYTE 
# MPI_Datatype for reductions    :   MPI_FLOAT 
# MPI_Op                         :   MPI_SUM  
# 
# 

# List of Benchmarks to run:

# PingPong

#---------------------------------------------------
# Benchmarking PingPong 
# #processes = 2 
#---------------------------------------------------
       #bytes #repetitions      t[usec]   Mbytes/sec
            0         1000        27.34         0.00
            1         1000        26.77         0.04
            2         1000        26.70         0.07
            4         1000        26.57         0.15
            8         1000        26.57         0.30
           16         1000        26.60         0.60
           32         1000        27.02         1.18
           64         1000        26.89         2.38
          128         1000        27.06         4.73
          256         1000        27.53         9.30
          512         1000        27.97        18.30
         1024         1000        29.33        34.91
         2048         1000        32.57        62.87
         4096         1000        40.20       101.89
         8192         1000        46.58       175.87
        16384         1000        68.21       240.19
        32768         1000        66.27       494.43
        65536          640       122.56       534.74
       131072          320       167.03       784.71
       262144          160       284.85       920.29
       524288           80       449.84      1165.51
      1048576           40       798.21      1313.65
      2097152           20      1626.36      1289.48
      4194304           10      3253.49      1289.17


# All processes entering MPI_Finalize

#------------------------------------------------------------
#    Intel(R) MPI Benchmarks 2019 Update 6, MPI-1 part    
#------------------------------------------------------------
# Date                  : Mon Aug 24 23:09:15 2020
# Machine               : x86_64
# System                : Linux
# Release               : 4.15.0-112-generic
# Version               : #113-Ubuntu SMP Thu Jul 9 23:41:39 UTC 2020
# MPI Version           : 3.1
# MPI Thread Environment: 


# Calling sequence was: 

# /home/lacp/NEWP/BENCHMARKS/mpi-benchmarks/IMB-MPI1 PingPong 

# Minimum message length in bytes:   0
# Maximum message length in bytes:   4194304
#
# MPI_Datatype                   :   MPI_BYTE 
# MPI_Datatype for reductions    :   MPI_FLOAT 
# MPI_Op                         :   MPI_SUM  
# 
# 

# List of Benchmarks to run:

# PingPong

#---------------------------------------------------
# Benchmarking PingPong 
# #processes = 2 
#---------------------------------------------------
       #bytes #repetitions      t[usec]   Mbytes/sec
            0         1000        26.75         0.00
            1         1000        25.96         0.04
            2         1000        26.11         0.08
            4         1000        26.18         0.15
            8         1000        26.18         0.31
           16         1000        26.02         0.62
           32         1000        26.27         1.22
           64         1000        26.41         2.42
          128         1000        26.56         4.82
          256         1000        26.83         9.54
          512         1000        27.41        18.68
         1024         1000        28.97        35.35
         2048         1000        31.77        64.47
         4096         1000        39.93       102.58
         8192         1000        45.68       179.34
        16384         1000        68.94       237.67
        32768         1000       112.65       290.89
        65536          640       112.36       583.25
       131072          320       165.13       793.76
       262144          160       256.22      1023.12
       524288           80       432.56      1212.05
      1048576           40       783.52      1338.29
      2097152           20      1623.68      1291.61
      4194304           10      3221.29      1302.06


# All processes entering MPI_Finalize

#------------------------------------------------------------
#    Intel(R) MPI Benchmarks 2019 Update 6, MPI-1 part    
#------------------------------------------------------------
# Date                  : Tue Aug 25 00:46:59 2020
# Machine               : x86_64
# System                : Linux
# Release               : 4.15.0-112-generic
# Version               : #113-Ubuntu SMP Thu Jul 9 23:41:39 UTC 2020
# MPI Version           : 3.1
# MPI Thread Environment: 


# Calling sequence was: 

# /home/lacp/NEWP/BENCHMARKS/mpi-benchmarks/IMB-MPI1 PingPong 

# Minimum message length in bytes:   0
# Maximum message length in bytes:   4194304
#
# MPI_Datatype                   :   MPI_BYTE 
# MPI_Datatype for reductions    :   MPI_FLOAT 
# MPI_Op                         :   MPI_SUM  
# 
# 

# List of Benchmarks to run:

# PingPong

#---------------------------------------------------
# Benchmarking PingPong 
# #processes = 2 
#---------------------------------------------------
       #bytes #repetitions      t[usec]   Mbytes/sec
            0         1000        25.70         0.00
            1         1000        26.35         0.04
            2         1000        26.46         0.08
            4         1000        26.33         0.15
            8         1000        26.28         0.30
           16         1000        26.34         0.61
           32         1000        26.56         1.20
           64         1000        27.02         2.37
          128         1000        26.94         4.75
          256         1000        26.97         9.49
          512         1000        27.61        18.55
         1024         1000        28.80        35.56
         2048         1000        31.93        64.13
         4096         1000        39.78       102.96
         8192         1000        45.68       179.32
        16384         1000        67.21       243.78
        32768         1000        62.94       520.62
        65536          640       113.76       576.09
       131072          320       165.63       791.37
       262144          160       259.21      1011.30
       524288           80       438.99      1194.30
      1048576           40       795.52      1318.11
      2097152           20      1632.68      1284.48
      4194304           10      3232.55      1297.52


# All processes entering MPI_Finalize

#------------------------------------------------------------
#    Intel(R) MPI Benchmarks 2019 Update 6, MPI-1 part    
#------------------------------------------------------------
# Date                  : Tue Aug 25 01:10:03 2020
# Machine               : x86_64
# System                : Linux
# Release               : 4.15.0-112-generic
# Version               : #113-Ubuntu SMP Thu Jul 9 23:41:39 UTC 2020
# MPI Version           : 3.1
# MPI Thread Environment: 


# Calling sequence was: 

# /home/lacp/NEWP/BENCHMARKS/mpi-benchmarks/IMB-MPI1 PingPong 

# Minimum message length in bytes:   0
# Maximum message length in bytes:   4194304
#
# MPI_Datatype                   :   MPI_BYTE 
# MPI_Datatype for reductions    :   MPI_FLOAT 
# MPI_Op                         :   MPI_SUM  
# 
# 

# List of Benchmarks to run:

# PingPong

#---------------------------------------------------
# Benchmarking PingPong 
# #processes = 2 
#---------------------------------------------------
       #bytes #repetitions      t[usec]   Mbytes/sec
            0         1000        25.70         0.00
            1         1000        26.25         0.04
            2         1000        26.61         0.08
            4         1000        26.33         0.15
            8         1000        26.40         0.30
           16         1000        26.69         0.60
           32         1000        26.43         1.21
           64         1000        26.90         2.38
          128         1000        26.93         4.75
          256         1000        27.48         9.31
          512         1000        28.47        17.98
         1024         1000        29.23        35.03
         2048         1000        32.19        63.62
         4096         1000        39.68       103.22
         8192         1000        45.75       179.06
        16384         1000        67.08       244.25
        32768         1000        58.92       556.13
        65536          640       123.00       532.80
       131072          320       165.17       793.54
       262144          160       259.06      1011.90
       524288           80       437.06      1199.59
      1048576           40       786.73      1332.83
      2097152           20      1622.70      1292.39
      4194304           10      3230.37      1298.40


# All processes entering MPI_Finalize

#------------------------------------------------------------
#    Intel(R) MPI Benchmarks 2019 Update 6, MPI-1 part    
#------------------------------------------------------------
# Date                  : Tue Aug 25 01:32:07 2020
# Machine               : x86_64
# System                : Linux
# Release               : 4.15.0-112-generic
# Version               : #113-Ubuntu SMP Thu Jul 9 23:41:39 UTC 2020
# MPI Version           : 3.1
# MPI Thread Environment: 


# Calling sequence was: 

# /home/lacp/NEWP/BENCHMARKS/mpi-benchmarks/IMB-MPI1 PingPong 

# Minimum message length in bytes:   0
# Maximum message length in bytes:   4194304
#
# MPI_Datatype                   :   MPI_BYTE 
# MPI_Datatype for reductions    :   MPI_FLOAT 
# MPI_Op                         :   MPI_SUM  
# 
# 

# List of Benchmarks to run:

# PingPong

#---------------------------------------------------
# Benchmarking PingPong 
# #processes = 2 
#---------------------------------------------------
       #bytes #repetitions      t[usec]   Mbytes/sec
            0         1000        25.85         0.00
            1         1000        26.40         0.04
            2         1000        26.24         0.08
            4         1000        26.33         0.15
            8         1000        26.51         0.30
           16         1000        26.29         0.61
           32         1000        26.39         1.21
           64         1000        26.54         2.41
          128         1000        26.91         4.76
          256         1000        27.58         9.28
          512         1000        27.81        18.41
         1024         1000        29.30        34.95
         2048         1000        32.67        62.68
         4096         1000        40.11       102.12
         8192         1000        46.46       176.31
        16384         1000        62.18       263.48
        32768         1000        53.06       617.53
        65536          640       122.67       534.24
       131072          320       179.98       728.26
       262144          160       261.00      1004.40
       524288           80       440.06      1191.39
      1048576           40       786.95      1332.46
      2097152           20      1622.03      1292.92
      4194304           10      3253.41      1289.20


# All processes entering MPI_Finalize

#------------------------------------------------------------
#    Intel(R) MPI Benchmarks 2019 Update 6, MPI-1 part    
#------------------------------------------------------------
# Date                  : Tue Aug 25 01:47:30 2020
# Machine               : x86_64
# System                : Linux
# Release               : 4.15.0-112-generic
# Version               : #113-Ubuntu SMP Thu Jul 9 23:41:39 UTC 2020
# MPI Version           : 3.1
# MPI Thread Environment: 


# Calling sequence was: 

# /home/lacp/NEWP/BENCHMARKS/mpi-benchmarks/IMB-MPI1 PingPong 

# Minimum message length in bytes:   0
# Maximum message length in bytes:   4194304
#
# MPI_Datatype                   :   MPI_BYTE 
# MPI_Datatype for reductions    :   MPI_FLOAT 
# MPI_Op                         :   MPI_SUM  
# 
# 

# List of Benchmarks to run:

# PingPong

#---------------------------------------------------
# Benchmarking PingPong 
# #processes = 2 
#---------------------------------------------------
       #bytes #repetitions      t[usec]   Mbytes/sec
            0         1000        26.37         0.00
            1         1000        27.29         0.04
            2         1000        27.10         0.07
            4         1000        27.72         0.14
            8         1000        27.04         0.30
           16         1000        27.33         0.59
           32         1000        27.48         1.16
           64         1000        27.63         2.32
          128         1000        27.75         4.61
          256         1000        28.19         9.08
          512         1000        28.27        18.11
         1024         1000        29.57        34.63
         2048         1000        32.28        63.44
         4096         1000        39.73       103.09
         8192         1000        46.56       175.95
        16384         1000        68.64       238.70
        32768         1000        70.94       461.90
        65536          640       113.78       575.98
       131072          320       168.24       779.08
       262144          160       261.48      1002.56
       524288           80       440.17      1191.11
      1048576           40       795.14      1318.72
      2097152           20      1806.59      1160.83
      4194304           10      3335.34      1257.53


# All processes entering MPI_Finalize

#------------------------------------------------------------
#    Intel(R) MPI Benchmarks 2019 Update 6, MPI-1 part    
#------------------------------------------------------------
# Date                  : Tue Aug 25 02:16:25 2020
# Machine               : x86_64
# System                : Linux
# Release               : 4.15.0-112-generic
# Version               : #113-Ubuntu SMP Thu Jul 9 23:41:39 UTC 2020
# MPI Version           : 3.1
# MPI Thread Environment: 


# Calling sequence was: 

# /home/lacp/NEWP/BENCHMARKS/mpi-benchmarks/IMB-MPI1 PingPong 

# Minimum message length in bytes:   0
# Maximum message length in bytes:   4194304
#
# MPI_Datatype                   :   MPI_BYTE 
# MPI_Datatype for reductions    :   MPI_FLOAT 
# MPI_Op                         :   MPI_SUM  
# 
# 

# List of Benchmarks to run:

# PingPong

#---------------------------------------------------
# Benchmarking PingPong 
# #processes = 2 
#---------------------------------------------------
       #bytes #repetitions      t[usec]   Mbytes/sec
            0         1000        26.26         0.00
            1         1000        27.01         0.04
            2         1000        26.88         0.07
            4         1000        26.92         0.15
            8         1000        27.08         0.30
           16         1000        27.36         0.58
           32         1000        27.03         1.18
           64         1000        26.93         2.38
          128         1000        27.29         4.69
          256         1000        27.71         9.24
          512         1000        28.55        17.94
         1024         1000        29.67        34.52
         2048         1000        32.74        62.55
         4096         1000        40.41       101.36
         8192         1000        46.61       175.75
        16384         1000        68.74       238.33
        32768         1000        74.00       442.84
        65536          640       112.21       584.07
       131072          320       166.26       788.37
       262144          160       257.44      1018.26
       524288           80       479.97      1092.33
      1048576           40       872.11      1202.34
      2097152           20      1736.69      1207.56
      4194304           10      3620.54      1158.48


# All processes entering MPI_Finalize

#------------------------------------------------------------
#    Intel(R) MPI Benchmarks 2019 Update 6, MPI-1 part    
#------------------------------------------------------------
# Date                  : Tue Aug 25 02:23:05 2020
# Machine               : x86_64
# System                : Linux
# Release               : 4.15.0-112-generic
# Version               : #113-Ubuntu SMP Thu Jul 9 23:41:39 UTC 2020
# MPI Version           : 3.1
# MPI Thread Environment: 


# Calling sequence was: 

# /home/lacp/NEWP/BENCHMARKS/mpi-benchmarks/IMB-MPI1 PingPong 

# Minimum message length in bytes:   0
# Maximum message length in bytes:   4194304
#
# MPI_Datatype                   :   MPI_BYTE 
# MPI_Datatype for reductions    :   MPI_FLOAT 
# MPI_Op                         :   MPI_SUM  
# 
# 

# List of Benchmarks to run:

# PingPong

#---------------------------------------------------
# Benchmarking PingPong 
# #processes = 2 
#---------------------------------------------------
       #bytes #repetitions      t[usec]   Mbytes/sec
            0         1000        25.57         0.00
            1         1000        26.25         0.04
            2         1000        26.19         0.08
            4         1000        26.21         0.15
            8         1000        26.08         0.31
           16         1000        25.93         0.62
           32         1000        26.25         1.22
           64         1000        27.79         2.30
          128         1000        26.70         4.79
          256         1000        26.79         9.56
          512         1000        27.34        18.73
         1024         1000        28.54        35.88
         2048         1000        32.38        63.24
         4096         1000        40.06       102.25
         8192         1000        45.70       179.25
        16384         1000        67.66       242.15
        32768         1000        52.61       622.85
        65536          640       112.31       583.52
       131072          320       166.72       786.16
       262144          160       258.04      1015.92
       524288           80       437.10      1199.47
      1048576           40       787.85      1330.94
      2097152           20      1621.10      1293.66
      4194304           10      3221.05      1302.15


# All processes entering MPI_Finalize

#------------------------------------------------------------
#    Intel(R) MPI Benchmarks 2019 Update 6, MPI-1 part    
#------------------------------------------------------------
# Date                  : Tue Aug 25 02:32:29 2020
# Machine               : x86_64
# System                : Linux
# Release               : 4.15.0-112-generic
# Version               : #113-Ubuntu SMP Thu Jul 9 23:41:39 UTC 2020
# MPI Version           : 3.1
# MPI Thread Environment: 


# Calling sequence was: 

# /home/lacp/NEWP/BENCHMARKS/mpi-benchmarks/IMB-MPI1 PingPong 

# Minimum message length in bytes:   0
# Maximum message length in bytes:   4194304
#
# MPI_Datatype                   :   MPI_BYTE 
# MPI_Datatype for reductions    :   MPI_FLOAT 
# MPI_Op                         :   MPI_SUM  
# 
# 

# List of Benchmarks to run:

# PingPong

#---------------------------------------------------
# Benchmarking PingPong 
# #processes = 2 
#---------------------------------------------------
       #bytes #repetitions      t[usec]   Mbytes/sec
            0         1000        27.58         0.00
            1         1000        26.72         0.04
            2         1000        26.75         0.07
            4         1000        26.63         0.15
            8         1000        26.79         0.30
           16         1000        26.61         0.60
           32         1000        27.05         1.18
           64         1000        27.06         2.36
          128         1000        27.13         4.72
          256         1000        27.63         9.27
          512         1000        28.11        18.22
         1024         1000        29.62        34.57
         2048         1000        32.55        62.92
         4096         1000        40.21       101.87
         8192         1000        46.16       177.46
        16384         1000        67.77       241.76
        32768         1000        89.49       366.18
        65536          640       112.21       584.07
       131072          320       166.87       785.48
       262144          160       260.62      1005.86
       524288           80       481.34      1089.23
      1048576           40       821.55      1276.34
      2097152           20      1641.17      1277.84
      4194304           10      3209.97      1306.65


# All processes entering MPI_Finalize

#------------------------------------------------------------
#    Intel(R) MPI Benchmarks 2019 Update 6, MPI-1 part    
#------------------------------------------------------------
# Date                  : Tue Aug 25 02:50:30 2020
# Machine               : x86_64
# System                : Linux
# Release               : 4.15.0-112-generic
# Version               : #113-Ubuntu SMP Thu Jul 9 23:41:39 UTC 2020
# MPI Version           : 3.1
# MPI Thread Environment: 


# Calling sequence was: 

# /home/lacp/NEWP/BENCHMARKS/mpi-benchmarks/IMB-MPI1 PingPong 

# Minimum message length in bytes:   0
# Maximum message length in bytes:   4194304
#
# MPI_Datatype                   :   MPI_BYTE 
# MPI_Datatype for reductions    :   MPI_FLOAT 
# MPI_Op                         :   MPI_SUM  
# 
# 

# List of Benchmarks to run:

# PingPong

#---------------------------------------------------
# Benchmarking PingPong 
# #processes = 2 
#---------------------------------------------------
       #bytes #repetitions      t[usec]   Mbytes/sec
            0         1000        25.30         0.00
            1         1000        26.09         0.04
            2         1000        20.63         0.10
            4         1000        19.41         0.21
            8         1000        19.42         0.41
           16         1000        19.39         0.83
           32         1000        19.48         1.64
           64         1000        19.51         3.28
          128         1000        19.70         6.50
          256         1000        19.90        12.86
          512         1000        20.53        24.95
         1024         1000        21.89        46.78
         2048         1000        21.63        94.67
         4096         1000        17.86       229.35
         8192         1000        45.68       179.32
        16384         1000        68.00       240.95
        32768         1000        89.70       365.29
        65536          640       112.32       583.48
       131072          320       165.42       792.35
       262144          160       282.88       926.69
       524288           80       439.36      1193.30
      1048576           40       784.28      1336.99
      2097152           20      1630.25      1286.40
      4194304           10      3209.26      1306.94


# All processes entering MPI_Finalize

#------------------------------------------------------------
#    Intel(R) MPI Benchmarks 2019 Update 6, MPI-1 part    
#------------------------------------------------------------
# Date                  : Tue Aug 25 03:25:38 2020
# Machine               : x86_64
# System                : Linux
# Release               : 4.15.0-112-generic
# Version               : #113-Ubuntu SMP Thu Jul 9 23:41:39 UTC 2020
# MPI Version           : 3.1
# MPI Thread Environment: 


# Calling sequence was: 

# /home/lacp/NEWP/BENCHMARKS/mpi-benchmarks/IMB-MPI1 PingPong 

# Minimum message length in bytes:   0
# Maximum message length in bytes:   4194304
#
# MPI_Datatype                   :   MPI_BYTE 
# MPI_Datatype for reductions    :   MPI_FLOAT 
# MPI_Op                         :   MPI_SUM  
# 
# 

# List of Benchmarks to run:

# PingPong

#---------------------------------------------------
# Benchmarking PingPong 
# #processes = 2 
#---------------------------------------------------
       #bytes #repetitions      t[usec]   Mbytes/sec
            0         1000        25.40         0.00
            1         1000        26.10         0.04
            2         1000        26.43         0.08
            4         1000        26.20         0.15
            8         1000        26.18         0.31
           16         1000        26.18         0.61
           32         1000        26.59         1.20
           64         1000        26.69         2.40
          128         1000        26.92         4.75
          256         1000        27.07         9.46
          512         1000        27.73        18.46
         1024         1000        28.99        35.32
         2048         1000        32.22        63.57
         4096         1000        39.83       102.83
         8192         1000        46.37       176.68
        16384         1000        68.27       240.00
        32768         1000        61.34       534.20
        65536          640       111.55       587.52
       131072          320       170.73       767.72
       262144          160       276.90       946.72
       524288           80       484.64      1081.80
      1048576           40       865.16      1212.01
      2097152           20      1667.05      1258.00
      4194304           10      3251.46      1289.98


# All processes entering MPI_Finalize

#------------------------------------------------------------
#    Intel(R) MPI Benchmarks 2019 Update 6, MPI-1 part    
#------------------------------------------------------------
# Date                  : Tue Aug 25 03:28:50 2020
# Machine               : x86_64
# System                : Linux
# Release               : 4.15.0-112-generic
# Version               : #113-Ubuntu SMP Thu Jul 9 23:41:39 UTC 2020
# MPI Version           : 3.1
# MPI Thread Environment: 


# Calling sequence was: 

# /home/lacp/NEWP/BENCHMARKS/mpi-benchmarks/IMB-MPI1 PingPong 

# Minimum message length in bytes:   0
# Maximum message length in bytes:   4194304
#
# MPI_Datatype                   :   MPI_BYTE 
# MPI_Datatype for reductions    :   MPI_FLOAT 
# MPI_Op                         :   MPI_SUM  
# 
# 

# List of Benchmarks to run:

# PingPong

#---------------------------------------------------
# Benchmarking PingPong 
# #processes = 2 
#---------------------------------------------------
       #bytes #repetitions      t[usec]   Mbytes/sec
            0         1000        27.02         0.00
            1         1000        26.18         0.04
            2         1000        26.19         0.08
            4         1000        26.39         0.15
            8         1000        26.11         0.31
           16         1000        26.11         0.61
           32         1000        26.18         1.22
           64         1000        26.32         2.43
          128         1000        26.91         4.76
          256         1000        26.90         9.52
          512         1000        27.49        18.63
         1024         1000        28.68        35.70
         2048         1000        31.81        64.38
         4096         1000        39.07       104.84
         8192         1000        45.50       180.06
        16384         1000        69.18       236.85
        32768         1000        53.45       613.12
        65536          640       112.12       584.50
       131072          320       164.27       797.91
       262144          160       259.02      1012.08
       524288           80       433.30      1209.99
      1048576           40       790.27      1326.86
      2097152           20      1617.43      1296.60
      4194304           10      3250.30      1290.43


# All processes entering MPI_Finalize

#------------------------------------------------------------
#    Intel(R) MPI Benchmarks 2019 Update 6, MPI-1 part    
#------------------------------------------------------------
# Date                  : Tue Aug 25 03:43:58 2020
# Machine               : x86_64
# System                : Linux
# Release               : 4.15.0-112-generic
# Version               : #113-Ubuntu SMP Thu Jul 9 23:41:39 UTC 2020
# MPI Version           : 3.1
# MPI Thread Environment: 


# Calling sequence was: 

# /home/lacp/NEWP/BENCHMARKS/mpi-benchmarks/IMB-MPI1 PingPong 

# Minimum message length in bytes:   0
# Maximum message length in bytes:   4194304
#
# MPI_Datatype                   :   MPI_BYTE 
# MPI_Datatype for reductions    :   MPI_FLOAT 
# MPI_Op                         :   MPI_SUM  
# 
# 

# List of Benchmarks to run:

# PingPong

#---------------------------------------------------
# Benchmarking PingPong 
# #processes = 2 
#---------------------------------------------------
       #bytes #repetitions      t[usec]   Mbytes/sec
            0         1000        27.28         0.00
            1         1000        26.19         0.04
            2         1000        26.51         0.08
            4         1000        26.30         0.15
            8         1000        26.37         0.30
           16         1000        26.20         0.61
           32         1000        26.80         1.19
           64         1000        27.17         2.36
          128         1000        27.04         4.73
          256         1000        27.62         9.27
          512         1000        28.15        18.19
         1024         1000        28.93        35.39
         2048         1000        32.41        63.18
         4096         1000        39.91       102.63
         8192         1000        46.83       174.94
        16384         1000        57.66       284.15
        32768         1000        52.80       620.58
        65536          640       111.98       585.24
       131072          320       166.67       786.41
       262144          160       260.74      1005.38
       524288           80       432.90      1211.11
      1048576           40       792.24      1323.56
      2097152           20      1624.35      1291.07
      4194304           10      3274.41      1280.94


# All processes entering MPI_Finalize

#------------------------------------------------------------
#    Intel(R) MPI Benchmarks 2019 Update 6, MPI-1 part    
#------------------------------------------------------------
# Date                  : Tue Aug 25 04:35:29 2020
# Machine               : x86_64
# System                : Linux
# Release               : 4.15.0-112-generic
# Version               : #113-Ubuntu SMP Thu Jul 9 23:41:39 UTC 2020
# MPI Version           : 3.1
# MPI Thread Environment: 


# Calling sequence was: 

# /home/lacp/NEWP/BENCHMARKS/mpi-benchmarks/IMB-MPI1 PingPong 

# Minimum message length in bytes:   0
# Maximum message length in bytes:   4194304
#
# MPI_Datatype                   :   MPI_BYTE 
# MPI_Datatype for reductions    :   MPI_FLOAT 
# MPI_Op                         :   MPI_SUM  
# 
# 

# List of Benchmarks to run:

# PingPong

#---------------------------------------------------
# Benchmarking PingPong 
# #processes = 2 
#---------------------------------------------------
       #bytes #repetitions      t[usec]   Mbytes/sec
            0         1000        24.91         0.00
            1         1000        25.64         0.04
            2         1000        26.25         0.08
            4         1000        25.99         0.15
            8         1000        25.88         0.31
           16         1000        25.96         0.62
           32         1000        26.06         1.23
           64         1000        26.51         2.41
          128         1000        26.22         4.88
          256         1000        26.53         9.65
          512         1000        27.13        18.88
         1024         1000        28.59        35.82
         2048         1000        31.92        64.16
         4096         1000        39.20       104.49
         8192         1000        45.33       180.74
        16384         1000        68.85       237.95
        32768         1000        62.31       525.91
        65536          640       110.61       592.51
       131072          320       164.60       796.33
       262144          160       259.08      1011.82
       524288           80       431.10      1216.15
      1048576           40       791.66      1324.53
      2097152           20      1622.71      1292.37
      4194304           10      3220.54      1302.36


# All processes entering MPI_Finalize

#------------------------------------------------------------
#    Intel(R) MPI Benchmarks 2019 Update 6, MPI-1 part    
#------------------------------------------------------------
# Date                  : Tue Aug 25 05:13:59 2020
# Machine               : x86_64
# System                : Linux
# Release               : 4.15.0-112-generic
# Version               : #113-Ubuntu SMP Thu Jul 9 23:41:39 UTC 2020
# MPI Version           : 3.1
# MPI Thread Environment: 


# Calling sequence was: 

# /home/lacp/NEWP/BENCHMARKS/mpi-benchmarks/IMB-MPI1 PingPong 

# Minimum message length in bytes:   0
# Maximum message length in bytes:   4194304
#
# MPI_Datatype                   :   MPI_BYTE 
# MPI_Datatype for reductions    :   MPI_FLOAT 
# MPI_Op                         :   MPI_SUM  
# 
# 

# List of Benchmarks to run:

# PingPong

#---------------------------------------------------
# Benchmarking PingPong 
# #processes = 2 
#---------------------------------------------------
       #bytes #repetitions      t[usec]   Mbytes/sec
            0         1000        25.52         0.00
            1         1000        26.39         0.04
            2         1000        26.17         0.08
            4         1000        26.23         0.15
            8         1000        26.22         0.31
           16         1000        26.42         0.61
           32         1000        26.55         1.21
           64         1000        26.70         2.40
          128         1000        26.98         4.74
          256         1000        27.15         9.43
          512         1000        27.89        18.36
         1024         1000        28.84        35.51
         2048         1000        32.14        63.73
         4096         1000        39.63       103.34
         8192         1000        45.61       179.61
        16384         1000        51.80       316.30
        32768         1000        85.51       383.22
        65536          640       179.17       365.77
       131072          320       165.78       790.65
       262144          160       259.07      1011.86
       524288           80       437.49      1198.41
      1048576           40       800.96      1309.14
      2097152           20      1627.26      1288.76
      4194304           10      3214.26      1304.91


# All processes entering MPI_Finalize

