
 NAS Parallel Benchmarks 3.4 -- EP Benchmark

 Number of random numbers generated:      8589934592  (class C)
 Total number of processes:                       16

EP Benchmark Results:

CPU Time =   29.7871
N = 2^   32
No. Gaussian Pairs =    3373275903.
Sums =     4.764367927997306D+04   -8.084072988045780D+04
Counts:
  0    1572172634.
  1    1501108549.
  2     281805648.
  3      17761221.
  4        424017.
  5          3821.
  6            13.
  7             0.
  8             0.
  9             0.


 EP Benchmark Completed.
 Class           =                        C
 Size            =               8589934592
 Iterations      =                        0
 Time in seconds =                    29.79
 Total processes =                       16
 Active processes=                       16
 Mop/s total     =                   288.38
 Mop/s/process   =                    18.02
 Operation type  = Random numbers generated
 Verification    =               SUCCESSFUL
 Version         =                    3.4.1
 Compile date    =              21 Sep 2020

 Compile options:
    MPIFC        = mpifort
    FLINK        = $(MPIFC)
    FMPI_LIB     = (none)
    FMPI_INC     = (none)
    FFLAGS       = -O3
    FLINKFLAGS   = $(FFLAGS)
    RAND         = randi8


 Please send feedbacks and/or the results of this run to:

 NPB Development Team 
 Internet: npb@nas.nasa.gov



 NAS Parallel Benchmarks 3.4 -- EP Benchmark

 Number of random numbers generated:      8589934592  (class C)
 Total number of processes:                       16

EP Benchmark Results:

CPU Time =  183.8236
N = 2^   32
No. Gaussian Pairs =    3373275903.
Sums =     4.764367927997306D+04   -8.084072988045780D+04
Counts:
  0    1572172634.
  1    1501108549.
  2     281805648.
  3      17761221.
  4        424017.
  5          3821.
  6            13.
  7             0.
  8             0.
  9             0.


 EP Benchmark Completed.
 Class           =                        C
 Size            =               8589934592
 Iterations      =                        0
 Time in seconds =                   183.82
 Total processes =                       16
 Active processes=                       16
 Mop/s total     =                    46.73
 Mop/s/process   =                     2.92
 Operation type  = Random numbers generated
 Verification    =               SUCCESSFUL
 Version         =                    3.4.1
 Compile date    =              21 Sep 2020

 Compile options:
    MPIFC        = mpifort
    FLINK        = $(MPIFC)
    FMPI_LIB     = (none)
    FMPI_INC     = (none)
    FFLAGS       = -O3
    FLINKFLAGS   = $(FFLAGS)
    RAND         = randi8


 Please send feedbacks and/or the results of this run to:

 NPB Development Team 
 Internet: npb@nas.nasa.gov



 NAS Parallel Benchmarks 3.4 -- EP Benchmark

 Number of random numbers generated:      8589934592  (class C)
 Total number of processes:                       16

EP Benchmark Results:

CPU Time =  184.1146
N = 2^   32
No. Gaussian Pairs =    3373275903.
Sums =     4.764367927997306D+04   -8.084072988045780D+04
Counts:
  0    1572172634.
  1    1501108549.
  2     281805648.
  3      17761221.
  4        424017.
  5          3821.
  6            13.
  7             0.
  8             0.
  9             0.


 EP Benchmark Completed.
 Class           =                        C
 Size            =               8589934592
 Iterations      =                        0
 Time in seconds =                   184.11
 Total processes =                       16
 Active processes=                       16
 Mop/s total     =                    46.66
 Mop/s/process   =                     2.92
 Operation type  = Random numbers generated
 Verification    =               SUCCESSFUL
 Version         =                    3.4.1
 Compile date    =              21 Sep 2020

 Compile options:
    MPIFC        = mpifort
    FLINK        = $(MPIFC)
    FMPI_LIB     = (none)
    FMPI_INC     = (none)
    FFLAGS       = -O3
    FLINKFLAGS   = $(FFLAGS)
    RAND         = randi8


 Please send feedbacks and/or the results of this run to:

 NPB Development Team 
 Internet: npb@nas.nasa.gov



 NAS Parallel Benchmarks 3.4 -- EP Benchmark

 Number of random numbers generated:      8589934592  (class C)
 Total number of processes:                       16

EP Benchmark Results:

CPU Time =  182.9163
N = 2^   32
No. Gaussian Pairs =    3373275903.
Sums =     4.764367927997306D+04   -8.084072988045780D+04
Counts:
  0    1572172634.
  1    1501108549.
  2     281805648.
  3      17761221.
  4        424017.
  5          3821.
  6            13.
  7             0.
  8             0.
  9             0.


 EP Benchmark Completed.
 Class           =                        C
 Size            =               8589934592
 Iterations      =                        0
 Time in seconds =                   182.92
 Total processes =                       16
 Active processes=                       16
 Mop/s total     =                    46.96
 Mop/s/process   =                     2.94
 Operation type  = Random numbers generated
 Verification    =               SUCCESSFUL
 Version         =                    3.4.1
 Compile date    =              21 Sep 2020

 Compile options:
    MPIFC        = mpifort
    FLINK        = $(MPIFC)
    FMPI_LIB     = (none)
    FMPI_INC     = (none)
    FFLAGS       = -O3
    FLINKFLAGS   = $(FFLAGS)
    RAND         = randi8


 Please send feedbacks and/or the results of this run to:

 NPB Development Team 
 Internet: npb@nas.nasa.gov



 NAS Parallel Benchmarks 3.4 -- EP Benchmark

 Number of random numbers generated:      8589934592  (class C)
 Total number of processes:                       16

EP Benchmark Results:

CPU Time =  184.2325
N = 2^   32
No. Gaussian Pairs =    3373275903.
Sums =     4.764367927997306D+04   -8.084072988045780D+04
Counts:
  0    1572172634.
  1    1501108549.
  2     281805648.
  3      17761221.
  4        424017.
  5          3821.
  6            13.
  7             0.
  8             0.
  9             0.


 EP Benchmark Completed.
 Class           =                        C
 Size            =               8589934592
 Iterations      =                        0
 Time in seconds =                   184.23
 Total processes =                       16
 Active processes=                       16
 Mop/s total     =                    46.63
 Mop/s/process   =                     2.91
 Operation type  = Random numbers generated
 Verification    =               SUCCESSFUL
 Version         =                    3.4.1
 Compile date    =              21 Sep 2020

 Compile options:
    MPIFC        = mpifort
    FLINK        = $(MPIFC)
    FMPI_LIB     = (none)
    FMPI_INC     = (none)
    FFLAGS       = -O3
    FLINKFLAGS   = $(FFLAGS)
    RAND         = randi8


 Please send feedbacks and/or the results of this run to:

 NPB Development Team 
 Internet: npb@nas.nasa.gov



 NAS Parallel Benchmarks 3.4 -- EP Benchmark

 Number of random numbers generated:      8589934592  (class C)
 Total number of processes:                       16

EP Benchmark Results:

CPU Time =   29.7083
N = 2^   32
No. Gaussian Pairs =    3373275903.
Sums =     4.764367927997306D+04   -8.084072988045780D+04
Counts:
  0    1572172634.
  1    1501108549.
  2     281805648.
  3      17761221.
  4        424017.
  5          3821.
  6            13.
  7             0.
  8             0.
  9             0.


 EP Benchmark Completed.
 Class           =                        C
 Size            =               8589934592
 Iterations      =                        0
 Time in seconds =                    29.71
 Total processes =                       16
 Active processes=                       16
 Mop/s total     =                   289.14
 Mop/s/process   =                    18.07
 Operation type  = Random numbers generated
 Verification    =               SUCCESSFUL
 Version         =                    3.4.1
 Compile date    =              21 Sep 2020

 Compile options:
    MPIFC        = mpifort
    FLINK        = $(MPIFC)
    FMPI_LIB     = (none)
    FMPI_INC     = (none)
    FFLAGS       = -O3
    FLINKFLAGS   = $(FFLAGS)
    RAND         = randi8


 Please send feedbacks and/or the results of this run to:

 NPB Development Team 
 Internet: npb@nas.nasa.gov



 NAS Parallel Benchmarks 3.4 -- EP Benchmark

 Number of random numbers generated:      8589934592  (class C)
 Total number of processes:                       16

EP Benchmark Results:

CPU Time =   29.6573
N = 2^   32
No. Gaussian Pairs =    3373275903.
Sums =     4.764367927997306D+04   -8.084072988045780D+04
Counts:
  0    1572172634.
  1    1501108549.
  2     281805648.
  3      17761221.
  4        424017.
  5          3821.
  6            13.
  7             0.
  8             0.
  9             0.


 EP Benchmark Completed.
 Class           =                        C
 Size            =               8589934592
 Iterations      =                        0
 Time in seconds =                    29.66
 Total processes =                       16
 Active processes=                       16
 Mop/s total     =                   289.64
 Mop/s/process   =                    18.10
 Operation type  = Random numbers generated
 Verification    =               SUCCESSFUL
 Version         =                    3.4.1
 Compile date    =              21 Sep 2020

 Compile options:
    MPIFC        = mpifort
    FLINK        = $(MPIFC)
    FMPI_LIB     = (none)
    FMPI_INC     = (none)
    FFLAGS       = -O3
    FLINKFLAGS   = $(FFLAGS)
    RAND         = randi8


 Please send feedbacks and/or the results of this run to:

 NPB Development Team 
 Internet: npb@nas.nasa.gov



 NAS Parallel Benchmarks 3.4 -- EP Benchmark

 Number of random numbers generated:      8589934592  (class C)
 Total number of processes:                       16

EP Benchmark Results:

CPU Time =   29.7472
N = 2^   32
No. Gaussian Pairs =    3373275903.
Sums =     4.764367927997306D+04   -8.084072988045780D+04
Counts:
  0    1572172634.
  1    1501108549.
  2     281805648.
  3      17761221.
  4        424017.
  5          3821.
  6            13.
  7             0.
  8             0.
  9             0.


 EP Benchmark Completed.
 Class           =                        C
 Size            =               8589934592
 Iterations      =                        0
 Time in seconds =                    29.75
 Total processes =                       16
 Active processes=                       16
 Mop/s total     =                   288.76
 Mop/s/process   =                    18.05
 Operation type  = Random numbers generated
 Verification    =               SUCCESSFUL
 Version         =                    3.4.1
 Compile date    =              21 Sep 2020

 Compile options:
    MPIFC        = mpifort
    FLINK        = $(MPIFC)
    FMPI_LIB     = (none)
    FMPI_INC     = (none)
    FFLAGS       = -O3
    FLINKFLAGS   = $(FFLAGS)
    RAND         = randi8


 Please send feedbacks and/or the results of this run to:

 NPB Development Team 
 Internet: npb@nas.nasa.gov



 NAS Parallel Benchmarks 3.4 -- EP Benchmark

 Number of random numbers generated:      8589934592  (class C)
 Total number of processes:                       16

EP Benchmark Results:

CPU Time =   29.7741
N = 2^   32
No. Gaussian Pairs =    3373275903.
Sums =     4.764367927997306D+04   -8.084072988045780D+04
Counts:
  0    1572172634.
  1    1501108549.
  2     281805648.
  3      17761221.
  4        424017.
  5          3821.
  6            13.
  7             0.
  8             0.
  9             0.


 EP Benchmark Completed.
 Class           =                        C
 Size            =               8589934592
 Iterations      =                        0
 Time in seconds =                    29.77
 Total processes =                       16
 Active processes=                       16
 Mop/s total     =                   288.50
 Mop/s/process   =                    18.03
 Operation type  = Random numbers generated
 Verification    =               SUCCESSFUL
 Version         =                    3.4.1
 Compile date    =              21 Sep 2020

 Compile options:
    MPIFC        = mpifort
    FLINK        = $(MPIFC)
    FMPI_LIB     = (none)
    FMPI_INC     = (none)
    FFLAGS       = -O3
    FLINKFLAGS   = $(FFLAGS)
    RAND         = randi8


 Please send feedbacks and/or the results of this run to:

 NPB Development Team 
 Internet: npb@nas.nasa.gov



 NAS Parallel Benchmarks 3.4 -- EP Benchmark

 Number of random numbers generated:      8589934592  (class C)
 Total number of processes:                       16

EP Benchmark Results:

CPU Time =   29.7591
N = 2^   32
No. Gaussian Pairs =    3373275903.
Sums =     4.764367927997306D+04   -8.084072988045780D+04
Counts:
  0    1572172634.
  1    1501108549.
  2     281805648.
  3      17761221.
  4        424017.
  5          3821.
  6            13.
  7             0.
  8             0.
  9             0.


 EP Benchmark Completed.
 Class           =                        C
 Size            =               8589934592
 Iterations      =                        0
 Time in seconds =                    29.76
 Total processes =                       16
 Active processes=                       16
 Mop/s total     =                   288.65
 Mop/s/process   =                    18.04
 Operation type  = Random numbers generated
 Verification    =               SUCCESSFUL
 Version         =                    3.4.1
 Compile date    =              21 Sep 2020

 Compile options:
    MPIFC        = mpifort
    FLINK        = $(MPIFC)
    FMPI_LIB     = (none)
    FMPI_INC     = (none)
    FFLAGS       = -O3
    FLINKFLAGS   = $(FFLAGS)
    RAND         = randi8


 Please send feedbacks and/or the results of this run to:

 NPB Development Team 
 Internet: npb@nas.nasa.gov



 NAS Parallel Benchmarks 3.4 -- EP Benchmark

 Number of random numbers generated:      8589934592  (class C)
 Total number of processes:                       16

EP Benchmark Results:

CPU Time =  184.1066
N = 2^   32
No. Gaussian Pairs =    3373275903.
Sums =     4.764367927997306D+04   -8.084072988045780D+04
Counts:
  0    1572172634.
  1    1501108549.
  2     281805648.
  3      17761221.
  4        424017.
  5          3821.
  6            13.
  7             0.
  8             0.
  9             0.


 EP Benchmark Completed.
 Class           =                        C
 Size            =               8589934592
 Iterations      =                        0
 Time in seconds =                   184.11
 Total processes =                       16
 Active processes=                       16
 Mop/s total     =                    46.66
 Mop/s/process   =                     2.92
 Operation type  = Random numbers generated
 Verification    =               SUCCESSFUL
 Version         =                    3.4.1
 Compile date    =              21 Sep 2020

 Compile options:
    MPIFC        = mpifort
    FLINK        = $(MPIFC)
    FMPI_LIB     = (none)
    FMPI_INC     = (none)
    FFLAGS       = -O3
    FLINKFLAGS   = $(FFLAGS)
    RAND         = randi8


 Please send feedbacks and/or the results of this run to:

 NPB Development Team 
 Internet: npb@nas.nasa.gov



 NAS Parallel Benchmarks 3.4 -- EP Benchmark

 Number of random numbers generated:      8589934592  (class C)
 Total number of processes:                       16

EP Benchmark Results:

CPU Time =  183.4802
N = 2^   32
No. Gaussian Pairs =    3373275903.
Sums =     4.764367927997306D+04   -8.084072988045780D+04
Counts:
  0    1572172634.
  1    1501108549.
  2     281805648.
  3      17761221.
  4        424017.
  5          3821.
  6            13.
  7             0.
  8             0.
  9             0.


 EP Benchmark Completed.
 Class           =                        C
 Size            =               8589934592
 Iterations      =                        0
 Time in seconds =                   183.48
 Total processes =                       16
 Active processes=                       16
 Mop/s total     =                    46.82
 Mop/s/process   =                     2.93
 Operation type  = Random numbers generated
 Verification    =               SUCCESSFUL
 Version         =                    3.4.1
 Compile date    =              21 Sep 2020

 Compile options:
    MPIFC        = mpifort
    FLINK        = $(MPIFC)
    FMPI_LIB     = (none)
    FMPI_INC     = (none)
    FFLAGS       = -O3
    FLINKFLAGS   = $(FFLAGS)
    RAND         = randi8


 Please send feedbacks and/or the results of this run to:

 NPB Development Team 
 Internet: npb@nas.nasa.gov



 NAS Parallel Benchmarks 3.4 -- EP Benchmark

 Number of random numbers generated:      8589934592  (class C)
 Total number of processes:                       16

EP Benchmark Results:

CPU Time =   29.7040
N = 2^   32
No. Gaussian Pairs =    3373275903.
Sums =     4.764367927997306D+04   -8.084072988045780D+04
Counts:
  0    1572172634.
  1    1501108549.
  2     281805648.
  3      17761221.
  4        424017.
  5          3821.
  6            13.
  7             0.
  8             0.
  9             0.


 EP Benchmark Completed.
 Class           =                        C
 Size            =               8589934592
 Iterations      =                        0
 Time in seconds =                    29.70
 Total processes =                       16
 Active processes=                       16
 Mop/s total     =                   289.18
 Mop/s/process   =                    18.07
 Operation type  = Random numbers generated
 Verification    =               SUCCESSFUL
 Version         =                    3.4.1
 Compile date    =              21 Sep 2020

 Compile options:
    MPIFC        = mpifort
    FLINK        = $(MPIFC)
    FMPI_LIB     = (none)
    FMPI_INC     = (none)
    FFLAGS       = -O3
    FLINKFLAGS   = $(FFLAGS)
    RAND         = randi8


 Please send feedbacks and/or the results of this run to:

 NPB Development Team 
 Internet: npb@nas.nasa.gov



 NAS Parallel Benchmarks 3.4 -- EP Benchmark

 Number of random numbers generated:      8589934592  (class C)
 Total number of processes:                       16

EP Benchmark Results:

CPU Time =   29.8869
N = 2^   32
No. Gaussian Pairs =    3373275903.
Sums =     4.764367927997306D+04   -8.084072988045780D+04
Counts:
  0    1572172634.
  1    1501108549.
  2     281805648.
  3      17761221.
  4        424017.
  5          3821.
  6            13.
  7             0.
  8             0.
  9             0.


 EP Benchmark Completed.
 Class           =                        C
 Size            =               8589934592
 Iterations      =                        0
 Time in seconds =                    29.89
 Total processes =                       16
 Active processes=                       16
 Mop/s total     =                   287.41
 Mop/s/process   =                    17.96
 Operation type  = Random numbers generated
 Verification    =               SUCCESSFUL
 Version         =                    3.4.1
 Compile date    =              21 Sep 2020

 Compile options:
    MPIFC        = mpifort
    FLINK        = $(MPIFC)
    FMPI_LIB     = (none)
    FMPI_INC     = (none)
    FFLAGS       = -O3
    FLINKFLAGS   = $(FFLAGS)
    RAND         = randi8


 Please send feedbacks and/or the results of this run to:

 NPB Development Team 
 Internet: npb@nas.nasa.gov



 NAS Parallel Benchmarks 3.4 -- EP Benchmark

 Number of random numbers generated:      8589934592  (class C)
 Total number of processes:                       16

EP Benchmark Results:

CPU Time =   29.7736
N = 2^   32
No. Gaussian Pairs =    3373275903.
Sums =     4.764367927997306D+04   -8.084072988045780D+04
Counts:
  0    1572172634.
  1    1501108549.
  2     281805648.
  3      17761221.
  4        424017.
  5          3821.
  6            13.
  7             0.
  8             0.
  9             0.


 EP Benchmark Completed.
 Class           =                        C
 Size            =               8589934592
 Iterations      =                        0
 Time in seconds =                    29.77
 Total processes =                       16
 Active processes=                       16
 Mop/s total     =                   288.51
 Mop/s/process   =                    18.03
 Operation type  = Random numbers generated
 Verification    =               SUCCESSFUL
 Version         =                    3.4.1
 Compile date    =              21 Sep 2020

 Compile options:
    MPIFC        = mpifort
    FLINK        = $(MPIFC)
    FMPI_LIB     = (none)
    FMPI_INC     = (none)
    FFLAGS       = -O3
    FLINKFLAGS   = $(FFLAGS)
    RAND         = randi8


 Please send feedbacks and/or the results of this run to:

 NPB Development Team 
 Internet: npb@nas.nasa.gov



 NAS Parallel Benchmarks 3.4 -- EP Benchmark

 Number of random numbers generated:      8589934592  (class C)
 Total number of processes:                       16

EP Benchmark Results:

CPU Time =   29.7894
N = 2^   32
No. Gaussian Pairs =    3373275903.
Sums =     4.764367927997306D+04   -8.084072988045780D+04
Counts:
  0    1572172634.
  1    1501108549.
  2     281805648.
  3      17761221.
  4        424017.
  5          3821.
  6            13.
  7             0.
  8             0.
  9             0.


 EP Benchmark Completed.
 Class           =                        C
 Size            =               8589934592
 Iterations      =                        0
 Time in seconds =                    29.79
 Total processes =                       16
 Active processes=                       16
 Mop/s total     =                   288.36
 Mop/s/process   =                    18.02
 Operation type  = Random numbers generated
 Verification    =               SUCCESSFUL
 Version         =                    3.4.1
 Compile date    =              21 Sep 2020

 Compile options:
    MPIFC        = mpifort
    FLINK        = $(MPIFC)
    FMPI_LIB     = (none)
    FMPI_INC     = (none)
    FFLAGS       = -O3
    FLINKFLAGS   = $(FFLAGS)
    RAND         = randi8


 Please send feedbacks and/or the results of this run to:

 NPB Development Team 
 Internet: npb@nas.nasa.gov



 NAS Parallel Benchmarks 3.4 -- EP Benchmark

 Number of random numbers generated:      8589934592  (class C)
 Total number of processes:                       16

EP Benchmark Results:

CPU Time =   29.8761
N = 2^   32
No. Gaussian Pairs =    3373275903.
Sums =     4.764367927997306D+04   -8.084072988045780D+04
Counts:
  0    1572172634.
  1    1501108549.
  2     281805648.
  3      17761221.
  4        424017.
  5          3821.
  6            13.
  7             0.
  8             0.
  9             0.


 EP Benchmark Completed.
 Class           =                        C
 Size            =               8589934592
 Iterations      =                        0
 Time in seconds =                    29.88
 Total processes =                       16
 Active processes=                       16
 Mop/s total     =                   287.52
 Mop/s/process   =                    17.97
 Operation type  = Random numbers generated
 Verification    =               SUCCESSFUL
 Version         =                    3.4.1
 Compile date    =              21 Sep 2020

 Compile options:
    MPIFC        = mpifort
    FLINK        = $(MPIFC)
    FMPI_LIB     = (none)
    FMPI_INC     = (none)
    FFLAGS       = -O3
    FLINKFLAGS   = $(FFLAGS)
    RAND         = randi8


 Please send feedbacks and/or the results of this run to:

 NPB Development Team 
 Internet: npb@nas.nasa.gov



 NAS Parallel Benchmarks 3.4 -- EP Benchmark

 Number of random numbers generated:      8589934592  (class C)
 Total number of processes:                       16

EP Benchmark Results:

CPU Time =   29.6697
N = 2^   32
No. Gaussian Pairs =    3373275903.
Sums =     4.764367927997306D+04   -8.084072988045780D+04
Counts:
  0    1572172634.
  1    1501108549.
  2     281805648.
  3      17761221.
  4        424017.
  5          3821.
  6            13.
  7             0.
  8             0.
  9             0.


 EP Benchmark Completed.
 Class           =                        C
 Size            =               8589934592
 Iterations      =                        0
 Time in seconds =                    29.67
 Total processes =                       16
 Active processes=                       16
 Mop/s total     =                   289.52
 Mop/s/process   =                    18.09
 Operation type  = Random numbers generated
 Verification    =               SUCCESSFUL
 Version         =                    3.4.1
 Compile date    =              21 Sep 2020

 Compile options:
    MPIFC        = mpifort
    FLINK        = $(MPIFC)
    FMPI_LIB     = (none)
    FMPI_INC     = (none)
    FFLAGS       = -O3
    FLINKFLAGS   = $(FFLAGS)
    RAND         = randi8


 Please send feedbacks and/or the results of this run to:

 NPB Development Team 
 Internet: npb@nas.nasa.gov



 NAS Parallel Benchmarks 3.4 -- EP Benchmark

 Number of random numbers generated:      8589934592  (class C)
 Total number of processes:                       16

EP Benchmark Results:

CPU Time =   29.9212
N = 2^   32
No. Gaussian Pairs =    3373275903.
Sums =     4.764367927997306D+04   -8.084072988045780D+04
Counts:
  0    1572172634.
  1    1501108549.
  2     281805648.
  3      17761221.
  4        424017.
  5          3821.
  6            13.
  7             0.
  8             0.
  9             0.


 EP Benchmark Completed.
 Class           =                        C
 Size            =               8589934592
 Iterations      =                        0
 Time in seconds =                    29.92
 Total processes =                       16
 Active processes=                       16
 Mop/s total     =                   287.09
 Mop/s/process   =                    17.94
 Operation type  = Random numbers generated
 Verification    =               SUCCESSFUL
 Version         =                    3.4.1
 Compile date    =              21 Sep 2020

 Compile options:
    MPIFC        = mpifort
    FLINK        = $(MPIFC)
    FMPI_LIB     = (none)
    FMPI_INC     = (none)
    FFLAGS       = -O3
    FLINKFLAGS   = $(FFLAGS)
    RAND         = randi8


 Please send feedbacks and/or the results of this run to:

 NPB Development Team 
 Internet: npb@nas.nasa.gov



 NAS Parallel Benchmarks 3.4 -- EP Benchmark

 Number of random numbers generated:      8589934592  (class C)
 Total number of processes:                       16

EP Benchmark Results:

CPU Time =  183.2637
N = 2^   32
No. Gaussian Pairs =    3373275903.
Sums =     4.764367927997306D+04   -8.084072988045780D+04
Counts:
  0    1572172634.
  1    1501108549.
  2     281805648.
  3      17761221.
  4        424017.
  5          3821.
  6            13.
  7             0.
  8             0.
  9             0.


 EP Benchmark Completed.
 Class           =                        C
 Size            =               8589934592
 Iterations      =                        0
 Time in seconds =                   183.26
 Total processes =                       16
 Active processes=                       16
 Mop/s total     =                    46.87
 Mop/s/process   =                     2.93
 Operation type  = Random numbers generated
 Verification    =               SUCCESSFUL
 Version         =                    3.4.1
 Compile date    =              21 Sep 2020

 Compile options:
    MPIFC        = mpifort
    FLINK        = $(MPIFC)
    FMPI_LIB     = (none)
    FMPI_INC     = (none)
    FFLAGS       = -O3
    FLINKFLAGS   = $(FFLAGS)
    RAND         = randi8


 Please send feedbacks and/or the results of this run to:

 NPB Development Team 
 Internet: npb@nas.nasa.gov



 NAS Parallel Benchmarks 3.4 -- EP Benchmark

 Number of random numbers generated:      8589934592  (class C)
 Total number of processes:                       16

EP Benchmark Results:

CPU Time =   29.7368
N = 2^   32
No. Gaussian Pairs =    3373275903.
Sums =     4.764367927997306D+04   -8.084072988045780D+04
Counts:
  0    1572172634.
  1    1501108549.
  2     281805648.
  3      17761221.
  4        424017.
  5          3821.
  6            13.
  7             0.
  8             0.
  9             0.


 EP Benchmark Completed.
 Class           =                        C
 Size            =               8589934592
 Iterations      =                        0
 Time in seconds =                    29.74
 Total processes =                       16
 Active processes=                       16
 Mop/s total     =                   288.87
 Mop/s/process   =                    18.05
 Operation type  = Random numbers generated
 Verification    =               SUCCESSFUL
 Version         =                    3.4.1
 Compile date    =              21 Sep 2020

 Compile options:
    MPIFC        = mpifort
    FLINK        = $(MPIFC)
    FMPI_LIB     = (none)
    FMPI_INC     = (none)
    FFLAGS       = -O3
    FLINKFLAGS   = $(FFLAGS)
    RAND         = randi8


 Please send feedbacks and/or the results of this run to:

 NPB Development Team 
 Internet: npb@nas.nasa.gov



 NAS Parallel Benchmarks 3.4 -- EP Benchmark

 Number of random numbers generated:      8589934592  (class C)
 Total number of processes:                       16

EP Benchmark Results:

CPU Time =   29.9261
N = 2^   32
No. Gaussian Pairs =    3373275903.
Sums =     4.764367927997306D+04   -8.084072988045780D+04
Counts:
  0    1572172634.
  1    1501108549.
  2     281805648.
  3      17761221.
  4        424017.
  5          3821.
  6            13.
  7             0.
  8             0.
  9             0.


 EP Benchmark Completed.
 Class           =                        C
 Size            =               8589934592
 Iterations      =                        0
 Time in seconds =                    29.93
 Total processes =                       16
 Active processes=                       16
 Mop/s total     =                   287.04
 Mop/s/process   =                    17.94
 Operation type  = Random numbers generated
 Verification    =               SUCCESSFUL
 Version         =                    3.4.1
 Compile date    =              21 Sep 2020

 Compile options:
    MPIFC        = mpifort
    FLINK        = $(MPIFC)
    FMPI_LIB     = (none)
    FMPI_INC     = (none)
    FFLAGS       = -O3
    FLINKFLAGS   = $(FFLAGS)
    RAND         = randi8


 Please send feedbacks and/or the results of this run to:

 NPB Development Team 
 Internet: npb@nas.nasa.gov



 NAS Parallel Benchmarks 3.4 -- EP Benchmark

 Number of random numbers generated:      8589934592  (class C)
 Total number of processes:                       16

EP Benchmark Results:

CPU Time =   29.7160
N = 2^   32
No. Gaussian Pairs =    3373275903.
Sums =     4.764367927997306D+04   -8.084072988045780D+04
Counts:
  0    1572172634.
  1    1501108549.
  2     281805648.
  3      17761221.
  4        424017.
  5          3821.
  6            13.
  7             0.
  8             0.
  9             0.


 EP Benchmark Completed.
 Class           =                        C
 Size            =               8589934592
 Iterations      =                        0
 Time in seconds =                    29.72
 Total processes =                       16
 Active processes=                       16
 Mop/s total     =                   289.07
 Mop/s/process   =                    18.07
 Operation type  = Random numbers generated
 Verification    =               SUCCESSFUL
 Version         =                    3.4.1
 Compile date    =              21 Sep 2020

 Compile options:
    MPIFC        = mpifort
    FLINK        = $(MPIFC)
    FMPI_LIB     = (none)
    FMPI_INC     = (none)
    FFLAGS       = -O3
    FLINKFLAGS   = $(FFLAGS)
    RAND         = randi8


 Please send feedbacks and/or the results of this run to:

 NPB Development Team 
 Internet: npb@nas.nasa.gov



 NAS Parallel Benchmarks 3.4 -- EP Benchmark

 Number of random numbers generated:      8589934592  (class C)
 Total number of processes:                       16

EP Benchmark Results:

CPU Time =   29.8563
N = 2^   32
No. Gaussian Pairs =    3373275903.
Sums =     4.764367927997306D+04   -8.084072988045780D+04
Counts:
  0    1572172634.
  1    1501108549.
  2     281805648.
  3      17761221.
  4        424017.
  5          3821.
  6            13.
  7             0.
  8             0.
  9             0.


 EP Benchmark Completed.
 Class           =                        C
 Size            =               8589934592
 Iterations      =                        0
 Time in seconds =                    29.86
 Total processes =                       16
 Active processes=                       16
 Mop/s total     =                   287.71
 Mop/s/process   =                    17.98
 Operation type  = Random numbers generated
 Verification    =               SUCCESSFUL
 Version         =                    3.4.1
 Compile date    =              21 Sep 2020

 Compile options:
    MPIFC        = mpifort
    FLINK        = $(MPIFC)
    FMPI_LIB     = (none)
    FMPI_INC     = (none)
    FFLAGS       = -O3
    FLINKFLAGS   = $(FFLAGS)
    RAND         = randi8


 Please send feedbacks and/or the results of this run to:

 NPB Development Team 
 Internet: npb@nas.nasa.gov



 NAS Parallel Benchmarks 3.4 -- EP Benchmark

 Number of random numbers generated:      8589934592  (class C)
 Total number of processes:                       16

EP Benchmark Results:

CPU Time =  183.2633
N = 2^   32
No. Gaussian Pairs =    3373275903.
Sums =     4.764367927997306D+04   -8.084072988045780D+04
Counts:
  0    1572172634.
  1    1501108549.
  2     281805648.
  3      17761221.
  4        424017.
  5          3821.
  6            13.
  7             0.
  8             0.
  9             0.


 EP Benchmark Completed.
 Class           =                        C
 Size            =               8589934592
 Iterations      =                        0
 Time in seconds =                   183.26
 Total processes =                       16
 Active processes=                       16
 Mop/s total     =                    46.87
 Mop/s/process   =                     2.93
 Operation type  = Random numbers generated
 Verification    =               SUCCESSFUL
 Version         =                    3.4.1
 Compile date    =              21 Sep 2020

 Compile options:
    MPIFC        = mpifort
    FLINK        = $(MPIFC)
    FMPI_LIB     = (none)
    FMPI_INC     = (none)
    FFLAGS       = -O3
    FLINKFLAGS   = $(FFLAGS)
    RAND         = randi8


 Please send feedbacks and/or the results of this run to:

 NPB Development Team 
 Internet: npb@nas.nasa.gov



 NAS Parallel Benchmarks 3.4 -- EP Benchmark

 Number of random numbers generated:      8589934592  (class C)
 Total number of processes:                       16

EP Benchmark Results:

CPU Time =   29.7729
N = 2^   32
No. Gaussian Pairs =    3373275903.
Sums =     4.764367927997306D+04   -8.084072988045780D+04
Counts:
  0    1572172634.
  1    1501108549.
  2     281805648.
  3      17761221.
  4        424017.
  5          3821.
  6            13.
  7             0.
  8             0.
  9             0.


 EP Benchmark Completed.
 Class           =                        C
 Size            =               8589934592
 Iterations      =                        0
 Time in seconds =                    29.77
 Total processes =                       16
 Active processes=                       16
 Mop/s total     =                   288.52
 Mop/s/process   =                    18.03
 Operation type  = Random numbers generated
 Verification    =               SUCCESSFUL
 Version         =                    3.4.1
 Compile date    =              21 Sep 2020

 Compile options:
    MPIFC        = mpifort
    FLINK        = $(MPIFC)
    FMPI_LIB     = (none)
    FMPI_INC     = (none)
    FFLAGS       = -O3
    FLINKFLAGS   = $(FFLAGS)
    RAND         = randi8


 Please send feedbacks and/or the results of this run to:

 NPB Development Team 
 Internet: npb@nas.nasa.gov



 NAS Parallel Benchmarks 3.4 -- EP Benchmark

 Number of random numbers generated:      8589934592  (class C)
 Total number of processes:                       16

EP Benchmark Results:

CPU Time =   29.7488
N = 2^   32
No. Gaussian Pairs =    3373275903.
Sums =     4.764367927997306D+04   -8.084072988045780D+04
Counts:
  0    1572172634.
  1    1501108549.
  2     281805648.
  3      17761221.
  4        424017.
  5          3821.
  6            13.
  7             0.
  8             0.
  9             0.


 EP Benchmark Completed.
 Class           =                        C
 Size            =               8589934592
 Iterations      =                        0
 Time in seconds =                    29.75
 Total processes =                       16
 Active processes=                       16
 Mop/s total     =                   288.75
 Mop/s/process   =                    18.05
 Operation type  = Random numbers generated
 Verification    =               SUCCESSFUL
 Version         =                    3.4.1
 Compile date    =              21 Sep 2020

 Compile options:
    MPIFC        = mpifort
    FLINK        = $(MPIFC)
    FMPI_LIB     = (none)
    FMPI_INC     = (none)
    FFLAGS       = -O3
    FLINKFLAGS   = $(FFLAGS)
    RAND         = randi8


 Please send feedbacks and/or the results of this run to:

 NPB Development Team 
 Internet: npb@nas.nasa.gov



 NAS Parallel Benchmarks 3.4 -- EP Benchmark

 Number of random numbers generated:      8589934592  (class C)
 Total number of processes:                       16

EP Benchmark Results:

CPU Time =   29.8525
N = 2^   32
No. Gaussian Pairs =    3373275903.
Sums =     4.764367927997306D+04   -8.084072988045780D+04
Counts:
  0    1572172634.
  1    1501108549.
  2     281805648.
  3      17761221.
  4        424017.
  5          3821.
  6            13.
  7             0.
  8             0.
  9             0.


 EP Benchmark Completed.
 Class           =                        C
 Size            =               8589934592
 Iterations      =                        0
 Time in seconds =                    29.85
 Total processes =                       16
 Active processes=                       16
 Mop/s total     =                   287.75
 Mop/s/process   =                    17.98
 Operation type  = Random numbers generated
 Verification    =               SUCCESSFUL
 Version         =                    3.4.1
 Compile date    =              21 Sep 2020

 Compile options:
    MPIFC        = mpifort
    FLINK        = $(MPIFC)
    FMPI_LIB     = (none)
    FMPI_INC     = (none)
    FFLAGS       = -O3
    FLINKFLAGS   = $(FFLAGS)
    RAND         = randi8


 Please send feedbacks and/or the results of this run to:

 NPB Development Team 
 Internet: npb@nas.nasa.gov



 NAS Parallel Benchmarks 3.4 -- EP Benchmark

 Number of random numbers generated:      8589934592  (class C)
 Total number of processes:                       16

EP Benchmark Results:

CPU Time =   29.7396
N = 2^   32
No. Gaussian Pairs =    3373275903.
Sums =     4.764367927997306D+04   -8.084072988045780D+04
Counts:
  0    1572172634.
  1    1501108549.
  2     281805648.
  3      17761221.
  4        424017.
  5          3821.
  6            13.
  7             0.
  8             0.
  9             0.


 EP Benchmark Completed.
 Class           =                        C
 Size            =               8589934592
 Iterations      =                        0
 Time in seconds =                    29.74
 Total processes =                       16
 Active processes=                       16
 Mop/s total     =                   288.84
 Mop/s/process   =                    18.05
 Operation type  = Random numbers generated
 Verification    =               SUCCESSFUL
 Version         =                    3.4.1
 Compile date    =              21 Sep 2020

 Compile options:
    MPIFC        = mpifort
    FLINK        = $(MPIFC)
    FMPI_LIB     = (none)
    FMPI_INC     = (none)
    FFLAGS       = -O3
    FLINKFLAGS   = $(FFLAGS)
    RAND         = randi8


 Please send feedbacks and/or the results of this run to:

 NPB Development Team 
 Internet: npb@nas.nasa.gov



 NAS Parallel Benchmarks 3.4 -- EP Benchmark

 Number of random numbers generated:      8589934592  (class C)
 Total number of processes:                       16

EP Benchmark Results:

CPU Time =  183.2804
N = 2^   32
No. Gaussian Pairs =    3373275903.
Sums =     4.764367927997306D+04   -8.084072988045780D+04
Counts:
  0    1572172634.
  1    1501108549.
  2     281805648.
  3      17761221.
  4        424017.
  5          3821.
  6            13.
  7             0.
  8             0.
  9             0.


 EP Benchmark Completed.
 Class           =                        C
 Size            =               8589934592
 Iterations      =                        0
 Time in seconds =                   183.28
 Total processes =                       16
 Active processes=                       16
 Mop/s total     =                    46.87
 Mop/s/process   =                     2.93
 Operation type  = Random numbers generated
 Verification    =               SUCCESSFUL
 Version         =                    3.4.1
 Compile date    =              21 Sep 2020

 Compile options:
    MPIFC        = mpifort
    FLINK        = $(MPIFC)
    FMPI_LIB     = (none)
    FMPI_INC     = (none)
    FFLAGS       = -O3
    FLINKFLAGS   = $(FFLAGS)
    RAND         = randi8


 Please send feedbacks and/or the results of this run to:

 NPB Development Team 
 Internet: npb@nas.nasa.gov


