

 NAS Parallel Benchmarks 3.4 -- LU Benchmark

 Size:  162x 162x 162  (class C)
 Iterations:  250
 Total number of processes:     16

 Time step    1
 Time step   20
 Time step   40
 Time step   60
 Time step   80
 Time step  100
 Time step  120
 Time step  140
 Time step  160
 Time step  180
 Time step  200
 Time step  220
 Time step  240
 Time step  250

 Verification being performed for class C
 Accuracy setting for epsilon =  0.1000000000000E-07
 Comparison of RMS-norms of residual
           1   0.1037669803235E+05 0.1037669803235E+05 0.7011823598892E-15
           2   0.8922124588010E+03 0.8922124588010E+03 0.8919488359541E-15
           3   0.2562388145827E+04 0.2562388145827E+04 0.1952171402252E-14
           4   0.2191943438578E+04 0.2191943438578E+04 0.1037315431783E-14
           5   0.1780780572611E+05 0.1780780572611E+05 0.1634329962061E-14
 Comparison of RMS-norms of solution error
           1   0.2159863997169E+03 0.2159863997169E+03 0.1973854103845E-14
           2   0.1557895592399E+02 0.1557895592399E+02 0.4332868019305E-14
           3   0.5413188630772E+02 0.5413188630772E+02 0.1181352629297E-14
           4   0.4822626431540E+02 0.4822626431540E+02 0.3388710105266E-14
           5   0.4559029100433E+03 0.4559029100433E+03 0.4114544524905E-14
 Comparison of surface integral
               0.6664045535722E+02 0.6664045535722E+02 0.1279479977052E-14
 Verification Successful


 LU Benchmark Completed.
 Class           =                        C
 Size            =            162x 162x 162
 Iterations      =                      250
 Time in seconds =                   299.05
 Total processes =                       16
 Active processes=                       16
 Mop/s total     =                  6818.18
 Mop/s/process   =                   426.14
 Operation type  =           floating point
 Verification    =               SUCCESSFUL
 Version         =                    3.4.1
 Compile date    =              21 Sep 2020

 Compile options:
    MPIFC        = mpifort
    FLINK        = $(MPIFC)
    FMPI_LIB     = (none)
    FMPI_INC     = (none)
    FFLAGS       = -O3
    FLINKFLAGS   = $(FFLAGS)
    RAND         = (none)


 Please send feedbacks and/or the results of this run to:

 NPB Development Team 
 Internet: npb@nas.nasa.gov




 NAS Parallel Benchmarks 3.4 -- LU Benchmark

 Size:  162x 162x 162  (class C)
 Iterations:  250
 Total number of processes:     16

 Time step    1
 Time step   20
 Time step   40
 Time step   60
 Time step   80
 Time step  100
 Time step  120
 Time step  140
 Time step  160
 Time step  180
 Time step  200
 Time step  220
 Time step  240
 Time step  250

 Verification being performed for class C
 Accuracy setting for epsilon =  0.1000000000000E-07
 Comparison of RMS-norms of residual
           1   0.1037669803235E+05 0.1037669803235E+05 0.7011823598892E-15
           2   0.8922124588010E+03 0.8922124588010E+03 0.8919488359541E-15
           3   0.2562388145827E+04 0.2562388145827E+04 0.1952171402252E-14
           4   0.2191943438578E+04 0.2191943438578E+04 0.1037315431783E-14
           5   0.1780780572611E+05 0.1780780572611E+05 0.1634329962061E-14
 Comparison of RMS-norms of solution error
           1   0.2159863997169E+03 0.2159863997169E+03 0.1973854103845E-14
           2   0.1557895592399E+02 0.1557895592399E+02 0.4332868019305E-14
           3   0.5413188630772E+02 0.5413188630772E+02 0.1181352629297E-14
           4   0.4822626431540E+02 0.4822626431540E+02 0.3388710105266E-14
           5   0.4559029100433E+03 0.4559029100433E+03 0.4114544524905E-14
 Comparison of surface integral
               0.6664045535722E+02 0.6664045535722E+02 0.1279479977052E-14
 Verification Successful


 LU Benchmark Completed.
 Class           =                        C
 Size            =            162x 162x 162
 Iterations      =                      250
 Time in seconds =                   216.38
 Total processes =                       16
 Active processes=                       16
 Mop/s total     =                  9423.40
 Mop/s/process   =                   588.96
 Operation type  =           floating point
 Verification    =               SUCCESSFUL
 Version         =                    3.4.1
 Compile date    =              21 Sep 2020

 Compile options:
    MPIFC        = mpifort
    FLINK        = $(MPIFC)
    FMPI_LIB     = (none)
    FMPI_INC     = (none)
    FFLAGS       = -O3
    FLINKFLAGS   = $(FFLAGS)
    RAND         = (none)


 Please send feedbacks and/or the results of this run to:

 NPB Development Team 
 Internet: npb@nas.nasa.gov




 NAS Parallel Benchmarks 3.4 -- LU Benchmark

 Size:  162x 162x 162  (class C)
 Iterations:  250
 Total number of processes:     16

 Time step    1
 Time step   20
 Time step   40
 Time step   60
 Time step   80
 Time step  100
 Time step  120
 Time step  140
 Time step  160
 Time step  180
 Time step  200
 Time step  220
 Time step  240
 Time step  250

 Verification being performed for class C
 Accuracy setting for epsilon =  0.1000000000000E-07
 Comparison of RMS-norms of residual
           1   0.1037669803235E+05 0.1037669803235E+05 0.7011823598892E-15
           2   0.8922124588010E+03 0.8922124588010E+03 0.8919488359541E-15
           3   0.2562388145827E+04 0.2562388145827E+04 0.1952171402252E-14
           4   0.2191943438578E+04 0.2191943438578E+04 0.1037315431783E-14
           5   0.1780780572611E+05 0.1780780572611E+05 0.1634329962061E-14
 Comparison of RMS-norms of solution error
           1   0.2159863997169E+03 0.2159863997169E+03 0.1973854103845E-14
           2   0.1557895592399E+02 0.1557895592399E+02 0.4332868019305E-14
           3   0.5413188630772E+02 0.5413188630772E+02 0.1181352629297E-14
           4   0.4822626431540E+02 0.4822626431540E+02 0.3388710105266E-14
           5   0.4559029100433E+03 0.4559029100433E+03 0.4114544524905E-14
 Comparison of surface integral
               0.6664045535722E+02 0.6664045535722E+02 0.1279479977052E-14
 Verification Successful


 LU Benchmark Completed.
 Class           =                        C
 Size            =            162x 162x 162
 Iterations      =                      250
 Time in seconds =                   413.62
 Total processes =                       16
 Active processes=                       16
 Mop/s total     =                  4929.61
 Mop/s/process   =                   308.10
 Operation type  =           floating point
 Verification    =               SUCCESSFUL
 Version         =                    3.4.1
 Compile date    =              21 Sep 2020

 Compile options:
    MPIFC        = mpifort
    FLINK        = $(MPIFC)
    FMPI_LIB     = (none)
    FMPI_INC     = (none)
    FFLAGS       = -O3
    FLINKFLAGS   = $(FFLAGS)
    RAND         = (none)


 Please send feedbacks and/or the results of this run to:

 NPB Development Team 
 Internet: npb@nas.nasa.gov




 NAS Parallel Benchmarks 3.4 -- LU Benchmark

 Size:  162x 162x 162  (class C)
 Iterations:  250
 Total number of processes:     16

 Time step    1
 Time step   20
 Time step   40
 Time step   60
 Time step   80
 Time step  100
 Time step  120
 Time step  140
 Time step  160
 Time step  180
 Time step  200
 Time step  220
 Time step  240
 Time step  250

 Verification being performed for class C
 Accuracy setting for epsilon =  0.1000000000000E-07
 Comparison of RMS-norms of residual
           1   0.1037669803235E+05 0.1037669803235E+05 0.7011823598892E-15
           2   0.8922124588010E+03 0.8922124588010E+03 0.8919488359541E-15
           3   0.2562388145827E+04 0.2562388145827E+04 0.1952171402252E-14
           4   0.2191943438578E+04 0.2191943438578E+04 0.1037315431783E-14
           5   0.1780780572611E+05 0.1780780572611E+05 0.1634329962061E-14
 Comparison of RMS-norms of solution error
           1   0.2159863997169E+03 0.2159863997169E+03 0.1973854103845E-14
           2   0.1557895592399E+02 0.1557895592399E+02 0.4332868019305E-14
           3   0.5413188630772E+02 0.5413188630772E+02 0.1181352629297E-14
           4   0.4822626431540E+02 0.4822626431540E+02 0.3388710105266E-14
           5   0.4559029100433E+03 0.4559029100433E+03 0.4114544524905E-14
 Comparison of surface integral
               0.6664045535722E+02 0.6664045535722E+02 0.1279479977052E-14
 Verification Successful


 LU Benchmark Completed.
 Class           =                        C
 Size            =            162x 162x 162
 Iterations      =                      250
 Time in seconds =                   107.73
 Total processes =                       16
 Active processes=                       16
 Mop/s total     =                 18926.86
 Mop/s/process   =                  1182.93
 Operation type  =           floating point
 Verification    =               SUCCESSFUL
 Version         =                    3.4.1
 Compile date    =              21 Sep 2020

 Compile options:
    MPIFC        = mpifort
    FLINK        = $(MPIFC)
    FMPI_LIB     = (none)
    FMPI_INC     = (none)
    FFLAGS       = -O3
    FLINKFLAGS   = $(FFLAGS)
    RAND         = (none)


 Please send feedbacks and/or the results of this run to:

 NPB Development Team 
 Internet: npb@nas.nasa.gov




 NAS Parallel Benchmarks 3.4 -- LU Benchmark

 Size:  162x 162x 162  (class C)
 Iterations:  250
 Total number of processes:     16

 Time step    1
 Time step   20
 Time step   40
 Time step   60
 Time step   80
 Time step  100
 Time step  120
 Time step  140
 Time step  160
 Time step  180
 Time step  200
 Time step  220
 Time step  240
 Time step  250

 Verification being performed for class C
 Accuracy setting for epsilon =  0.1000000000000E-07
 Comparison of RMS-norms of residual
           1   0.1037669803235E+05 0.1037669803235E+05 0.7011823598892E-15
           2   0.8922124588010E+03 0.8922124588010E+03 0.8919488359541E-15
           3   0.2562388145827E+04 0.2562388145827E+04 0.1952171402252E-14
           4   0.2191943438578E+04 0.2191943438578E+04 0.1037315431783E-14
           5   0.1780780572611E+05 0.1780780572611E+05 0.1634329962061E-14
 Comparison of RMS-norms of solution error
           1   0.2159863997169E+03 0.2159863997169E+03 0.1973854103845E-14
           2   0.1557895592399E+02 0.1557895592399E+02 0.4332868019305E-14
           3   0.5413188630772E+02 0.5413188630772E+02 0.1181352629297E-14
           4   0.4822626431540E+02 0.4822626431540E+02 0.3388710105266E-14
           5   0.4559029100433E+03 0.4559029100433E+03 0.4114544524905E-14
 Comparison of surface integral
               0.6664045535722E+02 0.6664045535722E+02 0.1279479977052E-14
 Verification Successful


 LU Benchmark Completed.
 Class           =                        C
 Size            =            162x 162x 162
 Iterations      =                      250
 Time in seconds =                   109.51
 Total processes =                       16
 Active processes=                       16
 Mop/s total     =                 18619.15
 Mop/s/process   =                  1163.70
 Operation type  =           floating point
 Verification    =               SUCCESSFUL
 Version         =                    3.4.1
 Compile date    =              21 Sep 2020

 Compile options:
    MPIFC        = mpifort
    FLINK        = $(MPIFC)
    FMPI_LIB     = (none)
    FMPI_INC     = (none)
    FFLAGS       = -O3
    FLINKFLAGS   = $(FFLAGS)
    RAND         = (none)


 Please send feedbacks and/or the results of this run to:

 NPB Development Team 
 Internet: npb@nas.nasa.gov




 NAS Parallel Benchmarks 3.4 -- LU Benchmark

 Size:  162x 162x 162  (class C)
 Iterations:  250
 Total number of processes:     16

 Time step    1
 Time step   20
 Time step   40
 Time step   60
 Time step   80
 Time step  100
 Time step  120
 Time step  140
 Time step  160
 Time step  180
 Time step  200
 Time step  220
 Time step  240
 Time step  250

 Verification being performed for class C
 Accuracy setting for epsilon =  0.1000000000000E-07
 Comparison of RMS-norms of residual
           1   0.1037669803235E+05 0.1037669803235E+05 0.7011823598892E-15
           2   0.8922124588010E+03 0.8922124588010E+03 0.8919488359541E-15
           3   0.2562388145827E+04 0.2562388145827E+04 0.1952171402252E-14
           4   0.2191943438578E+04 0.2191943438578E+04 0.1037315431783E-14
           5   0.1780780572611E+05 0.1780780572611E+05 0.1634329962061E-14
 Comparison of RMS-norms of solution error
           1   0.2159863997169E+03 0.2159863997169E+03 0.1973854103845E-14
           2   0.1557895592399E+02 0.1557895592399E+02 0.4332868019305E-14
           3   0.5413188630772E+02 0.5413188630772E+02 0.1181352629297E-14
           4   0.4822626431540E+02 0.4822626431540E+02 0.3388710105266E-14
           5   0.4559029100433E+03 0.4559029100433E+03 0.4114544524905E-14
 Comparison of surface integral
               0.6664045535722E+02 0.6664045535722E+02 0.1279479977052E-14
 Verification Successful


 LU Benchmark Completed.
 Class           =                        C
 Size            =            162x 162x 162
 Iterations      =                      250
 Time in seconds =                   107.38
 Total processes =                       16
 Active processes=                       16
 Mop/s total     =                 18989.07
 Mop/s/process   =                  1186.82
 Operation type  =           floating point
 Verification    =               SUCCESSFUL
 Version         =                    3.4.1
 Compile date    =              21 Sep 2020

 Compile options:
    MPIFC        = mpifort
    FLINK        = $(MPIFC)
    FMPI_LIB     = (none)
    FMPI_INC     = (none)
    FFLAGS       = -O3
    FLINKFLAGS   = $(FFLAGS)
    RAND         = (none)


 Please send feedbacks and/or the results of this run to:

 NPB Development Team 
 Internet: npb@nas.nasa.gov




 NAS Parallel Benchmarks 3.4 -- LU Benchmark

 Size:  162x 162x 162  (class C)
 Iterations:  250
 Total number of processes:     16

 Time step    1
 Time step   20
 Time step   40
 Time step   60
 Time step   80
 Time step  100
 Time step  120
 Time step  140
 Time step  160
 Time step  180
 Time step  200
 Time step  220
 Time step  240
 Time step  250

 Verification being performed for class C
 Accuracy setting for epsilon =  0.1000000000000E-07
 Comparison of RMS-norms of residual
           1   0.1037669803235E+05 0.1037669803235E+05 0.7011823598892E-15
           2   0.8922124588010E+03 0.8922124588010E+03 0.8919488359541E-15
           3   0.2562388145827E+04 0.2562388145827E+04 0.1952171402252E-14
           4   0.2191943438578E+04 0.2191943438578E+04 0.1037315431783E-14
           5   0.1780780572611E+05 0.1780780572611E+05 0.1634329962061E-14
 Comparison of RMS-norms of solution error
           1   0.2159863997169E+03 0.2159863997169E+03 0.1973854103845E-14
           2   0.1557895592399E+02 0.1557895592399E+02 0.4332868019305E-14
           3   0.5413188630772E+02 0.5413188630772E+02 0.1181352629297E-14
           4   0.4822626431540E+02 0.4822626431540E+02 0.3388710105266E-14
           5   0.4559029100433E+03 0.4559029100433E+03 0.4114544524905E-14
 Comparison of surface integral
               0.6664045535722E+02 0.6664045535722E+02 0.1279479977052E-14
 Verification Successful


 LU Benchmark Completed.
 Class           =                        C
 Size            =            162x 162x 162
 Iterations      =                      250
 Time in seconds =                   108.65
 Total processes =                       16
 Active processes=                       16
 Mop/s total     =                 18766.36
 Mop/s/process   =                  1172.90
 Operation type  =           floating point
 Verification    =               SUCCESSFUL
 Version         =                    3.4.1
 Compile date    =              21 Sep 2020

 Compile options:
    MPIFC        = mpifort
    FLINK        = $(MPIFC)
    FMPI_LIB     = (none)
    FMPI_INC     = (none)
    FFLAGS       = -O3
    FLINKFLAGS   = $(FFLAGS)
    RAND         = (none)


 Please send feedbacks and/or the results of this run to:

 NPB Development Team 
 Internet: npb@nas.nasa.gov




 NAS Parallel Benchmarks 3.4 -- LU Benchmark

 Size:  162x 162x 162  (class C)
 Iterations:  250
 Total number of processes:     16

 Time step    1
 Time step   20
 Time step   40
 Time step   60
 Time step   80
 Time step  100
 Time step  120
 Time step  140
 Time step  160
 Time step  180
 Time step  200
 Time step  220
 Time step  240
 Time step  250

 Verification being performed for class C
 Accuracy setting for epsilon =  0.1000000000000E-07
 Comparison of RMS-norms of residual
           1   0.1037669803235E+05 0.1037669803235E+05 0.7011823598892E-15
           2   0.8922124588010E+03 0.8922124588010E+03 0.8919488359541E-15
           3   0.2562388145827E+04 0.2562388145827E+04 0.1952171402252E-14
           4   0.2191943438578E+04 0.2191943438578E+04 0.1037315431783E-14
           5   0.1780780572611E+05 0.1780780572611E+05 0.1634329962061E-14
 Comparison of RMS-norms of solution error
           1   0.2159863997169E+03 0.2159863997169E+03 0.1973854103845E-14
           2   0.1557895592399E+02 0.1557895592399E+02 0.4332868019305E-14
           3   0.5413188630772E+02 0.5413188630772E+02 0.1181352629297E-14
           4   0.4822626431540E+02 0.4822626431540E+02 0.3388710105266E-14
           5   0.4559029100433E+03 0.4559029100433E+03 0.4114544524905E-14
 Comparison of surface integral
               0.6664045535722E+02 0.6664045535722E+02 0.1279479977052E-14
 Verification Successful


 LU Benchmark Completed.
 Class           =                        C
 Size            =            162x 162x 162
 Iterations      =                      250
 Time in seconds =                   107.32
 Total processes =                       16
 Active processes=                       16
 Mop/s total     =                 18998.37
 Mop/s/process   =                  1187.40
 Operation type  =           floating point
 Verification    =               SUCCESSFUL
 Version         =                    3.4.1
 Compile date    =              21 Sep 2020

 Compile options:
    MPIFC        = mpifort
    FLINK        = $(MPIFC)
    FMPI_LIB     = (none)
    FMPI_INC     = (none)
    FFLAGS       = -O3
    FLINKFLAGS   = $(FFLAGS)
    RAND         = (none)


 Please send feedbacks and/or the results of this run to:

 NPB Development Team 
 Internet: npb@nas.nasa.gov




 NAS Parallel Benchmarks 3.4 -- LU Benchmark

 Size:  162x 162x 162  (class C)
 Iterations:  250
 Total number of processes:     16

 Time step    1
 Time step   20
 Time step   40
 Time step   60
 Time step   80
 Time step  100
 Time step  120
 Time step  140
 Time step  160
 Time step  180
 Time step  200
 Time step  220
 Time step  240
 Time step  250

 Verification being performed for class C
 Accuracy setting for epsilon =  0.1000000000000E-07
 Comparison of RMS-norms of residual
           1   0.1037669803235E+05 0.1037669803235E+05 0.7011823598892E-15
           2   0.8922124588010E+03 0.8922124588010E+03 0.8919488359541E-15
           3   0.2562388145827E+04 0.2562388145827E+04 0.1952171402252E-14
           4   0.2191943438578E+04 0.2191943438578E+04 0.1037315431783E-14
           5   0.1780780572611E+05 0.1780780572611E+05 0.1634329962061E-14
 Comparison of RMS-norms of solution error
           1   0.2159863997169E+03 0.2159863997169E+03 0.1973854103845E-14
           2   0.1557895592399E+02 0.1557895592399E+02 0.4332868019305E-14
           3   0.5413188630772E+02 0.5413188630772E+02 0.1181352629297E-14
           4   0.4822626431540E+02 0.4822626431540E+02 0.3388710105266E-14
           5   0.4559029100433E+03 0.4559029100433E+03 0.4114544524905E-14
 Comparison of surface integral
               0.6664045535722E+02 0.6664045535722E+02 0.1279479977052E-14
 Verification Successful


 LU Benchmark Completed.
 Class           =                        C
 Size            =            162x 162x 162
 Iterations      =                      250
 Time in seconds =                   108.58
 Total processes =                       16
 Active processes=                       16
 Mop/s total     =                 18778.19
 Mop/s/process   =                  1173.64
 Operation type  =           floating point
 Verification    =               SUCCESSFUL
 Version         =                    3.4.1
 Compile date    =              21 Sep 2020

 Compile options:
    MPIFC        = mpifort
    FLINK        = $(MPIFC)
    FMPI_LIB     = (none)
    FMPI_INC     = (none)
    FFLAGS       = -O3
    FLINKFLAGS   = $(FFLAGS)
    RAND         = (none)


 Please send feedbacks and/or the results of this run to:

 NPB Development Team 
 Internet: npb@nas.nasa.gov




 NAS Parallel Benchmarks 3.4 -- LU Benchmark

 Size:  162x 162x 162  (class C)
 Iterations:  250
 Total number of processes:     16

 Time step    1
 Time step   20
 Time step   40
 Time step   60
 Time step   80
 Time step  100
 Time step  120
 Time step  140
 Time step  160
 Time step  180
 Time step  200
 Time step  220
 Time step  240
 Time step  250

 Verification being performed for class C
 Accuracy setting for epsilon =  0.1000000000000E-07
 Comparison of RMS-norms of residual
           1   0.1037669803235E+05 0.1037669803235E+05 0.7011823598892E-15
           2   0.8922124588010E+03 0.8922124588010E+03 0.8919488359541E-15
           3   0.2562388145827E+04 0.2562388145827E+04 0.1952171402252E-14
           4   0.2191943438578E+04 0.2191943438578E+04 0.1037315431783E-14
           5   0.1780780572611E+05 0.1780780572611E+05 0.1634329962061E-14
 Comparison of RMS-norms of solution error
           1   0.2159863997169E+03 0.2159863997169E+03 0.1973854103845E-14
           2   0.1557895592399E+02 0.1557895592399E+02 0.4332868019305E-14
           3   0.5413188630772E+02 0.5413188630772E+02 0.1181352629297E-14
           4   0.4822626431540E+02 0.4822626431540E+02 0.3388710105266E-14
           5   0.4559029100433E+03 0.4559029100433E+03 0.4114544524905E-14
 Comparison of surface integral
               0.6664045535722E+02 0.6664045535722E+02 0.1279479977052E-14
 Verification Successful


 LU Benchmark Completed.
 Class           =                        C
 Size            =            162x 162x 162
 Iterations      =                      250
 Time in seconds =                   107.80
 Total processes =                       16
 Active processes=                       16
 Mop/s total     =                 18913.80
 Mop/s/process   =                  1182.11
 Operation type  =           floating point
 Verification    =               SUCCESSFUL
 Version         =                    3.4.1
 Compile date    =              21 Sep 2020

 Compile options:
    MPIFC        = mpifort
    FLINK        = $(MPIFC)
    FMPI_LIB     = (none)
    FMPI_INC     = (none)
    FFLAGS       = -O3
    FLINKFLAGS   = $(FFLAGS)
    RAND         = (none)


 Please send feedbacks and/or the results of this run to:

 NPB Development Team 
 Internet: npb@nas.nasa.gov




 NAS Parallel Benchmarks 3.4 -- LU Benchmark

 Size:  162x 162x 162  (class C)
 Iterations:  250
 Total number of processes:     16

 Time step    1
 Time step   20
 Time step   40
 Time step   60
 Time step   80
 Time step  100
 Time step  120
 Time step  140
 Time step  160
 Time step  180
 Time step  200
 Time step  220
 Time step  240
 Time step  250

 Verification being performed for class C
 Accuracy setting for epsilon =  0.1000000000000E-07
 Comparison of RMS-norms of residual
           1   0.1037669803235E+05 0.1037669803235E+05 0.7011823598892E-15
           2   0.8922124588010E+03 0.8922124588010E+03 0.8919488359541E-15
           3   0.2562388145827E+04 0.2562388145827E+04 0.1952171402252E-14
           4   0.2191943438578E+04 0.2191943438578E+04 0.1037315431783E-14
           5   0.1780780572611E+05 0.1780780572611E+05 0.1634329962061E-14
 Comparison of RMS-norms of solution error
           1   0.2159863997169E+03 0.2159863997169E+03 0.1973854103845E-14
           2   0.1557895592399E+02 0.1557895592399E+02 0.4332868019305E-14
           3   0.5413188630772E+02 0.5413188630772E+02 0.1181352629297E-14
           4   0.4822626431540E+02 0.4822626431540E+02 0.3388710105266E-14
           5   0.4559029100433E+03 0.4559029100433E+03 0.4114544524905E-14
 Comparison of surface integral
               0.6664045535722E+02 0.6664045535722E+02 0.1279479977052E-14
 Verification Successful


 LU Benchmark Completed.
 Class           =                        C
 Size            =            162x 162x 162
 Iterations      =                      250
 Time in seconds =                   107.71
 Total processes =                       16
 Active processes=                       16
 Mop/s total     =                 18930.08
 Mop/s/process   =                  1183.13
 Operation type  =           floating point
 Verification    =               SUCCESSFUL
 Version         =                    3.4.1
 Compile date    =              21 Sep 2020

 Compile options:
    MPIFC        = mpifort
    FLINK        = $(MPIFC)
    FMPI_LIB     = (none)
    FMPI_INC     = (none)
    FFLAGS       = -O3
    FLINKFLAGS   = $(FFLAGS)
    RAND         = (none)


 Please send feedbacks and/or the results of this run to:

 NPB Development Team 
 Internet: npb@nas.nasa.gov




 NAS Parallel Benchmarks 3.4 -- LU Benchmark

 Size:  162x 162x 162  (class C)
 Iterations:  250
 Total number of processes:     16

 Time step    1
 Time step   20
 Time step   40
 Time step   60
 Time step   80
 Time step  100
 Time step  120
 Time step  140
 Time step  160
 Time step  180
 Time step  200
 Time step  220
 Time step  240
 Time step  250

 Verification being performed for class C
 Accuracy setting for epsilon =  0.1000000000000E-07
 Comparison of RMS-norms of residual
           1   0.1037669803235E+05 0.1037669803235E+05 0.7011823598892E-15
           2   0.8922124588010E+03 0.8922124588010E+03 0.8919488359541E-15
           3   0.2562388145827E+04 0.2562388145827E+04 0.1952171402252E-14
           4   0.2191943438578E+04 0.2191943438578E+04 0.1037315431783E-14
           5   0.1780780572611E+05 0.1780780572611E+05 0.1634329962061E-14
 Comparison of RMS-norms of solution error
           1   0.2159863997169E+03 0.2159863997169E+03 0.1973854103845E-14
           2   0.1557895592399E+02 0.1557895592399E+02 0.4332868019305E-14
           3   0.5413188630772E+02 0.5413188630772E+02 0.1181352629297E-14
           4   0.4822626431540E+02 0.4822626431540E+02 0.3388710105266E-14
           5   0.4559029100433E+03 0.4559029100433E+03 0.4114544524905E-14
 Comparison of surface integral
               0.6664045535722E+02 0.6664045535722E+02 0.1279479977052E-14
 Verification Successful


 LU Benchmark Completed.
 Class           =                        C
 Size            =            162x 162x 162
 Iterations      =                      250
 Time in seconds =                   496.36
 Total processes =                       16
 Active processes=                       16
 Mop/s total     =                  4107.91
 Mop/s/process   =                   256.74
 Operation type  =           floating point
 Verification    =               SUCCESSFUL
 Version         =                    3.4.1
 Compile date    =              21 Sep 2020

 Compile options:
    MPIFC        = mpifort
    FLINK        = $(MPIFC)
    FMPI_LIB     = (none)
    FMPI_INC     = (none)
    FFLAGS       = -O3
    FLINKFLAGS   = $(FFLAGS)
    RAND         = (none)


 Please send feedbacks and/or the results of this run to:

 NPB Development Team 
 Internet: npb@nas.nasa.gov




 NAS Parallel Benchmarks 3.4 -- LU Benchmark

 Size:  162x 162x 162  (class C)
 Iterations:  250
 Total number of processes:     16

 Time step    1
 Time step   20
 Time step   40
 Time step   60
 Time step   80
 Time step  100
 Time step  120
 Time step  140
 Time step  160
 Time step  180
 Time step  200
 Time step  220
 Time step  240
 Time step  250

 Verification being performed for class C
 Accuracy setting for epsilon =  0.1000000000000E-07
 Comparison of RMS-norms of residual
           1   0.1037669803235E+05 0.1037669803235E+05 0.7011823598892E-15
           2   0.8922124588010E+03 0.8922124588010E+03 0.8919488359541E-15
           3   0.2562388145827E+04 0.2562388145827E+04 0.1952171402252E-14
           4   0.2191943438578E+04 0.2191943438578E+04 0.1037315431783E-14
           5   0.1780780572611E+05 0.1780780572611E+05 0.1634329962061E-14
 Comparison of RMS-norms of solution error
           1   0.2159863997169E+03 0.2159863997169E+03 0.1973854103845E-14
           2   0.1557895592399E+02 0.1557895592399E+02 0.4332868019305E-14
           3   0.5413188630772E+02 0.5413188630772E+02 0.1181352629297E-14
           4   0.4822626431540E+02 0.4822626431540E+02 0.3388710105266E-14
           5   0.4559029100433E+03 0.4559029100433E+03 0.4114544524905E-14
 Comparison of surface integral
               0.6664045535722E+02 0.6664045535722E+02 0.1279479977052E-14
 Verification Successful


 LU Benchmark Completed.
 Class           =                        C
 Size            =            162x 162x 162
 Iterations      =                      250
 Time in seconds =                   107.20
 Total processes =                       16
 Active processes=                       16
 Mop/s total     =                 19020.79
 Mop/s/process   =                  1188.80
 Operation type  =           floating point
 Verification    =               SUCCESSFUL
 Version         =                    3.4.1
 Compile date    =              21 Sep 2020

 Compile options:
    MPIFC        = mpifort
    FLINK        = $(MPIFC)
    FMPI_LIB     = (none)
    FMPI_INC     = (none)
    FFLAGS       = -O3
    FLINKFLAGS   = $(FFLAGS)
    RAND         = (none)


 Please send feedbacks and/or the results of this run to:

 NPB Development Team 
 Internet: npb@nas.nasa.gov




 NAS Parallel Benchmarks 3.4 -- LU Benchmark

 Size:  162x 162x 162  (class C)
 Iterations:  250
 Total number of processes:     16

 Time step    1
 Time step   20
 Time step   40
 Time step   60
 Time step   80
 Time step  100
 Time step  120
 Time step  140
 Time step  160
 Time step  180
 Time step  200
 Time step  220
 Time step  240
 Time step  250

 Verification being performed for class C
 Accuracy setting for epsilon =  0.1000000000000E-07
 Comparison of RMS-norms of residual
           1   0.1037669803235E+05 0.1037669803235E+05 0.7011823598892E-15
           2   0.8922124588010E+03 0.8922124588010E+03 0.8919488359541E-15
           3   0.2562388145827E+04 0.2562388145827E+04 0.1952171402252E-14
           4   0.2191943438578E+04 0.2191943438578E+04 0.1037315431783E-14
           5   0.1780780572611E+05 0.1780780572611E+05 0.1634329962061E-14
 Comparison of RMS-norms of solution error
           1   0.2159863997169E+03 0.2159863997169E+03 0.1973854103845E-14
           2   0.1557895592399E+02 0.1557895592399E+02 0.4332868019305E-14
           3   0.5413188630772E+02 0.5413188630772E+02 0.1181352629297E-14
           4   0.4822626431540E+02 0.4822626431540E+02 0.3388710105266E-14
           5   0.4559029100433E+03 0.4559029100433E+03 0.4114544524905E-14
 Comparison of surface integral
               0.6664045535722E+02 0.6664045535722E+02 0.1279479977052E-14
 Verification Successful


 LU Benchmark Completed.
 Class           =                        C
 Size            =            162x 162x 162
 Iterations      =                      250
 Time in seconds =                   107.48
 Total processes =                       16
 Active processes=                       16
 Mop/s total     =                 18970.64
 Mop/s/process   =                  1185.66
 Operation type  =           floating point
 Verification    =               SUCCESSFUL
 Version         =                    3.4.1
 Compile date    =              21 Sep 2020

 Compile options:
    MPIFC        = mpifort
    FLINK        = $(MPIFC)
    FMPI_LIB     = (none)
    FMPI_INC     = (none)
    FFLAGS       = -O3
    FLINKFLAGS   = $(FFLAGS)
    RAND         = (none)


 Please send feedbacks and/or the results of this run to:

 NPB Development Team 
 Internet: npb@nas.nasa.gov




 NAS Parallel Benchmarks 3.4 -- LU Benchmark

 Size:  162x 162x 162  (class C)
 Iterations:  250
 Total number of processes:     16

 Time step    1
 Time step   20
 Time step   40
 Time step   60
 Time step   80
 Time step  100
 Time step  120
 Time step  140
 Time step  160
 Time step  180
 Time step  200
 Time step  220
 Time step  240
 Time step  250

 Verification being performed for class C
 Accuracy setting for epsilon =  0.1000000000000E-07
 Comparison of RMS-norms of residual
           1   0.1037669803235E+05 0.1037669803235E+05 0.7011823598892E-15
           2   0.8922124588010E+03 0.8922124588010E+03 0.8919488359541E-15
           3   0.2562388145827E+04 0.2562388145827E+04 0.1952171402252E-14
           4   0.2191943438578E+04 0.2191943438578E+04 0.1037315431783E-14
           5   0.1780780572611E+05 0.1780780572611E+05 0.1634329962061E-14
 Comparison of RMS-norms of solution error
           1   0.2159863997169E+03 0.2159863997169E+03 0.1973854103845E-14
           2   0.1557895592399E+02 0.1557895592399E+02 0.4332868019305E-14
           3   0.5413188630772E+02 0.5413188630772E+02 0.1181352629297E-14
           4   0.4822626431540E+02 0.4822626431540E+02 0.3388710105266E-14
           5   0.4559029100433E+03 0.4559029100433E+03 0.4114544524905E-14
 Comparison of surface integral
               0.6664045535722E+02 0.6664045535722E+02 0.1279479977052E-14
 Verification Successful


 LU Benchmark Completed.
 Class           =                        C
 Size            =            162x 162x 162
 Iterations      =                      250
 Time in seconds =                   108.47
 Total processes =                       16
 Active processes=                       16
 Mop/s total     =                 18797.45
 Mop/s/process   =                  1174.84
 Operation type  =           floating point
 Verification    =               SUCCESSFUL
 Version         =                    3.4.1
 Compile date    =              21 Sep 2020

 Compile options:
    MPIFC        = mpifort
    FLINK        = $(MPIFC)
    FMPI_LIB     = (none)
    FMPI_INC     = (none)
    FFLAGS       = -O3
    FLINKFLAGS   = $(FFLAGS)
    RAND         = (none)


 Please send feedbacks and/or the results of this run to:

 NPB Development Team 
 Internet: npb@nas.nasa.gov




 NAS Parallel Benchmarks 3.4 -- LU Benchmark

 Size:  162x 162x 162  (class C)
 Iterations:  250
 Total number of processes:     16

 Time step    1
 Time step   20
 Time step   40
 Time step   60
 Time step   80
 Time step  100
 Time step  120
 Time step  140
 Time step  160
 Time step  180
 Time step  200
 Time step  220
 Time step  240
 Time step  250

 Verification being performed for class C
 Accuracy setting for epsilon =  0.1000000000000E-07
 Comparison of RMS-norms of residual
           1   0.1037669803235E+05 0.1037669803235E+05 0.7011823598892E-15
           2   0.8922124588010E+03 0.8922124588010E+03 0.8919488359541E-15
           3   0.2562388145827E+04 0.2562388145827E+04 0.1952171402252E-14
           4   0.2191943438578E+04 0.2191943438578E+04 0.1037315431783E-14
           5   0.1780780572611E+05 0.1780780572611E+05 0.1634329962061E-14
 Comparison of RMS-norms of solution error
           1   0.2159863997169E+03 0.2159863997169E+03 0.1973854103845E-14
           2   0.1557895592399E+02 0.1557895592399E+02 0.4332868019305E-14
           3   0.5413188630772E+02 0.5413188630772E+02 0.1181352629297E-14
           4   0.4822626431540E+02 0.4822626431540E+02 0.3388710105266E-14
           5   0.4559029100433E+03 0.4559029100433E+03 0.4114544524905E-14
 Comparison of surface integral
               0.6664045535722E+02 0.6664045535722E+02 0.1279479977052E-14
 Verification Successful


 LU Benchmark Completed.
 Class           =                        C
 Size            =            162x 162x 162
 Iterations      =                      250
 Time in seconds =                   108.10
 Total processes =                       16
 Active processes=                       16
 Mop/s total     =                 18861.42
 Mop/s/process   =                  1178.84
 Operation type  =           floating point
 Verification    =               SUCCESSFUL
 Version         =                    3.4.1
 Compile date    =              21 Sep 2020

 Compile options:
    MPIFC        = mpifort
    FLINK        = $(MPIFC)
    FMPI_LIB     = (none)
    FMPI_INC     = (none)
    FFLAGS       = -O3
    FLINKFLAGS   = $(FFLAGS)
    RAND         = (none)


 Please send feedbacks and/or the results of this run to:

 NPB Development Team 
 Internet: npb@nas.nasa.gov




 NAS Parallel Benchmarks 3.4 -- LU Benchmark

 Size:  162x 162x 162  (class C)
 Iterations:  250
 Total number of processes:     16

 Time step    1
 Time step   20
 Time step   40
 Time step   60
 Time step   80
 Time step  100
 Time step  120
 Time step  140
 Time step  160
 Time step  180
 Time step  200
 Time step  220
 Time step  240
 Time step  250

 Verification being performed for class C
 Accuracy setting for epsilon =  0.1000000000000E-07
 Comparison of RMS-norms of residual
           1   0.1037669803235E+05 0.1037669803235E+05 0.7011823598892E-15
           2   0.8922124588010E+03 0.8922124588010E+03 0.8919488359541E-15
           3   0.2562388145827E+04 0.2562388145827E+04 0.1952171402252E-14
           4   0.2191943438578E+04 0.2191943438578E+04 0.1037315431783E-14
           5   0.1780780572611E+05 0.1780780572611E+05 0.1634329962061E-14
 Comparison of RMS-norms of solution error
           1   0.2159863997169E+03 0.2159863997169E+03 0.1973854103845E-14
           2   0.1557895592399E+02 0.1557895592399E+02 0.4332868019305E-14
           3   0.5413188630772E+02 0.5413188630772E+02 0.1181352629297E-14
           4   0.4822626431540E+02 0.4822626431540E+02 0.3388710105266E-14
           5   0.4559029100433E+03 0.4559029100433E+03 0.4114544524905E-14
 Comparison of surface integral
               0.6664045535722E+02 0.6664045535722E+02 0.1279479977052E-14
 Verification Successful


 LU Benchmark Completed.
 Class           =                        C
 Size            =            162x 162x 162
 Iterations      =                      250
 Time in seconds =                   157.07
 Total processes =                       16
 Active processes=                       16
 Mop/s total     =                 12981.36
 Mop/s/process   =                   811.33
 Operation type  =           floating point
 Verification    =               SUCCESSFUL
 Version         =                    3.4.1
 Compile date    =              21 Sep 2020

 Compile options:
    MPIFC        = mpifort
    FLINK        = $(MPIFC)
    FMPI_LIB     = (none)
    FMPI_INC     = (none)
    FFLAGS       = -O3
    FLINKFLAGS   = $(FFLAGS)
    RAND         = (none)


 Please send feedbacks and/or the results of this run to:

 NPB Development Team 
 Internet: npb@nas.nasa.gov




 NAS Parallel Benchmarks 3.4 -- LU Benchmark

 Size:  162x 162x 162  (class C)
 Iterations:  250
 Total number of processes:     16

 Time step    1
 Time step   20
 Time step   40
 Time step   60
 Time step   80
 Time step  100
 Time step  120
 Time step  140
 Time step  160
 Time step  180
 Time step  200
 Time step  220
 Time step  240
 Time step  250

 Verification being performed for class C
 Accuracy setting for epsilon =  0.1000000000000E-07
 Comparison of RMS-norms of residual
           1   0.1037669803235E+05 0.1037669803235E+05 0.7011823598892E-15
           2   0.8922124588010E+03 0.8922124588010E+03 0.8919488359541E-15
           3   0.2562388145827E+04 0.2562388145827E+04 0.1952171402252E-14
           4   0.2191943438578E+04 0.2191943438578E+04 0.1037315431783E-14
           5   0.1780780572611E+05 0.1780780572611E+05 0.1634329962061E-14
 Comparison of RMS-norms of solution error
           1   0.2159863997169E+03 0.2159863997169E+03 0.1973854103845E-14
           2   0.1557895592399E+02 0.1557895592399E+02 0.4332868019305E-14
           3   0.5413188630772E+02 0.5413188630772E+02 0.1181352629297E-14
           4   0.4822626431540E+02 0.4822626431540E+02 0.3388710105266E-14
           5   0.4559029100433E+03 0.4559029100433E+03 0.4114544524905E-14
 Comparison of surface integral
               0.6664045535722E+02 0.6664045535722E+02 0.1279479977052E-14
 Verification Successful


 LU Benchmark Completed.
 Class           =                        C
 Size            =            162x 162x 162
 Iterations      =                      250
 Time in seconds =                   107.73
 Total processes =                       16
 Active processes=                       16
 Mop/s total     =                 18927.59
 Mop/s/process   =                  1182.97
 Operation type  =           floating point
 Verification    =               SUCCESSFUL
 Version         =                    3.4.1
 Compile date    =              21 Sep 2020

 Compile options:
    MPIFC        = mpifort
    FLINK        = $(MPIFC)
    FMPI_LIB     = (none)
    FMPI_INC     = (none)
    FFLAGS       = -O3
    FLINKFLAGS   = $(FFLAGS)
    RAND         = (none)


 Please send feedbacks and/or the results of this run to:

 NPB Development Team 
 Internet: npb@nas.nasa.gov




 NAS Parallel Benchmarks 3.4 -- LU Benchmark

 Size:  162x 162x 162  (class C)
 Iterations:  250
 Total number of processes:     16

 Time step    1
 Time step   20
 Time step   40
 Time step   60
 Time step   80
 Time step  100
 Time step  120
 Time step  140
 Time step  160
 Time step  180
 Time step  200
 Time step  220
 Time step  240
 Time step  250

 Verification being performed for class C
 Accuracy setting for epsilon =  0.1000000000000E-07
 Comparison of RMS-norms of residual
           1   0.1037669803235E+05 0.1037669803235E+05 0.7011823598892E-15
           2   0.8922124588010E+03 0.8922124588010E+03 0.8919488359541E-15
           3   0.2562388145827E+04 0.2562388145827E+04 0.1952171402252E-14
           4   0.2191943438578E+04 0.2191943438578E+04 0.1037315431783E-14
           5   0.1780780572611E+05 0.1780780572611E+05 0.1634329962061E-14
 Comparison of RMS-norms of solution error
           1   0.2159863997169E+03 0.2159863997169E+03 0.1973854103845E-14
           2   0.1557895592399E+02 0.1557895592399E+02 0.4332868019305E-14
           3   0.5413188630772E+02 0.5413188630772E+02 0.1181352629297E-14
           4   0.4822626431540E+02 0.4822626431540E+02 0.3388710105266E-14
           5   0.4559029100433E+03 0.4559029100433E+03 0.4114544524905E-14
 Comparison of surface integral
               0.6664045535722E+02 0.6664045535722E+02 0.1279479977052E-14
 Verification Successful


 LU Benchmark Completed.
 Class           =                        C
 Size            =            162x 162x 162
 Iterations      =                      250
 Time in seconds =                   107.11
 Total processes =                       16
 Active processes=                       16
 Mop/s total     =                 19035.82
 Mop/s/process   =                  1189.74
 Operation type  =           floating point
 Verification    =               SUCCESSFUL
 Version         =                    3.4.1
 Compile date    =              21 Sep 2020

 Compile options:
    MPIFC        = mpifort
    FLINK        = $(MPIFC)
    FMPI_LIB     = (none)
    FMPI_INC     = (none)
    FFLAGS       = -O3
    FLINKFLAGS   = $(FFLAGS)
    RAND         = (none)


 Please send feedbacks and/or the results of this run to:

 NPB Development Team 
 Internet: npb@nas.nasa.gov




 NAS Parallel Benchmarks 3.4 -- LU Benchmark

 Size:  162x 162x 162  (class C)
 Iterations:  250
 Total number of processes:     16

 Time step    1
 Time step   20
 Time step   40
 Time step   60
 Time step   80
 Time step  100
 Time step  120
 Time step  140
 Time step  160
 Time step  180
 Time step  200
 Time step  220
 Time step  240
 Time step  250

 Verification being performed for class C
 Accuracy setting for epsilon =  0.1000000000000E-07
 Comparison of RMS-norms of residual
           1   0.1037669803235E+05 0.1037669803235E+05 0.7011823598892E-15
           2   0.8922124588010E+03 0.8922124588010E+03 0.8919488359541E-15
           3   0.2562388145827E+04 0.2562388145827E+04 0.1952171402252E-14
           4   0.2191943438578E+04 0.2191943438578E+04 0.1037315431783E-14
           5   0.1780780572611E+05 0.1780780572611E+05 0.1634329962061E-14
 Comparison of RMS-norms of solution error
           1   0.2159863997169E+03 0.2159863997169E+03 0.1973854103845E-14
           2   0.1557895592399E+02 0.1557895592399E+02 0.4332868019305E-14
           3   0.5413188630772E+02 0.5413188630772E+02 0.1181352629297E-14
           4   0.4822626431540E+02 0.4822626431540E+02 0.3388710105266E-14
           5   0.4559029100433E+03 0.4559029100433E+03 0.4114544524905E-14
 Comparison of surface integral
               0.6664045535722E+02 0.6664045535722E+02 0.1279479977052E-14
 Verification Successful


 LU Benchmark Completed.
 Class           =                        C
 Size            =            162x 162x 162
 Iterations      =                      250
 Time in seconds =                   109.80
 Total processes =                       16
 Active processes=                       16
 Mop/s total     =                 18569.97
 Mop/s/process   =                  1160.62
 Operation type  =           floating point
 Verification    =               SUCCESSFUL
 Version         =                    3.4.1
 Compile date    =              21 Sep 2020

 Compile options:
    MPIFC        = mpifort
    FLINK        = $(MPIFC)
    FMPI_LIB     = (none)
    FMPI_INC     = (none)
    FFLAGS       = -O3
    FLINKFLAGS   = $(FFLAGS)
    RAND         = (none)


 Please send feedbacks and/or the results of this run to:

 NPB Development Team 
 Internet: npb@nas.nasa.gov




 NAS Parallel Benchmarks 3.4 -- LU Benchmark

 Size:  162x 162x 162  (class C)
 Iterations:  250
 Total number of processes:     16

 Time step    1
 Time step   20
 Time step   40
 Time step   60
 Time step   80
 Time step  100
 Time step  120
 Time step  140
 Time step  160
 Time step  180
 Time step  200
 Time step  220
 Time step  240
 Time step  250

 Verification being performed for class C
 Accuracy setting for epsilon =  0.1000000000000E-07
 Comparison of RMS-norms of residual
           1   0.1037669803235E+05 0.1037669803235E+05 0.7011823598892E-15
           2   0.8922124588010E+03 0.8922124588010E+03 0.8919488359541E-15
           3   0.2562388145827E+04 0.2562388145827E+04 0.1952171402252E-14
           4   0.2191943438578E+04 0.2191943438578E+04 0.1037315431783E-14
           5   0.1780780572611E+05 0.1780780572611E+05 0.1634329962061E-14
 Comparison of RMS-norms of solution error
           1   0.2159863997169E+03 0.2159863997169E+03 0.1973854103845E-14
           2   0.1557895592399E+02 0.1557895592399E+02 0.4332868019305E-14
           3   0.5413188630772E+02 0.5413188630772E+02 0.1181352629297E-14
           4   0.4822626431540E+02 0.4822626431540E+02 0.3388710105266E-14
           5   0.4559029100433E+03 0.4559029100433E+03 0.4114544524905E-14
 Comparison of surface integral
               0.6664045535722E+02 0.6664045535722E+02 0.1279479977052E-14
 Verification Successful


 LU Benchmark Completed.
 Class           =                        C
 Size            =            162x 162x 162
 Iterations      =                      250
 Time in seconds =                   109.41
 Total processes =                       16
 Active processes=                       16
 Mop/s total     =                 18636.20
 Mop/s/process   =                  1164.76
 Operation type  =           floating point
 Verification    =               SUCCESSFUL
 Version         =                    3.4.1
 Compile date    =              21 Sep 2020

 Compile options:
    MPIFC        = mpifort
    FLINK        = $(MPIFC)
    FMPI_LIB     = (none)
    FMPI_INC     = (none)
    FFLAGS       = -O3
    FLINKFLAGS   = $(FFLAGS)
    RAND         = (none)


 Please send feedbacks and/or the results of this run to:

 NPB Development Team 
 Internet: npb@nas.nasa.gov




 NAS Parallel Benchmarks 3.4 -- LU Benchmark

 Size:  162x 162x 162  (class C)
 Iterations:  250
 Total number of processes:     16

 Time step    1
 Time step   20
 Time step   40
 Time step   60
 Time step   80
 Time step  100
 Time step  120
 Time step  140
 Time step  160
 Time step  180
 Time step  200
 Time step  220
 Time step  240
 Time step  250

 Verification being performed for class C
 Accuracy setting for epsilon =  0.1000000000000E-07
 Comparison of RMS-norms of residual
           1   0.1037669803235E+05 0.1037669803235E+05 0.7011823598892E-15
           2   0.8922124588010E+03 0.8922124588010E+03 0.8919488359541E-15
           3   0.2562388145827E+04 0.2562388145827E+04 0.1952171402252E-14
           4   0.2191943438578E+04 0.2191943438578E+04 0.1037315431783E-14
           5   0.1780780572611E+05 0.1780780572611E+05 0.1634329962061E-14
 Comparison of RMS-norms of solution error
           1   0.2159863997169E+03 0.2159863997169E+03 0.1973854103845E-14
           2   0.1557895592399E+02 0.1557895592399E+02 0.4332868019305E-14
           3   0.5413188630772E+02 0.5413188630772E+02 0.1181352629297E-14
           4   0.4822626431540E+02 0.4822626431540E+02 0.3388710105266E-14
           5   0.4559029100433E+03 0.4559029100433E+03 0.4114544524905E-14
 Comparison of surface integral
               0.6664045535722E+02 0.6664045535722E+02 0.1279479977052E-14
 Verification Successful


 LU Benchmark Completed.
 Class           =                        C
 Size            =            162x 162x 162
 Iterations      =                      250
 Time in seconds =                   107.62
 Total processes =                       16
 Active processes=                       16
 Mop/s total     =                 18945.48
 Mop/s/process   =                  1184.09
 Operation type  =           floating point
 Verification    =               SUCCESSFUL
 Version         =                    3.4.1
 Compile date    =              21 Sep 2020

 Compile options:
    MPIFC        = mpifort
    FLINK        = $(MPIFC)
    FMPI_LIB     = (none)
    FMPI_INC     = (none)
    FFLAGS       = -O3
    FLINKFLAGS   = $(FFLAGS)
    RAND         = (none)


 Please send feedbacks and/or the results of this run to:

 NPB Development Team 
 Internet: npb@nas.nasa.gov




 NAS Parallel Benchmarks 3.4 -- LU Benchmark

 Size:  162x 162x 162  (class C)
 Iterations:  250
 Total number of processes:     16

 Time step    1
 Time step   20
 Time step   40
 Time step   60
 Time step   80
 Time step  100
 Time step  120
 Time step  140
 Time step  160
 Time step  180
 Time step  200
 Time step  220
 Time step  240
 Time step  250

 Verification being performed for class C
 Accuracy setting for epsilon =  0.1000000000000E-07
 Comparison of RMS-norms of residual
           1   0.1037669803235E+05 0.1037669803235E+05 0.7011823598892E-15
           2   0.8922124588010E+03 0.8922124588010E+03 0.8919488359541E-15
           3   0.2562388145827E+04 0.2562388145827E+04 0.1952171402252E-14
           4   0.2191943438578E+04 0.2191943438578E+04 0.1037315431783E-14
           5   0.1780780572611E+05 0.1780780572611E+05 0.1634329962061E-14
 Comparison of RMS-norms of solution error
           1   0.2159863997169E+03 0.2159863997169E+03 0.1973854103845E-14
           2   0.1557895592399E+02 0.1557895592399E+02 0.4332868019305E-14
           3   0.5413188630772E+02 0.5413188630772E+02 0.1181352629297E-14
           4   0.4822626431540E+02 0.4822626431540E+02 0.3388710105266E-14
           5   0.4559029100433E+03 0.4559029100433E+03 0.4114544524905E-14
 Comparison of surface integral
               0.6664045535722E+02 0.6664045535722E+02 0.1279479977052E-14
 Verification Successful


 LU Benchmark Completed.
 Class           =                        C
 Size            =            162x 162x 162
 Iterations      =                      250
 Time in seconds =                   108.80
 Total processes =                       16
 Active processes=                       16
 Mop/s total     =                 18740.76
 Mop/s/process   =                  1171.30
 Operation type  =           floating point
 Verification    =               SUCCESSFUL
 Version         =                    3.4.1
 Compile date    =              21 Sep 2020

 Compile options:
    MPIFC        = mpifort
    FLINK        = $(MPIFC)
    FMPI_LIB     = (none)
    FMPI_INC     = (none)
    FFLAGS       = -O3
    FLINKFLAGS   = $(FFLAGS)
    RAND         = (none)


 Please send feedbacks and/or the results of this run to:

 NPB Development Team 
 Internet: npb@nas.nasa.gov




 NAS Parallel Benchmarks 3.4 -- LU Benchmark

 Size:  162x 162x 162  (class C)
 Iterations:  250
 Total number of processes:     16

 Time step    1
 Time step   20
 Time step   40
 Time step   60
 Time step   80
 Time step  100
 Time step  120
 Time step  140
 Time step  160
 Time step  180
 Time step  200
 Time step  220
 Time step  240
 Time step  250

 Verification being performed for class C
 Accuracy setting for epsilon =  0.1000000000000E-07
 Comparison of RMS-norms of residual
           1   0.1037669803235E+05 0.1037669803235E+05 0.7011823598892E-15
           2   0.8922124588010E+03 0.8922124588010E+03 0.8919488359541E-15
           3   0.2562388145827E+04 0.2562388145827E+04 0.1952171402252E-14
           4   0.2191943438578E+04 0.2191943438578E+04 0.1037315431783E-14
           5   0.1780780572611E+05 0.1780780572611E+05 0.1634329962061E-14
 Comparison of RMS-norms of solution error
           1   0.2159863997169E+03 0.2159863997169E+03 0.1973854103845E-14
           2   0.1557895592399E+02 0.1557895592399E+02 0.4332868019305E-14
           3   0.5413188630772E+02 0.5413188630772E+02 0.1181352629297E-14
           4   0.4822626431540E+02 0.4822626431540E+02 0.3388710105266E-14
           5   0.4559029100433E+03 0.4559029100433E+03 0.4114544524905E-14
 Comparison of surface integral
               0.6664045535722E+02 0.6664045535722E+02 0.1279479977052E-14
 Verification Successful


 LU Benchmark Completed.
 Class           =                        C
 Size            =            162x 162x 162
 Iterations      =                      250
 Time in seconds =                   107.30
 Total processes =                       16
 Active processes=                       16
 Mop/s total     =                 19002.41
 Mop/s/process   =                  1187.65
 Operation type  =           floating point
 Verification    =               SUCCESSFUL
 Version         =                    3.4.1
 Compile date    =              21 Sep 2020

 Compile options:
    MPIFC        = mpifort
    FLINK        = $(MPIFC)
    FMPI_LIB     = (none)
    FMPI_INC     = (none)
    FFLAGS       = -O3
    FLINKFLAGS   = $(FFLAGS)
    RAND         = (none)


 Please send feedbacks and/or the results of this run to:

 NPB Development Team 
 Internet: npb@nas.nasa.gov




 NAS Parallel Benchmarks 3.4 -- LU Benchmark

 Size:  162x 162x 162  (class C)
 Iterations:  250
 Total number of processes:     16

 Time step    1
 Time step   20
 Time step   40
 Time step   60
 Time step   80
 Time step  100
 Time step  120
 Time step  140
 Time step  160
 Time step  180
 Time step  200
 Time step  220
 Time step  240
 Time step  250

 Verification being performed for class C
 Accuracy setting for epsilon =  0.1000000000000E-07
 Comparison of RMS-norms of residual
           1   0.1037669803235E+05 0.1037669803235E+05 0.7011823598892E-15
           2   0.8922124588010E+03 0.8922124588010E+03 0.8919488359541E-15
           3   0.2562388145827E+04 0.2562388145827E+04 0.1952171402252E-14
           4   0.2191943438578E+04 0.2191943438578E+04 0.1037315431783E-14
           5   0.1780780572611E+05 0.1780780572611E+05 0.1634329962061E-14
 Comparison of RMS-norms of solution error
           1   0.2159863997169E+03 0.2159863997169E+03 0.1973854103845E-14
           2   0.1557895592399E+02 0.1557895592399E+02 0.4332868019305E-14
           3   0.5413188630772E+02 0.5413188630772E+02 0.1181352629297E-14
           4   0.4822626431540E+02 0.4822626431540E+02 0.3388710105266E-14
           5   0.4559029100433E+03 0.4559029100433E+03 0.4114544524905E-14
 Comparison of surface integral
               0.6664045535722E+02 0.6664045535722E+02 0.1279479977052E-14
 Verification Successful


 LU Benchmark Completed.
 Class           =                        C
 Size            =            162x 162x 162
 Iterations      =                      250
 Time in seconds =                   107.11
 Total processes =                       16
 Active processes=                       16
 Mop/s total     =                 19036.28
 Mop/s/process   =                  1189.77
 Operation type  =           floating point
 Verification    =               SUCCESSFUL
 Version         =                    3.4.1
 Compile date    =              21 Sep 2020

 Compile options:
    MPIFC        = mpifort
    FLINK        = $(MPIFC)
    FMPI_LIB     = (none)
    FMPI_INC     = (none)
    FFLAGS       = -O3
    FLINKFLAGS   = $(FFLAGS)
    RAND         = (none)


 Please send feedbacks and/or the results of this run to:

 NPB Development Team 
 Internet: npb@nas.nasa.gov




 NAS Parallel Benchmarks 3.4 -- LU Benchmark

 Size:  162x 162x 162  (class C)
 Iterations:  250
 Total number of processes:     16

 Time step    1
 Time step   20
 Time step   40
 Time step   60
 Time step   80
 Time step  100
 Time step  120
 Time step  140
 Time step  160
 Time step  180
 Time step  200
 Time step  220
 Time step  240
 Time step  250

 Verification being performed for class C
 Accuracy setting for epsilon =  0.1000000000000E-07
 Comparison of RMS-norms of residual
           1   0.1037669803235E+05 0.1037669803235E+05 0.7011823598892E-15
           2   0.8922124588010E+03 0.8922124588010E+03 0.8919488359541E-15
           3   0.2562388145827E+04 0.2562388145827E+04 0.1952171402252E-14
           4   0.2191943438578E+04 0.2191943438578E+04 0.1037315431783E-14
           5   0.1780780572611E+05 0.1780780572611E+05 0.1634329962061E-14
 Comparison of RMS-norms of solution error
           1   0.2159863997169E+03 0.2159863997169E+03 0.1973854103845E-14
           2   0.1557895592399E+02 0.1557895592399E+02 0.4332868019305E-14
           3   0.5413188630772E+02 0.5413188630772E+02 0.1181352629297E-14
           4   0.4822626431540E+02 0.4822626431540E+02 0.3388710105266E-14
           5   0.4559029100433E+03 0.4559029100433E+03 0.4114544524905E-14
 Comparison of surface integral
               0.6664045535722E+02 0.6664045535722E+02 0.1279479977052E-14
 Verification Successful


 LU Benchmark Completed.
 Class           =                        C
 Size            =            162x 162x 162
 Iterations      =                      250
 Time in seconds =                   107.16
 Total processes =                       16
 Active processes=                       16
 Mop/s total     =                 19026.74
 Mop/s/process   =                  1189.17
 Operation type  =           floating point
 Verification    =               SUCCESSFUL
 Version         =                    3.4.1
 Compile date    =              21 Sep 2020

 Compile options:
    MPIFC        = mpifort
    FLINK        = $(MPIFC)
    FMPI_LIB     = (none)
    FMPI_INC     = (none)
    FFLAGS       = -O3
    FLINKFLAGS   = $(FFLAGS)
    RAND         = (none)


 Please send feedbacks and/or the results of this run to:

 NPB Development Team 
 Internet: npb@nas.nasa.gov




 NAS Parallel Benchmarks 3.4 -- LU Benchmark

 Size:  162x 162x 162  (class C)
 Iterations:  250
 Total number of processes:     16

 Time step    1
 Time step   20
 Time step   40
 Time step   60
 Time step   80
 Time step  100
 Time step  120
 Time step  140
 Time step  160
 Time step  180
 Time step  200
 Time step  220
 Time step  240
 Time step  250

 Verification being performed for class C
 Accuracy setting for epsilon =  0.1000000000000E-07
 Comparison of RMS-norms of residual
           1   0.1037669803235E+05 0.1037669803235E+05 0.7011823598892E-15
           2   0.8922124588010E+03 0.8922124588010E+03 0.8919488359541E-15
           3   0.2562388145827E+04 0.2562388145827E+04 0.1952171402252E-14
           4   0.2191943438578E+04 0.2191943438578E+04 0.1037315431783E-14
           5   0.1780780572611E+05 0.1780780572611E+05 0.1634329962061E-14
 Comparison of RMS-norms of solution error
           1   0.2159863997169E+03 0.2159863997169E+03 0.1973854103845E-14
           2   0.1557895592399E+02 0.1557895592399E+02 0.4332868019305E-14
           3   0.5413188630772E+02 0.5413188630772E+02 0.1181352629297E-14
           4   0.4822626431540E+02 0.4822626431540E+02 0.3388710105266E-14
           5   0.4559029100433E+03 0.4559029100433E+03 0.4114544524905E-14
 Comparison of surface integral
               0.6664045535722E+02 0.6664045535722E+02 0.1279479977052E-14
 Verification Successful


 LU Benchmark Completed.
 Class           =                        C
 Size            =            162x 162x 162
 Iterations      =                      250
 Time in seconds =                   106.96
 Total processes =                       16
 Active processes=                       16
 Mop/s total     =                 19063.10
 Mop/s/process   =                  1191.44
 Operation type  =           floating point
 Verification    =               SUCCESSFUL
 Version         =                    3.4.1
 Compile date    =              21 Sep 2020

 Compile options:
    MPIFC        = mpifort
    FLINK        = $(MPIFC)
    FMPI_LIB     = (none)
    FMPI_INC     = (none)
    FFLAGS       = -O3
    FLINKFLAGS   = $(FFLAGS)
    RAND         = (none)


 Please send feedbacks and/or the results of this run to:

 NPB Development Team 
 Internet: npb@nas.nasa.gov




 NAS Parallel Benchmarks 3.4 -- LU Benchmark

 Size:  162x 162x 162  (class C)
 Iterations:  250
 Total number of processes:     16

 Time step    1
 Time step   20
 Time step   40
 Time step   60
 Time step   80
 Time step  100
 Time step  120
 Time step  140
 Time step  160
 Time step  180
 Time step  200
 Time step  220
 Time step  240
 Time step  250

 Verification being performed for class C
 Accuracy setting for epsilon =  0.1000000000000E-07
 Comparison of RMS-norms of residual
           1   0.1037669803235E+05 0.1037669803235E+05 0.7011823598892E-15
           2   0.8922124588010E+03 0.8922124588010E+03 0.8919488359541E-15
           3   0.2562388145827E+04 0.2562388145827E+04 0.1952171402252E-14
           4   0.2191943438578E+04 0.2191943438578E+04 0.1037315431783E-14
           5   0.1780780572611E+05 0.1780780572611E+05 0.1634329962061E-14
 Comparison of RMS-norms of solution error
           1   0.2159863997169E+03 0.2159863997169E+03 0.1973854103845E-14
           2   0.1557895592399E+02 0.1557895592399E+02 0.4332868019305E-14
           3   0.5413188630772E+02 0.5413188630772E+02 0.1181352629297E-14
           4   0.4822626431540E+02 0.4822626431540E+02 0.3388710105266E-14
           5   0.4559029100433E+03 0.4559029100433E+03 0.4114544524905E-14
 Comparison of surface integral
               0.6664045535722E+02 0.6664045535722E+02 0.1279479977052E-14
 Verification Successful


 LU Benchmark Completed.
 Class           =                        C
 Size            =            162x 162x 162
 Iterations      =                      250
 Time in seconds =                   108.39
 Total processes =                       16
 Active processes=                       16
 Mop/s total     =                 18812.07
 Mop/s/process   =                  1175.75
 Operation type  =           floating point
 Verification    =               SUCCESSFUL
 Version         =                    3.4.1
 Compile date    =              21 Sep 2020

 Compile options:
    MPIFC        = mpifort
    FLINK        = $(MPIFC)
    FMPI_LIB     = (none)
    FMPI_INC     = (none)
    FFLAGS       = -O3
    FLINKFLAGS   = $(FFLAGS)
    RAND         = (none)


 Please send feedbacks and/or the results of this run to:

 NPB Development Team 
 Internet: npb@nas.nasa.gov




 NAS Parallel Benchmarks 3.4 -- LU Benchmark

 Size:  162x 162x 162  (class C)
 Iterations:  250
 Total number of processes:     16

 Time step    1
 Time step   20
 Time step   40
 Time step   60
 Time step   80
 Time step  100
 Time step  120
 Time step  140
 Time step  160
 Time step  180
 Time step  200
 Time step  220
 Time step  240
 Time step  250

 Verification being performed for class C
 Accuracy setting for epsilon =  0.1000000000000E-07
 Comparison of RMS-norms of residual
           1   0.1037669803235E+05 0.1037669803235E+05 0.7011823598892E-15
           2   0.8922124588010E+03 0.8922124588010E+03 0.8919488359541E-15
           3   0.2562388145827E+04 0.2562388145827E+04 0.1952171402252E-14
           4   0.2191943438578E+04 0.2191943438578E+04 0.1037315431783E-14
           5   0.1780780572611E+05 0.1780780572611E+05 0.1634329962061E-14
 Comparison of RMS-norms of solution error
           1   0.2159863997169E+03 0.2159863997169E+03 0.1973854103845E-14
           2   0.1557895592399E+02 0.1557895592399E+02 0.4332868019305E-14
           3   0.5413188630772E+02 0.5413188630772E+02 0.1181352629297E-14
           4   0.4822626431540E+02 0.4822626431540E+02 0.3388710105266E-14
           5   0.4559029100433E+03 0.4559029100433E+03 0.4114544524905E-14
 Comparison of surface integral
               0.6664045535722E+02 0.6664045535722E+02 0.1279479977052E-14
 Verification Successful


 LU Benchmark Completed.
 Class           =                        C
 Size            =            162x 162x 162
 Iterations      =                      250
 Time in seconds =                   109.27
 Total processes =                       16
 Active processes=                       16
 Mop/s total     =                 18660.95
 Mop/s/process   =                  1166.31
 Operation type  =           floating point
 Verification    =               SUCCESSFUL
 Version         =                    3.4.1
 Compile date    =              21 Sep 2020

 Compile options:
    MPIFC        = mpifort
    FLINK        = $(MPIFC)
    FMPI_LIB     = (none)
    FMPI_INC     = (none)
    FFLAGS       = -O3
    FLINKFLAGS   = $(FFLAGS)
    RAND         = (none)


 Please send feedbacks and/or the results of this run to:

 NPB Development Team 
 Internet: npb@nas.nasa.gov




 NAS Parallel Benchmarks 3.4 -- LU Benchmark

 Size:  162x 162x 162  (class C)
 Iterations:  250
 Total number of processes:     16

 Time step    1
 Time step   20
 Time step   40
 Time step   60
 Time step   80
 Time step  100
 Time step  120
 Time step  140
 Time step  160
 Time step  180
 Time step  200
 Time step  220
 Time step  240
 Time step  250

 Verification being performed for class C
 Accuracy setting for epsilon =  0.1000000000000E-07
 Comparison of RMS-norms of residual
           1   0.1037669803235E+05 0.1037669803235E+05 0.7011823598892E-15
           2   0.8922124588010E+03 0.8922124588010E+03 0.8919488359541E-15
           3   0.2562388145827E+04 0.2562388145827E+04 0.1952171402252E-14
           4   0.2191943438578E+04 0.2191943438578E+04 0.1037315431783E-14
           5   0.1780780572611E+05 0.1780780572611E+05 0.1634329962061E-14
 Comparison of RMS-norms of solution error
           1   0.2159863997169E+03 0.2159863997169E+03 0.1973854103845E-14
           2   0.1557895592399E+02 0.1557895592399E+02 0.4332868019305E-14
           3   0.5413188630772E+02 0.5413188630772E+02 0.1181352629297E-14
           4   0.4822626431540E+02 0.4822626431540E+02 0.3388710105266E-14
           5   0.4559029100433E+03 0.4559029100433E+03 0.4114544524905E-14
 Comparison of surface integral
               0.6664045535722E+02 0.6664045535722E+02 0.1279479977052E-14
 Verification Successful


 LU Benchmark Completed.
 Class           =                        C
 Size            =            162x 162x 162
 Iterations      =                      250
 Time in seconds =                   107.93
 Total processes =                       16
 Active processes=                       16
 Mop/s total     =                 18892.39
 Mop/s/process   =                  1180.77
 Operation type  =           floating point
 Verification    =               SUCCESSFUL
 Version         =                    3.4.1
 Compile date    =              21 Sep 2020

 Compile options:
    MPIFC        = mpifort
    FLINK        = $(MPIFC)
    FMPI_LIB     = (none)
    FMPI_INC     = (none)
    FFLAGS       = -O3
    FLINKFLAGS   = $(FFLAGS)
    RAND         = (none)


 Please send feedbacks and/or the results of this run to:

 NPB Development Team 
 Internet: npb@nas.nasa.gov


