make[1]: Entering directory '/home/lacp/NEWP/BENCHMARKS/NPB3.4.1/NPB3.4-MPI/BT'
rm -f *.o *.mod *~ mputil*
rm -f  npbparams.h core
make[1]: Leaving directory '/home/lacp/NEWP/BENCHMARKS/NPB3.4.1/NPB3.4-MPI/BT'
make[1]: Entering directory '/home/lacp/NEWP/BENCHMARKS/NPB3.4.1/NPB3.4-MPI/BT'
make[2]: Entering directory '/home/lacp/NEWP/BENCHMARKS/NPB3.4.1/NPB3.4-MPI/sys'
gcc -g -DFORTRAN_REC_SIZE=1 -o setparams setparams.c
make[2]: Leaving directory '/home/lacp/NEWP/BENCHMARKS/NPB3.4.1/NPB3.4-MPI/sys'
../sys/setparams bt C 
mpifort -c  -O3 mpinpb.f90
mpifort -c  -O3 bt_data.f90
mpifort -c  -O3 bt.f90
mpifort -c  -O3 make_set.f90
mpifort -c  -O3 initialize.f90
mpifort -c  -O3 exact_solution.f90
mpifort -c  -O3 exact_rhs.f90
mpifort -c  -O3 set_constants.f90
mpifort -c  -O3 adi.f90
mpifort -c  -O3 define.f90
mpifort -c  -O3 copy_faces.f90
mpifort -c  -O3 rhs.f90
mpifort -c  -O3 solve_subs.f90
mpifort -c  -O3 x_solve.f90
mpifort -c  -O3 y_solve.f90
mpifort -c  -O3 z_solve.f90
mpifort -c  -O3 add.f90
mpifort -c  -O3 error.f90
mpifort -c  -O3 verify.f90
mpifort -c  -O3 setup_mpi.f90
cd ../common; mpifort -c  -O3 get_active_nprocs.f90
cd ../common; mpifort -c  -O3 print_results.f90
cd ../common; mpifort -c  -O3 timers.f90
make[2]: Entering directory '/home/lacp/NEWP/BENCHMARKS/NPB3.4.1/NPB3.4-MPI/BT'
mpifort -c  -O3 btio.f90
mpifort -O3 -o ../bin/bt.C.x bt.o bt_data.o make_set.o initialize.o exact_solution.o exact_rhs.o set_constants.o adi.o define.o copy_faces.o rhs.o solve_subs.o x_solve.o y_solve.o z_solve.o add.o error.o verify.o setup_mpi.o mpinpb.o ../common/get_active_nprocs.o ../common/print_results.o ../common/timers.o btio.o 
make[2]: Leaving directory '/home/lacp/NEWP/BENCHMARKS/NPB3.4.1/NPB3.4-MPI/BT'
make[1]: Leaving directory '/home/lacp/NEWP/BENCHMARKS/NPB3.4.1/NPB3.4-MPI/BT'
make[1]: Entering directory '/home/lacp/NEWP/BENCHMARKS/NPB3.4.1/NPB3.4-MPI/SP'
rm -f *.o *.mod *~ mputil*
rm -f npbparams.h core
make[1]: Leaving directory '/home/lacp/NEWP/BENCHMARKS/NPB3.4.1/NPB3.4-MPI/SP'
make[1]: Entering directory '/home/lacp/NEWP/BENCHMARKS/NPB3.4.1/NPB3.4-MPI/SP'
make[2]: Entering directory '/home/lacp/NEWP/BENCHMARKS/NPB3.4.1/NPB3.4-MPI/sys'
make[2]: Nothing to be done for 'all'.
make[2]: Leaving directory '/home/lacp/NEWP/BENCHMARKS/NPB3.4.1/NPB3.4-MPI/sys'
../sys/setparams sp C 
mpifort -c  -O3 mpinpb.f90
mpifort -c  -O3 sp_data.f90
mpifort -c  -O3 sp.f90
mpifort -c  -O3 make_set.f90
mpifort -c  -O3 initialize.f90
mpifort -c  -O3 exact_solution.f90
mpifort -c  -O3 exact_rhs.f90
mpifort -c  -O3 set_constants.f90
mpifort -c  -O3 adi.f90
mpifort -c  -O3 define.f90
mpifort -c  -O3 copy_faces.f90
mpifort -c  -O3 rhs.f90
mpifort -c  -O3 lhsx.f90
mpifort -c  -O3 lhsy.f90
mpifort -c  -O3 lhsz.f90
mpifort -c  -O3 x_solve.f90
mpifort -c  -O3 ninvr.f90
mpifort -c  -O3 y_solve.f90
mpifort -c  -O3 pinvr.f90
mpifort -c  -O3 z_solve.f90
mpifort -c  -O3 tzetar.f90
mpifort -c  -O3 add.f90
mpifort -c  -O3 txinvr.f90
mpifort -c  -O3 error.f90
mpifort -c  -O3 verify.f90
mpifort -c  -O3 setup_mpi.f90
mpifort -O3 -o ../bin/sp.C.x sp.o sp_data.o make_set.o initialize.o exact_solution.o exact_rhs.o set_constants.o adi.o define.o copy_faces.o rhs.o lhsx.o lhsy.o lhsz.o x_solve.o ninvr.o y_solve.o pinvr.o z_solve.o tzetar.o add.o txinvr.o error.o verify.o setup_mpi.o mpinpb.o ../common/get_active_nprocs.o ../common/print_results.o ../common/timers.o 
make[1]: Leaving directory '/home/lacp/NEWP/BENCHMARKS/NPB3.4.1/NPB3.4-MPI/SP'
make[1]: Entering directory '/home/lacp/NEWP/BENCHMARKS/NPB3.4.1/NPB3.4-MPI/IS'
rm -f *.o *~ mputil*
rm -f is npbparams.h core
make[1]: Leaving directory '/home/lacp/NEWP/BENCHMARKS/NPB3.4.1/NPB3.4-MPI/IS'
make[1]: Entering directory '/home/lacp/NEWP/BENCHMARKS/NPB3.4.1/NPB3.4-MPI/IS'
make[2]: Entering directory '/home/lacp/NEWP/BENCHMARKS/NPB3.4.1/NPB3.4-MPI/sys'
make[2]: Nothing to be done for 'all'.
make[2]: Leaving directory '/home/lacp/NEWP/BENCHMARKS/NPB3.4.1/NPB3.4-MPI/sys'
../sys/setparams is C 
mpicc -c  -O3 is.c
cd ../common; mpicc -c  -O3 c_print_results.c
cd ../common; mpicc -c  -O3 c_timers.c
mpicc -O3 -o ../bin/is.C.x is.o ../common/c_print_results.o ../common/c_timers.o 
make[1]: Leaving directory '/home/lacp/NEWP/BENCHMARKS/NPB3.4.1/NPB3.4-MPI/IS'
make[1]: Entering directory '/home/lacp/NEWP/BENCHMARKS/NPB3.4.1/NPB3.4-MPI/FT'
rm -f *.o *.mod *~ mputil*
rm -f ft npbparams.h core
make[1]: Leaving directory '/home/lacp/NEWP/BENCHMARKS/NPB3.4.1/NPB3.4-MPI/FT'
make[1]: Entering directory '/home/lacp/NEWP/BENCHMARKS/NPB3.4.1/NPB3.4-MPI/FT'
make[2]: Entering directory '/home/lacp/NEWP/BENCHMARKS/NPB3.4.1/NPB3.4-MPI/sys'
make[2]: Nothing to be done for 'all'.
make[2]: Leaving directory '/home/lacp/NEWP/BENCHMARKS/NPB3.4.1/NPB3.4-MPI/sys'
../sys/setparams ft C 
mpifort -c  -O3 mpinpb.f90
mpifort -c  -O3 ft_data.f90
mpifort -c  -O3 ft.f90
cd ../common; mpifort -c  -O3 randi8.f90
mpifort -O3 -o ../bin/ft.C.x ft.o ft_data.o mpinpb.o ../common/get_active_nprocs.o ../common/randi8.o ../common/print_results.o ../common/timers.o 
make[1]: Leaving directory '/home/lacp/NEWP/BENCHMARKS/NPB3.4.1/NPB3.4-MPI/FT'

1-is-16

Sat Nov 21 19:49:40 -03 2020
Executing >> mpiexec --mca btl self,tcp --mca btl_tcp_if_include eth0 -np 16 -machinefile /home/lacp/NEWP/MACHINE_FILES/nodes16_LACP10 /home/lacp/NEWP/BENCHMARKS/NPB3.4.1/NPB3.4-MPI/bin/is.C.x 2>> /home/lacp/NEWP/LOGS/apps_exec_std_error &> >(tee -a /home/lacp/NEWP/LOGS/LOGS_BACKUP/is.802.3ad-4NICs-layer2.log > /tmp/nas.out) <<
Done!

2-is-16

Sat Nov 21 19:50:03 -03 2020
Executing >> mpiexec --mca btl self,tcp --mca btl_tcp_if_include eth0 -np 16 -machinefile /home/lacp/NEWP/MACHINE_FILES/nodes16_LACP10 /home/lacp/NEWP/BENCHMARKS/NPB3.4.1/NPB3.4-MPI/bin/is.C.x 2>> /home/lacp/NEWP/LOGS/apps_exec_std_error &> >(tee -a /home/lacp/NEWP/LOGS/LOGS_BACKUP/is.802.3ad-4NICs-layer2.log > /tmp/nas.out) <<
Done!

3-is-16

Sat Nov 21 19:50:25 -03 2020
Executing >> mpiexec --mca btl self,tcp --mca btl_tcp_if_include eth0 -np 16 -machinefile /home/lacp/NEWP/MACHINE_FILES/nodes16_LACP10 /home/lacp/NEWP/BENCHMARKS/NPB3.4.1/NPB3.4-MPI/bin/is.C.x 2>> /home/lacp/NEWP/LOGS/apps_exec_std_error &> >(tee -a /home/lacp/NEWP/LOGS/LOGS_BACKUP/is.802.3ad-4NICs-layer2.log > /tmp/nas.out) <<
Done!

4-is-16

Sat Nov 21 19:50:47 -03 2020
Executing >> mpiexec --mca btl self,tcp --mca btl_tcp_if_include eth0 -np 16 -machinefile /home/lacp/NEWP/MACHINE_FILES/nodes16_LACP10 /home/lacp/NEWP/BENCHMARKS/NPB3.4.1/NPB3.4-MPI/bin/is.C.x 2>> /home/lacp/NEWP/LOGS/apps_exec_std_error &> >(tee -a /home/lacp/NEWP/LOGS/LOGS_BACKUP/is.802.3ad-4NICs-layer2.log > /tmp/nas.out) <<
Done!

5-is-16

Sat Nov 21 19:51:10 -03 2020
Executing >> mpiexec --mca btl self,tcp --mca btl_tcp_if_include eth0 -np 16 -machinefile /home/lacp/NEWP/MACHINE_FILES/nodes16_LACP10 /home/lacp/NEWP/BENCHMARKS/NPB3.4.1/NPB3.4-MPI/bin/is.C.x 2>> /home/lacp/NEWP/LOGS/apps_exec_std_error &> >(tee -a /home/lacp/NEWP/LOGS/LOGS_BACKUP/is.802.3ad-4NICs-layer2.log > /tmp/nas.out) <<
Done!

6-is-16

Sat Nov 21 19:51:32 -03 2020
Executing >> mpiexec --mca btl self,tcp --mca btl_tcp_if_include eth0 -np 16 -machinefile /home/lacp/NEWP/MACHINE_FILES/nodes16_LACP10 /home/lacp/NEWP/BENCHMARKS/NPB3.4.1/NPB3.4-MPI/bin/is.C.x 2>> /home/lacp/NEWP/LOGS/apps_exec_std_error &> >(tee -a /home/lacp/NEWP/LOGS/LOGS_BACKUP/is.802.3ad-4NICs-layer2.log > /tmp/nas.out) <<
Done!

7-is-16

Sat Nov 21 19:51:53 -03 2020
Executing >> mpiexec --mca btl self,tcp --mca btl_tcp_if_include eth0 -np 16 -machinefile /home/lacp/NEWP/MACHINE_FILES/nodes16_LACP10 /home/lacp/NEWP/BENCHMARKS/NPB3.4.1/NPB3.4-MPI/bin/is.C.x 2>> /home/lacp/NEWP/LOGS/apps_exec_std_error &> >(tee -a /home/lacp/NEWP/LOGS/LOGS_BACKUP/is.802.3ad-4NICs-layer2.log > /tmp/nas.out) <<
Done!

8-is-16

Sat Nov 21 19:52:15 -03 2020
Executing >> mpiexec --mca btl self,tcp --mca btl_tcp_if_include eth0 -np 16 -machinefile /home/lacp/NEWP/MACHINE_FILES/nodes16_LACP10 /home/lacp/NEWP/BENCHMARKS/NPB3.4.1/NPB3.4-MPI/bin/is.C.x 2>> /home/lacp/NEWP/LOGS/apps_exec_std_error &> >(tee -a /home/lacp/NEWP/LOGS/LOGS_BACKUP/is.802.3ad-4NICs-layer2.log > /tmp/nas.out) <<
Done!

9-is-16

Sat Nov 21 19:52:38 -03 2020
Executing >> mpiexec --mca btl self,tcp --mca btl_tcp_if_include eth0 -np 16 -machinefile /home/lacp/NEWP/MACHINE_FILES/nodes16_LACP10 /home/lacp/NEWP/BENCHMARKS/NPB3.4.1/NPB3.4-MPI/bin/is.C.x 2>> /home/lacp/NEWP/LOGS/apps_exec_std_error &> >(tee -a /home/lacp/NEWP/LOGS/LOGS_BACKUP/is.802.3ad-4NICs-layer2.log > /tmp/nas.out) <<
Done!

10-is-16

Sat Nov 21 19:53:00 -03 2020
Executing >> mpiexec --mca btl self,tcp --mca btl_tcp_if_include eth0 -np 16 -machinefile /home/lacp/NEWP/MACHINE_FILES/nodes16_LACP10 /home/lacp/NEWP/BENCHMARKS/NPB3.4.1/NPB3.4-MPI/bin/is.C.x 2>> /home/lacp/NEWP/LOGS/apps_exec_std_error &> >(tee -a /home/lacp/NEWP/LOGS/LOGS_BACKUP/is.802.3ad-4NICs-layer2.log > /tmp/nas.out) <<
Done!

11-ft-16

Sat Nov 21 19:53:23 -03 2020
Executing >> mpiexec --mca btl self,tcp --mca btl_tcp_if_include eth0 -np 16 -machinefile /home/lacp/NEWP/MACHINE_FILES/nodes16_LACP10 /home/lacp/NEWP/BENCHMARKS/NPB3.4.1/NPB3.4-MPI/bin/ft.C.x 2>> /home/lacp/NEWP/LOGS/apps_exec_std_error &> >(tee -a /home/lacp/NEWP/LOGS/LOGS_BACKUP/ft.802.3ad-4NICs-layer2.log > /tmp/nas.out) <<
Done!

12-ft-16

Sat Nov 21 19:56:08 -03 2020
Executing >> mpiexec --mca btl self,tcp --mca btl_tcp_if_include eth0 -np 16 -machinefile /home/lacp/NEWP/MACHINE_FILES/nodes16_LACP10 /home/lacp/NEWP/BENCHMARKS/NPB3.4.1/NPB3.4-MPI/bin/ft.C.x 2>> /home/lacp/NEWP/LOGS/apps_exec_std_error &> >(tee -a /home/lacp/NEWP/LOGS/LOGS_BACKUP/ft.802.3ad-4NICs-layer2.log > /tmp/nas.out) <<
Done!

13-ft-16

Sat Nov 21 19:58:53 -03 2020
Executing >> mpiexec --mca btl self,tcp --mca btl_tcp_if_include eth0 -np 16 -machinefile /home/lacp/NEWP/MACHINE_FILES/nodes16_LACP10 /home/lacp/NEWP/BENCHMARKS/NPB3.4.1/NPB3.4-MPI/bin/ft.C.x 2>> /home/lacp/NEWP/LOGS/apps_exec_std_error &> >(tee -a /home/lacp/NEWP/LOGS/LOGS_BACKUP/ft.802.3ad-4NICs-layer2.log > /tmp/nas.out) <<
Done!

14-ft-16

Sat Nov 21 20:01:41 -03 2020
Executing >> mpiexec --mca btl self,tcp --mca btl_tcp_if_include eth0 -np 16 -machinefile /home/lacp/NEWP/MACHINE_FILES/nodes16_LACP10 /home/lacp/NEWP/BENCHMARKS/NPB3.4.1/NPB3.4-MPI/bin/ft.C.x 2>> /home/lacp/NEWP/LOGS/apps_exec_std_error &> >(tee -a /home/lacp/NEWP/LOGS/LOGS_BACKUP/ft.802.3ad-4NICs-layer2.log > /tmp/nas.out) <<
Done!

15-ft-16

Sat Nov 21 20:04:29 -03 2020
Executing >> mpiexec --mca btl self,tcp --mca btl_tcp_if_include eth0 -np 16 -machinefile /home/lacp/NEWP/MACHINE_FILES/nodes16_LACP10 /home/lacp/NEWP/BENCHMARKS/NPB3.4.1/NPB3.4-MPI/bin/ft.C.x 2>> /home/lacp/NEWP/LOGS/apps_exec_std_error &> >(tee -a /home/lacp/NEWP/LOGS/LOGS_BACKUP/ft.802.3ad-4NICs-layer2.log > /tmp/nas.out) <<
Done!

16-ft-16

Sat Nov 21 20:07:15 -03 2020
Executing >> mpiexec --mca btl self,tcp --mca btl_tcp_if_include eth0 -np 16 -machinefile /home/lacp/NEWP/MACHINE_FILES/nodes16_LACP10 /home/lacp/NEWP/BENCHMARKS/NPB3.4.1/NPB3.4-MPI/bin/ft.C.x 2>> /home/lacp/NEWP/LOGS/apps_exec_std_error &> >(tee -a /home/lacp/NEWP/LOGS/LOGS_BACKUP/ft.802.3ad-4NICs-layer2.log > /tmp/nas.out) <<
Done!

17-ft-16

Sat Nov 21 20:10:01 -03 2020
Executing >> mpiexec --mca btl self,tcp --mca btl_tcp_if_include eth0 -np 16 -machinefile /home/lacp/NEWP/MACHINE_FILES/nodes16_LACP10 /home/lacp/NEWP/BENCHMARKS/NPB3.4.1/NPB3.4-MPI/bin/ft.C.x 2>> /home/lacp/NEWP/LOGS/apps_exec_std_error &> >(tee -a /home/lacp/NEWP/LOGS/LOGS_BACKUP/ft.802.3ad-4NICs-layer2.log > /tmp/nas.out) <<
Done!

18-ft-16

Sat Nov 21 20:12:48 -03 2020
Executing >> mpiexec --mca btl self,tcp --mca btl_tcp_if_include eth0 -np 16 -machinefile /home/lacp/NEWP/MACHINE_FILES/nodes16_LACP10 /home/lacp/NEWP/BENCHMARKS/NPB3.4.1/NPB3.4-MPI/bin/ft.C.x 2>> /home/lacp/NEWP/LOGS/apps_exec_std_error &> >(tee -a /home/lacp/NEWP/LOGS/LOGS_BACKUP/ft.802.3ad-4NICs-layer2.log > /tmp/nas.out) <<
Done!

19-ft-16

Sat Nov 21 20:15:35 -03 2020
Executing >> mpiexec --mca btl self,tcp --mca btl_tcp_if_include eth0 -np 16 -machinefile /home/lacp/NEWP/MACHINE_FILES/nodes16_LACP10 /home/lacp/NEWP/BENCHMARKS/NPB3.4.1/NPB3.4-MPI/bin/ft.C.x 2>> /home/lacp/NEWP/LOGS/apps_exec_std_error &> >(tee -a /home/lacp/NEWP/LOGS/LOGS_BACKUP/ft.802.3ad-4NICs-layer2.log > /tmp/nas.out) <<
Done!

20-ft-16

Sat Nov 21 20:18:20 -03 2020
Executing >> mpiexec --mca btl self,tcp --mca btl_tcp_if_include eth0 -np 16 -machinefile /home/lacp/NEWP/MACHINE_FILES/nodes16_LACP10 /home/lacp/NEWP/BENCHMARKS/NPB3.4.1/NPB3.4-MPI/bin/ft.C.x 2>> /home/lacp/NEWP/LOGS/apps_exec_std_error &> >(tee -a /home/lacp/NEWP/LOGS/LOGS_BACKUP/ft.802.3ad-4NICs-layer2.log > /tmp/nas.out) <<
Done!

21-is-16

Sat Nov 21 20:21:08 -03 2020
Executing >> mpiexec --mca btl self,tcp --mca btl_tcp_if_include eth0 -np 16 -machinefile /home/lacp/NEWP/MACHINE_FILES/nodes16_LACP10 /home/lacp/NEWP/BENCHMARKS/NPB3.4.1/NPB3.4-MPI/bin/is.C.x 2>> /home/lacp/NEWP/LOGS/apps_exec_std_error &> >(tee -a /home/lacp/NEWP/LOGS/LOGS_BACKUP/is.802.3ad-4NICs-layer2.log > /tmp/nas.out) <<
Done!

22-is-16

Sat Nov 21 20:21:30 -03 2020
Executing >> mpiexec --mca btl self,tcp --mca btl_tcp_if_include eth0 -np 16 -machinefile /home/lacp/NEWP/MACHINE_FILES/nodes16_LACP10 /home/lacp/NEWP/BENCHMARKS/NPB3.4.1/NPB3.4-MPI/bin/is.C.x 2>> /home/lacp/NEWP/LOGS/apps_exec_std_error &> >(tee -a /home/lacp/NEWP/LOGS/LOGS_BACKUP/is.802.3ad-4NICs-layer2.log > /tmp/nas.out) <<
Done!

23-is-16

Sat Nov 21 20:21:52 -03 2020
Executing >> mpiexec --mca btl self,tcp --mca btl_tcp_if_include eth0 -np 16 -machinefile /home/lacp/NEWP/MACHINE_FILES/nodes16_LACP10 /home/lacp/NEWP/BENCHMARKS/NPB3.4.1/NPB3.4-MPI/bin/is.C.x 2>> /home/lacp/NEWP/LOGS/apps_exec_std_error &> >(tee -a /home/lacp/NEWP/LOGS/LOGS_BACKUP/is.802.3ad-4NICs-layer2.log > /tmp/nas.out) <<
Done!

24-is-16

Sat Nov 21 20:22:15 -03 2020
Executing >> mpiexec --mca btl self,tcp --mca btl_tcp_if_include eth0 -np 16 -machinefile /home/lacp/NEWP/MACHINE_FILES/nodes16_LACP10 /home/lacp/NEWP/BENCHMARKS/NPB3.4.1/NPB3.4-MPI/bin/is.C.x 2>> /home/lacp/NEWP/LOGS/apps_exec_std_error &> >(tee -a /home/lacp/NEWP/LOGS/LOGS_BACKUP/is.802.3ad-4NICs-layer2.log > /tmp/nas.out) <<
Done!

25-is-16

Sat Nov 21 20:22:37 -03 2020
Executing >> mpiexec --mca btl self,tcp --mca btl_tcp_if_include eth0 -np 16 -machinefile /home/lacp/NEWP/MACHINE_FILES/nodes16_LACP10 /home/lacp/NEWP/BENCHMARKS/NPB3.4.1/NPB3.4-MPI/bin/is.C.x 2>> /home/lacp/NEWP/LOGS/apps_exec_std_error &> >(tee -a /home/lacp/NEWP/LOGS/LOGS_BACKUP/is.802.3ad-4NICs-layer2.log > /tmp/nas.out) <<
Done!

26-is-16

Sat Nov 21 20:23:00 -03 2020
Executing >> mpiexec --mca btl self,tcp --mca btl_tcp_if_include eth0 -np 16 -machinefile /home/lacp/NEWP/MACHINE_FILES/nodes16_LACP10 /home/lacp/NEWP/BENCHMARKS/NPB3.4.1/NPB3.4-MPI/bin/is.C.x 2>> /home/lacp/NEWP/LOGS/apps_exec_std_error &> >(tee -a /home/lacp/NEWP/LOGS/LOGS_BACKUP/is.802.3ad-4NICs-layer2.log > /tmp/nas.out) <<
Done!

27-is-16

Sat Nov 21 20:23:22 -03 2020
Executing >> mpiexec --mca btl self,tcp --mca btl_tcp_if_include eth0 -np 16 -machinefile /home/lacp/NEWP/MACHINE_FILES/nodes16_LACP10 /home/lacp/NEWP/BENCHMARKS/NPB3.4.1/NPB3.4-MPI/bin/is.C.x 2>> /home/lacp/NEWP/LOGS/apps_exec_std_error &> >(tee -a /home/lacp/NEWP/LOGS/LOGS_BACKUP/is.802.3ad-4NICs-layer2.log > /tmp/nas.out) <<
Done!

28-is-16

Sat Nov 21 20:23:44 -03 2020
Executing >> mpiexec --mca btl self,tcp --mca btl_tcp_if_include eth0 -np 16 -machinefile /home/lacp/NEWP/MACHINE_FILES/nodes16_LACP10 /home/lacp/NEWP/BENCHMARKS/NPB3.4.1/NPB3.4-MPI/bin/is.C.x 2>> /home/lacp/NEWP/LOGS/apps_exec_std_error &> >(tee -a /home/lacp/NEWP/LOGS/LOGS_BACKUP/is.802.3ad-4NICs-layer2.log > /tmp/nas.out) <<
Done!

29-is-16

Sat Nov 21 20:24:06 -03 2020
Executing >> mpiexec --mca btl self,tcp --mca btl_tcp_if_include eth0 -np 16 -machinefile /home/lacp/NEWP/MACHINE_FILES/nodes16_LACP10 /home/lacp/NEWP/BENCHMARKS/NPB3.4.1/NPB3.4-MPI/bin/is.C.x 2>> /home/lacp/NEWP/LOGS/apps_exec_std_error &> >(tee -a /home/lacp/NEWP/LOGS/LOGS_BACKUP/is.802.3ad-4NICs-layer2.log > /tmp/nas.out) <<
Done!

30-is-16

Sat Nov 21 20:24:29 -03 2020
Executing >> mpiexec --mca btl self,tcp --mca btl_tcp_if_include eth0 -np 16 -machinefile /home/lacp/NEWP/MACHINE_FILES/nodes16_LACP10 /home/lacp/NEWP/BENCHMARKS/NPB3.4.1/NPB3.4-MPI/bin/is.C.x 2>> /home/lacp/NEWP/LOGS/apps_exec_std_error &> >(tee -a /home/lacp/NEWP/LOGS/LOGS_BACKUP/is.802.3ad-4NICs-layer2.log > /tmp/nas.out) <<
Done!

31-ft-16

Sat Nov 21 20:24:53 -03 2020
Executing >> mpiexec --mca btl self,tcp --mca btl_tcp_if_include eth0 -np 16 -machinefile /home/lacp/NEWP/MACHINE_FILES/nodes16_LACP10 /home/lacp/NEWP/BENCHMARKS/NPB3.4.1/NPB3.4-MPI/bin/ft.C.x 2>> /home/lacp/NEWP/LOGS/apps_exec_std_error &> >(tee -a /home/lacp/NEWP/LOGS/LOGS_BACKUP/ft.802.3ad-4NICs-layer2.log > /tmp/nas.out) <<
Done!

32-ft-16

Sat Nov 21 20:27:41 -03 2020
Executing >> mpiexec --mca btl self,tcp --mca btl_tcp_if_include eth0 -np 16 -machinefile /home/lacp/NEWP/MACHINE_FILES/nodes16_LACP10 /home/lacp/NEWP/BENCHMARKS/NPB3.4.1/NPB3.4-MPI/bin/ft.C.x 2>> /home/lacp/NEWP/LOGS/apps_exec_std_error &> >(tee -a /home/lacp/NEWP/LOGS/LOGS_BACKUP/ft.802.3ad-4NICs-layer2.log > /tmp/nas.out) <<
Done!

33-ft-16

Sat Nov 21 20:30:24 -03 2020
Executing >> mpiexec --mca btl self,tcp --mca btl_tcp_if_include eth0 -np 16 -machinefile /home/lacp/NEWP/MACHINE_FILES/nodes16_LACP10 /home/lacp/NEWP/BENCHMARKS/NPB3.4.1/NPB3.4-MPI/bin/ft.C.x 2>> /home/lacp/NEWP/LOGS/apps_exec_std_error &> >(tee -a /home/lacp/NEWP/LOGS/LOGS_BACKUP/ft.802.3ad-4NICs-layer2.log > /tmp/nas.out) <<
Done!

34-ft-16

Sat Nov 21 20:33:07 -03 2020
Executing >> mpiexec --mca btl self,tcp --mca btl_tcp_if_include eth0 -np 16 -machinefile /home/lacp/NEWP/MACHINE_FILES/nodes16_LACP10 /home/lacp/NEWP/BENCHMARKS/NPB3.4.1/NPB3.4-MPI/bin/ft.C.x 2>> /home/lacp/NEWP/LOGS/apps_exec_std_error &> >(tee -a /home/lacp/NEWP/LOGS/LOGS_BACKUP/ft.802.3ad-4NICs-layer2.log > /tmp/nas.out) <<
Done!

35-ft-16

Sat Nov 21 20:35:50 -03 2020
Executing >> mpiexec --mca btl self,tcp --mca btl_tcp_if_include eth0 -np 16 -machinefile /home/lacp/NEWP/MACHINE_FILES/nodes16_LACP10 /home/lacp/NEWP/BENCHMARKS/NPB3.4.1/NPB3.4-MPI/bin/ft.C.x 2>> /home/lacp/NEWP/LOGS/apps_exec_std_error &> >(tee -a /home/lacp/NEWP/LOGS/LOGS_BACKUP/ft.802.3ad-4NICs-layer2.log > /tmp/nas.out) <<
Done!

36-ft-16

Sat Nov 21 20:38:32 -03 2020
Executing >> mpiexec --mca btl self,tcp --mca btl_tcp_if_include eth0 -np 16 -machinefile /home/lacp/NEWP/MACHINE_FILES/nodes16_LACP10 /home/lacp/NEWP/BENCHMARKS/NPB3.4.1/NPB3.4-MPI/bin/ft.C.x 2>> /home/lacp/NEWP/LOGS/apps_exec_std_error &> >(tee -a /home/lacp/NEWP/LOGS/LOGS_BACKUP/ft.802.3ad-4NICs-layer2.log > /tmp/nas.out) <<
Done!

37-ft-16

Sat Nov 21 20:41:15 -03 2020
Executing >> mpiexec --mca btl self,tcp --mca btl_tcp_if_include eth0 -np 16 -machinefile /home/lacp/NEWP/MACHINE_FILES/nodes16_LACP10 /home/lacp/NEWP/BENCHMARKS/NPB3.4.1/NPB3.4-MPI/bin/ft.C.x 2>> /home/lacp/NEWP/LOGS/apps_exec_std_error &> >(tee -a /home/lacp/NEWP/LOGS/LOGS_BACKUP/ft.802.3ad-4NICs-layer2.log > /tmp/nas.out) <<
Done!

38-ft-16

Sat Nov 21 20:43:57 -03 2020
Executing >> mpiexec --mca btl self,tcp --mca btl_tcp_if_include eth0 -np 16 -machinefile /home/lacp/NEWP/MACHINE_FILES/nodes16_LACP10 /home/lacp/NEWP/BENCHMARKS/NPB3.4.1/NPB3.4-MPI/bin/ft.C.x 2>> /home/lacp/NEWP/LOGS/apps_exec_std_error &> >(tee -a /home/lacp/NEWP/LOGS/LOGS_BACKUP/ft.802.3ad-4NICs-layer2.log > /tmp/nas.out) <<
Done!

39-ft-16

Sat Nov 21 20:46:38 -03 2020
Executing >> mpiexec --mca btl self,tcp --mca btl_tcp_if_include eth0 -np 16 -machinefile /home/lacp/NEWP/MACHINE_FILES/nodes16_LACP10 /home/lacp/NEWP/BENCHMARKS/NPB3.4.1/NPB3.4-MPI/bin/ft.C.x 2>> /home/lacp/NEWP/LOGS/apps_exec_std_error &> >(tee -a /home/lacp/NEWP/LOGS/LOGS_BACKUP/ft.802.3ad-4NICs-layer2.log > /tmp/nas.out) <<
Done!

40-ft-16

Sat Nov 21 20:49:21 -03 2020
Executing >> mpiexec --mca btl self,tcp --mca btl_tcp_if_include eth0 -np 16 -machinefile /home/lacp/NEWP/MACHINE_FILES/nodes16_LACP10 /home/lacp/NEWP/BENCHMARKS/NPB3.4.1/NPB3.4-MPI/bin/ft.C.x 2>> /home/lacp/NEWP/LOGS/apps_exec_std_error &> >(tee -a /home/lacp/NEWP/LOGS/LOGS_BACKUP/ft.802.3ad-4NICs-layer2.log > /tmp/nas.out) <<
Done!

41-bt-16

Sat Nov 21 20:52:04 -03 2020
Executing >> mpiexec --mca btl self,tcp --mca btl_tcp_if_include eth0 -np 16 -machinefile /home/lacp/NEWP/MACHINE_FILES/nodes16_LACP10 /home/lacp/NEWP/BENCHMARKS/NPB3.4.1/NPB3.4-MPI/bin/bt.C.x 2>> /home/lacp/NEWP/LOGS/apps_exec_std_error &> >(tee -a /home/lacp/NEWP/LOGS/LOGS_BACKUP/bt.802.3ad-4NICs-layer2.log > /tmp/nas.out) <<
Done!

42-bt-16

Sat Nov 21 20:57:35 -03 2020
Executing >> mpiexec --mca btl self,tcp --mca btl_tcp_if_include eth0 -np 16 -machinefile /home/lacp/NEWP/MACHINE_FILES/nodes16_LACP10 /home/lacp/NEWP/BENCHMARKS/NPB3.4.1/NPB3.4-MPI/bin/bt.C.x 2>> /home/lacp/NEWP/LOGS/apps_exec_std_error &> >(tee -a /home/lacp/NEWP/LOGS/LOGS_BACKUP/bt.802.3ad-4NICs-layer2.log > /tmp/nas.out) <<
Done!

43-bt-16

Sat Nov 21 21:03:07 -03 2020
Executing >> mpiexec --mca btl self,tcp --mca btl_tcp_if_include eth0 -np 16 -machinefile /home/lacp/NEWP/MACHINE_FILES/nodes16_LACP10 /home/lacp/NEWP/BENCHMARKS/NPB3.4.1/NPB3.4-MPI/bin/bt.C.x 2>> /home/lacp/NEWP/LOGS/apps_exec_std_error &> >(tee -a /home/lacp/NEWP/LOGS/LOGS_BACKUP/bt.802.3ad-4NICs-layer2.log > /tmp/nas.out) <<
Done!

44-bt-16

Sat Nov 21 21:08:38 -03 2020
Executing >> mpiexec --mca btl self,tcp --mca btl_tcp_if_include eth0 -np 16 -machinefile /home/lacp/NEWP/MACHINE_FILES/nodes16_LACP10 /home/lacp/NEWP/BENCHMARKS/NPB3.4.1/NPB3.4-MPI/bin/bt.C.x 2>> /home/lacp/NEWP/LOGS/apps_exec_std_error &> >(tee -a /home/lacp/NEWP/LOGS/LOGS_BACKUP/bt.802.3ad-4NICs-layer2.log > /tmp/nas.out) <<
Done!

45-bt-16

Sat Nov 21 21:14:09 -03 2020
Executing >> mpiexec --mca btl self,tcp --mca btl_tcp_if_include eth0 -np 16 -machinefile /home/lacp/NEWP/MACHINE_FILES/nodes16_LACP10 /home/lacp/NEWP/BENCHMARKS/NPB3.4.1/NPB3.4-MPI/bin/bt.C.x 2>> /home/lacp/NEWP/LOGS/apps_exec_std_error &> >(tee -a /home/lacp/NEWP/LOGS/LOGS_BACKUP/bt.802.3ad-4NICs-layer2.log > /tmp/nas.out) <<
Done!

46-bt-16

Sat Nov 21 21:19:42 -03 2020
Executing >> mpiexec --mca btl self,tcp --mca btl_tcp_if_include eth0 -np 16 -machinefile /home/lacp/NEWP/MACHINE_FILES/nodes16_LACP10 /home/lacp/NEWP/BENCHMARKS/NPB3.4.1/NPB3.4-MPI/bin/bt.C.x 2>> /home/lacp/NEWP/LOGS/apps_exec_std_error &> >(tee -a /home/lacp/NEWP/LOGS/LOGS_BACKUP/bt.802.3ad-4NICs-layer2.log > /tmp/nas.out) <<
Done!

47-bt-16

Sat Nov 21 21:25:13 -03 2020
Executing >> mpiexec --mca btl self,tcp --mca btl_tcp_if_include eth0 -np 16 -machinefile /home/lacp/NEWP/MACHINE_FILES/nodes16_LACP10 /home/lacp/NEWP/BENCHMARKS/NPB3.4.1/NPB3.4-MPI/bin/bt.C.x 2>> /home/lacp/NEWP/LOGS/apps_exec_std_error &> >(tee -a /home/lacp/NEWP/LOGS/LOGS_BACKUP/bt.802.3ad-4NICs-layer2.log > /tmp/nas.out) <<
Done!

48-bt-16

Sat Nov 21 21:30:44 -03 2020
Executing >> mpiexec --mca btl self,tcp --mca btl_tcp_if_include eth0 -np 16 -machinefile /home/lacp/NEWP/MACHINE_FILES/nodes16_LACP10 /home/lacp/NEWP/BENCHMARKS/NPB3.4.1/NPB3.4-MPI/bin/bt.C.x 2>> /home/lacp/NEWP/LOGS/apps_exec_std_error &> >(tee -a /home/lacp/NEWP/LOGS/LOGS_BACKUP/bt.802.3ad-4NICs-layer2.log > /tmp/nas.out) <<
Done!

49-bt-16

Sat Nov 21 21:36:15 -03 2020
Executing >> mpiexec --mca btl self,tcp --mca btl_tcp_if_include eth0 -np 16 -machinefile /home/lacp/NEWP/MACHINE_FILES/nodes16_LACP10 /home/lacp/NEWP/BENCHMARKS/NPB3.4.1/NPB3.4-MPI/bin/bt.C.x 2>> /home/lacp/NEWP/LOGS/apps_exec_std_error &> >(tee -a /home/lacp/NEWP/LOGS/LOGS_BACKUP/bt.802.3ad-4NICs-layer2.log > /tmp/nas.out) <<
Done!

50-bt-16

Sat Nov 21 21:41:46 -03 2020
Executing >> mpiexec --mca btl self,tcp --mca btl_tcp_if_include eth0 -np 16 -machinefile /home/lacp/NEWP/MACHINE_FILES/nodes16_LACP10 /home/lacp/NEWP/BENCHMARKS/NPB3.4.1/NPB3.4-MPI/bin/bt.C.x 2>> /home/lacp/NEWP/LOGS/apps_exec_std_error &> >(tee -a /home/lacp/NEWP/LOGS/LOGS_BACKUP/bt.802.3ad-4NICs-layer2.log > /tmp/nas.out) <<
Done!

51-sp-16

Sat Nov 21 21:47:19 -03 2020
Executing >> mpiexec --mca btl self,tcp --mca btl_tcp_if_include eth0 -np 16 -machinefile /home/lacp/NEWP/MACHINE_FILES/nodes16_LACP10 /home/lacp/NEWP/BENCHMARKS/NPB3.4.1/NPB3.4-MPI/bin/sp.C.x 2>> /home/lacp/NEWP/LOGS/apps_exec_std_error &> >(tee -a /home/lacp/NEWP/LOGS/LOGS_BACKUP/sp.802.3ad-4NICs-layer2.log > /tmp/nas.out) <<
Done!

52-sp-16

Sat Nov 21 21:52:35 -03 2020
Executing >> mpiexec --mca btl self,tcp --mca btl_tcp_if_include eth0 -np 16 -machinefile /home/lacp/NEWP/MACHINE_FILES/nodes16_LACP10 /home/lacp/NEWP/BENCHMARKS/NPB3.4.1/NPB3.4-MPI/bin/sp.C.x 2>> /home/lacp/NEWP/LOGS/apps_exec_std_error &> >(tee -a /home/lacp/NEWP/LOGS/LOGS_BACKUP/sp.802.3ad-4NICs-layer2.log > /tmp/nas.out) <<
Done!

53-sp-16

Sat Nov 21 21:57:56 -03 2020
Executing >> mpiexec --mca btl self,tcp --mca btl_tcp_if_include eth0 -np 16 -machinefile /home/lacp/NEWP/MACHINE_FILES/nodes16_LACP10 /home/lacp/NEWP/BENCHMARKS/NPB3.4.1/NPB3.4-MPI/bin/sp.C.x 2>> /home/lacp/NEWP/LOGS/apps_exec_std_error &> >(tee -a /home/lacp/NEWP/LOGS/LOGS_BACKUP/sp.802.3ad-4NICs-layer2.log > /tmp/nas.out) <<
Done!

54-sp-16

Sat Nov 21 22:03:13 -03 2020
Executing >> mpiexec --mca btl self,tcp --mca btl_tcp_if_include eth0 -np 16 -machinefile /home/lacp/NEWP/MACHINE_FILES/nodes16_LACP10 /home/lacp/NEWP/BENCHMARKS/NPB3.4.1/NPB3.4-MPI/bin/sp.C.x 2>> /home/lacp/NEWP/LOGS/apps_exec_std_error &> >(tee -a /home/lacp/NEWP/LOGS/LOGS_BACKUP/sp.802.3ad-4NICs-layer2.log > /tmp/nas.out) <<
Done!

55-sp-16

Sat Nov 21 22:08:32 -03 2020
Executing >> mpiexec --mca btl self,tcp --mca btl_tcp_if_include eth0 -np 16 -machinefile /home/lacp/NEWP/MACHINE_FILES/nodes16_LACP10 /home/lacp/NEWP/BENCHMARKS/NPB3.4.1/NPB3.4-MPI/bin/sp.C.x 2>> /home/lacp/NEWP/LOGS/apps_exec_std_error &> >(tee -a /home/lacp/NEWP/LOGS/LOGS_BACKUP/sp.802.3ad-4NICs-layer2.log > /tmp/nas.out) <<
Done!

56-sp-16

Sat Nov 21 22:13:51 -03 2020
Executing >> mpiexec --mca btl self,tcp --mca btl_tcp_if_include eth0 -np 16 -machinefile /home/lacp/NEWP/MACHINE_FILES/nodes16_LACP10 /home/lacp/NEWP/BENCHMARKS/NPB3.4.1/NPB3.4-MPI/bin/sp.C.x 2>> /home/lacp/NEWP/LOGS/apps_exec_std_error &> >(tee -a /home/lacp/NEWP/LOGS/LOGS_BACKUP/sp.802.3ad-4NICs-layer2.log > /tmp/nas.out) <<
Done!

57-sp-16

Sat Nov 21 22:19:15 -03 2020
Executing >> mpiexec --mca btl self,tcp --mca btl_tcp_if_include eth0 -np 16 -machinefile /home/lacp/NEWP/MACHINE_FILES/nodes16_LACP10 /home/lacp/NEWP/BENCHMARKS/NPB3.4.1/NPB3.4-MPI/bin/sp.C.x 2>> /home/lacp/NEWP/LOGS/apps_exec_std_error &> >(tee -a /home/lacp/NEWP/LOGS/LOGS_BACKUP/sp.802.3ad-4NICs-layer2.log > /tmp/nas.out) <<
Done!

58-sp-16

Sat Nov 21 22:24:36 -03 2020
Executing >> mpiexec --mca btl self,tcp --mca btl_tcp_if_include eth0 -np 16 -machinefile /home/lacp/NEWP/MACHINE_FILES/nodes16_LACP10 /home/lacp/NEWP/BENCHMARKS/NPB3.4.1/NPB3.4-MPI/bin/sp.C.x 2>> /home/lacp/NEWP/LOGS/apps_exec_std_error &> >(tee -a /home/lacp/NEWP/LOGS/LOGS_BACKUP/sp.802.3ad-4NICs-layer2.log > /tmp/nas.out) <<
Done!

59-sp-16

Sat Nov 21 22:29:52 -03 2020
Executing >> mpiexec --mca btl self,tcp --mca btl_tcp_if_include eth0 -np 16 -machinefile /home/lacp/NEWP/MACHINE_FILES/nodes16_LACP10 /home/lacp/NEWP/BENCHMARKS/NPB3.4.1/NPB3.4-MPI/bin/sp.C.x 2>> /home/lacp/NEWP/LOGS/apps_exec_std_error &> >(tee -a /home/lacp/NEWP/LOGS/LOGS_BACKUP/sp.802.3ad-4NICs-layer2.log > /tmp/nas.out) <<
Done!

60-sp-16

Sat Nov 21 22:35:13 -03 2020
Executing >> mpiexec --mca btl self,tcp --mca btl_tcp_if_include eth0 -np 16 -machinefile /home/lacp/NEWP/MACHINE_FILES/nodes16_LACP10 /home/lacp/NEWP/BENCHMARKS/NPB3.4.1/NPB3.4-MPI/bin/sp.C.x 2>> /home/lacp/NEWP/LOGS/apps_exec_std_error &> >(tee -a /home/lacp/NEWP/LOGS/LOGS_BACKUP/sp.802.3ad-4NICs-layer2.log > /tmp/nas.out) <<
Done!

61-bt-16

Sat Nov 21 22:40:32 -03 2020
Executing >> mpiexec --mca btl self,tcp --mca btl_tcp_if_include eth0 -np 16 -machinefile /home/lacp/NEWP/MACHINE_FILES/nodes16_LACP10 /home/lacp/NEWP/BENCHMARKS/NPB3.4.1/NPB3.4-MPI/bin/bt.C.x 2>> /home/lacp/NEWP/LOGS/apps_exec_std_error &> >(tee -a /home/lacp/NEWP/LOGS/LOGS_BACKUP/bt.802.3ad-4NICs-layer2.log > /tmp/nas.out) <<
Done!

62-bt-16

Sat Nov 21 22:46:12 -03 2020
Executing >> mpiexec --mca btl self,tcp --mca btl_tcp_if_include eth0 -np 16 -machinefile /home/lacp/NEWP/MACHINE_FILES/nodes16_LACP10 /home/lacp/NEWP/BENCHMARKS/NPB3.4.1/NPB3.4-MPI/bin/bt.C.x 2>> /home/lacp/NEWP/LOGS/apps_exec_std_error &> >(tee -a /home/lacp/NEWP/LOGS/LOGS_BACKUP/bt.802.3ad-4NICs-layer2.log > /tmp/nas.out) <<
Done!

63-bt-16

Sat Nov 21 22:51:49 -03 2020
Executing >> mpiexec --mca btl self,tcp --mca btl_tcp_if_include eth0 -np 16 -machinefile /home/lacp/NEWP/MACHINE_FILES/nodes16_LACP10 /home/lacp/NEWP/BENCHMARKS/NPB3.4.1/NPB3.4-MPI/bin/bt.C.x 2>> /home/lacp/NEWP/LOGS/apps_exec_std_error &> >(tee -a /home/lacp/NEWP/LOGS/LOGS_BACKUP/bt.802.3ad-4NICs-layer2.log > /tmp/nas.out) <<
Done!

64-bt-16

Sat Nov 21 22:51:53 -03 2020
Executing >> mpiexec --mca btl self,tcp --mca btl_tcp_if_include eth0 -np 16 -machinefile /home/lacp/NEWP/MACHINE_FILES/nodes16_LACP10 /home/lacp/NEWP/BENCHMARKS/NPB3.4.1/NPB3.4-MPI/bin/bt.C.x 2>> /home/lacp/NEWP/LOGS/apps_exec_std_error &> >(tee -a /home/lacp/NEWP/LOGS/LOGS_BACKUP/bt.802.3ad-4NICs-layer2.log > /tmp/nas.out) <<
Done!

65-bt-16

Sat Nov 21 22:57:31 -03 2020
Executing >> mpiexec --mca btl self,tcp --mca btl_tcp_if_include eth0 -np 16 -machinefile /home/lacp/NEWP/MACHINE_FILES/nodes16_LACP10 /home/lacp/NEWP/BENCHMARKS/NPB3.4.1/NPB3.4-MPI/bin/bt.C.x 2>> /home/lacp/NEWP/LOGS/apps_exec_std_error &> >(tee -a /home/lacp/NEWP/LOGS/LOGS_BACKUP/bt.802.3ad-4NICs-layer2.log > /tmp/nas.out) <<
Done!

66-bt-16

Sat Nov 21 23:03:07 -03 2020
Executing >> mpiexec --mca btl self,tcp --mca btl_tcp_if_include eth0 -np 16 -machinefile /home/lacp/NEWP/MACHINE_FILES/nodes16_LACP10 /home/lacp/NEWP/BENCHMARKS/NPB3.4.1/NPB3.4-MPI/bin/bt.C.x 2>> /home/lacp/NEWP/LOGS/apps_exec_std_error &> >(tee -a /home/lacp/NEWP/LOGS/LOGS_BACKUP/bt.802.3ad-4NICs-layer2.log > /tmp/nas.out) <<
Done!

67-bt-16

Sat Nov 21 23:08:45 -03 2020
Executing >> mpiexec --mca btl self,tcp --mca btl_tcp_if_include eth0 -np 16 -machinefile /home/lacp/NEWP/MACHINE_FILES/nodes16_LACP10 /home/lacp/NEWP/BENCHMARKS/NPB3.4.1/NPB3.4-MPI/bin/bt.C.x 2>> /home/lacp/NEWP/LOGS/apps_exec_std_error &> >(tee -a /home/lacp/NEWP/LOGS/LOGS_BACKUP/bt.802.3ad-4NICs-layer2.log > /tmp/nas.out) <<
Done!

68-bt-16

Sat Nov 21 23:14:21 -03 2020
Executing >> mpiexec --mca btl self,tcp --mca btl_tcp_if_include eth0 -np 16 -machinefile /home/lacp/NEWP/MACHINE_FILES/nodes16_LACP10 /home/lacp/NEWP/BENCHMARKS/NPB3.4.1/NPB3.4-MPI/bin/bt.C.x 2>> /home/lacp/NEWP/LOGS/apps_exec_std_error &> >(tee -a /home/lacp/NEWP/LOGS/LOGS_BACKUP/bt.802.3ad-4NICs-layer2.log > /tmp/nas.out) <<
Done!

69-bt-16

Sat Nov 21 23:19:58 -03 2020
Executing >> mpiexec --mca btl self,tcp --mca btl_tcp_if_include eth0 -np 16 -machinefile /home/lacp/NEWP/MACHINE_FILES/nodes16_LACP10 /home/lacp/NEWP/BENCHMARKS/NPB3.4.1/NPB3.4-MPI/bin/bt.C.x 2>> /home/lacp/NEWP/LOGS/apps_exec_std_error &> >(tee -a /home/lacp/NEWP/LOGS/LOGS_BACKUP/bt.802.3ad-4NICs-layer2.log > /tmp/nas.out) <<
Done!

70-bt-16

Sat Nov 21 23:25:36 -03 2020
Executing >> mpiexec --mca btl self,tcp --mca btl_tcp_if_include eth0 -np 16 -machinefile /home/lacp/NEWP/MACHINE_FILES/nodes16_LACP10 /home/lacp/NEWP/BENCHMARKS/NPB3.4.1/NPB3.4-MPI/bin/bt.C.x 2>> /home/lacp/NEWP/LOGS/apps_exec_std_error &> >(tee -a /home/lacp/NEWP/LOGS/LOGS_BACKUP/bt.802.3ad-4NICs-layer2.log > /tmp/nas.out) <<
Done!

71-sp-16

Sat Nov 21 23:31:12 -03 2020
Executing >> mpiexec --mca btl self,tcp --mca btl_tcp_if_include eth0 -np 16 -machinefile /home/lacp/NEWP/MACHINE_FILES/nodes16_LACP10 /home/lacp/NEWP/BENCHMARKS/NPB3.4.1/NPB3.4-MPI/bin/sp.C.x 2>> /home/lacp/NEWP/LOGS/apps_exec_std_error &> >(tee -a /home/lacp/NEWP/LOGS/LOGS_BACKUP/sp.802.3ad-4NICs-layer2.log > /tmp/nas.out) <<
Done!

72-sp-16

Sat Nov 21 23:36:47 -03 2020
Executing >> mpiexec --mca btl self,tcp --mca btl_tcp_if_include eth0 -np 16 -machinefile /home/lacp/NEWP/MACHINE_FILES/nodes16_LACP10 /home/lacp/NEWP/BENCHMARKS/NPB3.4.1/NPB3.4-MPI/bin/sp.C.x 2>> /home/lacp/NEWP/LOGS/apps_exec_std_error &> >(tee -a /home/lacp/NEWP/LOGS/LOGS_BACKUP/sp.802.3ad-4NICs-layer2.log > /tmp/nas.out) <<
Done!

73-sp-16

Sat Nov 21 23:42:21 -03 2020
Executing >> mpiexec --mca btl self,tcp --mca btl_tcp_if_include eth0 -np 16 -machinefile /home/lacp/NEWP/MACHINE_FILES/nodes16_LACP10 /home/lacp/NEWP/BENCHMARKS/NPB3.4.1/NPB3.4-MPI/bin/sp.C.x 2>> /home/lacp/NEWP/LOGS/apps_exec_std_error &> >(tee -a /home/lacp/NEWP/LOGS/LOGS_BACKUP/sp.802.3ad-4NICs-layer2.log > /tmp/nas.out) <<
Done!

74-sp-16

Sat Nov 21 23:47:52 -03 2020
Executing >> mpiexec --mca btl self,tcp --mca btl_tcp_if_include eth0 -np 16 -machinefile /home/lacp/NEWP/MACHINE_FILES/nodes16_LACP10 /home/lacp/NEWP/BENCHMARKS/NPB3.4.1/NPB3.4-MPI/bin/sp.C.x 2>> /home/lacp/NEWP/LOGS/apps_exec_std_error &> >(tee -a /home/lacp/NEWP/LOGS/LOGS_BACKUP/sp.802.3ad-4NICs-layer2.log > /tmp/nas.out) <<
Done!

75-sp-16

Sat Nov 21 23:53:24 -03 2020
Executing >> mpiexec --mca btl self,tcp --mca btl_tcp_if_include eth0 -np 16 -machinefile /home/lacp/NEWP/MACHINE_FILES/nodes16_LACP10 /home/lacp/NEWP/BENCHMARKS/NPB3.4.1/NPB3.4-MPI/bin/sp.C.x 2>> /home/lacp/NEWP/LOGS/apps_exec_std_error &> >(tee -a /home/lacp/NEWP/LOGS/LOGS_BACKUP/sp.802.3ad-4NICs-layer2.log > /tmp/nas.out) <<
Done!

76-sp-16

Sat Nov 21 23:58:56 -03 2020
Executing >> mpiexec --mca btl self,tcp --mca btl_tcp_if_include eth0 -np 16 -machinefile /home/lacp/NEWP/MACHINE_FILES/nodes16_LACP10 /home/lacp/NEWP/BENCHMARKS/NPB3.4.1/NPB3.4-MPI/bin/sp.C.x 2>> /home/lacp/NEWP/LOGS/apps_exec_std_error &> >(tee -a /home/lacp/NEWP/LOGS/LOGS_BACKUP/sp.802.3ad-4NICs-layer2.log > /tmp/nas.out) <<
Done!

77-sp-16

Sun Nov 22 00:04:29 -03 2020
Executing >> mpiexec --mca btl self,tcp --mca btl_tcp_if_include eth0 -np 16 -machinefile /home/lacp/NEWP/MACHINE_FILES/nodes16_LACP10 /home/lacp/NEWP/BENCHMARKS/NPB3.4.1/NPB3.4-MPI/bin/sp.C.x 2>> /home/lacp/NEWP/LOGS/apps_exec_std_error &> >(tee -a /home/lacp/NEWP/LOGS/LOGS_BACKUP/sp.802.3ad-4NICs-layer2.log > /tmp/nas.out) <<
Done!

78-sp-16

Sun Nov 22 00:09:59 -03 2020
Executing >> mpiexec --mca btl self,tcp --mca btl_tcp_if_include eth0 -np 16 -machinefile /home/lacp/NEWP/MACHINE_FILES/nodes16_LACP10 /home/lacp/NEWP/BENCHMARKS/NPB3.4.1/NPB3.4-MPI/bin/sp.C.x 2>> /home/lacp/NEWP/LOGS/apps_exec_std_error &> >(tee -a /home/lacp/NEWP/LOGS/LOGS_BACKUP/sp.802.3ad-4NICs-layer2.log > /tmp/nas.out) <<
Done!

79-sp-16

Sun Nov 22 00:15:30 -03 2020
Executing >> mpiexec --mca btl self,tcp --mca btl_tcp_if_include eth0 -np 16 -machinefile /home/lacp/NEWP/MACHINE_FILES/nodes16_LACP10 /home/lacp/NEWP/BENCHMARKS/NPB3.4.1/NPB3.4-MPI/bin/sp.C.x 2>> /home/lacp/NEWP/LOGS/apps_exec_std_error &> >(tee -a /home/lacp/NEWP/LOGS/LOGS_BACKUP/sp.802.3ad-4NICs-layer2.log > /tmp/nas.out) <<
Done!

80-sp-16

Sun Nov 22 00:21:02 -03 2020
Executing >> mpiexec --mca btl self,tcp --mca btl_tcp_if_include eth0 -np 16 -machinefile /home/lacp/NEWP/MACHINE_FILES/nodes16_LACP10 /home/lacp/NEWP/BENCHMARKS/NPB3.4.1/NPB3.4-MPI/bin/sp.C.x 2>> /home/lacp/NEWP/LOGS/apps_exec_std_error &> >(tee -a /home/lacp/NEWP/LOGS/LOGS_BACKUP/sp.802.3ad-4NICs-layer2.log > /tmp/nas.out) <<
Done!

81-bt-16

Sun Nov 22 00:26:37 -03 2020
Executing >> mpiexec --mca btl self,tcp --mca btl_tcp_if_include eth0 -np 16 -machinefile /home/lacp/NEWP/MACHINE_FILES/nodes16_LACP10 /home/lacp/NEWP/BENCHMARKS/NPB3.4.1/NPB3.4-MPI/bin/bt.C.x 2>> /home/lacp/NEWP/LOGS/apps_exec_std_error &> >(tee -a /home/lacp/NEWP/LOGS/LOGS_BACKUP/bt.802.3ad-4NICs-layer2.log > /tmp/nas.out) <<
Done!

82-bt-16

Sun Nov 22 00:32:11 -03 2020
Executing >> mpiexec --mca btl self,tcp --mca btl_tcp_if_include eth0 -np 16 -machinefile /home/lacp/NEWP/MACHINE_FILES/nodes16_LACP10 /home/lacp/NEWP/BENCHMARKS/NPB3.4.1/NPB3.4-MPI/bin/bt.C.x 2>> /home/lacp/NEWP/LOGS/apps_exec_std_error &> >(tee -a /home/lacp/NEWP/LOGS/LOGS_BACKUP/bt.802.3ad-4NICs-layer2.log > /tmp/nas.out) <<
Done!

83-bt-16

Sun Nov 22 00:37:42 -03 2020
Executing >> mpiexec --mca btl self,tcp --mca btl_tcp_if_include eth0 -np 16 -machinefile /home/lacp/NEWP/MACHINE_FILES/nodes16_LACP10 /home/lacp/NEWP/BENCHMARKS/NPB3.4.1/NPB3.4-MPI/bin/bt.C.x 2>> /home/lacp/NEWP/LOGS/apps_exec_std_error &> >(tee -a /home/lacp/NEWP/LOGS/LOGS_BACKUP/bt.802.3ad-4NICs-layer2.log > /tmp/nas.out) <<
Done!

84-bt-16

Sun Nov 22 00:43:12 -03 2020
Executing >> mpiexec --mca btl self,tcp --mca btl_tcp_if_include eth0 -np 16 -machinefile /home/lacp/NEWP/MACHINE_FILES/nodes16_LACP10 /home/lacp/NEWP/BENCHMARKS/NPB3.4.1/NPB3.4-MPI/bin/bt.C.x 2>> /home/lacp/NEWP/LOGS/apps_exec_std_error &> >(tee -a /home/lacp/NEWP/LOGS/LOGS_BACKUP/bt.802.3ad-4NICs-layer2.log > /tmp/nas.out) <<
Done!

85-bt-16

Sun Nov 22 00:48:42 -03 2020
Executing >> mpiexec --mca btl self,tcp --mca btl_tcp_if_include eth0 -np 16 -machinefile /home/lacp/NEWP/MACHINE_FILES/nodes16_LACP10 /home/lacp/NEWP/BENCHMARKS/NPB3.4.1/NPB3.4-MPI/bin/bt.C.x 2>> /home/lacp/NEWP/LOGS/apps_exec_std_error &> >(tee -a /home/lacp/NEWP/LOGS/LOGS_BACKUP/bt.802.3ad-4NICs-layer2.log > /tmp/nas.out) <<
Done!

86-bt-16

Sun Nov 22 00:54:13 -03 2020
Executing >> mpiexec --mca btl self,tcp --mca btl_tcp_if_include eth0 -np 16 -machinefile /home/lacp/NEWP/MACHINE_FILES/nodes16_LACP10 /home/lacp/NEWP/BENCHMARKS/NPB3.4.1/NPB3.4-MPI/bin/bt.C.x 2>> /home/lacp/NEWP/LOGS/apps_exec_std_error &> >(tee -a /home/lacp/NEWP/LOGS/LOGS_BACKUP/bt.802.3ad-4NICs-layer2.log > /tmp/nas.out) <<
Done!

87-bt-16

Sun Nov 22 00:59:45 -03 2020
Executing >> mpiexec --mca btl self,tcp --mca btl_tcp_if_include eth0 -np 16 -machinefile /home/lacp/NEWP/MACHINE_FILES/nodes16_LACP10 /home/lacp/NEWP/BENCHMARKS/NPB3.4.1/NPB3.4-MPI/bin/bt.C.x 2>> /home/lacp/NEWP/LOGS/apps_exec_std_error &> >(tee -a /home/lacp/NEWP/LOGS/LOGS_BACKUP/bt.802.3ad-4NICs-layer2.log > /tmp/nas.out) <<
Done!

88-bt-16

Sun Nov 22 01:05:14 -03 2020
Executing >> mpiexec --mca btl self,tcp --mca btl_tcp_if_include eth0 -np 16 -machinefile /home/lacp/NEWP/MACHINE_FILES/nodes16_LACP10 /home/lacp/NEWP/BENCHMARKS/NPB3.4.1/NPB3.4-MPI/bin/bt.C.x 2>> /home/lacp/NEWP/LOGS/apps_exec_std_error &> >(tee -a /home/lacp/NEWP/LOGS/LOGS_BACKUP/bt.802.3ad-4NICs-layer2.log > /tmp/nas.out) <<
Done!

89-bt-16

Sun Nov 22 01:10:44 -03 2020
Executing >> mpiexec --mca btl self,tcp --mca btl_tcp_if_include eth0 -np 16 -machinefile /home/lacp/NEWP/MACHINE_FILES/nodes16_LACP10 /home/lacp/NEWP/BENCHMARKS/NPB3.4.1/NPB3.4-MPI/bin/bt.C.x 2>> /home/lacp/NEWP/LOGS/apps_exec_std_error &> >(tee -a /home/lacp/NEWP/LOGS/LOGS_BACKUP/bt.802.3ad-4NICs-layer2.log > /tmp/nas.out) <<
Done!

90-bt-16

Sun Nov 22 01:16:15 -03 2020
Executing >> mpiexec --mca btl self,tcp --mca btl_tcp_if_include eth0 -np 16 -machinefile /home/lacp/NEWP/MACHINE_FILES/nodes16_LACP10 /home/lacp/NEWP/BENCHMARKS/NPB3.4.1/NPB3.4-MPI/bin/bt.C.x 2>> /home/lacp/NEWP/LOGS/apps_exec_std_error &> >(tee -a /home/lacp/NEWP/LOGS/LOGS_BACKUP/bt.802.3ad-4NICs-layer2.log > /tmp/nas.out) <<
Done!

91-sp-16

Sun Nov 22 01:21:48 -03 2020
Executing >> mpiexec --mca btl self,tcp --mca btl_tcp_if_include eth0 -np 16 -machinefile /home/lacp/NEWP/MACHINE_FILES/nodes16_LACP10 /home/lacp/NEWP/BENCHMARKS/NPB3.4.1/NPB3.4-MPI/bin/sp.C.x 2>> /home/lacp/NEWP/LOGS/apps_exec_std_error &> >(tee -a /home/lacp/NEWP/LOGS/LOGS_BACKUP/sp.802.3ad-4NICs-layer2.log > /tmp/nas.out) <<
Done!

92-sp-16

Sun Nov 22 01:27:43 -03 2020
Executing >> mpiexec --mca btl self,tcp --mca btl_tcp_if_include eth0 -np 16 -machinefile /home/lacp/NEWP/MACHINE_FILES/nodes16_LACP10 /home/lacp/NEWP/BENCHMARKS/NPB3.4.1/NPB3.4-MPI/bin/sp.C.x 2>> /home/lacp/NEWP/LOGS/apps_exec_std_error &> >(tee -a /home/lacp/NEWP/LOGS/LOGS_BACKUP/sp.802.3ad-4NICs-layer2.log > /tmp/nas.out) <<
Done!

93-sp-16

Sun Nov 22 01:33:42 -03 2020
Executing >> mpiexec --mca btl self,tcp --mca btl_tcp_if_include eth0 -np 16 -machinefile /home/lacp/NEWP/MACHINE_FILES/nodes16_LACP10 /home/lacp/NEWP/BENCHMARKS/NPB3.4.1/NPB3.4-MPI/bin/sp.C.x 2>> /home/lacp/NEWP/LOGS/apps_exec_std_error &> >(tee -a /home/lacp/NEWP/LOGS/LOGS_BACKUP/sp.802.3ad-4NICs-layer2.log > /tmp/nas.out) <<
Done!

94-sp-16

Sun Nov 22 01:39:48 -03 2020
Executing >> mpiexec --mca btl self,tcp --mca btl_tcp_if_include eth0 -np 16 -machinefile /home/lacp/NEWP/MACHINE_FILES/nodes16_LACP10 /home/lacp/NEWP/BENCHMARKS/NPB3.4.1/NPB3.4-MPI/bin/sp.C.x 2>> /home/lacp/NEWP/LOGS/apps_exec_std_error &> >(tee -a /home/lacp/NEWP/LOGS/LOGS_BACKUP/sp.802.3ad-4NICs-layer2.log > /tmp/nas.out) <<
Done!

95-sp-16

Sun Nov 22 01:45:45 -03 2020
Executing >> mpiexec --mca btl self,tcp --mca btl_tcp_if_include eth0 -np 16 -machinefile /home/lacp/NEWP/MACHINE_FILES/nodes16_LACP10 /home/lacp/NEWP/BENCHMARKS/NPB3.4.1/NPB3.4-MPI/bin/sp.C.x 2>> /home/lacp/NEWP/LOGS/apps_exec_std_error &> >(tee -a /home/lacp/NEWP/LOGS/LOGS_BACKUP/sp.802.3ad-4NICs-layer2.log > /tmp/nas.out) <<
Done!

96-sp-16

Sun Nov 22 01:51:48 -03 2020
Executing >> mpiexec --mca btl self,tcp --mca btl_tcp_if_include eth0 -np 16 -machinefile /home/lacp/NEWP/MACHINE_FILES/nodes16_LACP10 /home/lacp/NEWP/BENCHMARKS/NPB3.4.1/NPB3.4-MPI/bin/sp.C.x 2>> /home/lacp/NEWP/LOGS/apps_exec_std_error &> >(tee -a /home/lacp/NEWP/LOGS/LOGS_BACKUP/sp.802.3ad-4NICs-layer2.log > /tmp/nas.out) <<
Done!

97-sp-16

Sun Nov 22 01:57:50 -03 2020
Executing >> mpiexec --mca btl self,tcp --mca btl_tcp_if_include eth0 -np 16 -machinefile /home/lacp/NEWP/MACHINE_FILES/nodes16_LACP10 /home/lacp/NEWP/BENCHMARKS/NPB3.4.1/NPB3.4-MPI/bin/sp.C.x 2>> /home/lacp/NEWP/LOGS/apps_exec_std_error &> >(tee -a /home/lacp/NEWP/LOGS/LOGS_BACKUP/sp.802.3ad-4NICs-layer2.log > /tmp/nas.out) <<
Done!

98-sp-16

Sun Nov 22 02:03:53 -03 2020
Executing >> mpiexec --mca btl self,tcp --mca btl_tcp_if_include eth0 -np 16 -machinefile /home/lacp/NEWP/MACHINE_FILES/nodes16_LACP10 /home/lacp/NEWP/BENCHMARKS/NPB3.4.1/NPB3.4-MPI/bin/sp.C.x 2>> /home/lacp/NEWP/LOGS/apps_exec_std_error &> >(tee -a /home/lacp/NEWP/LOGS/LOGS_BACKUP/sp.802.3ad-4NICs-layer2.log > /tmp/nas.out) <<
Done!

99-sp-16

Sun Nov 22 02:09:52 -03 2020
Executing >> mpiexec --mca btl self,tcp --mca btl_tcp_if_include eth0 -np 16 -machinefile /home/lacp/NEWP/MACHINE_FILES/nodes16_LACP10 /home/lacp/NEWP/BENCHMARKS/NPB3.4.1/NPB3.4-MPI/bin/sp.C.x 2>> /home/lacp/NEWP/LOGS/apps_exec_std_error &> >(tee -a /home/lacp/NEWP/LOGS/LOGS_BACKUP/sp.802.3ad-4NICs-layer2.log > /tmp/nas.out) <<
Done!

100-sp-16

Sun Nov 22 02:15:53 -03 2020
Executing >> mpiexec --mca btl self,tcp --mca btl_tcp_if_include eth0 -np 16 -machinefile /home/lacp/NEWP/MACHINE_FILES/nodes16_LACP10 /home/lacp/NEWP/BENCHMARKS/NPB3.4.1/NPB3.4-MPI/bin/sp.C.x 2>> /home/lacp/NEWP/LOGS/apps_exec_std_error &> >(tee -a /home/lacp/NEWP/LOGS/LOGS_BACKUP/sp.802.3ad-4NICs-layer2.log > /tmp/nas.out) <<
Done!

101-bt-16

Sun Nov 22 02:21:57 -03 2020
Executing >> mpiexec --mca btl self,tcp --mca btl_tcp_if_include eth0 -np 16 -machinefile /home/lacp/NEWP/MACHINE_FILES/nodes16_LACP10 /home/lacp/NEWP/BENCHMARKS/NPB3.4.1/NPB3.4-MPI/bin/bt.C.x 2>> /home/lacp/NEWP/LOGS/apps_exec_std_error &> >(tee -a /home/lacp/NEWP/LOGS/LOGS_BACKUP/bt.802.3ad-4NICs-layer2.log > /tmp/nas.out) <<
Done!

102-bt-16

Sun Nov 22 02:27:47 -03 2020
Executing >> mpiexec --mca btl self,tcp --mca btl_tcp_if_include eth0 -np 16 -machinefile /home/lacp/NEWP/MACHINE_FILES/nodes16_LACP10 /home/lacp/NEWP/BENCHMARKS/NPB3.4.1/NPB3.4-MPI/bin/bt.C.x 2>> /home/lacp/NEWP/LOGS/apps_exec_std_error &> >(tee -a /home/lacp/NEWP/LOGS/LOGS_BACKUP/bt.802.3ad-4NICs-layer2.log > /tmp/nas.out) <<
Done!

103-bt-16

Sun Nov 22 02:33:35 -03 2020
Executing >> mpiexec --mca btl self,tcp --mca btl_tcp_if_include eth0 -np 16 -machinefile /home/lacp/NEWP/MACHINE_FILES/nodes16_LACP10 /home/lacp/NEWP/BENCHMARKS/NPB3.4.1/NPB3.4-MPI/bin/bt.C.x 2>> /home/lacp/NEWP/LOGS/apps_exec_std_error &> >(tee -a /home/lacp/NEWP/LOGS/LOGS_BACKUP/bt.802.3ad-4NICs-layer2.log > /tmp/nas.out) <<
Done!

104-bt-16

Sun Nov 22 02:39:25 -03 2020
Executing >> mpiexec --mca btl self,tcp --mca btl_tcp_if_include eth0 -np 16 -machinefile /home/lacp/NEWP/MACHINE_FILES/nodes16_LACP10 /home/lacp/NEWP/BENCHMARKS/NPB3.4.1/NPB3.4-MPI/bin/bt.C.x 2>> /home/lacp/NEWP/LOGS/apps_exec_std_error &> >(tee -a /home/lacp/NEWP/LOGS/LOGS_BACKUP/bt.802.3ad-4NICs-layer2.log > /tmp/nas.out) <<
Done!

105-bt-16

Sun Nov 22 02:45:11 -03 2020
Executing >> mpiexec --mca btl self,tcp --mca btl_tcp_if_include eth0 -np 16 -machinefile /home/lacp/NEWP/MACHINE_FILES/nodes16_LACP10 /home/lacp/NEWP/BENCHMARKS/NPB3.4.1/NPB3.4-MPI/bin/bt.C.x 2>> /home/lacp/NEWP/LOGS/apps_exec_std_error &> >(tee -a /home/lacp/NEWP/LOGS/LOGS_BACKUP/bt.802.3ad-4NICs-layer2.log > /tmp/nas.out) <<
Done!

106-bt-16

Sun Nov 22 02:50:59 -03 2020
Executing >> mpiexec --mca btl self,tcp --mca btl_tcp_if_include eth0 -np 16 -machinefile /home/lacp/NEWP/MACHINE_FILES/nodes16_LACP10 /home/lacp/NEWP/BENCHMARKS/NPB3.4.1/NPB3.4-MPI/bin/bt.C.x 2>> /home/lacp/NEWP/LOGS/apps_exec_std_error &> >(tee -a /home/lacp/NEWP/LOGS/LOGS_BACKUP/bt.802.3ad-4NICs-layer2.log > /tmp/nas.out) <<
Done!

107-bt-16

Sun Nov 22 02:56:46 -03 2020
Executing >> mpiexec --mca btl self,tcp --mca btl_tcp_if_include eth0 -np 16 -machinefile /home/lacp/NEWP/MACHINE_FILES/nodes16_LACP10 /home/lacp/NEWP/BENCHMARKS/NPB3.4.1/NPB3.4-MPI/bin/bt.C.x 2>> /home/lacp/NEWP/LOGS/apps_exec_std_error &> >(tee -a /home/lacp/NEWP/LOGS/LOGS_BACKUP/bt.802.3ad-4NICs-layer2.log > /tmp/nas.out) <<
Done!

108-bt-16

Sun Nov 22 03:02:32 -03 2020
Executing >> mpiexec --mca btl self,tcp --mca btl_tcp_if_include eth0 -np 16 -machinefile /home/lacp/NEWP/MACHINE_FILES/nodes16_LACP10 /home/lacp/NEWP/BENCHMARKS/NPB3.4.1/NPB3.4-MPI/bin/bt.C.x 2>> /home/lacp/NEWP/LOGS/apps_exec_std_error &> >(tee -a /home/lacp/NEWP/LOGS/LOGS_BACKUP/bt.802.3ad-4NICs-layer2.log > /tmp/nas.out) <<
Done!

109-bt-16

Sun Nov 22 03:08:18 -03 2020
Executing >> mpiexec --mca btl self,tcp --mca btl_tcp_if_include eth0 -np 16 -machinefile /home/lacp/NEWP/MACHINE_FILES/nodes16_LACP10 /home/lacp/NEWP/BENCHMARKS/NPB3.4.1/NPB3.4-MPI/bin/bt.C.x 2>> /home/lacp/NEWP/LOGS/apps_exec_std_error &> >(tee -a /home/lacp/NEWP/LOGS/LOGS_BACKUP/bt.802.3ad-4NICs-layer2.log > /tmp/nas.out) <<
Done!

110-bt-16

Sun Nov 22 03:14:07 -03 2020
Executing >> mpiexec --mca btl self,tcp --mca btl_tcp_if_include eth0 -np 16 -machinefile /home/lacp/NEWP/MACHINE_FILES/nodes16_LACP10 /home/lacp/NEWP/BENCHMARKS/NPB3.4.1/NPB3.4-MPI/bin/bt.C.x 2>> /home/lacp/NEWP/LOGS/apps_exec_std_error &> >(tee -a /home/lacp/NEWP/LOGS/LOGS_BACKUP/bt.802.3ad-4NICs-layer2.log > /tmp/nas.out) <<
Done!

111-sp-16

Sun Nov 22 03:19:56 -03 2020
Executing >> mpiexec --mca btl self,tcp --mca btl_tcp_if_include eth0 -np 16 -machinefile /home/lacp/NEWP/MACHINE_FILES/nodes16_LACP10 /home/lacp/NEWP/BENCHMARKS/NPB3.4.1/NPB3.4-MPI/bin/sp.C.x 2>> /home/lacp/NEWP/LOGS/apps_exec_std_error &> >(tee -a /home/lacp/NEWP/LOGS/LOGS_BACKUP/sp.802.3ad-4NICs-layer2.log > /tmp/nas.out) <<
Done!

112-sp-16

Sun Nov 22 03:25:16 -03 2020
Executing >> mpiexec --mca btl self,tcp --mca btl_tcp_if_include eth0 -np 16 -machinefile /home/lacp/NEWP/MACHINE_FILES/nodes16_LACP10 /home/lacp/NEWP/BENCHMARKS/NPB3.4.1/NPB3.4-MPI/bin/sp.C.x 2>> /home/lacp/NEWP/LOGS/apps_exec_std_error &> >(tee -a /home/lacp/NEWP/LOGS/LOGS_BACKUP/sp.802.3ad-4NICs-layer2.log > /tmp/nas.out) <<
Done!

113-sp-16

Sun Nov 22 03:30:37 -03 2020
Executing >> mpiexec --mca btl self,tcp --mca btl_tcp_if_include eth0 -np 16 -machinefile /home/lacp/NEWP/MACHINE_FILES/nodes16_LACP10 /home/lacp/NEWP/BENCHMARKS/NPB3.4.1/NPB3.4-MPI/bin/sp.C.x 2>> /home/lacp/NEWP/LOGS/apps_exec_std_error &> >(tee -a /home/lacp/NEWP/LOGS/LOGS_BACKUP/sp.802.3ad-4NICs-layer2.log > /tmp/nas.out) <<
Done!

114-sp-16

Sun Nov 22 03:36:01 -03 2020
Executing >> mpiexec --mca btl self,tcp --mca btl_tcp_if_include eth0 -np 16 -machinefile /home/lacp/NEWP/MACHINE_FILES/nodes16_LACP10 /home/lacp/NEWP/BENCHMARKS/NPB3.4.1/NPB3.4-MPI/bin/sp.C.x 2>> /home/lacp/NEWP/LOGS/apps_exec_std_error &> >(tee -a /home/lacp/NEWP/LOGS/LOGS_BACKUP/sp.802.3ad-4NICs-layer2.log > /tmp/nas.out) <<
Done!

115-sp-16

Sun Nov 22 03:41:21 -03 2020
Executing >> mpiexec --mca btl self,tcp --mca btl_tcp_if_include eth0 -np 16 -machinefile /home/lacp/NEWP/MACHINE_FILES/nodes16_LACP10 /home/lacp/NEWP/BENCHMARKS/NPB3.4.1/NPB3.4-MPI/bin/sp.C.x 2>> /home/lacp/NEWP/LOGS/apps_exec_std_error &> >(tee -a /home/lacp/NEWP/LOGS/LOGS_BACKUP/sp.802.3ad-4NICs-layer2.log > /tmp/nas.out) <<
Done!

116-sp-16

Sun Nov 22 03:46:39 -03 2020
Executing >> mpiexec --mca btl self,tcp --mca btl_tcp_if_include eth0 -np 16 -machinefile /home/lacp/NEWP/MACHINE_FILES/nodes16_LACP10 /home/lacp/NEWP/BENCHMARKS/NPB3.4.1/NPB3.4-MPI/bin/sp.C.x 2>> /home/lacp/NEWP/LOGS/apps_exec_std_error &> >(tee -a /home/lacp/NEWP/LOGS/LOGS_BACKUP/sp.802.3ad-4NICs-layer2.log > /tmp/nas.out) <<
Done!

117-sp-16

Sun Nov 22 03:51:58 -03 2020
Executing >> mpiexec --mca btl self,tcp --mca btl_tcp_if_include eth0 -np 16 -machinefile /home/lacp/NEWP/MACHINE_FILES/nodes16_LACP10 /home/lacp/NEWP/BENCHMARKS/NPB3.4.1/NPB3.4-MPI/bin/sp.C.x 2>> /home/lacp/NEWP/LOGS/apps_exec_std_error &> >(tee -a /home/lacp/NEWP/LOGS/LOGS_BACKUP/sp.802.3ad-4NICs-layer2.log > /tmp/nas.out) <<
Done!

118-sp-16

Sun Nov 22 03:57:18 -03 2020
Executing >> mpiexec --mca btl self,tcp --mca btl_tcp_if_include eth0 -np 16 -machinefile /home/lacp/NEWP/MACHINE_FILES/nodes16_LACP10 /home/lacp/NEWP/BENCHMARKS/NPB3.4.1/NPB3.4-MPI/bin/sp.C.x 2>> /home/lacp/NEWP/LOGS/apps_exec_std_error &> >(tee -a /home/lacp/NEWP/LOGS/LOGS_BACKUP/sp.802.3ad-4NICs-layer2.log > /tmp/nas.out) <<
Done!

119-sp-16

Sun Nov 22 04:02:38 -03 2020
Executing >> mpiexec --mca btl self,tcp --mca btl_tcp_if_include eth0 -np 16 -machinefile /home/lacp/NEWP/MACHINE_FILES/nodes16_LACP10 /home/lacp/NEWP/BENCHMARKS/NPB3.4.1/NPB3.4-MPI/bin/sp.C.x 2>> /home/lacp/NEWP/LOGS/apps_exec_std_error &> >(tee -a /home/lacp/NEWP/LOGS/LOGS_BACKUP/sp.802.3ad-4NICs-layer2.log > /tmp/nas.out) <<
Done!

120-sp-16

Sun Nov 22 04:08:01 -03 2020
Executing >> mpiexec --mca btl self,tcp --mca btl_tcp_if_include eth0 -np 16 -machinefile /home/lacp/NEWP/MACHINE_FILES/nodes16_LACP10 /home/lacp/NEWP/BENCHMARKS/NPB3.4.1/NPB3.4-MPI/bin/sp.C.x 2>> /home/lacp/NEWP/LOGS/apps_exec_std_error &> >(tee -a /home/lacp/NEWP/LOGS/LOGS_BACKUP/sp.802.3ad-4NICs-layer2.log > /tmp/nas.out) <<
Done!

121-is-64

Sun Nov 22 04:13:23 -03 2020
Executing >> mpiexec --mca btl self,tcp --mca btl_tcp_if_include eth0 -np 64 -machinefile /home/lacp/NEWP/MACHINE_FILES/nodes64_LACP10 /home/lacp/NEWP/BENCHMARKS/NPB3.4.1/NPB3.4-MPI/bin/is.C.x 2>> /home/lacp/NEWP/LOGS/apps_exec_std_error &> >(tee -a /home/lacp/NEWP/LOGS/LOGS_BACKUP/is.802.3ad-4NICs-layer2.log > /tmp/nas.out) <<
Done!

122-is-64

Sun Nov 22 04:14:02 -03 2020
Executing >> mpiexec --mca btl self,tcp --mca btl_tcp_if_include eth0 -np 64 -machinefile /home/lacp/NEWP/MACHINE_FILES/nodes64_LACP10 /home/lacp/NEWP/BENCHMARKS/NPB3.4.1/NPB3.4-MPI/bin/is.C.x 2>> /home/lacp/NEWP/LOGS/apps_exec_std_error &> >(tee -a /home/lacp/NEWP/LOGS/LOGS_BACKUP/is.802.3ad-4NICs-layer2.log > /tmp/nas.out) <<
Done!

123-is-64

Sun Nov 22 04:14:40 -03 2020
Executing >> mpiexec --mca btl self,tcp --mca btl_tcp_if_include eth0 -np 64 -machinefile /home/lacp/NEWP/MACHINE_FILES/nodes64_LACP10 /home/lacp/NEWP/BENCHMARKS/NPB3.4.1/NPB3.4-MPI/bin/is.C.x 2>> /home/lacp/NEWP/LOGS/apps_exec_std_error &> >(tee -a /home/lacp/NEWP/LOGS/LOGS_BACKUP/is.802.3ad-4NICs-layer2.log > /tmp/nas.out) <<
Done!

124-is-64

Sun Nov 22 04:15:18 -03 2020
Executing >> mpiexec --mca btl self,tcp --mca btl_tcp_if_include eth0 -np 64 -machinefile /home/lacp/NEWP/MACHINE_FILES/nodes64_LACP10 /home/lacp/NEWP/BENCHMARKS/NPB3.4.1/NPB3.4-MPI/bin/is.C.x 2>> /home/lacp/NEWP/LOGS/apps_exec_std_error &> >(tee -a /home/lacp/NEWP/LOGS/LOGS_BACKUP/is.802.3ad-4NICs-layer2.log > /tmp/nas.out) <<
Done!

125-is-64

Sun Nov 22 04:15:56 -03 2020
Executing >> mpiexec --mca btl self,tcp --mca btl_tcp_if_include eth0 -np 64 -machinefile /home/lacp/NEWP/MACHINE_FILES/nodes64_LACP10 /home/lacp/NEWP/BENCHMARKS/NPB3.4.1/NPB3.4-MPI/bin/is.C.x 2>> /home/lacp/NEWP/LOGS/apps_exec_std_error &> >(tee -a /home/lacp/NEWP/LOGS/LOGS_BACKUP/is.802.3ad-4NICs-layer2.log > /tmp/nas.out) <<
Done!

126-is-64

Sun Nov 22 04:16:36 -03 2020
Executing >> mpiexec --mca btl self,tcp --mca btl_tcp_if_include eth0 -np 64 -machinefile /home/lacp/NEWP/MACHINE_FILES/nodes64_LACP10 /home/lacp/NEWP/BENCHMARKS/NPB3.4.1/NPB3.4-MPI/bin/is.C.x 2>> /home/lacp/NEWP/LOGS/apps_exec_std_error &> >(tee -a /home/lacp/NEWP/LOGS/LOGS_BACKUP/is.802.3ad-4NICs-layer2.log > /tmp/nas.out) <<
Done!

127-is-64

Sun Nov 22 04:17:17 -03 2020
Executing >> mpiexec --mca btl self,tcp --mca btl_tcp_if_include eth0 -np 64 -machinefile /home/lacp/NEWP/MACHINE_FILES/nodes64_LACP10 /home/lacp/NEWP/BENCHMARKS/NPB3.4.1/NPB3.4-MPI/bin/is.C.x 2>> /home/lacp/NEWP/LOGS/apps_exec_std_error &> >(tee -a /home/lacp/NEWP/LOGS/LOGS_BACKUP/is.802.3ad-4NICs-layer2.log > /tmp/nas.out) <<
Done!

128-is-64

Sun Nov 22 04:17:55 -03 2020
Executing >> mpiexec --mca btl self,tcp --mca btl_tcp_if_include eth0 -np 64 -machinefile /home/lacp/NEWP/MACHINE_FILES/nodes64_LACP10 /home/lacp/NEWP/BENCHMARKS/NPB3.4.1/NPB3.4-MPI/bin/is.C.x 2>> /home/lacp/NEWP/LOGS/apps_exec_std_error &> >(tee -a /home/lacp/NEWP/LOGS/LOGS_BACKUP/is.802.3ad-4NICs-layer2.log > /tmp/nas.out) <<
Done!

129-is-64

Sun Nov 22 04:18:34 -03 2020
Executing >> mpiexec --mca btl self,tcp --mca btl_tcp_if_include eth0 -np 64 -machinefile /home/lacp/NEWP/MACHINE_FILES/nodes64_LACP10 /home/lacp/NEWP/BENCHMARKS/NPB3.4.1/NPB3.4-MPI/bin/is.C.x 2>> /home/lacp/NEWP/LOGS/apps_exec_std_error &> >(tee -a /home/lacp/NEWP/LOGS/LOGS_BACKUP/is.802.3ad-4NICs-layer2.log > /tmp/nas.out) <<
Done!

130-is-64

Sun Nov 22 04:19:12 -03 2020
Executing >> mpiexec --mca btl self,tcp --mca btl_tcp_if_include eth0 -np 64 -machinefile /home/lacp/NEWP/MACHINE_FILES/nodes64_LACP10 /home/lacp/NEWP/BENCHMARKS/NPB3.4.1/NPB3.4-MPI/bin/is.C.x 2>> /home/lacp/NEWP/LOGS/apps_exec_std_error &> >(tee -a /home/lacp/NEWP/LOGS/LOGS_BACKUP/is.802.3ad-4NICs-layer2.log > /tmp/nas.out) <<
Done!

131-ft-64

Sun Nov 22 04:19:54 -03 2020
Executing >> mpiexec --mca btl self,tcp --mca btl_tcp_if_include eth0 -np 64 -machinefile /home/lacp/NEWP/MACHINE_FILES/nodes64_LACP10 /home/lacp/NEWP/BENCHMARKS/NPB3.4.1/NPB3.4-MPI/bin/ft.C.x 2>> /home/lacp/NEWP/LOGS/apps_exec_std_error &> >(tee -a /home/lacp/NEWP/LOGS/LOGS_BACKUP/ft.802.3ad-4NICs-layer2.log > /tmp/nas.out) <<
Done!

132-ft-64

Sun Nov 22 04:22:27 -03 2020
Executing >> mpiexec --mca btl self,tcp --mca btl_tcp_if_include eth0 -np 64 -machinefile /home/lacp/NEWP/MACHINE_FILES/nodes64_LACP10 /home/lacp/NEWP/BENCHMARKS/NPB3.4.1/NPB3.4-MPI/bin/ft.C.x 2>> /home/lacp/NEWP/LOGS/apps_exec_std_error &> >(tee -a /home/lacp/NEWP/LOGS/LOGS_BACKUP/ft.802.3ad-4NICs-layer2.log > /tmp/nas.out) <<
Done!

133-ft-64

Sun Nov 22 04:24:44 -03 2020
Executing >> mpiexec --mca btl self,tcp --mca btl_tcp_if_include eth0 -np 64 -machinefile /home/lacp/NEWP/MACHINE_FILES/nodes64_LACP10 /home/lacp/NEWP/BENCHMARKS/NPB3.4.1/NPB3.4-MPI/bin/ft.C.x 2>> /home/lacp/NEWP/LOGS/apps_exec_std_error &> >(tee -a /home/lacp/NEWP/LOGS/LOGS_BACKUP/ft.802.3ad-4NICs-layer2.log > /tmp/nas.out) <<
Done!

134-ft-64

Sun Nov 22 04:27:04 -03 2020
Executing >> mpiexec --mca btl self,tcp --mca btl_tcp_if_include eth0 -np 64 -machinefile /home/lacp/NEWP/MACHINE_FILES/nodes64_LACP10 /home/lacp/NEWP/BENCHMARKS/NPB3.4.1/NPB3.4-MPI/bin/ft.C.x 2>> /home/lacp/NEWP/LOGS/apps_exec_std_error &> >(tee -a /home/lacp/NEWP/LOGS/LOGS_BACKUP/ft.802.3ad-4NICs-layer2.log > /tmp/nas.out) <<
Done!

135-ft-64

Sun Nov 22 04:29:30 -03 2020
Executing >> mpiexec --mca btl self,tcp --mca btl_tcp_if_include eth0 -np 64 -machinefile /home/lacp/NEWP/MACHINE_FILES/nodes64_LACP10 /home/lacp/NEWP/BENCHMARKS/NPB3.4.1/NPB3.4-MPI/bin/ft.C.x 2>> /home/lacp/NEWP/LOGS/apps_exec_std_error &> >(tee -a /home/lacp/NEWP/LOGS/LOGS_BACKUP/ft.802.3ad-4NICs-layer2.log > /tmp/nas.out) <<
Done!

136-ft-64

Sun Nov 22 10:15:51 -03 2020
Executing >> mpiexec --mca btl self,tcp --mca btl_tcp_if_include eth0 -np 64 -machinefile /home/lacp/NEWP/MACHINE_FILES/nodes64_LACP10 /home/lacp/NEWP/BENCHMARKS/NPB3.4.1/NPB3.4-MPI/bin/ft.C.x 2>> /home/lacp/NEWP/LOGS/apps_exec_std_error &> >(tee -a /home/lacp/NEWP/LOGS/LOGS_BACKUP/ft.802.3ad-4NICs-layer2.log > /tmp/nas.out) <<
Done!

137-ft-64

Sun Nov 22 10:32:02 -03 2020
Executing >> mpiexec --mca btl self,tcp --mca btl_tcp_if_include eth0 -np 64 -machinefile /home/lacp/NEWP/MACHINE_FILES/nodes64_LACP10 /home/lacp/NEWP/BENCHMARKS/NPB3.4.1/NPB3.4-MPI/bin/ft.C.x 2>> /home/lacp/NEWP/LOGS/apps_exec_std_error &> >(tee -a /home/lacp/NEWP/LOGS/LOGS_BACKUP/ft.802.3ad-4NICs-layer2.log > /tmp/nas.out) <<
Done!

138-ft-64

Sun Nov 22 10:34:16 -03 2020
Executing >> mpiexec --mca btl self,tcp --mca btl_tcp_if_include eth0 -np 64 -machinefile /home/lacp/NEWP/MACHINE_FILES/nodes64_LACP10 /home/lacp/NEWP/BENCHMARKS/NPB3.4.1/NPB3.4-MPI/bin/ft.C.x 2>> /home/lacp/NEWP/LOGS/apps_exec_std_error &> >(tee -a /home/lacp/NEWP/LOGS/LOGS_BACKUP/ft.802.3ad-4NICs-layer2.log > /tmp/nas.out) <<
Done!

139-ft-64

Sun Nov 22 10:36:28 -03 2020
Executing >> mpiexec --mca btl self,tcp --mca btl_tcp_if_include eth0 -np 64 -machinefile /home/lacp/NEWP/MACHINE_FILES/nodes64_LACP10 /home/lacp/NEWP/BENCHMARKS/NPB3.4.1/NPB3.4-MPI/bin/ft.C.x 2>> /home/lacp/NEWP/LOGS/apps_exec_std_error &> >(tee -a /home/lacp/NEWP/LOGS/LOGS_BACKUP/ft.802.3ad-4NICs-layer2.log > /tmp/nas.out) <<
Done!

140-ft-64

Sun Nov 22 10:38:40 -03 2020
Executing >> mpiexec --mca btl self,tcp --mca btl_tcp_if_include eth0 -np 64 -machinefile /home/lacp/NEWP/MACHINE_FILES/nodes64_LACP10 /home/lacp/NEWP/BENCHMARKS/NPB3.4.1/NPB3.4-MPI/bin/ft.C.x 2>> /home/lacp/NEWP/LOGS/apps_exec_std_error &> >(tee -a /home/lacp/NEWP/LOGS/LOGS_BACKUP/ft.802.3ad-4NICs-layer2.log > /tmp/nas.out) <<
Done!

141-is-64

Sun Nov 22 10:41:14 -03 2020
Executing >> mpiexec --mca btl self,tcp --mca btl_tcp_if_include eth0 -np 64 -machinefile /home/lacp/NEWP/MACHINE_FILES/nodes64_LACP10 /home/lacp/NEWP/BENCHMARKS/NPB3.4.1/NPB3.4-MPI/bin/is.C.x 2>> /home/lacp/NEWP/LOGS/apps_exec_std_error &> >(tee -a /home/lacp/NEWP/LOGS/LOGS_BACKUP/is.802.3ad-4NICs-layer2.log > /tmp/nas.out) <<
Done!

142-is-64

Sun Nov 22 10:41:58 -03 2020
Executing >> mpiexec --mca btl self,tcp --mca btl_tcp_if_include eth0 -np 64 -machinefile /home/lacp/NEWP/MACHINE_FILES/nodes64_LACP10 /home/lacp/NEWP/BENCHMARKS/NPB3.4.1/NPB3.4-MPI/bin/is.C.x 2>> /home/lacp/NEWP/LOGS/apps_exec_std_error &> >(tee -a /home/lacp/NEWP/LOGS/LOGS_BACKUP/is.802.3ad-4NICs-layer2.log > /tmp/nas.out) <<
Done!

143-is-64

Sun Nov 22 10:42:37 -03 2020
Executing >> mpiexec --mca btl self,tcp --mca btl_tcp_if_include eth0 -np 64 -machinefile /home/lacp/NEWP/MACHINE_FILES/nodes64_LACP10 /home/lacp/NEWP/BENCHMARKS/NPB3.4.1/NPB3.4-MPI/bin/is.C.x 2>> /home/lacp/NEWP/LOGS/apps_exec_std_error &> >(tee -a /home/lacp/NEWP/LOGS/LOGS_BACKUP/is.802.3ad-4NICs-layer2.log > /tmp/nas.out) <<
Done!

144-is-64

Sun Nov 22 10:43:15 -03 2020
Executing >> mpiexec --mca btl self,tcp --mca btl_tcp_if_include eth0 -np 64 -machinefile /home/lacp/NEWP/MACHINE_FILES/nodes64_LACP10 /home/lacp/NEWP/BENCHMARKS/NPB3.4.1/NPB3.4-MPI/bin/is.C.x 2>> /home/lacp/NEWP/LOGS/apps_exec_std_error &> >(tee -a /home/lacp/NEWP/LOGS/LOGS_BACKUP/is.802.3ad-4NICs-layer2.log > /tmp/nas.out) <<
Done!

145-is-64

Sun Nov 22 10:43:53 -03 2020
Executing >> mpiexec --mca btl self,tcp --mca btl_tcp_if_include eth0 -np 64 -machinefile /home/lacp/NEWP/MACHINE_FILES/nodes64_LACP10 /home/lacp/NEWP/BENCHMARKS/NPB3.4.1/NPB3.4-MPI/bin/is.C.x 2>> /home/lacp/NEWP/LOGS/apps_exec_std_error &> >(tee -a /home/lacp/NEWP/LOGS/LOGS_BACKUP/is.802.3ad-4NICs-layer2.log > /tmp/nas.out) <<
Done!

146-is-64

Sun Nov 22 10:44:31 -03 2020
Executing >> mpiexec --mca btl self,tcp --mca btl_tcp_if_include eth0 -np 64 -machinefile /home/lacp/NEWP/MACHINE_FILES/nodes64_LACP10 /home/lacp/NEWP/BENCHMARKS/NPB3.4.1/NPB3.4-MPI/bin/is.C.x 2>> /home/lacp/NEWP/LOGS/apps_exec_std_error &> >(tee -a /home/lacp/NEWP/LOGS/LOGS_BACKUP/is.802.3ad-4NICs-layer2.log > /tmp/nas.out) <<
Done!

147-is-64

Sun Nov 22 10:45:08 -03 2020
Executing >> mpiexec --mca btl self,tcp --mca btl_tcp_if_include eth0 -np 64 -machinefile /home/lacp/NEWP/MACHINE_FILES/nodes64_LACP10 /home/lacp/NEWP/BENCHMARKS/NPB3.4.1/NPB3.4-MPI/bin/is.C.x 2>> /home/lacp/NEWP/LOGS/apps_exec_std_error &> >(tee -a /home/lacp/NEWP/LOGS/LOGS_BACKUP/is.802.3ad-4NICs-layer2.log > /tmp/nas.out) <<
Done!

148-is-64

Sun Nov 22 10:45:46 -03 2020
Executing >> mpiexec --mca btl self,tcp --mca btl_tcp_if_include eth0 -np 64 -machinefile /home/lacp/NEWP/MACHINE_FILES/nodes64_LACP10 /home/lacp/NEWP/BENCHMARKS/NPB3.4.1/NPB3.4-MPI/bin/is.C.x 2>> /home/lacp/NEWP/LOGS/apps_exec_std_error &> >(tee -a /home/lacp/NEWP/LOGS/LOGS_BACKUP/is.802.3ad-4NICs-layer2.log > /tmp/nas.out) <<
Done!

149-is-64

Sun Nov 22 10:46:23 -03 2020
Executing >> mpiexec --mca btl self,tcp --mca btl_tcp_if_include eth0 -np 64 -machinefile /home/lacp/NEWP/MACHINE_FILES/nodes64_LACP10 /home/lacp/NEWP/BENCHMARKS/NPB3.4.1/NPB3.4-MPI/bin/is.C.x 2>> /home/lacp/NEWP/LOGS/apps_exec_std_error &> >(tee -a /home/lacp/NEWP/LOGS/LOGS_BACKUP/is.802.3ad-4NICs-layer2.log > /tmp/nas.out) <<
Done!

150-is-64

Sun Nov 22 10:47:01 -03 2020
Executing >> mpiexec --mca btl self,tcp --mca btl_tcp_if_include eth0 -np 64 -machinefile /home/lacp/NEWP/MACHINE_FILES/nodes64_LACP10 /home/lacp/NEWP/BENCHMARKS/NPB3.4.1/NPB3.4-MPI/bin/is.C.x 2>> /home/lacp/NEWP/LOGS/apps_exec_std_error &> >(tee -a /home/lacp/NEWP/LOGS/LOGS_BACKUP/is.802.3ad-4NICs-layer2.log > /tmp/nas.out) <<
Done!

151-ft-64

Sun Nov 22 10:47:40 -03 2020
Executing >> mpiexec --mca btl self,tcp --mca btl_tcp_if_include eth0 -np 64 -machinefile /home/lacp/NEWP/MACHINE_FILES/nodes64_LACP10 /home/lacp/NEWP/BENCHMARKS/NPB3.4.1/NPB3.4-MPI/bin/ft.C.x 2>> /home/lacp/NEWP/LOGS/apps_exec_std_error &> >(tee -a /home/lacp/NEWP/LOGS/LOGS_BACKUP/ft.802.3ad-4NICs-layer2.log > /tmp/nas.out) <<
Done!

152-ft-64

Sun Nov 22 10:49:56 -03 2020
Executing >> mpiexec --mca btl self,tcp --mca btl_tcp_if_include eth0 -np 64 -machinefile /home/lacp/NEWP/MACHINE_FILES/nodes64_LACP10 /home/lacp/NEWP/BENCHMARKS/NPB3.4.1/NPB3.4-MPI/bin/ft.C.x 2>> /home/lacp/NEWP/LOGS/apps_exec_std_error &> >(tee -a /home/lacp/NEWP/LOGS/LOGS_BACKUP/ft.802.3ad-4NICs-layer2.log > /tmp/nas.out) <<
Done!

153-ft-64

Sun Nov 22 10:52:12 -03 2020
Executing >> mpiexec --mca btl self,tcp --mca btl_tcp_if_include eth0 -np 64 -machinefile /home/lacp/NEWP/MACHINE_FILES/nodes64_LACP10 /home/lacp/NEWP/BENCHMARKS/NPB3.4.1/NPB3.4-MPI/bin/ft.C.x 2>> /home/lacp/NEWP/LOGS/apps_exec_std_error &> >(tee -a /home/lacp/NEWP/LOGS/LOGS_BACKUP/ft.802.3ad-4NICs-layer2.log > /tmp/nas.out) <<
Done!

154-ft-64

Sun Nov 22 10:54:26 -03 2020
Executing >> mpiexec --mca btl self,tcp --mca btl_tcp_if_include eth0 -np 64 -machinefile /home/lacp/NEWP/MACHINE_FILES/nodes64_LACP10 /home/lacp/NEWP/BENCHMARKS/NPB3.4.1/NPB3.4-MPI/bin/ft.C.x 2>> /home/lacp/NEWP/LOGS/apps_exec_std_error &> >(tee -a /home/lacp/NEWP/LOGS/LOGS_BACKUP/ft.802.3ad-4NICs-layer2.log > /tmp/nas.out) <<
Done!

155-ft-64

Sun Nov 22 10:56:53 -03 2020
Executing >> mpiexec --mca btl self,tcp --mca btl_tcp_if_include eth0 -np 64 -machinefile /home/lacp/NEWP/MACHINE_FILES/nodes64_LACP10 /home/lacp/NEWP/BENCHMARKS/NPB3.4.1/NPB3.4-MPI/bin/ft.C.x 2>> /home/lacp/NEWP/LOGS/apps_exec_std_error &> >(tee -a /home/lacp/NEWP/LOGS/LOGS_BACKUP/ft.802.3ad-4NICs-layer2.log > /tmp/nas.out) <<
Done!

156-ft-64

Sun Nov 22 10:59:19 -03 2020
Executing >> mpiexec --mca btl self,tcp --mca btl_tcp_if_include eth0 -np 64 -machinefile /home/lacp/NEWP/MACHINE_FILES/nodes64_LACP10 /home/lacp/NEWP/BENCHMARKS/NPB3.4.1/NPB3.4-MPI/bin/ft.C.x 2>> /home/lacp/NEWP/LOGS/apps_exec_std_error &> >(tee -a /home/lacp/NEWP/LOGS/LOGS_BACKUP/ft.802.3ad-4NICs-layer2.log > /tmp/nas.out) <<
Done!

157-ft-64

Sun Nov 22 11:01:32 -03 2020
Executing >> mpiexec --mca btl self,tcp --mca btl_tcp_if_include eth0 -np 64 -machinefile /home/lacp/NEWP/MACHINE_FILES/nodes64_LACP10 /home/lacp/NEWP/BENCHMARKS/NPB3.4.1/NPB3.4-MPI/bin/ft.C.x 2>> /home/lacp/NEWP/LOGS/apps_exec_std_error &> >(tee -a /home/lacp/NEWP/LOGS/LOGS_BACKUP/ft.802.3ad-4NICs-layer2.log > /tmp/nas.out) <<
Done!

158-ft-64

Sun Nov 22 11:04:13 -03 2020
Executing >> mpiexec --mca btl self,tcp --mca btl_tcp_if_include eth0 -np 64 -machinefile /home/lacp/NEWP/MACHINE_FILES/nodes64_LACP10 /home/lacp/NEWP/BENCHMARKS/NPB3.4.1/NPB3.4-MPI/bin/ft.C.x 2>> /home/lacp/NEWP/LOGS/apps_exec_std_error &> >(tee -a /home/lacp/NEWP/LOGS/LOGS_BACKUP/ft.802.3ad-4NICs-layer2.log > /tmp/nas.out) <<
Done!

159-ft-64

Sun Nov 22 11:06:23 -03 2020
Executing >> mpiexec --mca btl self,tcp --mca btl_tcp_if_include eth0 -np 64 -machinefile /home/lacp/NEWP/MACHINE_FILES/nodes64_LACP10 /home/lacp/NEWP/BENCHMARKS/NPB3.4.1/NPB3.4-MPI/bin/ft.C.x 2>> /home/lacp/NEWP/LOGS/apps_exec_std_error &> >(tee -a /home/lacp/NEWP/LOGS/LOGS_BACKUP/ft.802.3ad-4NICs-layer2.log > /tmp/nas.out) <<
Done!

160-ft-64

Sun Nov 22 11:08:42 -03 2020
Executing >> mpiexec --mca btl self,tcp --mca btl_tcp_if_include eth0 -np 64 -machinefile /home/lacp/NEWP/MACHINE_FILES/nodes64_LACP10 /home/lacp/NEWP/BENCHMARKS/NPB3.4.1/NPB3.4-MPI/bin/ft.C.x 2>> /home/lacp/NEWP/LOGS/apps_exec_std_error &> >(tee -a /home/lacp/NEWP/LOGS/LOGS_BACKUP/ft.802.3ad-4NICs-layer2.log > /tmp/nas.out) <<
Done!

161-bt-64

Sun Nov 22 11:10:54 -03 2020
Executing >> mpiexec --mca btl self,tcp --mca btl_tcp_if_include eth0 -np 64 -machinefile /home/lacp/NEWP/MACHINE_FILES/nodes64_LACP10 /home/lacp/NEWP/BENCHMARKS/NPB3.4.1/NPB3.4-MPI/bin/bt.C.x 2>> /home/lacp/NEWP/LOGS/apps_exec_std_error &> >(tee -a /home/lacp/NEWP/LOGS/LOGS_BACKUP/bt.802.3ad-4NICs-layer2.log > /tmp/nas.out) <<
Done!

162-bt-64

Sun Nov 22 11:16:04 -03 2020
Executing >> mpiexec --mca btl self,tcp --mca btl_tcp_if_include eth0 -np 64 -machinefile /home/lacp/NEWP/MACHINE_FILES/nodes64_LACP10 /home/lacp/NEWP/BENCHMARKS/NPB3.4.1/NPB3.4-MPI/bin/bt.C.x 2>> /home/lacp/NEWP/LOGS/apps_exec_std_error &> >(tee -a /home/lacp/NEWP/LOGS/LOGS_BACKUP/bt.802.3ad-4NICs-layer2.log > /tmp/nas.out) <<
Done!

163-bt-64

Sun Nov 22 11:21:02 -03 2020
Executing >> mpiexec --mca btl self,tcp --mca btl_tcp_if_include eth0 -np 64 -machinefile /home/lacp/NEWP/MACHINE_FILES/nodes64_LACP10 /home/lacp/NEWP/BENCHMARKS/NPB3.4.1/NPB3.4-MPI/bin/bt.C.x 2>> /home/lacp/NEWP/LOGS/apps_exec_std_error &> >(tee -a /home/lacp/NEWP/LOGS/LOGS_BACKUP/bt.802.3ad-4NICs-layer2.log > /tmp/nas.out) <<
Done!

164-bt-64

Sun Nov 22 11:25:57 -03 2020
Executing >> mpiexec --mca btl self,tcp --mca btl_tcp_if_include eth0 -np 64 -machinefile /home/lacp/NEWP/MACHINE_FILES/nodes64_LACP10 /home/lacp/NEWP/BENCHMARKS/NPB3.4.1/NPB3.4-MPI/bin/bt.C.x 2>> /home/lacp/NEWP/LOGS/apps_exec_std_error &> >(tee -a /home/lacp/NEWP/LOGS/LOGS_BACKUP/bt.802.3ad-4NICs-layer2.log > /tmp/nas.out) <<
Done!

165-bt-64

Sun Nov 22 11:30:49 -03 2020
Executing >> mpiexec --mca btl self,tcp --mca btl_tcp_if_include eth0 -np 64 -machinefile /home/lacp/NEWP/MACHINE_FILES/nodes64_LACP10 /home/lacp/NEWP/BENCHMARKS/NPB3.4.1/NPB3.4-MPI/bin/bt.C.x 2>> /home/lacp/NEWP/LOGS/apps_exec_std_error &> >(tee -a /home/lacp/NEWP/LOGS/LOGS_BACKUP/bt.802.3ad-4NICs-layer2.log > /tmp/nas.out) <<
Done!

166-bt-64

Sun Nov 22 11:35:42 -03 2020
Executing >> mpiexec --mca btl self,tcp --mca btl_tcp_if_include eth0 -np 64 -machinefile /home/lacp/NEWP/MACHINE_FILES/nodes64_LACP10 /home/lacp/NEWP/BENCHMARKS/NPB3.4.1/NPB3.4-MPI/bin/bt.C.x 2>> /home/lacp/NEWP/LOGS/apps_exec_std_error &> >(tee -a /home/lacp/NEWP/LOGS/LOGS_BACKUP/bt.802.3ad-4NICs-layer2.log > /tmp/nas.out) <<
Done!

167-bt-64

Sun Nov 22 11:40:37 -03 2020
Executing >> mpiexec --mca btl self,tcp --mca btl_tcp_if_include eth0 -np 64 -machinefile /home/lacp/NEWP/MACHINE_FILES/nodes64_LACP10 /home/lacp/NEWP/BENCHMARKS/NPB3.4.1/NPB3.4-MPI/bin/bt.C.x 2>> /home/lacp/NEWP/LOGS/apps_exec_std_error &> >(tee -a /home/lacp/NEWP/LOGS/LOGS_BACKUP/bt.802.3ad-4NICs-layer2.log > /tmp/nas.out) <<
Done!

168-bt-64

Sun Nov 22 11:45:28 -03 2020
Executing >> mpiexec --mca btl self,tcp --mca btl_tcp_if_include eth0 -np 64 -machinefile /home/lacp/NEWP/MACHINE_FILES/nodes64_LACP10 /home/lacp/NEWP/BENCHMARKS/NPB3.4.1/NPB3.4-MPI/bin/bt.C.x 2>> /home/lacp/NEWP/LOGS/apps_exec_std_error &> >(tee -a /home/lacp/NEWP/LOGS/LOGS_BACKUP/bt.802.3ad-4NICs-layer2.log > /tmp/nas.out) <<
Done!

169-bt-64

Sun Nov 22 11:50:23 -03 2020
Executing >> mpiexec --mca btl self,tcp --mca btl_tcp_if_include eth0 -np 64 -machinefile /home/lacp/NEWP/MACHINE_FILES/nodes64_LACP10 /home/lacp/NEWP/BENCHMARKS/NPB3.4.1/NPB3.4-MPI/bin/bt.C.x 2>> /home/lacp/NEWP/LOGS/apps_exec_std_error &> >(tee -a /home/lacp/NEWP/LOGS/LOGS_BACKUP/bt.802.3ad-4NICs-layer2.log > /tmp/nas.out) <<
Done!

170-bt-64

Sun Nov 22 11:55:15 -03 2020
Executing >> mpiexec --mca btl self,tcp --mca btl_tcp_if_include eth0 -np 64 -machinefile /home/lacp/NEWP/MACHINE_FILES/nodes64_LACP10 /home/lacp/NEWP/BENCHMARKS/NPB3.4.1/NPB3.4-MPI/bin/bt.C.x 2>> /home/lacp/NEWP/LOGS/apps_exec_std_error &> >(tee -a /home/lacp/NEWP/LOGS/LOGS_BACKUP/bt.802.3ad-4NICs-layer2.log > /tmp/nas.out) <<
Done!

171-sp-64

Sun Nov 22 12:00:08 -03 2020
Executing >> mpiexec --mca btl self,tcp --mca btl_tcp_if_include eth0 -np 64 -machinefile /home/lacp/NEWP/MACHINE_FILES/nodes64_LACP10 /home/lacp/NEWP/BENCHMARKS/NPB3.4.1/NPB3.4-MPI/bin/sp.C.x 2>> /home/lacp/NEWP/LOGS/apps_exec_std_error &> >(tee -a /home/lacp/NEWP/LOGS/LOGS_BACKUP/sp.802.3ad-4NICs-layer2.log > /tmp/nas.out) <<
Done!

172-sp-64

Sun Nov 22 12:08:44 -03 2020
Executing >> mpiexec --mca btl self,tcp --mca btl_tcp_if_include eth0 -np 64 -machinefile /home/lacp/NEWP/MACHINE_FILES/nodes64_LACP10 /home/lacp/NEWP/BENCHMARKS/NPB3.4.1/NPB3.4-MPI/bin/sp.C.x 2>> /home/lacp/NEWP/LOGS/apps_exec_std_error &> >(tee -a /home/lacp/NEWP/LOGS/LOGS_BACKUP/sp.802.3ad-4NICs-layer2.log > /tmp/nas.out) <<
Done!

173-sp-64

Sun Nov 22 12:17:12 -03 2020
Executing >> mpiexec --mca btl self,tcp --mca btl_tcp_if_include eth0 -np 64 -machinefile /home/lacp/NEWP/MACHINE_FILES/nodes64_LACP10 /home/lacp/NEWP/BENCHMARKS/NPB3.4.1/NPB3.4-MPI/bin/sp.C.x 2>> /home/lacp/NEWP/LOGS/apps_exec_std_error &> >(tee -a /home/lacp/NEWP/LOGS/LOGS_BACKUP/sp.802.3ad-4NICs-layer2.log > /tmp/nas.out) <<
Done!

174-sp-64

Sun Nov 22 12:25:48 -03 2020
Executing >> mpiexec --mca btl self,tcp --mca btl_tcp_if_include eth0 -np 64 -machinefile /home/lacp/NEWP/MACHINE_FILES/nodes64_LACP10 /home/lacp/NEWP/BENCHMARKS/NPB3.4.1/NPB3.4-MPI/bin/sp.C.x 2>> /home/lacp/NEWP/LOGS/apps_exec_std_error &> >(tee -a /home/lacp/NEWP/LOGS/LOGS_BACKUP/sp.802.3ad-4NICs-layer2.log > /tmp/nas.out) <<
Done!

175-sp-64

Sun Nov 22 12:34:13 -03 2020
Executing >> mpiexec --mca btl self,tcp --mca btl_tcp_if_include eth0 -np 64 -machinefile /home/lacp/NEWP/MACHINE_FILES/nodes64_LACP10 /home/lacp/NEWP/BENCHMARKS/NPB3.4.1/NPB3.4-MPI/bin/sp.C.x 2>> /home/lacp/NEWP/LOGS/apps_exec_std_error &> >(tee -a /home/lacp/NEWP/LOGS/LOGS_BACKUP/sp.802.3ad-4NICs-layer2.log > /tmp/nas.out) <<
Done!

176-sp-64

Sun Nov 22 12:42:37 -03 2020
Executing >> mpiexec --mca btl self,tcp --mca btl_tcp_if_include eth0 -np 64 -machinefile /home/lacp/NEWP/MACHINE_FILES/nodes64_LACP10 /home/lacp/NEWP/BENCHMARKS/NPB3.4.1/NPB3.4-MPI/bin/sp.C.x 2>> /home/lacp/NEWP/LOGS/apps_exec_std_error &> >(tee -a /home/lacp/NEWP/LOGS/LOGS_BACKUP/sp.802.3ad-4NICs-layer2.log > /tmp/nas.out) <<
Done!

177-sp-64

Sun Nov 22 12:51:00 -03 2020
Executing >> mpiexec --mca btl self,tcp --mca btl_tcp_if_include eth0 -np 64 -machinefile /home/lacp/NEWP/MACHINE_FILES/nodes64_LACP10 /home/lacp/NEWP/BENCHMARKS/NPB3.4.1/NPB3.4-MPI/bin/sp.C.x 2>> /home/lacp/NEWP/LOGS/apps_exec_std_error &> >(tee -a /home/lacp/NEWP/LOGS/LOGS_BACKUP/sp.802.3ad-4NICs-layer2.log > /tmp/nas.out) <<
Done!

178-sp-64

Sun Nov 22 12:59:19 -03 2020
Executing >> mpiexec --mca btl self,tcp --mca btl_tcp_if_include eth0 -np 64 -machinefile /home/lacp/NEWP/MACHINE_FILES/nodes64_LACP10 /home/lacp/NEWP/BENCHMARKS/NPB3.4.1/NPB3.4-MPI/bin/sp.C.x 2>> /home/lacp/NEWP/LOGS/apps_exec_std_error &> >(tee -a /home/lacp/NEWP/LOGS/LOGS_BACKUP/sp.802.3ad-4NICs-layer2.log > /tmp/nas.out) <<
Done!

179-sp-64

Sun Nov 22 13:07:58 -03 2020
Executing >> mpiexec --mca btl self,tcp --mca btl_tcp_if_include eth0 -np 64 -machinefile /home/lacp/NEWP/MACHINE_FILES/nodes64_LACP10 /home/lacp/NEWP/BENCHMARKS/NPB3.4.1/NPB3.4-MPI/bin/sp.C.x 2>> /home/lacp/NEWP/LOGS/apps_exec_std_error &> >(tee -a /home/lacp/NEWP/LOGS/LOGS_BACKUP/sp.802.3ad-4NICs-layer2.log > /tmp/nas.out) <<
Done!

180-sp-64

Sun Nov 22 13:16:47 -03 2020
Executing >> mpiexec --mca btl self,tcp --mca btl_tcp_if_include eth0 -np 64 -machinefile /home/lacp/NEWP/MACHINE_FILES/nodes64_LACP10 /home/lacp/NEWP/BENCHMARKS/NPB3.4.1/NPB3.4-MPI/bin/sp.C.x 2>> /home/lacp/NEWP/LOGS/apps_exec_std_error &> >(tee -a /home/lacp/NEWP/LOGS/LOGS_BACKUP/sp.802.3ad-4NICs-layer2.log > /tmp/nas.out) <<
Done!

181-bt-64

Sun Nov 22 13:25:14 -03 2020
Executing >> mpiexec --mca btl self,tcp --mca btl_tcp_if_include eth0 -np 64 -machinefile /home/lacp/NEWP/MACHINE_FILES/nodes64_LACP10 /home/lacp/NEWP/BENCHMARKS/NPB3.4.1/NPB3.4-MPI/bin/bt.C.x 2>> /home/lacp/NEWP/LOGS/apps_exec_std_error &> >(tee -a /home/lacp/NEWP/LOGS/LOGS_BACKUP/bt.802.3ad-4NICs-layer2.log > /tmp/nas.out) <<
Done!

182-bt-64

Sun Nov 22 13:30:50 -03 2020
Executing >> mpiexec --mca btl self,tcp --mca btl_tcp_if_include eth0 -np 64 -machinefile /home/lacp/NEWP/MACHINE_FILES/nodes64_LACP10 /home/lacp/NEWP/BENCHMARKS/NPB3.4.1/NPB3.4-MPI/bin/bt.C.x 2>> /home/lacp/NEWP/LOGS/apps_exec_std_error &> >(tee -a /home/lacp/NEWP/LOGS/LOGS_BACKUP/bt.802.3ad-4NICs-layer2.log > /tmp/nas.out) <<
Done!

183-bt-64

Sun Nov 22 13:36:22 -03 2020
Executing >> mpiexec --mca btl self,tcp --mca btl_tcp_if_include eth0 -np 64 -machinefile /home/lacp/NEWP/MACHINE_FILES/nodes64_LACP10 /home/lacp/NEWP/BENCHMARKS/NPB3.4.1/NPB3.4-MPI/bin/bt.C.x 2>> /home/lacp/NEWP/LOGS/apps_exec_std_error &> >(tee -a /home/lacp/NEWP/LOGS/LOGS_BACKUP/bt.802.3ad-4NICs-layer2.log > /tmp/nas.out) <<
Done!

184-bt-64

Sun Nov 22 13:41:54 -03 2020
Executing >> mpiexec --mca btl self,tcp --mca btl_tcp_if_include eth0 -np 64 -machinefile /home/lacp/NEWP/MACHINE_FILES/nodes64_LACP10 /home/lacp/NEWP/BENCHMARKS/NPB3.4.1/NPB3.4-MPI/bin/bt.C.x 2>> /home/lacp/NEWP/LOGS/apps_exec_std_error &> >(tee -a /home/lacp/NEWP/LOGS/LOGS_BACKUP/bt.802.3ad-4NICs-layer2.log > /tmp/nas.out) <<
Done!

185-bt-64

Sun Nov 22 13:47:27 -03 2020
Executing >> mpiexec --mca btl self,tcp --mca btl_tcp_if_include eth0 -np 64 -machinefile /home/lacp/NEWP/MACHINE_FILES/nodes64_LACP10 /home/lacp/NEWP/BENCHMARKS/NPB3.4.1/NPB3.4-MPI/bin/bt.C.x 2>> /home/lacp/NEWP/LOGS/apps_exec_std_error &> >(tee -a /home/lacp/NEWP/LOGS/LOGS_BACKUP/bt.802.3ad-4NICs-layer2.log > /tmp/nas.out) <<
Done!

186-bt-64

Sun Nov 22 13:53:03 -03 2020
Executing >> mpiexec --mca btl self,tcp --mca btl_tcp_if_include eth0 -np 64 -machinefile /home/lacp/NEWP/MACHINE_FILES/nodes64_LACP10 /home/lacp/NEWP/BENCHMARKS/NPB3.4.1/NPB3.4-MPI/bin/bt.C.x 2>> /home/lacp/NEWP/LOGS/apps_exec_std_error &> >(tee -a /home/lacp/NEWP/LOGS/LOGS_BACKUP/bt.802.3ad-4NICs-layer2.log > /tmp/nas.out) <<
Done!

187-bt-64

Sun Nov 22 13:58:40 -03 2020
Executing >> mpiexec --mca btl self,tcp --mca btl_tcp_if_include eth0 -np 64 -machinefile /home/lacp/NEWP/MACHINE_FILES/nodes64_LACP10 /home/lacp/NEWP/BENCHMARKS/NPB3.4.1/NPB3.4-MPI/bin/bt.C.x 2>> /home/lacp/NEWP/LOGS/apps_exec_std_error &> >(tee -a /home/lacp/NEWP/LOGS/LOGS_BACKUP/bt.802.3ad-4NICs-layer2.log > /tmp/nas.out) <<
Done!

188-bt-64

Sun Nov 22 14:04:19 -03 2020
Executing >> mpiexec --mca btl self,tcp --mca btl_tcp_if_include eth0 -np 64 -machinefile /home/lacp/NEWP/MACHINE_FILES/nodes64_LACP10 /home/lacp/NEWP/BENCHMARKS/NPB3.4.1/NPB3.4-MPI/bin/bt.C.x 2>> /home/lacp/NEWP/LOGS/apps_exec_std_error &> >(tee -a /home/lacp/NEWP/LOGS/LOGS_BACKUP/bt.802.3ad-4NICs-layer2.log > /tmp/nas.out) <<
Done!

189-bt-64

Sun Nov 22 14:09:55 -03 2020
Executing >> mpiexec --mca btl self,tcp --mca btl_tcp_if_include eth0 -np 64 -machinefile /home/lacp/NEWP/MACHINE_FILES/nodes64_LACP10 /home/lacp/NEWP/BENCHMARKS/NPB3.4.1/NPB3.4-MPI/bin/bt.C.x 2>> /home/lacp/NEWP/LOGS/apps_exec_std_error &> >(tee -a /home/lacp/NEWP/LOGS/LOGS_BACKUP/bt.802.3ad-4NICs-layer2.log > /tmp/nas.out) <<
Done!

190-bt-64

Sun Nov 22 14:15:34 -03 2020
Executing >> mpiexec --mca btl self,tcp --mca btl_tcp_if_include eth0 -np 64 -machinefile /home/lacp/NEWP/MACHINE_FILES/nodes64_LACP10 /home/lacp/NEWP/BENCHMARKS/NPB3.4.1/NPB3.4-MPI/bin/bt.C.x 2>> /home/lacp/NEWP/LOGS/apps_exec_std_error &> >(tee -a /home/lacp/NEWP/LOGS/LOGS_BACKUP/bt.802.3ad-4NICs-layer2.log > /tmp/nas.out) <<
Done!

191-sp-64

Sun Nov 22 14:21:06 -03 2020
Executing >> mpiexec --mca btl self,tcp --mca btl_tcp_if_include eth0 -np 64 -machinefile /home/lacp/NEWP/MACHINE_FILES/nodes64_LACP10 /home/lacp/NEWP/BENCHMARKS/NPB3.4.1/NPB3.4-MPI/bin/sp.C.x 2>> /home/lacp/NEWP/LOGS/apps_exec_std_error &> >(tee -a /home/lacp/NEWP/LOGS/LOGS_BACKUP/sp.802.3ad-4NICs-layer2.log > /tmp/nas.out) <<
Done!

192-sp-64

Sun Nov 22 14:29:46 -03 2020
Executing >> mpiexec --mca btl self,tcp --mca btl_tcp_if_include eth0 -np 64 -machinefile /home/lacp/NEWP/MACHINE_FILES/nodes64_LACP10 /home/lacp/NEWP/BENCHMARKS/NPB3.4.1/NPB3.4-MPI/bin/sp.C.x 2>> /home/lacp/NEWP/LOGS/apps_exec_std_error &> >(tee -a /home/lacp/NEWP/LOGS/LOGS_BACKUP/sp.802.3ad-4NICs-layer2.log > /tmp/nas.out) <<
Done!

193-sp-64

Sun Nov 22 14:38:30 -03 2020
Executing >> mpiexec --mca btl self,tcp --mca btl_tcp_if_include eth0 -np 64 -machinefile /home/lacp/NEWP/MACHINE_FILES/nodes64_LACP10 /home/lacp/NEWP/BENCHMARKS/NPB3.4.1/NPB3.4-MPI/bin/sp.C.x 2>> /home/lacp/NEWP/LOGS/apps_exec_std_error &> >(tee -a /home/lacp/NEWP/LOGS/LOGS_BACKUP/sp.802.3ad-4NICs-layer2.log > /tmp/nas.out) <<
Done!

194-sp-64

Sun Nov 22 14:47:09 -03 2020
Executing >> mpiexec --mca btl self,tcp --mca btl_tcp_if_include eth0 -np 64 -machinefile /home/lacp/NEWP/MACHINE_FILES/nodes64_LACP10 /home/lacp/NEWP/BENCHMARKS/NPB3.4.1/NPB3.4-MPI/bin/sp.C.x 2>> /home/lacp/NEWP/LOGS/apps_exec_std_error &> >(tee -a /home/lacp/NEWP/LOGS/LOGS_BACKUP/sp.802.3ad-4NICs-layer2.log > /tmp/nas.out) <<
Done!

195-sp-64

Sun Nov 22 14:55:51 -03 2020
Executing >> mpiexec --mca btl self,tcp --mca btl_tcp_if_include eth0 -np 64 -machinefile /home/lacp/NEWP/MACHINE_FILES/nodes64_LACP10 /home/lacp/NEWP/BENCHMARKS/NPB3.4.1/NPB3.4-MPI/bin/sp.C.x 2>> /home/lacp/NEWP/LOGS/apps_exec_std_error &> >(tee -a /home/lacp/NEWP/LOGS/LOGS_BACKUP/sp.802.3ad-4NICs-layer2.log > /tmp/nas.out) <<
Done!

196-sp-64

Sun Nov 22 15:04:56 -03 2020
Executing >> mpiexec --mca btl self,tcp --mca btl_tcp_if_include eth0 -np 64 -machinefile /home/lacp/NEWP/MACHINE_FILES/nodes64_LACP10 /home/lacp/NEWP/BENCHMARKS/NPB3.4.1/NPB3.4-MPI/bin/sp.C.x 2>> /home/lacp/NEWP/LOGS/apps_exec_std_error &> >(tee -a /home/lacp/NEWP/LOGS/LOGS_BACKUP/sp.802.3ad-4NICs-layer2.log > /tmp/nas.out) <<
Done!

197-sp-64

Sun Nov 22 15:13:40 -03 2020
Executing >> mpiexec --mca btl self,tcp --mca btl_tcp_if_include eth0 -np 64 -machinefile /home/lacp/NEWP/MACHINE_FILES/nodes64_LACP10 /home/lacp/NEWP/BENCHMARKS/NPB3.4.1/NPB3.4-MPI/bin/sp.C.x 2>> /home/lacp/NEWP/LOGS/apps_exec_std_error &> >(tee -a /home/lacp/NEWP/LOGS/LOGS_BACKUP/sp.802.3ad-4NICs-layer2.log > /tmp/nas.out) <<
Done!

198-sp-64

Sun Nov 22 15:22:22 -03 2020
Executing >> mpiexec --mca btl self,tcp --mca btl_tcp_if_include eth0 -np 64 -machinefile /home/lacp/NEWP/MACHINE_FILES/nodes64_LACP10 /home/lacp/NEWP/BENCHMARKS/NPB3.4.1/NPB3.4-MPI/bin/sp.C.x 2>> /home/lacp/NEWP/LOGS/apps_exec_std_error &> >(tee -a /home/lacp/NEWP/LOGS/LOGS_BACKUP/sp.802.3ad-4NICs-layer2.log > /tmp/nas.out) <<
Done!

199-sp-64

Sun Nov 22 15:31:01 -03 2020
Executing >> mpiexec --mca btl self,tcp --mca btl_tcp_if_include eth0 -np 64 -machinefile /home/lacp/NEWP/MACHINE_FILES/nodes64_LACP10 /home/lacp/NEWP/BENCHMARKS/NPB3.4.1/NPB3.4-MPI/bin/sp.C.x 2>> /home/lacp/NEWP/LOGS/apps_exec_std_error &> >(tee -a /home/lacp/NEWP/LOGS/LOGS_BACKUP/sp.802.3ad-4NICs-layer2.log > /tmp/nas.out) <<
Done!

200-sp-64

Sun Nov 22 15:39:43 -03 2020
Executing >> mpiexec --mca btl self,tcp --mca btl_tcp_if_include eth0 -np 64 -machinefile /home/lacp/NEWP/MACHINE_FILES/nodes64_LACP10 /home/lacp/NEWP/BENCHMARKS/NPB3.4.1/NPB3.4-MPI/bin/sp.C.x 2>> /home/lacp/NEWP/LOGS/apps_exec_std_error &> >(tee -a /home/lacp/NEWP/LOGS/LOGS_BACKUP/sp.802.3ad-4NICs-layer2.log > /tmp/nas.out) <<
Done!

201-bt-64

Sun Nov 22 15:48:25 -03 2020
Executing >> mpiexec --mca btl self,tcp --mca btl_tcp_if_include eth0 -np 64 -machinefile /home/lacp/NEWP/MACHINE_FILES/nodes64_LACP10 /home/lacp/NEWP/BENCHMARKS/NPB3.4.1/NPB3.4-MPI/bin/bt.C.x 2>> /home/lacp/NEWP/LOGS/apps_exec_std_error &> >(tee -a /home/lacp/NEWP/LOGS/LOGS_BACKUP/bt.802.3ad-4NICs-layer2.log > /tmp/nas.out) <<
Done!

202-bt-64

Sun Nov 22 15:53:25 -03 2020
Executing >> mpiexec --mca btl self,tcp --mca btl_tcp_if_include eth0 -np 64 -machinefile /home/lacp/NEWP/MACHINE_FILES/nodes64_LACP10 /home/lacp/NEWP/BENCHMARKS/NPB3.4.1/NPB3.4-MPI/bin/bt.C.x 2>> /home/lacp/NEWP/LOGS/apps_exec_std_error &> >(tee -a /home/lacp/NEWP/LOGS/LOGS_BACKUP/bt.802.3ad-4NICs-layer2.log > /tmp/nas.out) <<
Done!

203-bt-64

Sun Nov 22 15:58:25 -03 2020
Executing >> mpiexec --mca btl self,tcp --mca btl_tcp_if_include eth0 -np 64 -machinefile /home/lacp/NEWP/MACHINE_FILES/nodes64_LACP10 /home/lacp/NEWP/BENCHMARKS/NPB3.4.1/NPB3.4-MPI/bin/bt.C.x 2>> /home/lacp/NEWP/LOGS/apps_exec_std_error &> >(tee -a /home/lacp/NEWP/LOGS/LOGS_BACKUP/bt.802.3ad-4NICs-layer2.log > /tmp/nas.out) <<
Done!

204-bt-64

Sun Nov 22 16:03:27 -03 2020
Executing >> mpiexec --mca btl self,tcp --mca btl_tcp_if_include eth0 -np 64 -machinefile /home/lacp/NEWP/MACHINE_FILES/nodes64_LACP10 /home/lacp/NEWP/BENCHMARKS/NPB3.4.1/NPB3.4-MPI/bin/bt.C.x 2>> /home/lacp/NEWP/LOGS/apps_exec_std_error &> >(tee -a /home/lacp/NEWP/LOGS/LOGS_BACKUP/bt.802.3ad-4NICs-layer2.log > /tmp/nas.out) <<
Done!

205-bt-64

Sun Nov 22 16:08:30 -03 2020
Executing >> mpiexec --mca btl self,tcp --mca btl_tcp_if_include eth0 -np 64 -machinefile /home/lacp/NEWP/MACHINE_FILES/nodes64_LACP10 /home/lacp/NEWP/BENCHMARKS/NPB3.4.1/NPB3.4-MPI/bin/bt.C.x 2>> /home/lacp/NEWP/LOGS/apps_exec_std_error &> >(tee -a /home/lacp/NEWP/LOGS/LOGS_BACKUP/bt.802.3ad-4NICs-layer2.log > /tmp/nas.out) <<
Done!

206-bt-64

Sun Nov 22 16:13:22 -03 2020
Executing >> mpiexec --mca btl self,tcp --mca btl_tcp_if_include eth0 -np 64 -machinefile /home/lacp/NEWP/MACHINE_FILES/nodes64_LACP10 /home/lacp/NEWP/BENCHMARKS/NPB3.4.1/NPB3.4-MPI/bin/bt.C.x 2>> /home/lacp/NEWP/LOGS/apps_exec_std_error &> >(tee -a /home/lacp/NEWP/LOGS/LOGS_BACKUP/bt.802.3ad-4NICs-layer2.log > /tmp/nas.out) <<
Done!

207-bt-64

Sun Nov 22 16:18:37 -03 2020
Executing >> mpiexec --mca btl self,tcp --mca btl_tcp_if_include eth0 -np 64 -machinefile /home/lacp/NEWP/MACHINE_FILES/nodes64_LACP10 /home/lacp/NEWP/BENCHMARKS/NPB3.4.1/NPB3.4-MPI/bin/bt.C.x 2>> /home/lacp/NEWP/LOGS/apps_exec_std_error &> >(tee -a /home/lacp/NEWP/LOGS/LOGS_BACKUP/bt.802.3ad-4NICs-layer2.log > /tmp/nas.out) <<
Done!

208-bt-64

Sun Nov 22 16:23:29 -03 2020
Executing >> mpiexec --mca btl self,tcp --mca btl_tcp_if_include eth0 -np 64 -machinefile /home/lacp/NEWP/MACHINE_FILES/nodes64_LACP10 /home/lacp/NEWP/BENCHMARKS/NPB3.4.1/NPB3.4-MPI/bin/bt.C.x 2>> /home/lacp/NEWP/LOGS/apps_exec_std_error &> >(tee -a /home/lacp/NEWP/LOGS/LOGS_BACKUP/bt.802.3ad-4NICs-layer2.log > /tmp/nas.out) <<
Done!

209-bt-64

Sun Nov 22 16:28:26 -03 2020
Executing >> mpiexec --mca btl self,tcp --mca btl_tcp_if_include eth0 -np 64 -machinefile /home/lacp/NEWP/MACHINE_FILES/nodes64_LACP10 /home/lacp/NEWP/BENCHMARKS/NPB3.4.1/NPB3.4-MPI/bin/bt.C.x 2>> /home/lacp/NEWP/LOGS/apps_exec_std_error &> >(tee -a /home/lacp/NEWP/LOGS/LOGS_BACKUP/bt.802.3ad-4NICs-layer2.log > /tmp/nas.out) <<
Done!

210-bt-64

Sun Nov 22 16:33:24 -03 2020
Executing >> mpiexec --mca btl self,tcp --mca btl_tcp_if_include eth0 -np 64 -machinefile /home/lacp/NEWP/MACHINE_FILES/nodes64_LACP10 /home/lacp/NEWP/BENCHMARKS/NPB3.4.1/NPB3.4-MPI/bin/bt.C.x 2>> /home/lacp/NEWP/LOGS/apps_exec_std_error &> >(tee -a /home/lacp/NEWP/LOGS/LOGS_BACKUP/bt.802.3ad-4NICs-layer2.log > /tmp/nas.out) <<
Done!

211-sp-64

Sun Nov 22 16:38:21 -03 2020
Executing >> mpiexec --mca btl self,tcp --mca btl_tcp_if_include eth0 -np 64 -machinefile /home/lacp/NEWP/MACHINE_FILES/nodes64_LACP10 /home/lacp/NEWP/BENCHMARKS/NPB3.4.1/NPB3.4-MPI/bin/sp.C.x 2>> /home/lacp/NEWP/LOGS/apps_exec_std_error &> >(tee -a /home/lacp/NEWP/LOGS/LOGS_BACKUP/sp.802.3ad-4NICs-layer2.log > /tmp/nas.out) <<
Done!

212-sp-64

Sun Nov 22 16:46:56 -03 2020
Executing >> mpiexec --mca btl self,tcp --mca btl_tcp_if_include eth0 -np 64 -machinefile /home/lacp/NEWP/MACHINE_FILES/nodes64_LACP10 /home/lacp/NEWP/BENCHMARKS/NPB3.4.1/NPB3.4-MPI/bin/sp.C.x 2>> /home/lacp/NEWP/LOGS/apps_exec_std_error &> >(tee -a /home/lacp/NEWP/LOGS/LOGS_BACKUP/sp.802.3ad-4NICs-layer2.log > /tmp/nas.out) <<
Done!

213-sp-64

Sun Nov 22 16:55:36 -03 2020
Executing >> mpiexec --mca btl self,tcp --mca btl_tcp_if_include eth0 -np 64 -machinefile /home/lacp/NEWP/MACHINE_FILES/nodes64_LACP10 /home/lacp/NEWP/BENCHMARKS/NPB3.4.1/NPB3.4-MPI/bin/sp.C.x 2>> /home/lacp/NEWP/LOGS/apps_exec_std_error &> >(tee -a /home/lacp/NEWP/LOGS/LOGS_BACKUP/sp.802.3ad-4NICs-layer2.log > /tmp/nas.out) <<
Done!

214-sp-64

Sun Nov 22 17:04:13 -03 2020
Executing >> mpiexec --mca btl self,tcp --mca btl_tcp_if_include eth0 -np 64 -machinefile /home/lacp/NEWP/MACHINE_FILES/nodes64_LACP10 /home/lacp/NEWP/BENCHMARKS/NPB3.4.1/NPB3.4-MPI/bin/sp.C.x 2>> /home/lacp/NEWP/LOGS/apps_exec_std_error &> >(tee -a /home/lacp/NEWP/LOGS/LOGS_BACKUP/sp.802.3ad-4NICs-layer2.log > /tmp/nas.out) <<
Done!

215-sp-64

Sun Nov 22 17:12:49 -03 2020
Executing >> mpiexec --mca btl self,tcp --mca btl_tcp_if_include eth0 -np 64 -machinefile /home/lacp/NEWP/MACHINE_FILES/nodes64_LACP10 /home/lacp/NEWP/BENCHMARKS/NPB3.4.1/NPB3.4-MPI/bin/sp.C.x 2>> /home/lacp/NEWP/LOGS/apps_exec_std_error &> >(tee -a /home/lacp/NEWP/LOGS/LOGS_BACKUP/sp.802.3ad-4NICs-layer2.log > /tmp/nas.out) <<
Done!

216-sp-64

Sun Nov 22 17:21:28 -03 2020
Executing >> mpiexec --mca btl self,tcp --mca btl_tcp_if_include eth0 -np 64 -machinefile /home/lacp/NEWP/MACHINE_FILES/nodes64_LACP10 /home/lacp/NEWP/BENCHMARKS/NPB3.4.1/NPB3.4-MPI/bin/sp.C.x 2>> /home/lacp/NEWP/LOGS/apps_exec_std_error &> >(tee -a /home/lacp/NEWP/LOGS/LOGS_BACKUP/sp.802.3ad-4NICs-layer2.log > /tmp/nas.out) <<
Done!

217-sp-64

Sun Nov 22 17:30:04 -03 2020
Executing >> mpiexec --mca btl self,tcp --mca btl_tcp_if_include eth0 -np 64 -machinefile /home/lacp/NEWP/MACHINE_FILES/nodes64_LACP10 /home/lacp/NEWP/BENCHMARKS/NPB3.4.1/NPB3.4-MPI/bin/sp.C.x 2>> /home/lacp/NEWP/LOGS/apps_exec_std_error &> >(tee -a /home/lacp/NEWP/LOGS/LOGS_BACKUP/sp.802.3ad-4NICs-layer2.log > /tmp/nas.out) <<
Done!

218-sp-64

Sun Nov 22 17:38:40 -03 2020
Executing >> mpiexec --mca btl self,tcp --mca btl_tcp_if_include eth0 -np 64 -machinefile /home/lacp/NEWP/MACHINE_FILES/nodes64_LACP10 /home/lacp/NEWP/BENCHMARKS/NPB3.4.1/NPB3.4-MPI/bin/sp.C.x 2>> /home/lacp/NEWP/LOGS/apps_exec_std_error &> >(tee -a /home/lacp/NEWP/LOGS/LOGS_BACKUP/sp.802.3ad-4NICs-layer2.log > /tmp/nas.out) <<
Done!

219-sp-64

Sun Nov 22 17:47:21 -03 2020
Executing >> mpiexec --mca btl self,tcp --mca btl_tcp_if_include eth0 -np 64 -machinefile /home/lacp/NEWP/MACHINE_FILES/nodes64_LACP10 /home/lacp/NEWP/BENCHMARKS/NPB3.4.1/NPB3.4-MPI/bin/sp.C.x 2>> /home/lacp/NEWP/LOGS/apps_exec_std_error &> >(tee -a /home/lacp/NEWP/LOGS/LOGS_BACKUP/sp.802.3ad-4NICs-layer2.log > /tmp/nas.out) <<
Done!

220-sp-64

Sun Nov 22 17:55:55 -03 2020
Executing >> mpiexec --mca btl self,tcp --mca btl_tcp_if_include eth0 -np 64 -machinefile /home/lacp/NEWP/MACHINE_FILES/nodes64_LACP10 /home/lacp/NEWP/BENCHMARKS/NPB3.4.1/NPB3.4-MPI/bin/sp.C.x 2>> /home/lacp/NEWP/LOGS/apps_exec_std_error &> >(tee -a /home/lacp/NEWP/LOGS/LOGS_BACKUP/sp.802.3ad-4NICs-layer2.log > /tmp/nas.out) <<
Done!

221-bt-64

Sun Nov 22 18:04:35 -03 2020
Executing >> mpiexec --mca btl self,tcp --mca btl_tcp_if_include eth0 -np 64 -machinefile /home/lacp/NEWP/MACHINE_FILES/nodes64_LACP10 /home/lacp/NEWP/BENCHMARKS/NPB3.4.1/NPB3.4-MPI/bin/bt.C.x 2>> /home/lacp/NEWP/LOGS/apps_exec_std_error &> >(tee -a /home/lacp/NEWP/LOGS/LOGS_BACKUP/bt.802.3ad-4NICs-layer2.log > /tmp/nas.out) <<
Done!

222-bt-64

Sun Nov 22 18:09:48 -03 2020
Executing >> mpiexec --mca btl self,tcp --mca btl_tcp_if_include eth0 -np 64 -machinefile /home/lacp/NEWP/MACHINE_FILES/nodes64_LACP10 /home/lacp/NEWP/BENCHMARKS/NPB3.4.1/NPB3.4-MPI/bin/bt.C.x 2>> /home/lacp/NEWP/LOGS/apps_exec_std_error &> >(tee -a /home/lacp/NEWP/LOGS/LOGS_BACKUP/bt.802.3ad-4NICs-layer2.log > /tmp/nas.out) <<
Done!

223-bt-64

Sun Nov 22 18:14:54 -03 2020
Executing >> mpiexec --mca btl self,tcp --mca btl_tcp_if_include eth0 -np 64 -machinefile /home/lacp/NEWP/MACHINE_FILES/nodes64_LACP10 /home/lacp/NEWP/BENCHMARKS/NPB3.4.1/NPB3.4-MPI/bin/bt.C.x 2>> /home/lacp/NEWP/LOGS/apps_exec_std_error &> >(tee -a /home/lacp/NEWP/LOGS/LOGS_BACKUP/bt.802.3ad-4NICs-layer2.log > /tmp/nas.out) <<
Done!

224-bt-64

Sun Nov 22 18:20:00 -03 2020
Executing >> mpiexec --mca btl self,tcp --mca btl_tcp_if_include eth0 -np 64 -machinefile /home/lacp/NEWP/MACHINE_FILES/nodes64_LACP10 /home/lacp/NEWP/BENCHMARKS/NPB3.4.1/NPB3.4-MPI/bin/bt.C.x 2>> /home/lacp/NEWP/LOGS/apps_exec_std_error &> >(tee -a /home/lacp/NEWP/LOGS/LOGS_BACKUP/bt.802.3ad-4NICs-layer2.log > /tmp/nas.out) <<
Done!

225-bt-64

Sun Nov 22 18:25:09 -03 2020
Executing >> mpiexec --mca btl self,tcp --mca btl_tcp_if_include eth0 -np 64 -machinefile /home/lacp/NEWP/MACHINE_FILES/nodes64_LACP10 /home/lacp/NEWP/BENCHMARKS/NPB3.4.1/NPB3.4-MPI/bin/bt.C.x 2>> /home/lacp/NEWP/LOGS/apps_exec_std_error &> >(tee -a /home/lacp/NEWP/LOGS/LOGS_BACKUP/bt.802.3ad-4NICs-layer2.log > /tmp/nas.out) <<
Done!

226-bt-64

Sun Nov 22 18:30:15 -03 2020
Executing >> mpiexec --mca btl self,tcp --mca btl_tcp_if_include eth0 -np 64 -machinefile /home/lacp/NEWP/MACHINE_FILES/nodes64_LACP10 /home/lacp/NEWP/BENCHMARKS/NPB3.4.1/NPB3.4-MPI/bin/bt.C.x 2>> /home/lacp/NEWP/LOGS/apps_exec_std_error &> >(tee -a /home/lacp/NEWP/LOGS/LOGS_BACKUP/bt.802.3ad-4NICs-layer2.log > /tmp/nas.out) <<
Done!

227-bt-64

Sun Nov 22 18:35:21 -03 2020
Executing >> mpiexec --mca btl self,tcp --mca btl_tcp_if_include eth0 -np 64 -machinefile /home/lacp/NEWP/MACHINE_FILES/nodes64_LACP10 /home/lacp/NEWP/BENCHMARKS/NPB3.4.1/NPB3.4-MPI/bin/bt.C.x 2>> /home/lacp/NEWP/LOGS/apps_exec_std_error &> >(tee -a /home/lacp/NEWP/LOGS/LOGS_BACKUP/bt.802.3ad-4NICs-layer2.log > /tmp/nas.out) <<
Done!

228-bt-64

Sun Nov 22 18:40:25 -03 2020
Executing >> mpiexec --mca btl self,tcp --mca btl_tcp_if_include eth0 -np 64 -machinefile /home/lacp/NEWP/MACHINE_FILES/nodes64_LACP10 /home/lacp/NEWP/BENCHMARKS/NPB3.4.1/NPB3.4-MPI/bin/bt.C.x 2>> /home/lacp/NEWP/LOGS/apps_exec_std_error &> >(tee -a /home/lacp/NEWP/LOGS/LOGS_BACKUP/bt.802.3ad-4NICs-layer2.log > /tmp/nas.out) <<
Done!

229-bt-64

Sun Nov 22 18:45:32 -03 2020
Executing >> mpiexec --mca btl self,tcp --mca btl_tcp_if_include eth0 -np 64 -machinefile /home/lacp/NEWP/MACHINE_FILES/nodes64_LACP10 /home/lacp/NEWP/BENCHMARKS/NPB3.4.1/NPB3.4-MPI/bin/bt.C.x 2>> /home/lacp/NEWP/LOGS/apps_exec_std_error &> >(tee -a /home/lacp/NEWP/LOGS/LOGS_BACKUP/bt.802.3ad-4NICs-layer2.log > /tmp/nas.out) <<
Done!

230-bt-64

Sun Nov 22 18:50:38 -03 2020
Executing >> mpiexec --mca btl self,tcp --mca btl_tcp_if_include eth0 -np 64 -machinefile /home/lacp/NEWP/MACHINE_FILES/nodes64_LACP10 /home/lacp/NEWP/BENCHMARKS/NPB3.4.1/NPB3.4-MPI/bin/bt.C.x 2>> /home/lacp/NEWP/LOGS/apps_exec_std_error &> >(tee -a /home/lacp/NEWP/LOGS/LOGS_BACKUP/bt.802.3ad-4NICs-layer2.log > /tmp/nas.out) <<
Done!

231-sp-64

Sun Nov 22 18:55:51 -03 2020
Executing >> mpiexec --mca btl self,tcp --mca btl_tcp_if_include eth0 -np 64 -machinefile /home/lacp/NEWP/MACHINE_FILES/nodes64_LACP10 /home/lacp/NEWP/BENCHMARKS/NPB3.4.1/NPB3.4-MPI/bin/sp.C.x 2>> /home/lacp/NEWP/LOGS/apps_exec_std_error &> >(tee -a /home/lacp/NEWP/LOGS/LOGS_BACKUP/sp.802.3ad-4NICs-layer2.log > /tmp/nas.out) <<
Done!

232-sp-64

Sun Nov 22 19:04:27 -03 2020
Executing >> mpiexec --mca btl self,tcp --mca btl_tcp_if_include eth0 -np 64 -machinefile /home/lacp/NEWP/MACHINE_FILES/nodes64_LACP10 /home/lacp/NEWP/BENCHMARKS/NPB3.4.1/NPB3.4-MPI/bin/sp.C.x 2>> /home/lacp/NEWP/LOGS/apps_exec_std_error &> >(tee -a /home/lacp/NEWP/LOGS/LOGS_BACKUP/sp.802.3ad-4NICs-layer2.log > /tmp/nas.out) <<
Done!

233-sp-64

Sun Nov 22 19:12:59 -03 2020
Executing >> mpiexec --mca btl self,tcp --mca btl_tcp_if_include eth0 -np 64 -machinefile /home/lacp/NEWP/MACHINE_FILES/nodes64_LACP10 /home/lacp/NEWP/BENCHMARKS/NPB3.4.1/NPB3.4-MPI/bin/sp.C.x 2>> /home/lacp/NEWP/LOGS/apps_exec_std_error &> >(tee -a /home/lacp/NEWP/LOGS/LOGS_BACKUP/sp.802.3ad-4NICs-layer2.log > /tmp/nas.out) <<
Done!

234-sp-64

Sun Nov 22 19:21:30 -03 2020
Executing >> mpiexec --mca btl self,tcp --mca btl_tcp_if_include eth0 -np 64 -machinefile /home/lacp/NEWP/MACHINE_FILES/nodes64_LACP10 /home/lacp/NEWP/BENCHMARKS/NPB3.4.1/NPB3.4-MPI/bin/sp.C.x 2>> /home/lacp/NEWP/LOGS/apps_exec_std_error &> >(tee -a /home/lacp/NEWP/LOGS/LOGS_BACKUP/sp.802.3ad-4NICs-layer2.log > /tmp/nas.out) <<
Done!

235-sp-64

Sun Nov 22 19:30:15 -03 2020
Executing >> mpiexec --mca btl self,tcp --mca btl_tcp_if_include eth0 -np 64 -machinefile /home/lacp/NEWP/MACHINE_FILES/nodes64_LACP10 /home/lacp/NEWP/BENCHMARKS/NPB3.4.1/NPB3.4-MPI/bin/sp.C.x 2>> /home/lacp/NEWP/LOGS/apps_exec_std_error &> >(tee -a /home/lacp/NEWP/LOGS/LOGS_BACKUP/sp.802.3ad-4NICs-layer2.log > /tmp/nas.out) <<
Done!

236-sp-64

Sun Nov 22 19:38:50 -03 2020
Executing >> mpiexec --mca btl self,tcp --mca btl_tcp_if_include eth0 -np 64 -machinefile /home/lacp/NEWP/MACHINE_FILES/nodes64_LACP10 /home/lacp/NEWP/BENCHMARKS/NPB3.4.1/NPB3.4-MPI/bin/sp.C.x 2>> /home/lacp/NEWP/LOGS/apps_exec_std_error &> >(tee -a /home/lacp/NEWP/LOGS/LOGS_BACKUP/sp.802.3ad-4NICs-layer2.log > /tmp/nas.out) <<
Done!

237-sp-64

Sun Nov 22 19:47:24 -03 2020
Executing >> mpiexec --mca btl self,tcp --mca btl_tcp_if_include eth0 -np 64 -machinefile /home/lacp/NEWP/MACHINE_FILES/nodes64_LACP10 /home/lacp/NEWP/BENCHMARKS/NPB3.4.1/NPB3.4-MPI/bin/sp.C.x 2>> /home/lacp/NEWP/LOGS/apps_exec_std_error &> >(tee -a /home/lacp/NEWP/LOGS/LOGS_BACKUP/sp.802.3ad-4NICs-layer2.log > /tmp/nas.out) <<
Done!

238-sp-64

Sun Nov 22 19:55:54 -03 2020
Executing >> mpiexec --mca btl self,tcp --mca btl_tcp_if_include eth0 -np 64 -machinefile /home/lacp/NEWP/MACHINE_FILES/nodes64_LACP10 /home/lacp/NEWP/BENCHMARKS/NPB3.4.1/NPB3.4-MPI/bin/sp.C.x 2>> /home/lacp/NEWP/LOGS/apps_exec_std_error &> >(tee -a /home/lacp/NEWP/LOGS/LOGS_BACKUP/sp.802.3ad-4NICs-layer2.log > /tmp/nas.out) <<
Done!

239-sp-64

Sun Nov 22 20:04:30 -03 2020
Executing >> mpiexec --mca btl self,tcp --mca btl_tcp_if_include eth0 -np 64 -machinefile /home/lacp/NEWP/MACHINE_FILES/nodes64_LACP10 /home/lacp/NEWP/BENCHMARKS/NPB3.4.1/NPB3.4-MPI/bin/sp.C.x 2>> /home/lacp/NEWP/LOGS/apps_exec_std_error &> >(tee -a /home/lacp/NEWP/LOGS/LOGS_BACKUP/sp.802.3ad-4NICs-layer2.log > /tmp/nas.out) <<
Done!

240-sp-64

Sun Nov 22 20:13:05 -03 2020
Executing >> mpiexec --mca btl self,tcp --mca btl_tcp_if_include eth0 -np 64 -machinefile /home/lacp/NEWP/MACHINE_FILES/nodes64_LACP10 /home/lacp/NEWP/BENCHMARKS/NPB3.4.1/NPB3.4-MPI/bin/sp.C.x 2>> /home/lacp/NEWP/LOGS/apps_exec_std_error &> >(tee -a /home/lacp/NEWP/LOGS/LOGS_BACKUP/sp.802.3ad-4NICs-layer2.log > /tmp/nas.out) <<
Done!
