--2020-11-23 21:25:56--  https://www.nas.nasa.gov/assets/npb/NPB3.4.1.tar.gz
Resolving www.nas.nasa.gov (www.nas.nasa.gov)... 198.9.3.30, 2001:4d0:6318:903:198:9:3:30
Connecting to www.nas.nasa.gov (www.nas.nasa.gov)|198.9.3.30|:443... connected.
HTTP request sent, awaiting response... 
  HTTP/1.1 200 OK
  Date: Tue, 24 Nov 2020 00:25:57 GMT
  Server: Apache
  X-Frame-Options: SAMEORIGIN
  Strict-Transport-Security: max-age=31536000
  Last-Modified: Thu, 11 Jun 2020 02:21:22 GMT
  ETag: "1440f28-68906-5a7c59de516c9"
  Accept-Ranges: bytes
  Content-Length: 428294
  Keep-Alive: timeout=5, max=100
  Connection: Keep-Alive
  Content-Type: application/x-gzip
Length: 428294 (418K) [application/x-gzip]
Saving to: ‘NPB3.4.1.tar.gz’

     0K .......... .......... .......... .......... .......... 11% 25.7K 14s
    50K .......... .......... .......... .......... .......... 23% 60.7K 9s
   100K .......... .......... .......... .......... .......... 35%  121K 6s
   150K .......... .......... .......... .......... .......... 47% 80.9K 4s
   200K .......... .......... .......... .......... .......... 59%  122K 3s
   250K .......... .......... .......... .......... .......... 71%  122K 2s
   300K .......... .......... .......... .......... .......... 83%  122K 1s
   350K .......... .......... .......... .......... .......... 95%  242K 0s
   400K .......... ........                                   100% 89.0K=5.4s

2020-11-23 21:26:03 (76.9 KB/s) - ‘NPB3.4.1.tar.gz’ saved [428294/428294]

