--2020-12-13 21:10:18--  https://www.nas.nasa.gov/assets/npb/NPB3.4.1.tar.gz
Resolving www.nas.nasa.gov (www.nas.nasa.gov)... 198.9.3.30, 2001:4d0:6318:903:198:9:3:30
Connecting to www.nas.nasa.gov (www.nas.nasa.gov)|198.9.3.30|:443... connected.
HTTP request sent, awaiting response... 
  HTTP/1.1 200 OK
  Date: Mon, 14 Dec 2020 00:10:19 GMT
  Server: Apache
  X-Frame-Options: SAMEORIGIN
  Strict-Transport-Security: max-age=31536000
  Last-Modified: Thu, 11 Jun 2020 02:21:22 GMT
  ETag: "68906-5a7c59dd60c80"
  Accept-Ranges: bytes
  Content-Length: 428294
  Keep-Alive: timeout=5, max=100
  Connection: Keep-Alive
  Content-Type: application/x-gzip
Length: 428294 (418K) [application/x-gzip]
Saving to: ‘NPB3.4.1.tar.gz’

     0K .......... .......... .......... .......... .......... 11%  120K 3s
    50K .......... .......... .......... .......... .......... 23%  239K 2s
   100K .......... .......... .......... .......... .......... 35% 16.5M 1s
   150K .......... .......... .......... .......... .......... 47%  245K 1s
   200K .......... .......... .......... .......... .......... 59% 13.1M 1s
   250K .......... .......... .......... .......... .......... 71% 17.0M 0s
   300K .......... .......... .......... .......... .......... 83% 1.32M 0s
   350K .......... .......... .......... .......... .......... 95%  305K 0s
   400K .......... ........                                   100% 15.5M=1.0s

2020-12-13 21:10:20 (402 KB/s) - ‘NPB3.4.1.tar.gz’ saved [428294/428294]

