make[1]: Entering directory '/home/lacp/NEWP/BENCHMARKS/NPB3.4.1/NPB3.4-MPI/BT'
rm -f *.o *.mod *~ mputil*
rm -f  npbparams.h core
make[1]: Leaving directory '/home/lacp/NEWP/BENCHMARKS/NPB3.4.1/NPB3.4-MPI/BT'
make[1]: Entering directory '/home/lacp/NEWP/BENCHMARKS/NPB3.4.1/NPB3.4-MPI/BT'
make[2]: Entering directory '/home/lacp/NEWP/BENCHMARKS/NPB3.4.1/NPB3.4-MPI/sys'
gcc -g -DFORTRAN_REC_SIZE=1 -o setparams setparams.c
make[2]: Leaving directory '/home/lacp/NEWP/BENCHMARKS/NPB3.4.1/NPB3.4-MPI/sys'
../sys/setparams bt C 
mpifort -c  -O3 mpinpb.f90
mpifort -c  -O3 bt_data.f90
mpifort -c  -O3 bt.f90
mpifort -c  -O3 make_set.f90
mpifort -c  -O3 initialize.f90
mpifort -c  -O3 exact_solution.f90
mpifort -c  -O3 exact_rhs.f90
mpifort -c  -O3 set_constants.f90
mpifort -c  -O3 adi.f90
mpifort -c  -O3 define.f90
mpifort -c  -O3 copy_faces.f90
mpifort -c  -O3 rhs.f90
mpifort -c  -O3 solve_subs.f90
mpifort -c  -O3 x_solve.f90
mpifort -c  -O3 y_solve.f90
mpifort -c  -O3 z_solve.f90
mpifort -c  -O3 add.f90
mpifort -c  -O3 error.f90
mpifort -c  -O3 verify.f90
mpifort -c  -O3 setup_mpi.f90
cd ../common; mpifort -c  -O3 get_active_nprocs.f90
cd ../common; mpifort -c  -O3 print_results.f90
cd ../common; mpifort -c  -O3 timers.f90
make[2]: Entering directory '/home/lacp/NEWP/BENCHMARKS/NPB3.4.1/NPB3.4-MPI/BT'
mpifort -c  -O3 btio.f90
mpifort -O3 -o ../bin/bt.C.x bt.o bt_data.o make_set.o initialize.o exact_solution.o exact_rhs.o set_constants.o adi.o define.o copy_faces.o rhs.o solve_subs.o x_solve.o y_solve.o z_solve.o add.o error.o verify.o setup_mpi.o mpinpb.o ../common/get_active_nprocs.o ../common/print_results.o ../common/timers.o btio.o 
make[2]: Leaving directory '/home/lacp/NEWP/BENCHMARKS/NPB3.4.1/NPB3.4-MPI/BT'
make[1]: Leaving directory '/home/lacp/NEWP/BENCHMARKS/NPB3.4.1/NPB3.4-MPI/BT'
make[1]: Entering directory '/home/lacp/NEWP/BENCHMARKS/NPB3.4.1/NPB3.4-MPI/SP'
rm -f *.o *.mod *~ mputil*
rm -f npbparams.h core
make[1]: Leaving directory '/home/lacp/NEWP/BENCHMARKS/NPB3.4.1/NPB3.4-MPI/SP'
make[1]: Entering directory '/home/lacp/NEWP/BENCHMARKS/NPB3.4.1/NPB3.4-MPI/SP'
make[2]: Entering directory '/home/lacp/NEWP/BENCHMARKS/NPB3.4.1/NPB3.4-MPI/sys'
make[2]: Nothing to be done for 'all'.
make[2]: Leaving directory '/home/lacp/NEWP/BENCHMARKS/NPB3.4.1/NPB3.4-MPI/sys'
../sys/setparams sp C 
mpifort -c  -O3 mpinpb.f90
mpifort -c  -O3 sp_data.f90
mpifort -c  -O3 sp.f90
mpifort -c  -O3 make_set.f90
mpifort -c  -O3 initialize.f90
mpifort -c  -O3 exact_solution.f90
mpifort -c  -O3 exact_rhs.f90
mpifort -c  -O3 set_constants.f90
mpifort -c  -O3 adi.f90
mpifort -c  -O3 define.f90
mpifort -c  -O3 copy_faces.f90
mpifort -c  -O3 rhs.f90
mpifort -c  -O3 lhsx.f90
mpifort -c  -O3 lhsy.f90
mpifort -c  -O3 lhsz.f90
mpifort -c  -O3 x_solve.f90
mpifort -c  -O3 ninvr.f90
mpifort -c  -O3 y_solve.f90
mpifort -c  -O3 pinvr.f90
mpifort -c  -O3 z_solve.f90
mpifort -c  -O3 tzetar.f90
mpifort -c  -O3 add.f90
mpifort -c  -O3 txinvr.f90
mpifort -c  -O3 error.f90
mpifort -c  -O3 verify.f90
mpifort -c  -O3 setup_mpi.f90
mpifort -O3 -o ../bin/sp.C.x sp.o sp_data.o make_set.o initialize.o exact_solution.o exact_rhs.o set_constants.o adi.o define.o copy_faces.o rhs.o lhsx.o lhsy.o lhsz.o x_solve.o ninvr.o y_solve.o pinvr.o z_solve.o tzetar.o add.o txinvr.o error.o verify.o setup_mpi.o mpinpb.o ../common/get_active_nprocs.o ../common/print_results.o ../common/timers.o 
make[1]: Leaving directory '/home/lacp/NEWP/BENCHMARKS/NPB3.4.1/NPB3.4-MPI/SP'
make[1]: Entering directory '/home/lacp/NEWP/BENCHMARKS/NPB3.4.1/NPB3.4-MPI/IS'
rm -f *.o *~ mputil*
rm -f is npbparams.h core
make[1]: Leaving directory '/home/lacp/NEWP/BENCHMARKS/NPB3.4.1/NPB3.4-MPI/IS'
make[1]: Entering directory '/home/lacp/NEWP/BENCHMARKS/NPB3.4.1/NPB3.4-MPI/IS'
make[2]: Entering directory '/home/lacp/NEWP/BENCHMARKS/NPB3.4.1/NPB3.4-MPI/sys'
make[2]: Nothing to be done for 'all'.
make[2]: Leaving directory '/home/lacp/NEWP/BENCHMARKS/NPB3.4.1/NPB3.4-MPI/sys'
../sys/setparams is C 
mpicc -c  -O3 is.c
cd ../common; mpicc -c  -O3 c_print_results.c
cd ../common; mpicc -c  -O3 c_timers.c
mpicc -O3 -o ../bin/is.C.x is.o ../common/c_print_results.o ../common/c_timers.o 
make[1]: Leaving directory '/home/lacp/NEWP/BENCHMARKS/NPB3.4.1/NPB3.4-MPI/IS'
make[1]: Entering directory '/home/lacp/NEWP/BENCHMARKS/NPB3.4.1/NPB3.4-MPI/FT'
rm -f *.o *.mod *~ mputil*
rm -f ft npbparams.h core
make[1]: Leaving directory '/home/lacp/NEWP/BENCHMARKS/NPB3.4.1/NPB3.4-MPI/FT'
make[1]: Entering directory '/home/lacp/NEWP/BENCHMARKS/NPB3.4.1/NPB3.4-MPI/FT'
make[2]: Entering directory '/home/lacp/NEWP/BENCHMARKS/NPB3.4.1/NPB3.4-MPI/sys'
make[2]: Nothing to be done for 'all'.
make[2]: Leaving directory '/home/lacp/NEWP/BENCHMARKS/NPB3.4.1/NPB3.4-MPI/sys'
../sys/setparams ft C 
mpifort -c  -O3 mpinpb.f90
mpifort -c  -O3 ft_data.f90
mpifort -c  -O3 ft.f90
cd ../common; mpifort -c  -O3 randi8.f90
mpifort -O3 -o ../bin/ft.C.x ft.o ft_data.o mpinpb.o ../common/get_active_nprocs.o ../common/randi8.o ../common/print_results.o ../common/timers.o 
make[1]: Leaving directory '/home/lacp/NEWP/BENCHMARKS/NPB3.4.1/NPB3.4-MPI/FT'

1-is-16

Fri Dec  4 21:16:58 -03 2020
Executing >> mpiexec --mca btl self,tcp --mca btl_tcp_if_include eth0 -np 16 -machinefile /home/lacp/NEWP/MACHINE_FILES/nodes16_LACP10 /home/lacp/NEWP/BENCHMARKS/NPB3.4.1/NPB3.4-MPI/bin/is.C.x 2>> /home/lacp/NEWP/LOGS/apps_exec_std_error &> >(tee -a /home/lacp/NEWP/LOGS/LOGS_BACKUP/is.802.3ad-4NICs-layer2.log > /tmp/nas.out) <<
Done!

2-is-16

Fri Dec  4 21:17:15 -03 2020
Executing >> mpiexec --mca btl self,tcp --mca btl_tcp_if_include eth0 -np 16 -machinefile /home/lacp/NEWP/MACHINE_FILES/nodes16_LACP10 /home/lacp/NEWP/BENCHMARKS/NPB3.4.1/NPB3.4-MPI/bin/is.C.x 2>> /home/lacp/NEWP/LOGS/apps_exec_std_error &> >(tee -a /home/lacp/NEWP/LOGS/LOGS_BACKUP/is.802.3ad-4NICs-layer2.log > /tmp/nas.out) <<
Done!

3-is-16

Fri Dec  4 21:17:31 -03 2020
Executing >> mpiexec --mca btl self,tcp --mca btl_tcp_if_include eth0 -np 16 -machinefile /home/lacp/NEWP/MACHINE_FILES/nodes16_LACP10 /home/lacp/NEWP/BENCHMARKS/NPB3.4.1/NPB3.4-MPI/bin/is.C.x 2>> /home/lacp/NEWP/LOGS/apps_exec_std_error &> >(tee -a /home/lacp/NEWP/LOGS/LOGS_BACKUP/is.802.3ad-4NICs-layer2.log > /tmp/nas.out) <<
Done!

4-is-16

Fri Dec  4 21:17:47 -03 2020
Executing >> mpiexec --mca btl self,tcp --mca btl_tcp_if_include eth0 -np 16 -machinefile /home/lacp/NEWP/MACHINE_FILES/nodes16_LACP10 /home/lacp/NEWP/BENCHMARKS/NPB3.4.1/NPB3.4-MPI/bin/is.C.x 2>> /home/lacp/NEWP/LOGS/apps_exec_std_error &> >(tee -a /home/lacp/NEWP/LOGS/LOGS_BACKUP/is.802.3ad-4NICs-layer2.log > /tmp/nas.out) <<
Done!

5-is-16

Fri Dec  4 21:18:03 -03 2020
Executing >> mpiexec --mca btl self,tcp --mca btl_tcp_if_include eth0 -np 16 -machinefile /home/lacp/NEWP/MACHINE_FILES/nodes16_LACP10 /home/lacp/NEWP/BENCHMARKS/NPB3.4.1/NPB3.4-MPI/bin/is.C.x 2>> /home/lacp/NEWP/LOGS/apps_exec_std_error &> >(tee -a /home/lacp/NEWP/LOGS/LOGS_BACKUP/is.802.3ad-4NICs-layer2.log > /tmp/nas.out) <<
Done!

6-is-16

Fri Dec  4 21:18:19 -03 2020
Executing >> mpiexec --mca btl self,tcp --mca btl_tcp_if_include eth0 -np 16 -machinefile /home/lacp/NEWP/MACHINE_FILES/nodes16_LACP10 /home/lacp/NEWP/BENCHMARKS/NPB3.4.1/NPB3.4-MPI/bin/is.C.x 2>> /home/lacp/NEWP/LOGS/apps_exec_std_error &> >(tee -a /home/lacp/NEWP/LOGS/LOGS_BACKUP/is.802.3ad-4NICs-layer2.log > /tmp/nas.out) <<
Done!

7-is-16

Fri Dec  4 21:18:35 -03 2020
Executing >> mpiexec --mca btl self,tcp --mca btl_tcp_if_include eth0 -np 16 -machinefile /home/lacp/NEWP/MACHINE_FILES/nodes16_LACP10 /home/lacp/NEWP/BENCHMARKS/NPB3.4.1/NPB3.4-MPI/bin/is.C.x 2>> /home/lacp/NEWP/LOGS/apps_exec_std_error &> >(tee -a /home/lacp/NEWP/LOGS/LOGS_BACKUP/is.802.3ad-4NICs-layer2.log > /tmp/nas.out) <<
Done!

8-is-16

Fri Dec  4 21:18:51 -03 2020
Executing >> mpiexec --mca btl self,tcp --mca btl_tcp_if_include eth0 -np 16 -machinefile /home/lacp/NEWP/MACHINE_FILES/nodes16_LACP10 /home/lacp/NEWP/BENCHMARKS/NPB3.4.1/NPB3.4-MPI/bin/is.C.x 2>> /home/lacp/NEWP/LOGS/apps_exec_std_error &> >(tee -a /home/lacp/NEWP/LOGS/LOGS_BACKUP/is.802.3ad-4NICs-layer2.log > /tmp/nas.out) <<
Done!

9-is-16

Fri Dec  4 21:19:08 -03 2020
Executing >> mpiexec --mca btl self,tcp --mca btl_tcp_if_include eth0 -np 16 -machinefile /home/lacp/NEWP/MACHINE_FILES/nodes16_LACP10 /home/lacp/NEWP/BENCHMARKS/NPB3.4.1/NPB3.4-MPI/bin/is.C.x 2>> /home/lacp/NEWP/LOGS/apps_exec_std_error &> >(tee -a /home/lacp/NEWP/LOGS/LOGS_BACKUP/is.802.3ad-4NICs-layer2.log > /tmp/nas.out) <<
Done!

10-is-16

Fri Dec  4 21:19:24 -03 2020
Executing >> mpiexec --mca btl self,tcp --mca btl_tcp_if_include eth0 -np 16 -machinefile /home/lacp/NEWP/MACHINE_FILES/nodes16_LACP10 /home/lacp/NEWP/BENCHMARKS/NPB3.4.1/NPB3.4-MPI/bin/is.C.x 2>> /home/lacp/NEWP/LOGS/apps_exec_std_error &> >(tee -a /home/lacp/NEWP/LOGS/LOGS_BACKUP/is.802.3ad-4NICs-layer2.log > /tmp/nas.out) <<
Done!

11-ft-16

Fri Dec  4 21:19:40 -03 2020
Executing >> mpiexec --mca btl self,tcp --mca btl_tcp_if_include eth0 -np 16 -machinefile /home/lacp/NEWP/MACHINE_FILES/nodes16_LACP10 /home/lacp/NEWP/BENCHMARKS/NPB3.4.1/NPB3.4-MPI/bin/ft.C.x 2>> /home/lacp/NEWP/LOGS/apps_exec_std_error &> >(tee -a /home/lacp/NEWP/LOGS/LOGS_BACKUP/ft.802.3ad-4NICs-layer2.log > /tmp/nas.out) <<
Done!

12-ft-16

Fri Dec  4 21:21:35 -03 2020
Executing >> mpiexec --mca btl self,tcp --mca btl_tcp_if_include eth0 -np 16 -machinefile /home/lacp/NEWP/MACHINE_FILES/nodes16_LACP10 /home/lacp/NEWP/BENCHMARKS/NPB3.4.1/NPB3.4-MPI/bin/ft.C.x 2>> /home/lacp/NEWP/LOGS/apps_exec_std_error &> >(tee -a /home/lacp/NEWP/LOGS/LOGS_BACKUP/ft.802.3ad-4NICs-layer2.log > /tmp/nas.out) <<
Done!

13-ft-16

Fri Dec  4 21:23:29 -03 2020
Executing >> mpiexec --mca btl self,tcp --mca btl_tcp_if_include eth0 -np 16 -machinefile /home/lacp/NEWP/MACHINE_FILES/nodes16_LACP10 /home/lacp/NEWP/BENCHMARKS/NPB3.4.1/NPB3.4-MPI/bin/ft.C.x 2>> /home/lacp/NEWP/LOGS/apps_exec_std_error &> >(tee -a /home/lacp/NEWP/LOGS/LOGS_BACKUP/ft.802.3ad-4NICs-layer2.log > /tmp/nas.out) <<
Done!

14-ft-16

Fri Dec  4 21:25:22 -03 2020
Executing >> mpiexec --mca btl self,tcp --mca btl_tcp_if_include eth0 -np 16 -machinefile /home/lacp/NEWP/MACHINE_FILES/nodes16_LACP10 /home/lacp/NEWP/BENCHMARKS/NPB3.4.1/NPB3.4-MPI/bin/ft.C.x 2>> /home/lacp/NEWP/LOGS/apps_exec_std_error &> >(tee -a /home/lacp/NEWP/LOGS/LOGS_BACKUP/ft.802.3ad-4NICs-layer2.log > /tmp/nas.out) <<
Done!

15-ft-16

Fri Dec  4 21:27:16 -03 2020
Executing >> mpiexec --mca btl self,tcp --mca btl_tcp_if_include eth0 -np 16 -machinefile /home/lacp/NEWP/MACHINE_FILES/nodes16_LACP10 /home/lacp/NEWP/BENCHMARKS/NPB3.4.1/NPB3.4-MPI/bin/ft.C.x 2>> /home/lacp/NEWP/LOGS/apps_exec_std_error &> >(tee -a /home/lacp/NEWP/LOGS/LOGS_BACKUP/ft.802.3ad-4NICs-layer2.log > /tmp/nas.out) <<
Done!

16-ft-16

Fri Dec  4 21:29:11 -03 2020
Executing >> mpiexec --mca btl self,tcp --mca btl_tcp_if_include eth0 -np 16 -machinefile /home/lacp/NEWP/MACHINE_FILES/nodes16_LACP10 /home/lacp/NEWP/BENCHMARKS/NPB3.4.1/NPB3.4-MPI/bin/ft.C.x 2>> /home/lacp/NEWP/LOGS/apps_exec_std_error &> >(tee -a /home/lacp/NEWP/LOGS/LOGS_BACKUP/ft.802.3ad-4NICs-layer2.log > /tmp/nas.out) <<
Done!

17-ft-16

Fri Dec  4 21:31:04 -03 2020
Executing >> mpiexec --mca btl self,tcp --mca btl_tcp_if_include eth0 -np 16 -machinefile /home/lacp/NEWP/MACHINE_FILES/nodes16_LACP10 /home/lacp/NEWP/BENCHMARKS/NPB3.4.1/NPB3.4-MPI/bin/ft.C.x 2>> /home/lacp/NEWP/LOGS/apps_exec_std_error &> >(tee -a /home/lacp/NEWP/LOGS/LOGS_BACKUP/ft.802.3ad-4NICs-layer2.log > /tmp/nas.out) <<
Done!

18-ft-16

Fri Dec  4 21:32:58 -03 2020
Executing >> mpiexec --mca btl self,tcp --mca btl_tcp_if_include eth0 -np 16 -machinefile /home/lacp/NEWP/MACHINE_FILES/nodes16_LACP10 /home/lacp/NEWP/BENCHMARKS/NPB3.4.1/NPB3.4-MPI/bin/ft.C.x 2>> /home/lacp/NEWP/LOGS/apps_exec_std_error &> >(tee -a /home/lacp/NEWP/LOGS/LOGS_BACKUP/ft.802.3ad-4NICs-layer2.log > /tmp/nas.out) <<
Done!

19-ft-16

Fri Dec  4 21:34:52 -03 2020
Executing >> mpiexec --mca btl self,tcp --mca btl_tcp_if_include eth0 -np 16 -machinefile /home/lacp/NEWP/MACHINE_FILES/nodes16_LACP10 /home/lacp/NEWP/BENCHMARKS/NPB3.4.1/NPB3.4-MPI/bin/ft.C.x 2>> /home/lacp/NEWP/LOGS/apps_exec_std_error &> >(tee -a /home/lacp/NEWP/LOGS/LOGS_BACKUP/ft.802.3ad-4NICs-layer2.log > /tmp/nas.out) <<
Done!

20-ft-16

Fri Dec  4 21:36:46 -03 2020
Executing >> mpiexec --mca btl self,tcp --mca btl_tcp_if_include eth0 -np 16 -machinefile /home/lacp/NEWP/MACHINE_FILES/nodes16_LACP10 /home/lacp/NEWP/BENCHMARKS/NPB3.4.1/NPB3.4-MPI/bin/ft.C.x 2>> /home/lacp/NEWP/LOGS/apps_exec_std_error &> >(tee -a /home/lacp/NEWP/LOGS/LOGS_BACKUP/ft.802.3ad-4NICs-layer2.log > /tmp/nas.out) <<
Done!

21-is-16

Fri Dec  4 21:38:41 -03 2020
Executing >> mpiexec --mca btl self,tcp --mca btl_tcp_if_include eth0 -np 16 -machinefile /home/lacp/NEWP/MACHINE_FILES/nodes16_LACP10 /home/lacp/NEWP/BENCHMARKS/NPB3.4.1/NPB3.4-MPI/bin/is.C.x 2>> /home/lacp/NEWP/LOGS/apps_exec_std_error &> >(tee -a /home/lacp/NEWP/LOGS/LOGS_BACKUP/is.802.3ad-4NICs-layer2.log > /tmp/nas.out) <<
Done!

22-is-16

Fri Dec  4 21:38:57 -03 2020
Executing >> mpiexec --mca btl self,tcp --mca btl_tcp_if_include eth0 -np 16 -machinefile /home/lacp/NEWP/MACHINE_FILES/nodes16_LACP10 /home/lacp/NEWP/BENCHMARKS/NPB3.4.1/NPB3.4-MPI/bin/is.C.x 2>> /home/lacp/NEWP/LOGS/apps_exec_std_error &> >(tee -a /home/lacp/NEWP/LOGS/LOGS_BACKUP/is.802.3ad-4NICs-layer2.log > /tmp/nas.out) <<
Done!

23-is-16

Fri Dec  4 21:39:13 -03 2020
Executing >> mpiexec --mca btl self,tcp --mca btl_tcp_if_include eth0 -np 16 -machinefile /home/lacp/NEWP/MACHINE_FILES/nodes16_LACP10 /home/lacp/NEWP/BENCHMARKS/NPB3.4.1/NPB3.4-MPI/bin/is.C.x 2>> /home/lacp/NEWP/LOGS/apps_exec_std_error &> >(tee -a /home/lacp/NEWP/LOGS/LOGS_BACKUP/is.802.3ad-4NICs-layer2.log > /tmp/nas.out) <<
Done!

24-is-16

Fri Dec  4 21:39:29 -03 2020
Executing >> mpiexec --mca btl self,tcp --mca btl_tcp_if_include eth0 -np 16 -machinefile /home/lacp/NEWP/MACHINE_FILES/nodes16_LACP10 /home/lacp/NEWP/BENCHMARKS/NPB3.4.1/NPB3.4-MPI/bin/is.C.x 2>> /home/lacp/NEWP/LOGS/apps_exec_std_error &> >(tee -a /home/lacp/NEWP/LOGS/LOGS_BACKUP/is.802.3ad-4NICs-layer2.log > /tmp/nas.out) <<
Done!

25-is-16

Fri Dec  4 21:39:45 -03 2020
Executing >> mpiexec --mca btl self,tcp --mca btl_tcp_if_include eth0 -np 16 -machinefile /home/lacp/NEWP/MACHINE_FILES/nodes16_LACP10 /home/lacp/NEWP/BENCHMARKS/NPB3.4.1/NPB3.4-MPI/bin/is.C.x 2>> /home/lacp/NEWP/LOGS/apps_exec_std_error &> >(tee -a /home/lacp/NEWP/LOGS/LOGS_BACKUP/is.802.3ad-4NICs-layer2.log > /tmp/nas.out) <<
Done!

26-is-16

Fri Dec  4 21:40:01 -03 2020
Executing >> mpiexec --mca btl self,tcp --mca btl_tcp_if_include eth0 -np 16 -machinefile /home/lacp/NEWP/MACHINE_FILES/nodes16_LACP10 /home/lacp/NEWP/BENCHMARKS/NPB3.4.1/NPB3.4-MPI/bin/is.C.x 2>> /home/lacp/NEWP/LOGS/apps_exec_std_error &> >(tee -a /home/lacp/NEWP/LOGS/LOGS_BACKUP/is.802.3ad-4NICs-layer2.log > /tmp/nas.out) <<
Done!

27-is-16

Fri Dec  4 21:40:18 -03 2020
Executing >> mpiexec --mca btl self,tcp --mca btl_tcp_if_include eth0 -np 16 -machinefile /home/lacp/NEWP/MACHINE_FILES/nodes16_LACP10 /home/lacp/NEWP/BENCHMARKS/NPB3.4.1/NPB3.4-MPI/bin/is.C.x 2>> /home/lacp/NEWP/LOGS/apps_exec_std_error &> >(tee -a /home/lacp/NEWP/LOGS/LOGS_BACKUP/is.802.3ad-4NICs-layer2.log > /tmp/nas.out) <<
Done!

28-is-16

Fri Dec  4 21:40:34 -03 2020
Executing >> mpiexec --mca btl self,tcp --mca btl_tcp_if_include eth0 -np 16 -machinefile /home/lacp/NEWP/MACHINE_FILES/nodes16_LACP10 /home/lacp/NEWP/BENCHMARKS/NPB3.4.1/NPB3.4-MPI/bin/is.C.x 2>> /home/lacp/NEWP/LOGS/apps_exec_std_error &> >(tee -a /home/lacp/NEWP/LOGS/LOGS_BACKUP/is.802.3ad-4NICs-layer2.log > /tmp/nas.out) <<
Done!

29-is-16

Fri Dec  4 21:40:50 -03 2020
Executing >> mpiexec --mca btl self,tcp --mca btl_tcp_if_include eth0 -np 16 -machinefile /home/lacp/NEWP/MACHINE_FILES/nodes16_LACP10 /home/lacp/NEWP/BENCHMARKS/NPB3.4.1/NPB3.4-MPI/bin/is.C.x 2>> /home/lacp/NEWP/LOGS/apps_exec_std_error &> >(tee -a /home/lacp/NEWP/LOGS/LOGS_BACKUP/is.802.3ad-4NICs-layer2.log > /tmp/nas.out) <<
Done!

30-is-16

Fri Dec  4 21:41:06 -03 2020
Executing >> mpiexec --mca btl self,tcp --mca btl_tcp_if_include eth0 -np 16 -machinefile /home/lacp/NEWP/MACHINE_FILES/nodes16_LACP10 /home/lacp/NEWP/BENCHMARKS/NPB3.4.1/NPB3.4-MPI/bin/is.C.x 2>> /home/lacp/NEWP/LOGS/apps_exec_std_error &> >(tee -a /home/lacp/NEWP/LOGS/LOGS_BACKUP/is.802.3ad-4NICs-layer2.log > /tmp/nas.out) <<
Done!

31-ft-16

Fri Dec  4 21:41:22 -03 2020
Executing >> mpiexec --mca btl self,tcp --mca btl_tcp_if_include eth0 -np 16 -machinefile /home/lacp/NEWP/MACHINE_FILES/nodes16_LACP10 /home/lacp/NEWP/BENCHMARKS/NPB3.4.1/NPB3.4-MPI/bin/ft.C.x 2>> /home/lacp/NEWP/LOGS/apps_exec_std_error &> >(tee -a /home/lacp/NEWP/LOGS/LOGS_BACKUP/ft.802.3ad-4NICs-layer2.log > /tmp/nas.out) <<
Done!

32-ft-16

Fri Dec  4 21:43:17 -03 2020
Executing >> mpiexec --mca btl self,tcp --mca btl_tcp_if_include eth0 -np 16 -machinefile /home/lacp/NEWP/MACHINE_FILES/nodes16_LACP10 /home/lacp/NEWP/BENCHMARKS/NPB3.4.1/NPB3.4-MPI/bin/ft.C.x 2>> /home/lacp/NEWP/LOGS/apps_exec_std_error &> >(tee -a /home/lacp/NEWP/LOGS/LOGS_BACKUP/ft.802.3ad-4NICs-layer2.log > /tmp/nas.out) <<
Done!

33-ft-16

Fri Dec  4 21:45:10 -03 2020
Executing >> mpiexec --mca btl self,tcp --mca btl_tcp_if_include eth0 -np 16 -machinefile /home/lacp/NEWP/MACHINE_FILES/nodes16_LACP10 /home/lacp/NEWP/BENCHMARKS/NPB3.4.1/NPB3.4-MPI/bin/ft.C.x 2>> /home/lacp/NEWP/LOGS/apps_exec_std_error &> >(tee -a /home/lacp/NEWP/LOGS/LOGS_BACKUP/ft.802.3ad-4NICs-layer2.log > /tmp/nas.out) <<
Done!

34-ft-16

Fri Dec  4 21:47:04 -03 2020
Executing >> mpiexec --mca btl self,tcp --mca btl_tcp_if_include eth0 -np 16 -machinefile /home/lacp/NEWP/MACHINE_FILES/nodes16_LACP10 /home/lacp/NEWP/BENCHMARKS/NPB3.4.1/NPB3.4-MPI/bin/ft.C.x 2>> /home/lacp/NEWP/LOGS/apps_exec_std_error &> >(tee -a /home/lacp/NEWP/LOGS/LOGS_BACKUP/ft.802.3ad-4NICs-layer2.log > /tmp/nas.out) <<
Done!

35-ft-16

Fri Dec  4 21:48:58 -03 2020
Executing >> mpiexec --mca btl self,tcp --mca btl_tcp_if_include eth0 -np 16 -machinefile /home/lacp/NEWP/MACHINE_FILES/nodes16_LACP10 /home/lacp/NEWP/BENCHMARKS/NPB3.4.1/NPB3.4-MPI/bin/ft.C.x 2>> /home/lacp/NEWP/LOGS/apps_exec_std_error &> >(tee -a /home/lacp/NEWP/LOGS/LOGS_BACKUP/ft.802.3ad-4NICs-layer2.log > /tmp/nas.out) <<
Done!

36-ft-16

Fri Dec  4 21:50:52 -03 2020
Executing >> mpiexec --mca btl self,tcp --mca btl_tcp_if_include eth0 -np 16 -machinefile /home/lacp/NEWP/MACHINE_FILES/nodes16_LACP10 /home/lacp/NEWP/BENCHMARKS/NPB3.4.1/NPB3.4-MPI/bin/ft.C.x 2>> /home/lacp/NEWP/LOGS/apps_exec_std_error &> >(tee -a /home/lacp/NEWP/LOGS/LOGS_BACKUP/ft.802.3ad-4NICs-layer2.log > /tmp/nas.out) <<
Done!

37-ft-16

Fri Dec  4 21:52:46 -03 2020
Executing >> mpiexec --mca btl self,tcp --mca btl_tcp_if_include eth0 -np 16 -machinefile /home/lacp/NEWP/MACHINE_FILES/nodes16_LACP10 /home/lacp/NEWP/BENCHMARKS/NPB3.4.1/NPB3.4-MPI/bin/ft.C.x 2>> /home/lacp/NEWP/LOGS/apps_exec_std_error &> >(tee -a /home/lacp/NEWP/LOGS/LOGS_BACKUP/ft.802.3ad-4NICs-layer2.log > /tmp/nas.out) <<
Done!

38-ft-16

Fri Dec  4 21:54:40 -03 2020
Executing >> mpiexec --mca btl self,tcp --mca btl_tcp_if_include eth0 -np 16 -machinefile /home/lacp/NEWP/MACHINE_FILES/nodes16_LACP10 /home/lacp/NEWP/BENCHMARKS/NPB3.4.1/NPB3.4-MPI/bin/ft.C.x 2>> /home/lacp/NEWP/LOGS/apps_exec_std_error &> >(tee -a /home/lacp/NEWP/LOGS/LOGS_BACKUP/ft.802.3ad-4NICs-layer2.log > /tmp/nas.out) <<
Done!

39-ft-16

Fri Dec  4 21:56:33 -03 2020
Executing >> mpiexec --mca btl self,tcp --mca btl_tcp_if_include eth0 -np 16 -machinefile /home/lacp/NEWP/MACHINE_FILES/nodes16_LACP10 /home/lacp/NEWP/BENCHMARKS/NPB3.4.1/NPB3.4-MPI/bin/ft.C.x 2>> /home/lacp/NEWP/LOGS/apps_exec_std_error &> >(tee -a /home/lacp/NEWP/LOGS/LOGS_BACKUP/ft.802.3ad-4NICs-layer2.log > /tmp/nas.out) <<
Done!

40-ft-16

Fri Dec  4 21:58:29 -03 2020
Executing >> mpiexec --mca btl self,tcp --mca btl_tcp_if_include eth0 -np 16 -machinefile /home/lacp/NEWP/MACHINE_FILES/nodes16_LACP10 /home/lacp/NEWP/BENCHMARKS/NPB3.4.1/NPB3.4-MPI/bin/ft.C.x 2>> /home/lacp/NEWP/LOGS/apps_exec_std_error &> >(tee -a /home/lacp/NEWP/LOGS/LOGS_BACKUP/ft.802.3ad-4NICs-layer2.log > /tmp/nas.out) <<
Done!

41-bt-16

Fri Dec  4 22:00:23 -03 2020
Executing >> mpiexec --mca btl self,tcp --mca btl_tcp_if_include eth0 -np 16 -machinefile /home/lacp/NEWP/MACHINE_FILES/nodes16_LACP10 /home/lacp/NEWP/BENCHMARKS/NPB3.4.1/NPB3.4-MPI/bin/bt.C.x 2>> /home/lacp/NEWP/LOGS/apps_exec_std_error &> >(tee -a /home/lacp/NEWP/LOGS/LOGS_BACKUP/bt.802.3ad-4NICs-layer2.log > /tmp/nas.out) <<
Done!

42-bt-16

Fri Dec  4 22:03:23 -03 2020
Executing >> mpiexec --mca btl self,tcp --mca btl_tcp_if_include eth0 -np 16 -machinefile /home/lacp/NEWP/MACHINE_FILES/nodes16_LACP10 /home/lacp/NEWP/BENCHMARKS/NPB3.4.1/NPB3.4-MPI/bin/bt.C.x 2>> /home/lacp/NEWP/LOGS/apps_exec_std_error &> >(tee -a /home/lacp/NEWP/LOGS/LOGS_BACKUP/bt.802.3ad-4NICs-layer2.log > /tmp/nas.out) <<
Done!

43-bt-16

Fri Dec  4 22:06:22 -03 2020
Executing >> mpiexec --mca btl self,tcp --mca btl_tcp_if_include eth0 -np 16 -machinefile /home/lacp/NEWP/MACHINE_FILES/nodes16_LACP10 /home/lacp/NEWP/BENCHMARKS/NPB3.4.1/NPB3.4-MPI/bin/bt.C.x 2>> /home/lacp/NEWP/LOGS/apps_exec_std_error &> >(tee -a /home/lacp/NEWP/LOGS/LOGS_BACKUP/bt.802.3ad-4NICs-layer2.log > /tmp/nas.out) <<
Done!

44-bt-16

Fri Dec  4 22:09:21 -03 2020
Executing >> mpiexec --mca btl self,tcp --mca btl_tcp_if_include eth0 -np 16 -machinefile /home/lacp/NEWP/MACHINE_FILES/nodes16_LACP10 /home/lacp/NEWP/BENCHMARKS/NPB3.4.1/NPB3.4-MPI/bin/bt.C.x 2>> /home/lacp/NEWP/LOGS/apps_exec_std_error &> >(tee -a /home/lacp/NEWP/LOGS/LOGS_BACKUP/bt.802.3ad-4NICs-layer2.log > /tmp/nas.out) <<
Done!

45-bt-16

Fri Dec  4 22:12:20 -03 2020
Executing >> mpiexec --mca btl self,tcp --mca btl_tcp_if_include eth0 -np 16 -machinefile /home/lacp/NEWP/MACHINE_FILES/nodes16_LACP10 /home/lacp/NEWP/BENCHMARKS/NPB3.4.1/NPB3.4-MPI/bin/bt.C.x 2>> /home/lacp/NEWP/LOGS/apps_exec_std_error &> >(tee -a /home/lacp/NEWP/LOGS/LOGS_BACKUP/bt.802.3ad-4NICs-layer2.log > /tmp/nas.out) <<
Done!

46-bt-16

Fri Dec  4 22:15:19 -03 2020
Executing >> mpiexec --mca btl self,tcp --mca btl_tcp_if_include eth0 -np 16 -machinefile /home/lacp/NEWP/MACHINE_FILES/nodes16_LACP10 /home/lacp/NEWP/BENCHMARKS/NPB3.4.1/NPB3.4-MPI/bin/bt.C.x 2>> /home/lacp/NEWP/LOGS/apps_exec_std_error &> >(tee -a /home/lacp/NEWP/LOGS/LOGS_BACKUP/bt.802.3ad-4NICs-layer2.log > /tmp/nas.out) <<
Done!

47-bt-16

Fri Dec  4 22:18:19 -03 2020
Executing >> mpiexec --mca btl self,tcp --mca btl_tcp_if_include eth0 -np 16 -machinefile /home/lacp/NEWP/MACHINE_FILES/nodes16_LACP10 /home/lacp/NEWP/BENCHMARKS/NPB3.4.1/NPB3.4-MPI/bin/bt.C.x 2>> /home/lacp/NEWP/LOGS/apps_exec_std_error &> >(tee -a /home/lacp/NEWP/LOGS/LOGS_BACKUP/bt.802.3ad-4NICs-layer2.log > /tmp/nas.out) <<
Done!

48-bt-16

Fri Dec  4 22:21:18 -03 2020
Executing >> mpiexec --mca btl self,tcp --mca btl_tcp_if_include eth0 -np 16 -machinefile /home/lacp/NEWP/MACHINE_FILES/nodes16_LACP10 /home/lacp/NEWP/BENCHMARKS/NPB3.4.1/NPB3.4-MPI/bin/bt.C.x 2>> /home/lacp/NEWP/LOGS/apps_exec_std_error &> >(tee -a /home/lacp/NEWP/LOGS/LOGS_BACKUP/bt.802.3ad-4NICs-layer2.log > /tmp/nas.out) <<
Done!

49-bt-16

Fri Dec  4 22:24:18 -03 2020
Executing >> mpiexec --mca btl self,tcp --mca btl_tcp_if_include eth0 -np 16 -machinefile /home/lacp/NEWP/MACHINE_FILES/nodes16_LACP10 /home/lacp/NEWP/BENCHMARKS/NPB3.4.1/NPB3.4-MPI/bin/bt.C.x 2>> /home/lacp/NEWP/LOGS/apps_exec_std_error &> >(tee -a /home/lacp/NEWP/LOGS/LOGS_BACKUP/bt.802.3ad-4NICs-layer2.log > /tmp/nas.out) <<
Done!

50-bt-16

Fri Dec  4 22:27:17 -03 2020
Executing >> mpiexec --mca btl self,tcp --mca btl_tcp_if_include eth0 -np 16 -machinefile /home/lacp/NEWP/MACHINE_FILES/nodes16_LACP10 /home/lacp/NEWP/BENCHMARKS/NPB3.4.1/NPB3.4-MPI/bin/bt.C.x 2>> /home/lacp/NEWP/LOGS/apps_exec_std_error &> >(tee -a /home/lacp/NEWP/LOGS/LOGS_BACKUP/bt.802.3ad-4NICs-layer2.log > /tmp/nas.out) <<
Done!

51-sp-16

Fri Dec  4 22:30:18 -03 2020
Executing >> mpiexec --mca btl self,tcp --mca btl_tcp_if_include eth0 -np 16 -machinefile /home/lacp/NEWP/MACHINE_FILES/nodes16_LACP10 /home/lacp/NEWP/BENCHMARKS/NPB3.4.1/NPB3.4-MPI/bin/sp.C.x 2>> /home/lacp/NEWP/LOGS/apps_exec_std_error &> >(tee -a /home/lacp/NEWP/LOGS/LOGS_BACKUP/sp.802.3ad-4NICs-layer2.log > /tmp/nas.out) <<
Done!

52-sp-16

Fri Dec  4 22:33:33 -03 2020
Executing >> mpiexec --mca btl self,tcp --mca btl_tcp_if_include eth0 -np 16 -machinefile /home/lacp/NEWP/MACHINE_FILES/nodes16_LACP10 /home/lacp/NEWP/BENCHMARKS/NPB3.4.1/NPB3.4-MPI/bin/sp.C.x 2>> /home/lacp/NEWP/LOGS/apps_exec_std_error &> >(tee -a /home/lacp/NEWP/LOGS/LOGS_BACKUP/sp.802.3ad-4NICs-layer2.log > /tmp/nas.out) <<
Done!

53-sp-16

Fri Dec  4 22:36:50 -03 2020
Executing >> mpiexec --mca btl self,tcp --mca btl_tcp_if_include eth0 -np 16 -machinefile /home/lacp/NEWP/MACHINE_FILES/nodes16_LACP10 /home/lacp/NEWP/BENCHMARKS/NPB3.4.1/NPB3.4-MPI/bin/sp.C.x 2>> /home/lacp/NEWP/LOGS/apps_exec_std_error &> >(tee -a /home/lacp/NEWP/LOGS/LOGS_BACKUP/sp.802.3ad-4NICs-layer2.log > /tmp/nas.out) <<
Done!

54-sp-16

Fri Dec  4 22:40:05 -03 2020
Executing >> mpiexec --mca btl self,tcp --mca btl_tcp_if_include eth0 -np 16 -machinefile /home/lacp/NEWP/MACHINE_FILES/nodes16_LACP10 /home/lacp/NEWP/BENCHMARKS/NPB3.4.1/NPB3.4-MPI/bin/sp.C.x 2>> /home/lacp/NEWP/LOGS/apps_exec_std_error &> >(tee -a /home/lacp/NEWP/LOGS/LOGS_BACKUP/sp.802.3ad-4NICs-layer2.log > /tmp/nas.out) <<
Done!

55-sp-16

Fri Dec  4 22:43:21 -03 2020
Executing >> mpiexec --mca btl self,tcp --mca btl_tcp_if_include eth0 -np 16 -machinefile /home/lacp/NEWP/MACHINE_FILES/nodes16_LACP10 /home/lacp/NEWP/BENCHMARKS/NPB3.4.1/NPB3.4-MPI/bin/sp.C.x 2>> /home/lacp/NEWP/LOGS/apps_exec_std_error &> >(tee -a /home/lacp/NEWP/LOGS/LOGS_BACKUP/sp.802.3ad-4NICs-layer2.log > /tmp/nas.out) <<
Done!

56-sp-16

Fri Dec  4 22:46:38 -03 2020
Executing >> mpiexec --mca btl self,tcp --mca btl_tcp_if_include eth0 -np 16 -machinefile /home/lacp/NEWP/MACHINE_FILES/nodes16_LACP10 /home/lacp/NEWP/BENCHMARKS/NPB3.4.1/NPB3.4-MPI/bin/sp.C.x 2>> /home/lacp/NEWP/LOGS/apps_exec_std_error &> >(tee -a /home/lacp/NEWP/LOGS/LOGS_BACKUP/sp.802.3ad-4NICs-layer2.log > /tmp/nas.out) <<
Done!

57-sp-16

Fri Dec  4 22:49:53 -03 2020
Executing >> mpiexec --mca btl self,tcp --mca btl_tcp_if_include eth0 -np 16 -machinefile /home/lacp/NEWP/MACHINE_FILES/nodes16_LACP10 /home/lacp/NEWP/BENCHMARKS/NPB3.4.1/NPB3.4-MPI/bin/sp.C.x 2>> /home/lacp/NEWP/LOGS/apps_exec_std_error &> >(tee -a /home/lacp/NEWP/LOGS/LOGS_BACKUP/sp.802.3ad-4NICs-layer2.log > /tmp/nas.out) <<
Done!

58-sp-16

Fri Dec  4 22:53:10 -03 2020
Executing >> mpiexec --mca btl self,tcp --mca btl_tcp_if_include eth0 -np 16 -machinefile /home/lacp/NEWP/MACHINE_FILES/nodes16_LACP10 /home/lacp/NEWP/BENCHMARKS/NPB3.4.1/NPB3.4-MPI/bin/sp.C.x 2>> /home/lacp/NEWP/LOGS/apps_exec_std_error &> >(tee -a /home/lacp/NEWP/LOGS/LOGS_BACKUP/sp.802.3ad-4NICs-layer2.log > /tmp/nas.out) <<
Done!

59-sp-16

Fri Dec  4 22:56:27 -03 2020
Executing >> mpiexec --mca btl self,tcp --mca btl_tcp_if_include eth0 -np 16 -machinefile /home/lacp/NEWP/MACHINE_FILES/nodes16_LACP10 /home/lacp/NEWP/BENCHMARKS/NPB3.4.1/NPB3.4-MPI/bin/sp.C.x 2>> /home/lacp/NEWP/LOGS/apps_exec_std_error &> >(tee -a /home/lacp/NEWP/LOGS/LOGS_BACKUP/sp.802.3ad-4NICs-layer2.log > /tmp/nas.out) <<
Done!

60-sp-16

Fri Dec  4 22:59:43 -03 2020
Executing >> mpiexec --mca btl self,tcp --mca btl_tcp_if_include eth0 -np 16 -machinefile /home/lacp/NEWP/MACHINE_FILES/nodes16_LACP10 /home/lacp/NEWP/BENCHMARKS/NPB3.4.1/NPB3.4-MPI/bin/sp.C.x 2>> /home/lacp/NEWP/LOGS/apps_exec_std_error &> >(tee -a /home/lacp/NEWP/LOGS/LOGS_BACKUP/sp.802.3ad-4NICs-layer2.log > /tmp/nas.out) <<
Done!

61-bt-16

Fri Dec  4 23:02:58 -03 2020
Executing >> mpiexec --mca btl self,tcp --mca btl_tcp_if_include eth0 -np 16 -machinefile /home/lacp/NEWP/MACHINE_FILES/nodes16_LACP10 /home/lacp/NEWP/BENCHMARKS/NPB3.4.1/NPB3.4-MPI/bin/bt.C.x 2>> /home/lacp/NEWP/LOGS/apps_exec_std_error &> >(tee -a /home/lacp/NEWP/LOGS/LOGS_BACKUP/bt.802.3ad-4NICs-layer2.log > /tmp/nas.out) <<
Done!

62-bt-16

Fri Dec  4 23:05:58 -03 2020
Executing >> mpiexec --mca btl self,tcp --mca btl_tcp_if_include eth0 -np 16 -machinefile /home/lacp/NEWP/MACHINE_FILES/nodes16_LACP10 /home/lacp/NEWP/BENCHMARKS/NPB3.4.1/NPB3.4-MPI/bin/bt.C.x 2>> /home/lacp/NEWP/LOGS/apps_exec_std_error &> >(tee -a /home/lacp/NEWP/LOGS/LOGS_BACKUP/bt.802.3ad-4NICs-layer2.log > /tmp/nas.out) <<
Done!

63-bt-16

Fri Dec  4 23:08:57 -03 2020
Executing >> mpiexec --mca btl self,tcp --mca btl_tcp_if_include eth0 -np 16 -machinefile /home/lacp/NEWP/MACHINE_FILES/nodes16_LACP10 /home/lacp/NEWP/BENCHMARKS/NPB3.4.1/NPB3.4-MPI/bin/bt.C.x 2>> /home/lacp/NEWP/LOGS/apps_exec_std_error &> >(tee -a /home/lacp/NEWP/LOGS/LOGS_BACKUP/bt.802.3ad-4NICs-layer2.log > /tmp/nas.out) <<
Done!

64-bt-16

Fri Dec  4 23:11:56 -03 2020
Executing >> mpiexec --mca btl self,tcp --mca btl_tcp_if_include eth0 -np 16 -machinefile /home/lacp/NEWP/MACHINE_FILES/nodes16_LACP10 /home/lacp/NEWP/BENCHMARKS/NPB3.4.1/NPB3.4-MPI/bin/bt.C.x 2>> /home/lacp/NEWP/LOGS/apps_exec_std_error &> >(tee -a /home/lacp/NEWP/LOGS/LOGS_BACKUP/bt.802.3ad-4NICs-layer2.log > /tmp/nas.out) <<
Done!

65-bt-16

Fri Dec  4 23:14:55 -03 2020
Executing >> mpiexec --mca btl self,tcp --mca btl_tcp_if_include eth0 -np 16 -machinefile /home/lacp/NEWP/MACHINE_FILES/nodes16_LACP10 /home/lacp/NEWP/BENCHMARKS/NPB3.4.1/NPB3.4-MPI/bin/bt.C.x 2>> /home/lacp/NEWP/LOGS/apps_exec_std_error &> >(tee -a /home/lacp/NEWP/LOGS/LOGS_BACKUP/bt.802.3ad-4NICs-layer2.log > /tmp/nas.out) <<
Done!

66-bt-16

Fri Dec  4 23:17:56 -03 2020
Executing >> mpiexec --mca btl self,tcp --mca btl_tcp_if_include eth0 -np 16 -machinefile /home/lacp/NEWP/MACHINE_FILES/nodes16_LACP10 /home/lacp/NEWP/BENCHMARKS/NPB3.4.1/NPB3.4-MPI/bin/bt.C.x 2>> /home/lacp/NEWP/LOGS/apps_exec_std_error &> >(tee -a /home/lacp/NEWP/LOGS/LOGS_BACKUP/bt.802.3ad-4NICs-layer2.log > /tmp/nas.out) <<
Done!

67-bt-16

Fri Dec  4 23:20:55 -03 2020
Executing >> mpiexec --mca btl self,tcp --mca btl_tcp_if_include eth0 -np 16 -machinefile /home/lacp/NEWP/MACHINE_FILES/nodes16_LACP10 /home/lacp/NEWP/BENCHMARKS/NPB3.4.1/NPB3.4-MPI/bin/bt.C.x 2>> /home/lacp/NEWP/LOGS/apps_exec_std_error &> >(tee -a /home/lacp/NEWP/LOGS/LOGS_BACKUP/bt.802.3ad-4NICs-layer2.log > /tmp/nas.out) <<
Done!

68-bt-16

Fri Dec  4 23:23:53 -03 2020
Executing >> mpiexec --mca btl self,tcp --mca btl_tcp_if_include eth0 -np 16 -machinefile /home/lacp/NEWP/MACHINE_FILES/nodes16_LACP10 /home/lacp/NEWP/BENCHMARKS/NPB3.4.1/NPB3.4-MPI/bin/bt.C.x 2>> /home/lacp/NEWP/LOGS/apps_exec_std_error &> >(tee -a /home/lacp/NEWP/LOGS/LOGS_BACKUP/bt.802.3ad-4NICs-layer2.log > /tmp/nas.out) <<
Done!

69-bt-16

Fri Dec  4 23:26:52 -03 2020
Executing >> mpiexec --mca btl self,tcp --mca btl_tcp_if_include eth0 -np 16 -machinefile /home/lacp/NEWP/MACHINE_FILES/nodes16_LACP10 /home/lacp/NEWP/BENCHMARKS/NPB3.4.1/NPB3.4-MPI/bin/bt.C.x 2>> /home/lacp/NEWP/LOGS/apps_exec_std_error &> >(tee -a /home/lacp/NEWP/LOGS/LOGS_BACKUP/bt.802.3ad-4NICs-layer2.log > /tmp/nas.out) <<
Done!

70-bt-16

Fri Dec  4 23:29:52 -03 2020
Executing >> mpiexec --mca btl self,tcp --mca btl_tcp_if_include eth0 -np 16 -machinefile /home/lacp/NEWP/MACHINE_FILES/nodes16_LACP10 /home/lacp/NEWP/BENCHMARKS/NPB3.4.1/NPB3.4-MPI/bin/bt.C.x 2>> /home/lacp/NEWP/LOGS/apps_exec_std_error &> >(tee -a /home/lacp/NEWP/LOGS/LOGS_BACKUP/bt.802.3ad-4NICs-layer2.log > /tmp/nas.out) <<
Done!

71-sp-16

Fri Dec  4 23:32:52 -03 2020
Executing >> mpiexec --mca btl self,tcp --mca btl_tcp_if_include eth0 -np 16 -machinefile /home/lacp/NEWP/MACHINE_FILES/nodes16_LACP10 /home/lacp/NEWP/BENCHMARKS/NPB3.4.1/NPB3.4-MPI/bin/sp.C.x 2>> /home/lacp/NEWP/LOGS/apps_exec_std_error &> >(tee -a /home/lacp/NEWP/LOGS/LOGS_BACKUP/sp.802.3ad-4NICs-layer2.log > /tmp/nas.out) <<
Done!

72-sp-16

Fri Dec  4 23:36:08 -03 2020
Executing >> mpiexec --mca btl self,tcp --mca btl_tcp_if_include eth0 -np 16 -machinefile /home/lacp/NEWP/MACHINE_FILES/nodes16_LACP10 /home/lacp/NEWP/BENCHMARKS/NPB3.4.1/NPB3.4-MPI/bin/sp.C.x 2>> /home/lacp/NEWP/LOGS/apps_exec_std_error &> >(tee -a /home/lacp/NEWP/LOGS/LOGS_BACKUP/sp.802.3ad-4NICs-layer2.log > /tmp/nas.out) <<
Done!

73-sp-16

Fri Dec  4 23:39:25 -03 2020
Executing >> mpiexec --mca btl self,tcp --mca btl_tcp_if_include eth0 -np 16 -machinefile /home/lacp/NEWP/MACHINE_FILES/nodes16_LACP10 /home/lacp/NEWP/BENCHMARKS/NPB3.4.1/NPB3.4-MPI/bin/sp.C.x 2>> /home/lacp/NEWP/LOGS/apps_exec_std_error &> >(tee -a /home/lacp/NEWP/LOGS/LOGS_BACKUP/sp.802.3ad-4NICs-layer2.log > /tmp/nas.out) <<
Done!

74-sp-16

Fri Dec  4 23:42:41 -03 2020
Executing >> mpiexec --mca btl self,tcp --mca btl_tcp_if_include eth0 -np 16 -machinefile /home/lacp/NEWP/MACHINE_FILES/nodes16_LACP10 /home/lacp/NEWP/BENCHMARKS/NPB3.4.1/NPB3.4-MPI/bin/sp.C.x 2>> /home/lacp/NEWP/LOGS/apps_exec_std_error &> >(tee -a /home/lacp/NEWP/LOGS/LOGS_BACKUP/sp.802.3ad-4NICs-layer2.log > /tmp/nas.out) <<
Done!

75-sp-16

Fri Dec  4 23:45:57 -03 2020
Executing >> mpiexec --mca btl self,tcp --mca btl_tcp_if_include eth0 -np 16 -machinefile /home/lacp/NEWP/MACHINE_FILES/nodes16_LACP10 /home/lacp/NEWP/BENCHMARKS/NPB3.4.1/NPB3.4-MPI/bin/sp.C.x 2>> /home/lacp/NEWP/LOGS/apps_exec_std_error &> >(tee -a /home/lacp/NEWP/LOGS/LOGS_BACKUP/sp.802.3ad-4NICs-layer2.log > /tmp/nas.out) <<
Done!

76-sp-16

Fri Dec  4 23:49:14 -03 2020
Executing >> mpiexec --mca btl self,tcp --mca btl_tcp_if_include eth0 -np 16 -machinefile /home/lacp/NEWP/MACHINE_FILES/nodes16_LACP10 /home/lacp/NEWP/BENCHMARKS/NPB3.4.1/NPB3.4-MPI/bin/sp.C.x 2>> /home/lacp/NEWP/LOGS/apps_exec_std_error &> >(tee -a /home/lacp/NEWP/LOGS/LOGS_BACKUP/sp.802.3ad-4NICs-layer2.log > /tmp/nas.out) <<
Done!

77-sp-16

Fri Dec  4 23:52:29 -03 2020
Executing >> mpiexec --mca btl self,tcp --mca btl_tcp_if_include eth0 -np 16 -machinefile /home/lacp/NEWP/MACHINE_FILES/nodes16_LACP10 /home/lacp/NEWP/BENCHMARKS/NPB3.4.1/NPB3.4-MPI/bin/sp.C.x 2>> /home/lacp/NEWP/LOGS/apps_exec_std_error &> >(tee -a /home/lacp/NEWP/LOGS/LOGS_BACKUP/sp.802.3ad-4NICs-layer2.log > /tmp/nas.out) <<
Done!

78-sp-16

Fri Dec  4 23:55:45 -03 2020
Executing >> mpiexec --mca btl self,tcp --mca btl_tcp_if_include eth0 -np 16 -machinefile /home/lacp/NEWP/MACHINE_FILES/nodes16_LACP10 /home/lacp/NEWP/BENCHMARKS/NPB3.4.1/NPB3.4-MPI/bin/sp.C.x 2>> /home/lacp/NEWP/LOGS/apps_exec_std_error &> >(tee -a /home/lacp/NEWP/LOGS/LOGS_BACKUP/sp.802.3ad-4NICs-layer2.log > /tmp/nas.out) <<
Done!

79-sp-16

Fri Dec  4 23:59:01 -03 2020
Executing >> mpiexec --mca btl self,tcp --mca btl_tcp_if_include eth0 -np 16 -machinefile /home/lacp/NEWP/MACHINE_FILES/nodes16_LACP10 /home/lacp/NEWP/BENCHMARKS/NPB3.4.1/NPB3.4-MPI/bin/sp.C.x 2>> /home/lacp/NEWP/LOGS/apps_exec_std_error &> >(tee -a /home/lacp/NEWP/LOGS/LOGS_BACKUP/sp.802.3ad-4NICs-layer2.log > /tmp/nas.out) <<
Done!

80-sp-16

Sat Dec  5 00:02:16 -03 2020
Executing >> mpiexec --mca btl self,tcp --mca btl_tcp_if_include eth0 -np 16 -machinefile /home/lacp/NEWP/MACHINE_FILES/nodes16_LACP10 /home/lacp/NEWP/BENCHMARKS/NPB3.4.1/NPB3.4-MPI/bin/sp.C.x 2>> /home/lacp/NEWP/LOGS/apps_exec_std_error &> >(tee -a /home/lacp/NEWP/LOGS/LOGS_BACKUP/sp.802.3ad-4NICs-layer2.log > /tmp/nas.out) <<
Done!

81-bt-16

Sat Dec  5 00:05:32 -03 2020
Executing >> mpiexec --mca btl self,tcp --mca btl_tcp_if_include eth0 -np 16 -machinefile /home/lacp/NEWP/MACHINE_FILES/nodes16_LACP10 /home/lacp/NEWP/BENCHMARKS/NPB3.4.1/NPB3.4-MPI/bin/bt.C.x 2>> /home/lacp/NEWP/LOGS/apps_exec_std_error &> >(tee -a /home/lacp/NEWP/LOGS/LOGS_BACKUP/bt.802.3ad-4NICs-layer2.log > /tmp/nas.out) <<
Done!

82-bt-16

Sat Dec  5 00:08:32 -03 2020
Executing >> mpiexec --mca btl self,tcp --mca btl_tcp_if_include eth0 -np 16 -machinefile /home/lacp/NEWP/MACHINE_FILES/nodes16_LACP10 /home/lacp/NEWP/BENCHMARKS/NPB3.4.1/NPB3.4-MPI/bin/bt.C.x 2>> /home/lacp/NEWP/LOGS/apps_exec_std_error &> >(tee -a /home/lacp/NEWP/LOGS/LOGS_BACKUP/bt.802.3ad-4NICs-layer2.log > /tmp/nas.out) <<
Done!

83-bt-16

Sat Dec  5 00:11:30 -03 2020
Executing >> mpiexec --mca btl self,tcp --mca btl_tcp_if_include eth0 -np 16 -machinefile /home/lacp/NEWP/MACHINE_FILES/nodes16_LACP10 /home/lacp/NEWP/BENCHMARKS/NPB3.4.1/NPB3.4-MPI/bin/bt.C.x 2>> /home/lacp/NEWP/LOGS/apps_exec_std_error &> >(tee -a /home/lacp/NEWP/LOGS/LOGS_BACKUP/bt.802.3ad-4NICs-layer2.log > /tmp/nas.out) <<
Done!

84-bt-16

Sat Dec  5 00:14:30 -03 2020
Executing >> mpiexec --mca btl self,tcp --mca btl_tcp_if_include eth0 -np 16 -machinefile /home/lacp/NEWP/MACHINE_FILES/nodes16_LACP10 /home/lacp/NEWP/BENCHMARKS/NPB3.4.1/NPB3.4-MPI/bin/bt.C.x 2>> /home/lacp/NEWP/LOGS/apps_exec_std_error &> >(tee -a /home/lacp/NEWP/LOGS/LOGS_BACKUP/bt.802.3ad-4NICs-layer2.log > /tmp/nas.out) <<
Done!

85-bt-16

Sat Dec  5 00:17:29 -03 2020
Executing >> mpiexec --mca btl self,tcp --mca btl_tcp_if_include eth0 -np 16 -machinefile /home/lacp/NEWP/MACHINE_FILES/nodes16_LACP10 /home/lacp/NEWP/BENCHMARKS/NPB3.4.1/NPB3.4-MPI/bin/bt.C.x 2>> /home/lacp/NEWP/LOGS/apps_exec_std_error &> >(tee -a /home/lacp/NEWP/LOGS/LOGS_BACKUP/bt.802.3ad-4NICs-layer2.log > /tmp/nas.out) <<
Done!

86-bt-16

Sat Dec  5 00:20:29 -03 2020
Executing >> mpiexec --mca btl self,tcp --mca btl_tcp_if_include eth0 -np 16 -machinefile /home/lacp/NEWP/MACHINE_FILES/nodes16_LACP10 /home/lacp/NEWP/BENCHMARKS/NPB3.4.1/NPB3.4-MPI/bin/bt.C.x 2>> /home/lacp/NEWP/LOGS/apps_exec_std_error &> >(tee -a /home/lacp/NEWP/LOGS/LOGS_BACKUP/bt.802.3ad-4NICs-layer2.log > /tmp/nas.out) <<
Done!

87-bt-16

Sat Dec  5 00:23:28 -03 2020
Executing >> mpiexec --mca btl self,tcp --mca btl_tcp_if_include eth0 -np 16 -machinefile /home/lacp/NEWP/MACHINE_FILES/nodes16_LACP10 /home/lacp/NEWP/BENCHMARKS/NPB3.4.1/NPB3.4-MPI/bin/bt.C.x 2>> /home/lacp/NEWP/LOGS/apps_exec_std_error &> >(tee -a /home/lacp/NEWP/LOGS/LOGS_BACKUP/bt.802.3ad-4NICs-layer2.log > /tmp/nas.out) <<
Done!

88-bt-16

Sat Dec  5 00:26:28 -03 2020
Executing >> mpiexec --mca btl self,tcp --mca btl_tcp_if_include eth0 -np 16 -machinefile /home/lacp/NEWP/MACHINE_FILES/nodes16_LACP10 /home/lacp/NEWP/BENCHMARKS/NPB3.4.1/NPB3.4-MPI/bin/bt.C.x 2>> /home/lacp/NEWP/LOGS/apps_exec_std_error &> >(tee -a /home/lacp/NEWP/LOGS/LOGS_BACKUP/bt.802.3ad-4NICs-layer2.log > /tmp/nas.out) <<
Done!

89-bt-16

Sat Dec  5 00:29:27 -03 2020
Executing >> mpiexec --mca btl self,tcp --mca btl_tcp_if_include eth0 -np 16 -machinefile /home/lacp/NEWP/MACHINE_FILES/nodes16_LACP10 /home/lacp/NEWP/BENCHMARKS/NPB3.4.1/NPB3.4-MPI/bin/bt.C.x 2>> /home/lacp/NEWP/LOGS/apps_exec_std_error &> >(tee -a /home/lacp/NEWP/LOGS/LOGS_BACKUP/bt.802.3ad-4NICs-layer2.log > /tmp/nas.out) <<
Done!

90-bt-16

Sat Dec  5 00:32:26 -03 2020
Executing >> mpiexec --mca btl self,tcp --mca btl_tcp_if_include eth0 -np 16 -machinefile /home/lacp/NEWP/MACHINE_FILES/nodes16_LACP10 /home/lacp/NEWP/BENCHMARKS/NPB3.4.1/NPB3.4-MPI/bin/bt.C.x 2>> /home/lacp/NEWP/LOGS/apps_exec_std_error &> >(tee -a /home/lacp/NEWP/LOGS/LOGS_BACKUP/bt.802.3ad-4NICs-layer2.log > /tmp/nas.out) <<
Done!

91-sp-16

Sat Dec  5 00:35:25 -03 2020
Executing >> mpiexec --mca btl self,tcp --mca btl_tcp_if_include eth0 -np 16 -machinefile /home/lacp/NEWP/MACHINE_FILES/nodes16_LACP10 /home/lacp/NEWP/BENCHMARKS/NPB3.4.1/NPB3.4-MPI/bin/sp.C.x 2>> /home/lacp/NEWP/LOGS/apps_exec_std_error &> >(tee -a /home/lacp/NEWP/LOGS/LOGS_BACKUP/sp.802.3ad-4NICs-layer2.log > /tmp/nas.out) <<
Done!

92-sp-16

Sat Dec  5 00:38:41 -03 2020
Executing >> mpiexec --mca btl self,tcp --mca btl_tcp_if_include eth0 -np 16 -machinefile /home/lacp/NEWP/MACHINE_FILES/nodes16_LACP10 /home/lacp/NEWP/BENCHMARKS/NPB3.4.1/NPB3.4-MPI/bin/sp.C.x 2>> /home/lacp/NEWP/LOGS/apps_exec_std_error &> >(tee -a /home/lacp/NEWP/LOGS/LOGS_BACKUP/sp.802.3ad-4NICs-layer2.log > /tmp/nas.out) <<
Done!

93-sp-16

Sat Dec  5 00:41:56 -03 2020
Executing >> mpiexec --mca btl self,tcp --mca btl_tcp_if_include eth0 -np 16 -machinefile /home/lacp/NEWP/MACHINE_FILES/nodes16_LACP10 /home/lacp/NEWP/BENCHMARKS/NPB3.4.1/NPB3.4-MPI/bin/sp.C.x 2>> /home/lacp/NEWP/LOGS/apps_exec_std_error &> >(tee -a /home/lacp/NEWP/LOGS/LOGS_BACKUP/sp.802.3ad-4NICs-layer2.log > /tmp/nas.out) <<
Done!

94-sp-16

Sat Dec  5 00:45:11 -03 2020
Executing >> mpiexec --mca btl self,tcp --mca btl_tcp_if_include eth0 -np 16 -machinefile /home/lacp/NEWP/MACHINE_FILES/nodes16_LACP10 /home/lacp/NEWP/BENCHMARKS/NPB3.4.1/NPB3.4-MPI/bin/sp.C.x 2>> /home/lacp/NEWP/LOGS/apps_exec_std_error &> >(tee -a /home/lacp/NEWP/LOGS/LOGS_BACKUP/sp.802.3ad-4NICs-layer2.log > /tmp/nas.out) <<
Done!

95-sp-16

Sat Dec  5 00:48:27 -03 2020
Executing >> mpiexec --mca btl self,tcp --mca btl_tcp_if_include eth0 -np 16 -machinefile /home/lacp/NEWP/MACHINE_FILES/nodes16_LACP10 /home/lacp/NEWP/BENCHMARKS/NPB3.4.1/NPB3.4-MPI/bin/sp.C.x 2>> /home/lacp/NEWP/LOGS/apps_exec_std_error &> >(tee -a /home/lacp/NEWP/LOGS/LOGS_BACKUP/sp.802.3ad-4NICs-layer2.log > /tmp/nas.out) <<
Done!

96-sp-16

Sat Dec  5 00:51:44 -03 2020
Executing >> mpiexec --mca btl self,tcp --mca btl_tcp_if_include eth0 -np 16 -machinefile /home/lacp/NEWP/MACHINE_FILES/nodes16_LACP10 /home/lacp/NEWP/BENCHMARKS/NPB3.4.1/NPB3.4-MPI/bin/sp.C.x 2>> /home/lacp/NEWP/LOGS/apps_exec_std_error &> >(tee -a /home/lacp/NEWP/LOGS/LOGS_BACKUP/sp.802.3ad-4NICs-layer2.log > /tmp/nas.out) <<
Done!

97-sp-16

Sat Dec  5 00:55:00 -03 2020
Executing >> mpiexec --mca btl self,tcp --mca btl_tcp_if_include eth0 -np 16 -machinefile /home/lacp/NEWP/MACHINE_FILES/nodes16_LACP10 /home/lacp/NEWP/BENCHMARKS/NPB3.4.1/NPB3.4-MPI/bin/sp.C.x 2>> /home/lacp/NEWP/LOGS/apps_exec_std_error &> >(tee -a /home/lacp/NEWP/LOGS/LOGS_BACKUP/sp.802.3ad-4NICs-layer2.log > /tmp/nas.out) <<
Done!

98-sp-16

Sat Dec  5 00:58:16 -03 2020
Executing >> mpiexec --mca btl self,tcp --mca btl_tcp_if_include eth0 -np 16 -machinefile /home/lacp/NEWP/MACHINE_FILES/nodes16_LACP10 /home/lacp/NEWP/BENCHMARKS/NPB3.4.1/NPB3.4-MPI/bin/sp.C.x 2>> /home/lacp/NEWP/LOGS/apps_exec_std_error &> >(tee -a /home/lacp/NEWP/LOGS/LOGS_BACKUP/sp.802.3ad-4NICs-layer2.log > /tmp/nas.out) <<
Done!

99-sp-16

Sat Dec  5 01:01:32 -03 2020
Executing >> mpiexec --mca btl self,tcp --mca btl_tcp_if_include eth0 -np 16 -machinefile /home/lacp/NEWP/MACHINE_FILES/nodes16_LACP10 /home/lacp/NEWP/BENCHMARKS/NPB3.4.1/NPB3.4-MPI/bin/sp.C.x 2>> /home/lacp/NEWP/LOGS/apps_exec_std_error &> >(tee -a /home/lacp/NEWP/LOGS/LOGS_BACKUP/sp.802.3ad-4NICs-layer2.log > /tmp/nas.out) <<
Done!

100-sp-16

Sat Dec  5 01:04:48 -03 2020
Executing >> mpiexec --mca btl self,tcp --mca btl_tcp_if_include eth0 -np 16 -machinefile /home/lacp/NEWP/MACHINE_FILES/nodes16_LACP10 /home/lacp/NEWP/BENCHMARKS/NPB3.4.1/NPB3.4-MPI/bin/sp.C.x 2>> /home/lacp/NEWP/LOGS/apps_exec_std_error &> >(tee -a /home/lacp/NEWP/LOGS/LOGS_BACKUP/sp.802.3ad-4NICs-layer2.log > /tmp/nas.out) <<
Done!

101-bt-16

Sat Dec  5 01:08:04 -03 2020
Executing >> mpiexec --mca btl self,tcp --mca btl_tcp_if_include eth0 -np 16 -machinefile /home/lacp/NEWP/MACHINE_FILES/nodes16_LACP10 /home/lacp/NEWP/BENCHMARKS/NPB3.4.1/NPB3.4-MPI/bin/bt.C.x 2>> /home/lacp/NEWP/LOGS/apps_exec_std_error &> >(tee -a /home/lacp/NEWP/LOGS/LOGS_BACKUP/bt.802.3ad-4NICs-layer2.log > /tmp/nas.out) <<
Done!

102-bt-16

Sat Dec  5 01:11:04 -03 2020
Executing >> mpiexec --mca btl self,tcp --mca btl_tcp_if_include eth0 -np 16 -machinefile /home/lacp/NEWP/MACHINE_FILES/nodes16_LACP10 /home/lacp/NEWP/BENCHMARKS/NPB3.4.1/NPB3.4-MPI/bin/bt.C.x 2>> /home/lacp/NEWP/LOGS/apps_exec_std_error &> >(tee -a /home/lacp/NEWP/LOGS/LOGS_BACKUP/bt.802.3ad-4NICs-layer2.log > /tmp/nas.out) <<
Done!

103-bt-16

Sat Dec  5 01:14:03 -03 2020
Executing >> mpiexec --mca btl self,tcp --mca btl_tcp_if_include eth0 -np 16 -machinefile /home/lacp/NEWP/MACHINE_FILES/nodes16_LACP10 /home/lacp/NEWP/BENCHMARKS/NPB3.4.1/NPB3.4-MPI/bin/bt.C.x 2>> /home/lacp/NEWP/LOGS/apps_exec_std_error &> >(tee -a /home/lacp/NEWP/LOGS/LOGS_BACKUP/bt.802.3ad-4NICs-layer2.log > /tmp/nas.out) <<
Done!

104-bt-16

Sat Dec  5 01:17:02 -03 2020
Executing >> mpiexec --mca btl self,tcp --mca btl_tcp_if_include eth0 -np 16 -machinefile /home/lacp/NEWP/MACHINE_FILES/nodes16_LACP10 /home/lacp/NEWP/BENCHMARKS/NPB3.4.1/NPB3.4-MPI/bin/bt.C.x 2>> /home/lacp/NEWP/LOGS/apps_exec_std_error &> >(tee -a /home/lacp/NEWP/LOGS/LOGS_BACKUP/bt.802.3ad-4NICs-layer2.log > /tmp/nas.out) <<
Done!

105-bt-16

Sat Dec  5 01:20:01 -03 2020
Executing >> mpiexec --mca btl self,tcp --mca btl_tcp_if_include eth0 -np 16 -machinefile /home/lacp/NEWP/MACHINE_FILES/nodes16_LACP10 /home/lacp/NEWP/BENCHMARKS/NPB3.4.1/NPB3.4-MPI/bin/bt.C.x 2>> /home/lacp/NEWP/LOGS/apps_exec_std_error &> >(tee -a /home/lacp/NEWP/LOGS/LOGS_BACKUP/bt.802.3ad-4NICs-layer2.log > /tmp/nas.out) <<
Done!

106-bt-16

Sat Dec  5 01:23:00 -03 2020
Executing >> mpiexec --mca btl self,tcp --mca btl_tcp_if_include eth0 -np 16 -machinefile /home/lacp/NEWP/MACHINE_FILES/nodes16_LACP10 /home/lacp/NEWP/BENCHMARKS/NPB3.4.1/NPB3.4-MPI/bin/bt.C.x 2>> /home/lacp/NEWP/LOGS/apps_exec_std_error &> >(tee -a /home/lacp/NEWP/LOGS/LOGS_BACKUP/bt.802.3ad-4NICs-layer2.log > /tmp/nas.out) <<
Done!

107-bt-16

Sat Dec  5 01:26:00 -03 2020
Executing >> mpiexec --mca btl self,tcp --mca btl_tcp_if_include eth0 -np 16 -machinefile /home/lacp/NEWP/MACHINE_FILES/nodes16_LACP10 /home/lacp/NEWP/BENCHMARKS/NPB3.4.1/NPB3.4-MPI/bin/bt.C.x 2>> /home/lacp/NEWP/LOGS/apps_exec_std_error &> >(tee -a /home/lacp/NEWP/LOGS/LOGS_BACKUP/bt.802.3ad-4NICs-layer2.log > /tmp/nas.out) <<
Done!

108-bt-16

Sat Dec  5 01:29:00 -03 2020
Executing >> mpiexec --mca btl self,tcp --mca btl_tcp_if_include eth0 -np 16 -machinefile /home/lacp/NEWP/MACHINE_FILES/nodes16_LACP10 /home/lacp/NEWP/BENCHMARKS/NPB3.4.1/NPB3.4-MPI/bin/bt.C.x 2>> /home/lacp/NEWP/LOGS/apps_exec_std_error &> >(tee -a /home/lacp/NEWP/LOGS/LOGS_BACKUP/bt.802.3ad-4NICs-layer2.log > /tmp/nas.out) <<
Done!

109-bt-16

Sat Dec  5 01:32:00 -03 2020
Executing >> mpiexec --mca btl self,tcp --mca btl_tcp_if_include eth0 -np 16 -machinefile /home/lacp/NEWP/MACHINE_FILES/nodes16_LACP10 /home/lacp/NEWP/BENCHMARKS/NPB3.4.1/NPB3.4-MPI/bin/bt.C.x 2>> /home/lacp/NEWP/LOGS/apps_exec_std_error &> >(tee -a /home/lacp/NEWP/LOGS/LOGS_BACKUP/bt.802.3ad-4NICs-layer2.log > /tmp/nas.out) <<
Done!

110-bt-16

Sat Dec  5 01:34:59 -03 2020
Executing >> mpiexec --mca btl self,tcp --mca btl_tcp_if_include eth0 -np 16 -machinefile /home/lacp/NEWP/MACHINE_FILES/nodes16_LACP10 /home/lacp/NEWP/BENCHMARKS/NPB3.4.1/NPB3.4-MPI/bin/bt.C.x 2>> /home/lacp/NEWP/LOGS/apps_exec_std_error &> >(tee -a /home/lacp/NEWP/LOGS/LOGS_BACKUP/bt.802.3ad-4NICs-layer2.log > /tmp/nas.out) <<
Done!

111-sp-16

Sat Dec  5 01:37:58 -03 2020
Executing >> mpiexec --mca btl self,tcp --mca btl_tcp_if_include eth0 -np 16 -machinefile /home/lacp/NEWP/MACHINE_FILES/nodes16_LACP10 /home/lacp/NEWP/BENCHMARKS/NPB3.4.1/NPB3.4-MPI/bin/sp.C.x 2>> /home/lacp/NEWP/LOGS/apps_exec_std_error &> >(tee -a /home/lacp/NEWP/LOGS/LOGS_BACKUP/sp.802.3ad-4NICs-layer2.log > /tmp/nas.out) <<
Done!

112-sp-16

Sat Dec  5 01:41:14 -03 2020
Executing >> mpiexec --mca btl self,tcp --mca btl_tcp_if_include eth0 -np 16 -machinefile /home/lacp/NEWP/MACHINE_FILES/nodes16_LACP10 /home/lacp/NEWP/BENCHMARKS/NPB3.4.1/NPB3.4-MPI/bin/sp.C.x 2>> /home/lacp/NEWP/LOGS/apps_exec_std_error &> >(tee -a /home/lacp/NEWP/LOGS/LOGS_BACKUP/sp.802.3ad-4NICs-layer2.log > /tmp/nas.out) <<
Done!

113-sp-16

Sat Dec  5 01:44:30 -03 2020
Executing >> mpiexec --mca btl self,tcp --mca btl_tcp_if_include eth0 -np 16 -machinefile /home/lacp/NEWP/MACHINE_FILES/nodes16_LACP10 /home/lacp/NEWP/BENCHMARKS/NPB3.4.1/NPB3.4-MPI/bin/sp.C.x 2>> /home/lacp/NEWP/LOGS/apps_exec_std_error &> >(tee -a /home/lacp/NEWP/LOGS/LOGS_BACKUP/sp.802.3ad-4NICs-layer2.log > /tmp/nas.out) <<
Done!

114-sp-16

Sat Dec  5 01:47:46 -03 2020
Executing >> mpiexec --mca btl self,tcp --mca btl_tcp_if_include eth0 -np 16 -machinefile /home/lacp/NEWP/MACHINE_FILES/nodes16_LACP10 /home/lacp/NEWP/BENCHMARKS/NPB3.4.1/NPB3.4-MPI/bin/sp.C.x 2>> /home/lacp/NEWP/LOGS/apps_exec_std_error &> >(tee -a /home/lacp/NEWP/LOGS/LOGS_BACKUP/sp.802.3ad-4NICs-layer2.log > /tmp/nas.out) <<
Done!

115-sp-16

Sat Dec  5 01:51:02 -03 2020
Executing >> mpiexec --mca btl self,tcp --mca btl_tcp_if_include eth0 -np 16 -machinefile /home/lacp/NEWP/MACHINE_FILES/nodes16_LACP10 /home/lacp/NEWP/BENCHMARKS/NPB3.4.1/NPB3.4-MPI/bin/sp.C.x 2>> /home/lacp/NEWP/LOGS/apps_exec_std_error &> >(tee -a /home/lacp/NEWP/LOGS/LOGS_BACKUP/sp.802.3ad-4NICs-layer2.log > /tmp/nas.out) <<
Done!

116-sp-16

Sat Dec  5 01:54:17 -03 2020
Executing >> mpiexec --mca btl self,tcp --mca btl_tcp_if_include eth0 -np 16 -machinefile /home/lacp/NEWP/MACHINE_FILES/nodes16_LACP10 /home/lacp/NEWP/BENCHMARKS/NPB3.4.1/NPB3.4-MPI/bin/sp.C.x 2>> /home/lacp/NEWP/LOGS/apps_exec_std_error &> >(tee -a /home/lacp/NEWP/LOGS/LOGS_BACKUP/sp.802.3ad-4NICs-layer2.log > /tmp/nas.out) <<
Done!

117-sp-16

Sat Dec  5 01:57:33 -03 2020
Executing >> mpiexec --mca btl self,tcp --mca btl_tcp_if_include eth0 -np 16 -machinefile /home/lacp/NEWP/MACHINE_FILES/nodes16_LACP10 /home/lacp/NEWP/BENCHMARKS/NPB3.4.1/NPB3.4-MPI/bin/sp.C.x 2>> /home/lacp/NEWP/LOGS/apps_exec_std_error &> >(tee -a /home/lacp/NEWP/LOGS/LOGS_BACKUP/sp.802.3ad-4NICs-layer2.log > /tmp/nas.out) <<
Done!

118-sp-16

Sat Dec  5 02:00:49 -03 2020
Executing >> mpiexec --mca btl self,tcp --mca btl_tcp_if_include eth0 -np 16 -machinefile /home/lacp/NEWP/MACHINE_FILES/nodes16_LACP10 /home/lacp/NEWP/BENCHMARKS/NPB3.4.1/NPB3.4-MPI/bin/sp.C.x 2>> /home/lacp/NEWP/LOGS/apps_exec_std_error &> >(tee -a /home/lacp/NEWP/LOGS/LOGS_BACKUP/sp.802.3ad-4NICs-layer2.log > /tmp/nas.out) <<
Done!

119-sp-16

Sat Dec  5 02:04:05 -03 2020
Executing >> mpiexec --mca btl self,tcp --mca btl_tcp_if_include eth0 -np 16 -machinefile /home/lacp/NEWP/MACHINE_FILES/nodes16_LACP10 /home/lacp/NEWP/BENCHMARKS/NPB3.4.1/NPB3.4-MPI/bin/sp.C.x 2>> /home/lacp/NEWP/LOGS/apps_exec_std_error &> >(tee -a /home/lacp/NEWP/LOGS/LOGS_BACKUP/sp.802.3ad-4NICs-layer2.log > /tmp/nas.out) <<
Done!

120-sp-16

Sat Dec  5 02:07:21 -03 2020
Executing >> mpiexec --mca btl self,tcp --mca btl_tcp_if_include eth0 -np 16 -machinefile /home/lacp/NEWP/MACHINE_FILES/nodes16_LACP10 /home/lacp/NEWP/BENCHMARKS/NPB3.4.1/NPB3.4-MPI/bin/sp.C.x 2>> /home/lacp/NEWP/LOGS/apps_exec_std_error &> >(tee -a /home/lacp/NEWP/LOGS/LOGS_BACKUP/sp.802.3ad-4NICs-layer2.log > /tmp/nas.out) <<
Done!

121-is-64

Sat Dec  5 02:10:35 -03 2020
Executing >> mpiexec --mca btl self,tcp --mca btl_tcp_if_include eth0 -np 64 -machinefile /home/lacp/NEWP/MACHINE_FILES/nodes64_LACP10 /home/lacp/NEWP/BENCHMARKS/NPB3.4.1/NPB3.4-MPI/bin/is.C.x 2>> /home/lacp/NEWP/LOGS/apps_exec_std_error &> >(tee -a /home/lacp/NEWP/LOGS/LOGS_BACKUP/is.802.3ad-4NICs-layer2.log > /tmp/nas.out) <<
Done!

122-is-64

Sat Dec  5 02:10:55 -03 2020
Executing >> mpiexec --mca btl self,tcp --mca btl_tcp_if_include eth0 -np 64 -machinefile /home/lacp/NEWP/MACHINE_FILES/nodes64_LACP10 /home/lacp/NEWP/BENCHMARKS/NPB3.4.1/NPB3.4-MPI/bin/is.C.x 2>> /home/lacp/NEWP/LOGS/apps_exec_std_error &> >(tee -a /home/lacp/NEWP/LOGS/LOGS_BACKUP/is.802.3ad-4NICs-layer2.log > /tmp/nas.out) <<
Done!

123-is-64

Sat Dec  5 02:11:15 -03 2020
Executing >> mpiexec --mca btl self,tcp --mca btl_tcp_if_include eth0 -np 64 -machinefile /home/lacp/NEWP/MACHINE_FILES/nodes64_LACP10 /home/lacp/NEWP/BENCHMARKS/NPB3.4.1/NPB3.4-MPI/bin/is.C.x 2>> /home/lacp/NEWP/LOGS/apps_exec_std_error &> >(tee -a /home/lacp/NEWP/LOGS/LOGS_BACKUP/is.802.3ad-4NICs-layer2.log > /tmp/nas.out) <<
Done!

124-is-64

Sat Dec  5 02:11:35 -03 2020
Executing >> mpiexec --mca btl self,tcp --mca btl_tcp_if_include eth0 -np 64 -machinefile /home/lacp/NEWP/MACHINE_FILES/nodes64_LACP10 /home/lacp/NEWP/BENCHMARKS/NPB3.4.1/NPB3.4-MPI/bin/is.C.x 2>> /home/lacp/NEWP/LOGS/apps_exec_std_error &> >(tee -a /home/lacp/NEWP/LOGS/LOGS_BACKUP/is.802.3ad-4NICs-layer2.log > /tmp/nas.out) <<
Done!

125-is-64

Sat Dec  5 02:11:55 -03 2020
Executing >> mpiexec --mca btl self,tcp --mca btl_tcp_if_include eth0 -np 64 -machinefile /home/lacp/NEWP/MACHINE_FILES/nodes64_LACP10 /home/lacp/NEWP/BENCHMARKS/NPB3.4.1/NPB3.4-MPI/bin/is.C.x 2>> /home/lacp/NEWP/LOGS/apps_exec_std_error &> >(tee -a /home/lacp/NEWP/LOGS/LOGS_BACKUP/is.802.3ad-4NICs-layer2.log > /tmp/nas.out) <<
Done!

126-is-64

Sat Dec  5 02:12:14 -03 2020
Executing >> mpiexec --mca btl self,tcp --mca btl_tcp_if_include eth0 -np 64 -machinefile /home/lacp/NEWP/MACHINE_FILES/nodes64_LACP10 /home/lacp/NEWP/BENCHMARKS/NPB3.4.1/NPB3.4-MPI/bin/is.C.x 2>> /home/lacp/NEWP/LOGS/apps_exec_std_error &> >(tee -a /home/lacp/NEWP/LOGS/LOGS_BACKUP/is.802.3ad-4NICs-layer2.log > /tmp/nas.out) <<
Done!

127-is-64

Sat Dec  5 02:12:34 -03 2020
Executing >> mpiexec --mca btl self,tcp --mca btl_tcp_if_include eth0 -np 64 -machinefile /home/lacp/NEWP/MACHINE_FILES/nodes64_LACP10 /home/lacp/NEWP/BENCHMARKS/NPB3.4.1/NPB3.4-MPI/bin/is.C.x 2>> /home/lacp/NEWP/LOGS/apps_exec_std_error &> >(tee -a /home/lacp/NEWP/LOGS/LOGS_BACKUP/is.802.3ad-4NICs-layer2.log > /tmp/nas.out) <<
Done!

128-is-64

Sat Dec  5 02:12:54 -03 2020
Executing >> mpiexec --mca btl self,tcp --mca btl_tcp_if_include eth0 -np 64 -machinefile /home/lacp/NEWP/MACHINE_FILES/nodes64_LACP10 /home/lacp/NEWP/BENCHMARKS/NPB3.4.1/NPB3.4-MPI/bin/is.C.x 2>> /home/lacp/NEWP/LOGS/apps_exec_std_error &> >(tee -a /home/lacp/NEWP/LOGS/LOGS_BACKUP/is.802.3ad-4NICs-layer2.log > /tmp/nas.out) <<
Done!

129-is-64

Sat Dec  5 02:13:14 -03 2020
Executing >> mpiexec --mca btl self,tcp --mca btl_tcp_if_include eth0 -np 64 -machinefile /home/lacp/NEWP/MACHINE_FILES/nodes64_LACP10 /home/lacp/NEWP/BENCHMARKS/NPB3.4.1/NPB3.4-MPI/bin/is.C.x 2>> /home/lacp/NEWP/LOGS/apps_exec_std_error &> >(tee -a /home/lacp/NEWP/LOGS/LOGS_BACKUP/is.802.3ad-4NICs-layer2.log > /tmp/nas.out) <<
Done!

130-is-64

Sat Dec  5 03:13:15 -03 2020
Executing >> mpiexec --mca btl self,tcp --mca btl_tcp_if_include eth0 -np 64 -machinefile /home/lacp/NEWP/MACHINE_FILES/nodes64_LACP10 /home/lacp/NEWP/BENCHMARKS/NPB3.4.1/NPB3.4-MPI/bin/is.C.x 2>> /home/lacp/NEWP/LOGS/apps_exec_std_error &> >(tee -a /home/lacp/NEWP/LOGS/LOGS_BACKUP/is.802.3ad-4NICs-layer2.log > /tmp/nas.out) <<
Done!

131-ft-64

Sat Dec  5 03:13:35 -03 2020
Executing >> mpiexec --mca btl self,tcp --mca btl_tcp_if_include eth0 -np 64 -machinefile /home/lacp/NEWP/MACHINE_FILES/nodes64_LACP10 /home/lacp/NEWP/BENCHMARKS/NPB3.4.1/NPB3.4-MPI/bin/ft.C.x 2>> /home/lacp/NEWP/LOGS/apps_exec_std_error &> >(tee -a /home/lacp/NEWP/LOGS/LOGS_BACKUP/ft.802.3ad-4NICs-layer2.log > /tmp/nas.out) <<
Done!

132-ft-64

Sat Dec  5 03:15:27 -03 2020
Executing >> mpiexec --mca btl self,tcp --mca btl_tcp_if_include eth0 -np 64 -machinefile /home/lacp/NEWP/MACHINE_FILES/nodes64_LACP10 /home/lacp/NEWP/BENCHMARKS/NPB3.4.1/NPB3.4-MPI/bin/ft.C.x 2>> /home/lacp/NEWP/LOGS/apps_exec_std_error &> >(tee -a /home/lacp/NEWP/LOGS/LOGS_BACKUP/ft.802.3ad-4NICs-layer2.log > /tmp/nas.out) <<
Done!

133-ft-64

Sat Dec  5 03:17:19 -03 2020
Executing >> mpiexec --mca btl self,tcp --mca btl_tcp_if_include eth0 -np 64 -machinefile /home/lacp/NEWP/MACHINE_FILES/nodes64_LACP10 /home/lacp/NEWP/BENCHMARKS/NPB3.4.1/NPB3.4-MPI/bin/ft.C.x 2>> /home/lacp/NEWP/LOGS/apps_exec_std_error &> >(tee -a /home/lacp/NEWP/LOGS/LOGS_BACKUP/ft.802.3ad-4NICs-layer2.log > /tmp/nas.out) <<
Done!

134-ft-64

Sat Dec  5 03:19:12 -03 2020
Executing >> mpiexec --mca btl self,tcp --mca btl_tcp_if_include eth0 -np 64 -machinefile /home/lacp/NEWP/MACHINE_FILES/nodes64_LACP10 /home/lacp/NEWP/BENCHMARKS/NPB3.4.1/NPB3.4-MPI/bin/ft.C.x 2>> /home/lacp/NEWP/LOGS/apps_exec_std_error &> >(tee -a /home/lacp/NEWP/LOGS/LOGS_BACKUP/ft.802.3ad-4NICs-layer2.log > /tmp/nas.out) <<
Done!

135-ft-64

Sat Dec  5 03:21:05 -03 2020
Executing >> mpiexec --mca btl self,tcp --mca btl_tcp_if_include eth0 -np 64 -machinefile /home/lacp/NEWP/MACHINE_FILES/nodes64_LACP10 /home/lacp/NEWP/BENCHMARKS/NPB3.4.1/NPB3.4-MPI/bin/ft.C.x 2>> /home/lacp/NEWP/LOGS/apps_exec_std_error &> >(tee -a /home/lacp/NEWP/LOGS/LOGS_BACKUP/ft.802.3ad-4NICs-layer2.log > /tmp/nas.out) <<
Done!

136-ft-64

Sat Dec  5 03:22:57 -03 2020
Executing >> mpiexec --mca btl self,tcp --mca btl_tcp_if_include eth0 -np 64 -machinefile /home/lacp/NEWP/MACHINE_FILES/nodes64_LACP10 /home/lacp/NEWP/BENCHMARKS/NPB3.4.1/NPB3.4-MPI/bin/ft.C.x 2>> /home/lacp/NEWP/LOGS/apps_exec_std_error &> >(tee -a /home/lacp/NEWP/LOGS/LOGS_BACKUP/ft.802.3ad-4NICs-layer2.log > /tmp/nas.out) <<
Done!

137-ft-64

Sat Dec  5 03:24:50 -03 2020
Executing >> mpiexec --mca btl self,tcp --mca btl_tcp_if_include eth0 -np 64 -machinefile /home/lacp/NEWP/MACHINE_FILES/nodes64_LACP10 /home/lacp/NEWP/BENCHMARKS/NPB3.4.1/NPB3.4-MPI/bin/ft.C.x 2>> /home/lacp/NEWP/LOGS/apps_exec_std_error &> >(tee -a /home/lacp/NEWP/LOGS/LOGS_BACKUP/ft.802.3ad-4NICs-layer2.log > /tmp/nas.out) <<
Done!

138-ft-64

Sat Dec  5 03:26:43 -03 2020
Executing >> mpiexec --mca btl self,tcp --mca btl_tcp_if_include eth0 -np 64 -machinefile /home/lacp/NEWP/MACHINE_FILES/nodes64_LACP10 /home/lacp/NEWP/BENCHMARKS/NPB3.4.1/NPB3.4-MPI/bin/ft.C.x 2>> /home/lacp/NEWP/LOGS/apps_exec_std_error &> >(tee -a /home/lacp/NEWP/LOGS/LOGS_BACKUP/ft.802.3ad-4NICs-layer2.log > /tmp/nas.out) <<
Done!

139-ft-64

Sat Dec  5 03:28:35 -03 2020
Executing >> mpiexec --mca btl self,tcp --mca btl_tcp_if_include eth0 -np 64 -machinefile /home/lacp/NEWP/MACHINE_FILES/nodes64_LACP10 /home/lacp/NEWP/BENCHMARKS/NPB3.4.1/NPB3.4-MPI/bin/ft.C.x 2>> /home/lacp/NEWP/LOGS/apps_exec_std_error &> >(tee -a /home/lacp/NEWP/LOGS/LOGS_BACKUP/ft.802.3ad-4NICs-layer2.log > /tmp/nas.out) <<
Done!

140-ft-64

Sat Dec  5 03:30:29 -03 2020
Executing >> mpiexec --mca btl self,tcp --mca btl_tcp_if_include eth0 -np 64 -machinefile /home/lacp/NEWP/MACHINE_FILES/nodes64_LACP10 /home/lacp/NEWP/BENCHMARKS/NPB3.4.1/NPB3.4-MPI/bin/ft.C.x 2>> /home/lacp/NEWP/LOGS/apps_exec_std_error &> >(tee -a /home/lacp/NEWP/LOGS/LOGS_BACKUP/ft.802.3ad-4NICs-layer2.log > /tmp/nas.out) <<
Done!

141-is-64

Sat Dec  5 03:32:21 -03 2020
Executing >> mpiexec --mca btl self,tcp --mca btl_tcp_if_include eth0 -np 64 -machinefile /home/lacp/NEWP/MACHINE_FILES/nodes64_LACP10 /home/lacp/NEWP/BENCHMARKS/NPB3.4.1/NPB3.4-MPI/bin/is.C.x 2>> /home/lacp/NEWP/LOGS/apps_exec_std_error &> >(tee -a /home/lacp/NEWP/LOGS/LOGS_BACKUP/is.802.3ad-4NICs-layer2.log > /tmp/nas.out) <<
Done!

142-is-64

Sat Dec  5 03:32:41 -03 2020
Executing >> mpiexec --mca btl self,tcp --mca btl_tcp_if_include eth0 -np 64 -machinefile /home/lacp/NEWP/MACHINE_FILES/nodes64_LACP10 /home/lacp/NEWP/BENCHMARKS/NPB3.4.1/NPB3.4-MPI/bin/is.C.x 2>> /home/lacp/NEWP/LOGS/apps_exec_std_error &> >(tee -a /home/lacp/NEWP/LOGS/LOGS_BACKUP/is.802.3ad-4NICs-layer2.log > /tmp/nas.out) <<
Done!

143-is-64

Sat Dec  5 03:33:01 -03 2020
Executing >> mpiexec --mca btl self,tcp --mca btl_tcp_if_include eth0 -np 64 -machinefile /home/lacp/NEWP/MACHINE_FILES/nodes64_LACP10 /home/lacp/NEWP/BENCHMARKS/NPB3.4.1/NPB3.4-MPI/bin/is.C.x 2>> /home/lacp/NEWP/LOGS/apps_exec_std_error &> >(tee -a /home/lacp/NEWP/LOGS/LOGS_BACKUP/is.802.3ad-4NICs-layer2.log > /tmp/nas.out) <<
Done!

144-is-64

Sat Dec  5 03:33:20 -03 2020
Executing >> mpiexec --mca btl self,tcp --mca btl_tcp_if_include eth0 -np 64 -machinefile /home/lacp/NEWP/MACHINE_FILES/nodes64_LACP10 /home/lacp/NEWP/BENCHMARKS/NPB3.4.1/NPB3.4-MPI/bin/is.C.x 2>> /home/lacp/NEWP/LOGS/apps_exec_std_error &> >(tee -a /home/lacp/NEWP/LOGS/LOGS_BACKUP/is.802.3ad-4NICs-layer2.log > /tmp/nas.out) <<
Done!

145-is-64

Sat Dec  5 03:33:40 -03 2020
Executing >> mpiexec --mca btl self,tcp --mca btl_tcp_if_include eth0 -np 64 -machinefile /home/lacp/NEWP/MACHINE_FILES/nodes64_LACP10 /home/lacp/NEWP/BENCHMARKS/NPB3.4.1/NPB3.4-MPI/bin/is.C.x 2>> /home/lacp/NEWP/LOGS/apps_exec_std_error &> >(tee -a /home/lacp/NEWP/LOGS/LOGS_BACKUP/is.802.3ad-4NICs-layer2.log > /tmp/nas.out) <<
Done!

146-is-64

Sat Dec  5 03:34:00 -03 2020
Executing >> mpiexec --mca btl self,tcp --mca btl_tcp_if_include eth0 -np 64 -machinefile /home/lacp/NEWP/MACHINE_FILES/nodes64_LACP10 /home/lacp/NEWP/BENCHMARKS/NPB3.4.1/NPB3.4-MPI/bin/is.C.x 2>> /home/lacp/NEWP/LOGS/apps_exec_std_error &> >(tee -a /home/lacp/NEWP/LOGS/LOGS_BACKUP/is.802.3ad-4NICs-layer2.log > /tmp/nas.out) <<
Done!

147-is-64

Sat Dec  5 03:34:21 -03 2020
Executing >> mpiexec --mca btl self,tcp --mca btl_tcp_if_include eth0 -np 64 -machinefile /home/lacp/NEWP/MACHINE_FILES/nodes64_LACP10 /home/lacp/NEWP/BENCHMARKS/NPB3.4.1/NPB3.4-MPI/bin/is.C.x 2>> /home/lacp/NEWP/LOGS/apps_exec_std_error &> >(tee -a /home/lacp/NEWP/LOGS/LOGS_BACKUP/is.802.3ad-4NICs-layer2.log > /tmp/nas.out) <<
Done!

148-is-64

Sat Dec  5 03:34:41 -03 2020
Executing >> mpiexec --mca btl self,tcp --mca btl_tcp_if_include eth0 -np 64 -machinefile /home/lacp/NEWP/MACHINE_FILES/nodes64_LACP10 /home/lacp/NEWP/BENCHMARKS/NPB3.4.1/NPB3.4-MPI/bin/is.C.x 2>> /home/lacp/NEWP/LOGS/apps_exec_std_error &> >(tee -a /home/lacp/NEWP/LOGS/LOGS_BACKUP/is.802.3ad-4NICs-layer2.log > /tmp/nas.out) <<
Done!

149-is-64

Sat Dec  5 03:35:01 -03 2020
Executing >> mpiexec --mca btl self,tcp --mca btl_tcp_if_include eth0 -np 64 -machinefile /home/lacp/NEWP/MACHINE_FILES/nodes64_LACP10 /home/lacp/NEWP/BENCHMARKS/NPB3.4.1/NPB3.4-MPI/bin/is.C.x 2>> /home/lacp/NEWP/LOGS/apps_exec_std_error &> >(tee -a /home/lacp/NEWP/LOGS/LOGS_BACKUP/is.802.3ad-4NICs-layer2.log > /tmp/nas.out) <<
Done!

150-is-64

Sat Dec  5 03:35:21 -03 2020
Executing >> mpiexec --mca btl self,tcp --mca btl_tcp_if_include eth0 -np 64 -machinefile /home/lacp/NEWP/MACHINE_FILES/nodes64_LACP10 /home/lacp/NEWP/BENCHMARKS/NPB3.4.1/NPB3.4-MPI/bin/is.C.x 2>> /home/lacp/NEWP/LOGS/apps_exec_std_error &> >(tee -a /home/lacp/NEWP/LOGS/LOGS_BACKUP/is.802.3ad-4NICs-layer2.log > /tmp/nas.out) <<
Done!

151-ft-64

Sat Dec  5 03:35:40 -03 2020
Executing >> mpiexec --mca btl self,tcp --mca btl_tcp_if_include eth0 -np 64 -machinefile /home/lacp/NEWP/MACHINE_FILES/nodes64_LACP10 /home/lacp/NEWP/BENCHMARKS/NPB3.4.1/NPB3.4-MPI/bin/ft.C.x 2>> /home/lacp/NEWP/LOGS/apps_exec_std_error &> >(tee -a /home/lacp/NEWP/LOGS/LOGS_BACKUP/ft.802.3ad-4NICs-layer2.log > /tmp/nas.out) <<
Done!

152-ft-64

Sat Dec  5 03:37:33 -03 2020
Executing >> mpiexec --mca btl self,tcp --mca btl_tcp_if_include eth0 -np 64 -machinefile /home/lacp/NEWP/MACHINE_FILES/nodes64_LACP10 /home/lacp/NEWP/BENCHMARKS/NPB3.4.1/NPB3.4-MPI/bin/ft.C.x 2>> /home/lacp/NEWP/LOGS/apps_exec_std_error &> >(tee -a /home/lacp/NEWP/LOGS/LOGS_BACKUP/ft.802.3ad-4NICs-layer2.log > /tmp/nas.out) <<
Done!

153-ft-64

Sat Dec  5 03:39:25 -03 2020
Executing >> mpiexec --mca btl self,tcp --mca btl_tcp_if_include eth0 -np 64 -machinefile /home/lacp/NEWP/MACHINE_FILES/nodes64_LACP10 /home/lacp/NEWP/BENCHMARKS/NPB3.4.1/NPB3.4-MPI/bin/ft.C.x 2>> /home/lacp/NEWP/LOGS/apps_exec_std_error &> >(tee -a /home/lacp/NEWP/LOGS/LOGS_BACKUP/ft.802.3ad-4NICs-layer2.log > /tmp/nas.out) <<
Done!

154-ft-64

Sat Dec  5 03:41:18 -03 2020
Executing >> mpiexec --mca btl self,tcp --mca btl_tcp_if_include eth0 -np 64 -machinefile /home/lacp/NEWP/MACHINE_FILES/nodes64_LACP10 /home/lacp/NEWP/BENCHMARKS/NPB3.4.1/NPB3.4-MPI/bin/ft.C.x 2>> /home/lacp/NEWP/LOGS/apps_exec_std_error &> >(tee -a /home/lacp/NEWP/LOGS/LOGS_BACKUP/ft.802.3ad-4NICs-layer2.log > /tmp/nas.out) <<
Done!

155-ft-64

Sat Dec  5 03:43:11 -03 2020
Executing >> mpiexec --mca btl self,tcp --mca btl_tcp_if_include eth0 -np 64 -machinefile /home/lacp/NEWP/MACHINE_FILES/nodes64_LACP10 /home/lacp/NEWP/BENCHMARKS/NPB3.4.1/NPB3.4-MPI/bin/ft.C.x 2>> /home/lacp/NEWP/LOGS/apps_exec_std_error &> >(tee -a /home/lacp/NEWP/LOGS/LOGS_BACKUP/ft.802.3ad-4NICs-layer2.log > /tmp/nas.out) <<
Done!

156-ft-64

Sat Dec  5 03:45:02 -03 2020
Executing >> mpiexec --mca btl self,tcp --mca btl_tcp_if_include eth0 -np 64 -machinefile /home/lacp/NEWP/MACHINE_FILES/nodes64_LACP10 /home/lacp/NEWP/BENCHMARKS/NPB3.4.1/NPB3.4-MPI/bin/ft.C.x 2>> /home/lacp/NEWP/LOGS/apps_exec_std_error &> >(tee -a /home/lacp/NEWP/LOGS/LOGS_BACKUP/ft.802.3ad-4NICs-layer2.log > /tmp/nas.out) <<
Done!

157-ft-64

Sat Dec  5 03:46:55 -03 2020
Executing >> mpiexec --mca btl self,tcp --mca btl_tcp_if_include eth0 -np 64 -machinefile /home/lacp/NEWP/MACHINE_FILES/nodes64_LACP10 /home/lacp/NEWP/BENCHMARKS/NPB3.4.1/NPB3.4-MPI/bin/ft.C.x 2>> /home/lacp/NEWP/LOGS/apps_exec_std_error &> >(tee -a /home/lacp/NEWP/LOGS/LOGS_BACKUP/ft.802.3ad-4NICs-layer2.log > /tmp/nas.out) <<
Done!

158-ft-64

Sat Dec  5 03:48:48 -03 2020
Executing >> mpiexec --mca btl self,tcp --mca btl_tcp_if_include eth0 -np 64 -machinefile /home/lacp/NEWP/MACHINE_FILES/nodes64_LACP10 /home/lacp/NEWP/BENCHMARKS/NPB3.4.1/NPB3.4-MPI/bin/ft.C.x 2>> /home/lacp/NEWP/LOGS/apps_exec_std_error &> >(tee -a /home/lacp/NEWP/LOGS/LOGS_BACKUP/ft.802.3ad-4NICs-layer2.log > /tmp/nas.out) <<
Done!

159-ft-64

Sat Dec  5 03:50:40 -03 2020
Executing >> mpiexec --mca btl self,tcp --mca btl_tcp_if_include eth0 -np 64 -machinefile /home/lacp/NEWP/MACHINE_FILES/nodes64_LACP10 /home/lacp/NEWP/BENCHMARKS/NPB3.4.1/NPB3.4-MPI/bin/ft.C.x 2>> /home/lacp/NEWP/LOGS/apps_exec_std_error &> >(tee -a /home/lacp/NEWP/LOGS/LOGS_BACKUP/ft.802.3ad-4NICs-layer2.log > /tmp/nas.out) <<
Done!

160-ft-64

Sat Dec  5 03:52:32 -03 2020
Executing >> mpiexec --mca btl self,tcp --mca btl_tcp_if_include eth0 -np 64 -machinefile /home/lacp/NEWP/MACHINE_FILES/nodes64_LACP10 /home/lacp/NEWP/BENCHMARKS/NPB3.4.1/NPB3.4-MPI/bin/ft.C.x 2>> /home/lacp/NEWP/LOGS/apps_exec_std_error &> >(tee -a /home/lacp/NEWP/LOGS/LOGS_BACKUP/ft.802.3ad-4NICs-layer2.log > /tmp/nas.out) <<
Done!

161-bt-64

Sat Dec  5 03:54:26 -03 2020
Executing >> mpiexec --mca btl self,tcp --mca btl_tcp_if_include eth0 -np 64 -machinefile /home/lacp/NEWP/MACHINE_FILES/nodes64_LACP10 /home/lacp/NEWP/BENCHMARKS/NPB3.4.1/NPB3.4-MPI/bin/bt.C.x 2>> /home/lacp/NEWP/LOGS/apps_exec_std_error &> >(tee -a /home/lacp/NEWP/LOGS/LOGS_BACKUP/bt.802.3ad-4NICs-layer2.log > /tmp/nas.out) <<
Done!

162-bt-64

Sat Dec  5 03:57:19 -03 2020
Executing >> mpiexec --mca btl self,tcp --mca btl_tcp_if_include eth0 -np 64 -machinefile /home/lacp/NEWP/MACHINE_FILES/nodes64_LACP10 /home/lacp/NEWP/BENCHMARKS/NPB3.4.1/NPB3.4-MPI/bin/bt.C.x 2>> /home/lacp/NEWP/LOGS/apps_exec_std_error &> >(tee -a /home/lacp/NEWP/LOGS/LOGS_BACKUP/bt.802.3ad-4NICs-layer2.log > /tmp/nas.out) <<
Done!

163-bt-64

Sat Dec  5 04:00:14 -03 2020
Executing >> mpiexec --mca btl self,tcp --mca btl_tcp_if_include eth0 -np 64 -machinefile /home/lacp/NEWP/MACHINE_FILES/nodes64_LACP10 /home/lacp/NEWP/BENCHMARKS/NPB3.4.1/NPB3.4-MPI/bin/bt.C.x 2>> /home/lacp/NEWP/LOGS/apps_exec_std_error &> >(tee -a /home/lacp/NEWP/LOGS/LOGS_BACKUP/bt.802.3ad-4NICs-layer2.log > /tmp/nas.out) <<
Done!

164-bt-64

Sat Dec  5 04:03:07 -03 2020
Executing >> mpiexec --mca btl self,tcp --mca btl_tcp_if_include eth0 -np 64 -machinefile /home/lacp/NEWP/MACHINE_FILES/nodes64_LACP10 /home/lacp/NEWP/BENCHMARKS/NPB3.4.1/NPB3.4-MPI/bin/bt.C.x 2>> /home/lacp/NEWP/LOGS/apps_exec_std_error &> >(tee -a /home/lacp/NEWP/LOGS/LOGS_BACKUP/bt.802.3ad-4NICs-layer2.log > /tmp/nas.out) <<
Done!

165-bt-64

Sat Dec  5 04:06:00 -03 2020
Executing >> mpiexec --mca btl self,tcp --mca btl_tcp_if_include eth0 -np 64 -machinefile /home/lacp/NEWP/MACHINE_FILES/nodes64_LACP10 /home/lacp/NEWP/BENCHMARKS/NPB3.4.1/NPB3.4-MPI/bin/bt.C.x 2>> /home/lacp/NEWP/LOGS/apps_exec_std_error &> >(tee -a /home/lacp/NEWP/LOGS/LOGS_BACKUP/bt.802.3ad-4NICs-layer2.log > /tmp/nas.out) <<
Done!

166-bt-64

Sat Dec  5 04:08:55 -03 2020
Executing >> mpiexec --mca btl self,tcp --mca btl_tcp_if_include eth0 -np 64 -machinefile /home/lacp/NEWP/MACHINE_FILES/nodes64_LACP10 /home/lacp/NEWP/BENCHMARKS/NPB3.4.1/NPB3.4-MPI/bin/bt.C.x 2>> /home/lacp/NEWP/LOGS/apps_exec_std_error &> >(tee -a /home/lacp/NEWP/LOGS/LOGS_BACKUP/bt.802.3ad-4NICs-layer2.log > /tmp/nas.out) <<
Done!

167-bt-64

Sat Dec  5 04:11:49 -03 2020
Executing >> mpiexec --mca btl self,tcp --mca btl_tcp_if_include eth0 -np 64 -machinefile /home/lacp/NEWP/MACHINE_FILES/nodes64_LACP10 /home/lacp/NEWP/BENCHMARKS/NPB3.4.1/NPB3.4-MPI/bin/bt.C.x 2>> /home/lacp/NEWP/LOGS/apps_exec_std_error &> >(tee -a /home/lacp/NEWP/LOGS/LOGS_BACKUP/bt.802.3ad-4NICs-layer2.log > /tmp/nas.out) <<
Done!

168-bt-64

Sat Dec  5 04:14:43 -03 2020
Executing >> mpiexec --mca btl self,tcp --mca btl_tcp_if_include eth0 -np 64 -machinefile /home/lacp/NEWP/MACHINE_FILES/nodes64_LACP10 /home/lacp/NEWP/BENCHMARKS/NPB3.4.1/NPB3.4-MPI/bin/bt.C.x 2>> /home/lacp/NEWP/LOGS/apps_exec_std_error &> >(tee -a /home/lacp/NEWP/LOGS/LOGS_BACKUP/bt.802.3ad-4NICs-layer2.log > /tmp/nas.out) <<
Done!

169-bt-64

Sat Dec  5 04:17:36 -03 2020
Executing >> mpiexec --mca btl self,tcp --mca btl_tcp_if_include eth0 -np 64 -machinefile /home/lacp/NEWP/MACHINE_FILES/nodes64_LACP10 /home/lacp/NEWP/BENCHMARKS/NPB3.4.1/NPB3.4-MPI/bin/bt.C.x 2>> /home/lacp/NEWP/LOGS/apps_exec_std_error &> >(tee -a /home/lacp/NEWP/LOGS/LOGS_BACKUP/bt.802.3ad-4NICs-layer2.log > /tmp/nas.out) <<
Done!

170-bt-64

Sat Dec  5 04:20:27 -03 2020
Executing >> mpiexec --mca btl self,tcp --mca btl_tcp_if_include eth0 -np 64 -machinefile /home/lacp/NEWP/MACHINE_FILES/nodes64_LACP10 /home/lacp/NEWP/BENCHMARKS/NPB3.4.1/NPB3.4-MPI/bin/bt.C.x 2>> /home/lacp/NEWP/LOGS/apps_exec_std_error &> >(tee -a /home/lacp/NEWP/LOGS/LOGS_BACKUP/bt.802.3ad-4NICs-layer2.log > /tmp/nas.out) <<
Done!

171-sp-64

Sat Dec  5 04:23:21 -03 2020
Executing >> mpiexec --mca btl self,tcp --mca btl_tcp_if_include eth0 -np 64 -machinefile /home/lacp/NEWP/MACHINE_FILES/nodes64_LACP10 /home/lacp/NEWP/BENCHMARKS/NPB3.4.1/NPB3.4-MPI/bin/sp.C.x 2>> /home/lacp/NEWP/LOGS/apps_exec_std_error &> >(tee -a /home/lacp/NEWP/LOGS/LOGS_BACKUP/sp.802.3ad-4NICs-layer2.log > /tmp/nas.out) <<
Done!

172-sp-64

Sat Dec  5 04:28:02 -03 2020
Executing >> mpiexec --mca btl self,tcp --mca btl_tcp_if_include eth0 -np 64 -machinefile /home/lacp/NEWP/MACHINE_FILES/nodes64_LACP10 /home/lacp/NEWP/BENCHMARKS/NPB3.4.1/NPB3.4-MPI/bin/sp.C.x 2>> /home/lacp/NEWP/LOGS/apps_exec_std_error &> >(tee -a /home/lacp/NEWP/LOGS/LOGS_BACKUP/sp.802.3ad-4NICs-layer2.log > /tmp/nas.out) <<
Done!

173-sp-64

Sat Dec  5 04:32:47 -03 2020
Executing >> mpiexec --mca btl self,tcp --mca btl_tcp_if_include eth0 -np 64 -machinefile /home/lacp/NEWP/MACHINE_FILES/nodes64_LACP10 /home/lacp/NEWP/BENCHMARKS/NPB3.4.1/NPB3.4-MPI/bin/sp.C.x 2>> /home/lacp/NEWP/LOGS/apps_exec_std_error &> >(tee -a /home/lacp/NEWP/LOGS/LOGS_BACKUP/sp.802.3ad-4NICs-layer2.log > /tmp/nas.out) <<
Done!

174-sp-64

Sat Dec  5 04:37:27 -03 2020
Executing >> mpiexec --mca btl self,tcp --mca btl_tcp_if_include eth0 -np 64 -machinefile /home/lacp/NEWP/MACHINE_FILES/nodes64_LACP10 /home/lacp/NEWP/BENCHMARKS/NPB3.4.1/NPB3.4-MPI/bin/sp.C.x 2>> /home/lacp/NEWP/LOGS/apps_exec_std_error &> >(tee -a /home/lacp/NEWP/LOGS/LOGS_BACKUP/sp.802.3ad-4NICs-layer2.log > /tmp/nas.out) <<
Done!

175-sp-64

Sat Dec  5 04:42:09 -03 2020
Executing >> mpiexec --mca btl self,tcp --mca btl_tcp_if_include eth0 -np 64 -machinefile /home/lacp/NEWP/MACHINE_FILES/nodes64_LACP10 /home/lacp/NEWP/BENCHMARKS/NPB3.4.1/NPB3.4-MPI/bin/sp.C.x 2>> /home/lacp/NEWP/LOGS/apps_exec_std_error &> >(tee -a /home/lacp/NEWP/LOGS/LOGS_BACKUP/sp.802.3ad-4NICs-layer2.log > /tmp/nas.out) <<
Done!

176-sp-64

Sat Dec  5 04:46:54 -03 2020
Executing >> mpiexec --mca btl self,tcp --mca btl_tcp_if_include eth0 -np 64 -machinefile /home/lacp/NEWP/MACHINE_FILES/nodes64_LACP10 /home/lacp/NEWP/BENCHMARKS/NPB3.4.1/NPB3.4-MPI/bin/sp.C.x 2>> /home/lacp/NEWP/LOGS/apps_exec_std_error &> >(tee -a /home/lacp/NEWP/LOGS/LOGS_BACKUP/sp.802.3ad-4NICs-layer2.log > /tmp/nas.out) <<
Done!

177-sp-64

Sat Dec  5 04:51:32 -03 2020
Executing >> mpiexec --mca btl self,tcp --mca btl_tcp_if_include eth0 -np 64 -machinefile /home/lacp/NEWP/MACHINE_FILES/nodes64_LACP10 /home/lacp/NEWP/BENCHMARKS/NPB3.4.1/NPB3.4-MPI/bin/sp.C.x 2>> /home/lacp/NEWP/LOGS/apps_exec_std_error &> >(tee -a /home/lacp/NEWP/LOGS/LOGS_BACKUP/sp.802.3ad-4NICs-layer2.log > /tmp/nas.out) <<
Done!

178-sp-64

Sat Dec  5 04:56:08 -03 2020
Executing >> mpiexec --mca btl self,tcp --mca btl_tcp_if_include eth0 -np 64 -machinefile /home/lacp/NEWP/MACHINE_FILES/nodes64_LACP10 /home/lacp/NEWP/BENCHMARKS/NPB3.4.1/NPB3.4-MPI/bin/sp.C.x 2>> /home/lacp/NEWP/LOGS/apps_exec_std_error &> >(tee -a /home/lacp/NEWP/LOGS/LOGS_BACKUP/sp.802.3ad-4NICs-layer2.log > /tmp/nas.out) <<
Done!

179-sp-64

Sat Dec  5 05:00:52 -03 2020
Executing >> mpiexec --mca btl self,tcp --mca btl_tcp_if_include eth0 -np 64 -machinefile /home/lacp/NEWP/MACHINE_FILES/nodes64_LACP10 /home/lacp/NEWP/BENCHMARKS/NPB3.4.1/NPB3.4-MPI/bin/sp.C.x 2>> /home/lacp/NEWP/LOGS/apps_exec_std_error &> >(tee -a /home/lacp/NEWP/LOGS/LOGS_BACKUP/sp.802.3ad-4NICs-layer2.log > /tmp/nas.out) <<
Done!

180-sp-64

Sat Dec  5 05:05:27 -03 2020
Executing >> mpiexec --mca btl self,tcp --mca btl_tcp_if_include eth0 -np 64 -machinefile /home/lacp/NEWP/MACHINE_FILES/nodes64_LACP10 /home/lacp/NEWP/BENCHMARKS/NPB3.4.1/NPB3.4-MPI/bin/sp.C.x 2>> /home/lacp/NEWP/LOGS/apps_exec_std_error &> >(tee -a /home/lacp/NEWP/LOGS/LOGS_BACKUP/sp.802.3ad-4NICs-layer2.log > /tmp/nas.out) <<
Done!

181-bt-64

Sat Dec  5 05:10:06 -03 2020
Executing >> mpiexec --mca btl self,tcp --mca btl_tcp_if_include eth0 -np 64 -machinefile /home/lacp/NEWP/MACHINE_FILES/nodes64_LACP10 /home/lacp/NEWP/BENCHMARKS/NPB3.4.1/NPB3.4-MPI/bin/bt.C.x 2>> /home/lacp/NEWP/LOGS/apps_exec_std_error &> >(tee -a /home/lacp/NEWP/LOGS/LOGS_BACKUP/bt.802.3ad-4NICs-layer2.log > /tmp/nas.out) <<
Done!

182-bt-64

Sat Dec  5 05:13:01 -03 2020
Executing >> mpiexec --mca btl self,tcp --mca btl_tcp_if_include eth0 -np 64 -machinefile /home/lacp/NEWP/MACHINE_FILES/nodes64_LACP10 /home/lacp/NEWP/BENCHMARKS/NPB3.4.1/NPB3.4-MPI/bin/bt.C.x 2>> /home/lacp/NEWP/LOGS/apps_exec_std_error &> >(tee -a /home/lacp/NEWP/LOGS/LOGS_BACKUP/bt.802.3ad-4NICs-layer2.log > /tmp/nas.out) <<
Done!

183-bt-64

Sat Dec  5 05:15:54 -03 2020
Executing >> mpiexec --mca btl self,tcp --mca btl_tcp_if_include eth0 -np 64 -machinefile /home/lacp/NEWP/MACHINE_FILES/nodes64_LACP10 /home/lacp/NEWP/BENCHMARKS/NPB3.4.1/NPB3.4-MPI/bin/bt.C.x 2>> /home/lacp/NEWP/LOGS/apps_exec_std_error &> >(tee -a /home/lacp/NEWP/LOGS/LOGS_BACKUP/bt.802.3ad-4NICs-layer2.log > /tmp/nas.out) <<
Done!

184-bt-64

Sat Dec  5 05:18:48 -03 2020
Executing >> mpiexec --mca btl self,tcp --mca btl_tcp_if_include eth0 -np 64 -machinefile /home/lacp/NEWP/MACHINE_FILES/nodes64_LACP10 /home/lacp/NEWP/BENCHMARKS/NPB3.4.1/NPB3.4-MPI/bin/bt.C.x 2>> /home/lacp/NEWP/LOGS/apps_exec_std_error &> >(tee -a /home/lacp/NEWP/LOGS/LOGS_BACKUP/bt.802.3ad-4NICs-layer2.log > /tmp/nas.out) <<
Done!

185-bt-64

Sat Dec  5 05:21:42 -03 2020
Executing >> mpiexec --mca btl self,tcp --mca btl_tcp_if_include eth0 -np 64 -machinefile /home/lacp/NEWP/MACHINE_FILES/nodes64_LACP10 /home/lacp/NEWP/BENCHMARKS/NPB3.4.1/NPB3.4-MPI/bin/bt.C.x 2>> /home/lacp/NEWP/LOGS/apps_exec_std_error &> >(tee -a /home/lacp/NEWP/LOGS/LOGS_BACKUP/bt.802.3ad-4NICs-layer2.log > /tmp/nas.out) <<
Done!

186-bt-64

Sat Dec  5 05:24:36 -03 2020
Executing >> mpiexec --mca btl self,tcp --mca btl_tcp_if_include eth0 -np 64 -machinefile /home/lacp/NEWP/MACHINE_FILES/nodes64_LACP10 /home/lacp/NEWP/BENCHMARKS/NPB3.4.1/NPB3.4-MPI/bin/bt.C.x 2>> /home/lacp/NEWP/LOGS/apps_exec_std_error &> >(tee -a /home/lacp/NEWP/LOGS/LOGS_BACKUP/bt.802.3ad-4NICs-layer2.log > /tmp/nas.out) <<
Done!

187-bt-64

Sat Dec  5 05:27:29 -03 2020
Executing >> mpiexec --mca btl self,tcp --mca btl_tcp_if_include eth0 -np 64 -machinefile /home/lacp/NEWP/MACHINE_FILES/nodes64_LACP10 /home/lacp/NEWP/BENCHMARKS/NPB3.4.1/NPB3.4-MPI/bin/bt.C.x 2>> /home/lacp/NEWP/LOGS/apps_exec_std_error &> >(tee -a /home/lacp/NEWP/LOGS/LOGS_BACKUP/bt.802.3ad-4NICs-layer2.log > /tmp/nas.out) <<
Done!

188-bt-64

Sat Dec  5 05:30:23 -03 2020
Executing >> mpiexec --mca btl self,tcp --mca btl_tcp_if_include eth0 -np 64 -machinefile /home/lacp/NEWP/MACHINE_FILES/nodes64_LACP10 /home/lacp/NEWP/BENCHMARKS/NPB3.4.1/NPB3.4-MPI/bin/bt.C.x 2>> /home/lacp/NEWP/LOGS/apps_exec_std_error &> >(tee -a /home/lacp/NEWP/LOGS/LOGS_BACKUP/bt.802.3ad-4NICs-layer2.log > /tmp/nas.out) <<
Done!

189-bt-64

Sat Dec  5 05:33:17 -03 2020
Executing >> mpiexec --mca btl self,tcp --mca btl_tcp_if_include eth0 -np 64 -machinefile /home/lacp/NEWP/MACHINE_FILES/nodes64_LACP10 /home/lacp/NEWP/BENCHMARKS/NPB3.4.1/NPB3.4-MPI/bin/bt.C.x 2>> /home/lacp/NEWP/LOGS/apps_exec_std_error &> >(tee -a /home/lacp/NEWP/LOGS/LOGS_BACKUP/bt.802.3ad-4NICs-layer2.log > /tmp/nas.out) <<
Done!

190-bt-64

Sat Dec  5 05:36:13 -03 2020
Executing >> mpiexec --mca btl self,tcp --mca btl_tcp_if_include eth0 -np 64 -machinefile /home/lacp/NEWP/MACHINE_FILES/nodes64_LACP10 /home/lacp/NEWP/BENCHMARKS/NPB3.4.1/NPB3.4-MPI/bin/bt.C.x 2>> /home/lacp/NEWP/LOGS/apps_exec_std_error &> >(tee -a /home/lacp/NEWP/LOGS/LOGS_BACKUP/bt.802.3ad-4NICs-layer2.log > /tmp/nas.out) <<
Done!

191-sp-64

Sat Dec  5 05:39:08 -03 2020
Executing >> mpiexec --mca btl self,tcp --mca btl_tcp_if_include eth0 -np 64 -machinefile /home/lacp/NEWP/MACHINE_FILES/nodes64_LACP10 /home/lacp/NEWP/BENCHMARKS/NPB3.4.1/NPB3.4-MPI/bin/sp.C.x 2>> /home/lacp/NEWP/LOGS/apps_exec_std_error &> >(tee -a /home/lacp/NEWP/LOGS/LOGS_BACKUP/sp.802.3ad-4NICs-layer2.log > /tmp/nas.out) <<
Done!

192-sp-64

Sat Dec  5 05:43:57 -03 2020
Executing >> mpiexec --mca btl self,tcp --mca btl_tcp_if_include eth0 -np 64 -machinefile /home/lacp/NEWP/MACHINE_FILES/nodes64_LACP10 /home/lacp/NEWP/BENCHMARKS/NPB3.4.1/NPB3.4-MPI/bin/sp.C.x 2>> /home/lacp/NEWP/LOGS/apps_exec_std_error &> >(tee -a /home/lacp/NEWP/LOGS/LOGS_BACKUP/sp.802.3ad-4NICs-layer2.log > /tmp/nas.out) <<
Done!

193-sp-64

Sat Dec  5 05:48:42 -03 2020
Executing >> mpiexec --mca btl self,tcp --mca btl_tcp_if_include eth0 -np 64 -machinefile /home/lacp/NEWP/MACHINE_FILES/nodes64_LACP10 /home/lacp/NEWP/BENCHMARKS/NPB3.4.1/NPB3.4-MPI/bin/sp.C.x 2>> /home/lacp/NEWP/LOGS/apps_exec_std_error &> >(tee -a /home/lacp/NEWP/LOGS/LOGS_BACKUP/sp.802.3ad-4NICs-layer2.log > /tmp/nas.out) <<
Done!

194-sp-64

Sat Dec  5 05:53:21 -03 2020
Executing >> mpiexec --mca btl self,tcp --mca btl_tcp_if_include eth0 -np 64 -machinefile /home/lacp/NEWP/MACHINE_FILES/nodes64_LACP10 /home/lacp/NEWP/BENCHMARKS/NPB3.4.1/NPB3.4-MPI/bin/sp.C.x 2>> /home/lacp/NEWP/LOGS/apps_exec_std_error &> >(tee -a /home/lacp/NEWP/LOGS/LOGS_BACKUP/sp.802.3ad-4NICs-layer2.log > /tmp/nas.out) <<
Done!

195-sp-64

Sat Dec  5 05:58:05 -03 2020
Executing >> mpiexec --mca btl self,tcp --mca btl_tcp_if_include eth0 -np 64 -machinefile /home/lacp/NEWP/MACHINE_FILES/nodes64_LACP10 /home/lacp/NEWP/BENCHMARKS/NPB3.4.1/NPB3.4-MPI/bin/sp.C.x 2>> /home/lacp/NEWP/LOGS/apps_exec_std_error &> >(tee -a /home/lacp/NEWP/LOGS/LOGS_BACKUP/sp.802.3ad-4NICs-layer2.log > /tmp/nas.out) <<
Done!

196-sp-64

Sat Dec  5 06:02:39 -03 2020
Executing >> mpiexec --mca btl self,tcp --mca btl_tcp_if_include eth0 -np 64 -machinefile /home/lacp/NEWP/MACHINE_FILES/nodes64_LACP10 /home/lacp/NEWP/BENCHMARKS/NPB3.4.1/NPB3.4-MPI/bin/sp.C.x 2>> /home/lacp/NEWP/LOGS/apps_exec_std_error &> >(tee -a /home/lacp/NEWP/LOGS/LOGS_BACKUP/sp.802.3ad-4NICs-layer2.log > /tmp/nas.out) <<
Done!

197-sp-64

Sat Dec  5 06:07:18 -03 2020
Executing >> mpiexec --mca btl self,tcp --mca btl_tcp_if_include eth0 -np 64 -machinefile /home/lacp/NEWP/MACHINE_FILES/nodes64_LACP10 /home/lacp/NEWP/BENCHMARKS/NPB3.4.1/NPB3.4-MPI/bin/sp.C.x 2>> /home/lacp/NEWP/LOGS/apps_exec_std_error &> >(tee -a /home/lacp/NEWP/LOGS/LOGS_BACKUP/sp.802.3ad-4NICs-layer2.log > /tmp/nas.out) <<
Done!

198-sp-64

Sat Dec  5 06:12:00 -03 2020
Executing >> mpiexec --mca btl self,tcp --mca btl_tcp_if_include eth0 -np 64 -machinefile /home/lacp/NEWP/MACHINE_FILES/nodes64_LACP10 /home/lacp/NEWP/BENCHMARKS/NPB3.4.1/NPB3.4-MPI/bin/sp.C.x 2>> /home/lacp/NEWP/LOGS/apps_exec_std_error &> >(tee -a /home/lacp/NEWP/LOGS/LOGS_BACKUP/sp.802.3ad-4NICs-layer2.log > /tmp/nas.out) <<
Done!

199-sp-64

Sat Dec  5 06:16:37 -03 2020
Executing >> mpiexec --mca btl self,tcp --mca btl_tcp_if_include eth0 -np 64 -machinefile /home/lacp/NEWP/MACHINE_FILES/nodes64_LACP10 /home/lacp/NEWP/BENCHMARKS/NPB3.4.1/NPB3.4-MPI/bin/sp.C.x 2>> /home/lacp/NEWP/LOGS/apps_exec_std_error &> >(tee -a /home/lacp/NEWP/LOGS/LOGS_BACKUP/sp.802.3ad-4NICs-layer2.log > /tmp/nas.out) <<
Done!

200-sp-64

Sat Dec  5 06:21:20 -03 2020
Executing >> mpiexec --mca btl self,tcp --mca btl_tcp_if_include eth0 -np 64 -machinefile /home/lacp/NEWP/MACHINE_FILES/nodes64_LACP10 /home/lacp/NEWP/BENCHMARKS/NPB3.4.1/NPB3.4-MPI/bin/sp.C.x 2>> /home/lacp/NEWP/LOGS/apps_exec_std_error &> >(tee -a /home/lacp/NEWP/LOGS/LOGS_BACKUP/sp.802.3ad-4NICs-layer2.log > /tmp/nas.out) <<
Done!

201-bt-64

Sat Dec  5 06:26:01 -03 2020
Executing >> mpiexec --mca btl self,tcp --mca btl_tcp_if_include eth0 -np 64 -machinefile /home/lacp/NEWP/MACHINE_FILES/nodes64_LACP10 /home/lacp/NEWP/BENCHMARKS/NPB3.4.1/NPB3.4-MPI/bin/bt.C.x 2>> /home/lacp/NEWP/LOGS/apps_exec_std_error &> >(tee -a /home/lacp/NEWP/LOGS/LOGS_BACKUP/bt.802.3ad-4NICs-layer2.log > /tmp/nas.out) <<
Done!

202-bt-64

Sat Dec  5 06:28:54 -03 2020
Executing >> mpiexec --mca btl self,tcp --mca btl_tcp_if_include eth0 -np 64 -machinefile /home/lacp/NEWP/MACHINE_FILES/nodes64_LACP10 /home/lacp/NEWP/BENCHMARKS/NPB3.4.1/NPB3.4-MPI/bin/bt.C.x 2>> /home/lacp/NEWP/LOGS/apps_exec_std_error &> >(tee -a /home/lacp/NEWP/LOGS/LOGS_BACKUP/bt.802.3ad-4NICs-layer2.log > /tmp/nas.out) <<
Done!

203-bt-64

Sat Dec  5 06:31:51 -03 2020
Executing >> mpiexec --mca btl self,tcp --mca btl_tcp_if_include eth0 -np 64 -machinefile /home/lacp/NEWP/MACHINE_FILES/nodes64_LACP10 /home/lacp/NEWP/BENCHMARKS/NPB3.4.1/NPB3.4-MPI/bin/bt.C.x 2>> /home/lacp/NEWP/LOGS/apps_exec_std_error &> >(tee -a /home/lacp/NEWP/LOGS/LOGS_BACKUP/bt.802.3ad-4NICs-layer2.log > /tmp/nas.out) <<
Done!

204-bt-64

Sat Dec  5 06:34:46 -03 2020
Executing >> mpiexec --mca btl self,tcp --mca btl_tcp_if_include eth0 -np 64 -machinefile /home/lacp/NEWP/MACHINE_FILES/nodes64_LACP10 /home/lacp/NEWP/BENCHMARKS/NPB3.4.1/NPB3.4-MPI/bin/bt.C.x 2>> /home/lacp/NEWP/LOGS/apps_exec_std_error &> >(tee -a /home/lacp/NEWP/LOGS/LOGS_BACKUP/bt.802.3ad-4NICs-layer2.log > /tmp/nas.out) <<
Done!

205-bt-64

Sat Dec  5 06:37:41 -03 2020
Executing >> mpiexec --mca btl self,tcp --mca btl_tcp_if_include eth0 -np 64 -machinefile /home/lacp/NEWP/MACHINE_FILES/nodes64_LACP10 /home/lacp/NEWP/BENCHMARKS/NPB3.4.1/NPB3.4-MPI/bin/bt.C.x 2>> /home/lacp/NEWP/LOGS/apps_exec_std_error &> >(tee -a /home/lacp/NEWP/LOGS/LOGS_BACKUP/bt.802.3ad-4NICs-layer2.log > /tmp/nas.out) <<
Done!

206-bt-64

Sat Dec  5 06:40:33 -03 2020
Executing >> mpiexec --mca btl self,tcp --mca btl_tcp_if_include eth0 -np 64 -machinefile /home/lacp/NEWP/MACHINE_FILES/nodes64_LACP10 /home/lacp/NEWP/BENCHMARKS/NPB3.4.1/NPB3.4-MPI/bin/bt.C.x 2>> /home/lacp/NEWP/LOGS/apps_exec_std_error &> >(tee -a /home/lacp/NEWP/LOGS/LOGS_BACKUP/bt.802.3ad-4NICs-layer2.log > /tmp/nas.out) <<
Done!

207-bt-64

Sat Dec  5 06:43:28 -03 2020
Executing >> mpiexec --mca btl self,tcp --mca btl_tcp_if_include eth0 -np 64 -machinefile /home/lacp/NEWP/MACHINE_FILES/nodes64_LACP10 /home/lacp/NEWP/BENCHMARKS/NPB3.4.1/NPB3.4-MPI/bin/bt.C.x 2>> /home/lacp/NEWP/LOGS/apps_exec_std_error &> >(tee -a /home/lacp/NEWP/LOGS/LOGS_BACKUP/bt.802.3ad-4NICs-layer2.log > /tmp/nas.out) <<
Done!

208-bt-64

Sat Dec  5 06:46:23 -03 2020
Executing >> mpiexec --mca btl self,tcp --mca btl_tcp_if_include eth0 -np 64 -machinefile /home/lacp/NEWP/MACHINE_FILES/nodes64_LACP10 /home/lacp/NEWP/BENCHMARKS/NPB3.4.1/NPB3.4-MPI/bin/bt.C.x 2>> /home/lacp/NEWP/LOGS/apps_exec_std_error &> >(tee -a /home/lacp/NEWP/LOGS/LOGS_BACKUP/bt.802.3ad-4NICs-layer2.log > /tmp/nas.out) <<
Done!

209-bt-64

Sat Dec  5 06:49:18 -03 2020
Executing >> mpiexec --mca btl self,tcp --mca btl_tcp_if_include eth0 -np 64 -machinefile /home/lacp/NEWP/MACHINE_FILES/nodes64_LACP10 /home/lacp/NEWP/BENCHMARKS/NPB3.4.1/NPB3.4-MPI/bin/bt.C.x 2>> /home/lacp/NEWP/LOGS/apps_exec_std_error &> >(tee -a /home/lacp/NEWP/LOGS/LOGS_BACKUP/bt.802.3ad-4NICs-layer2.log > /tmp/nas.out) <<
Done!

210-bt-64

Sat Dec  5 06:52:13 -03 2020
Executing >> mpiexec --mca btl self,tcp --mca btl_tcp_if_include eth0 -np 64 -machinefile /home/lacp/NEWP/MACHINE_FILES/nodes64_LACP10 /home/lacp/NEWP/BENCHMARKS/NPB3.4.1/NPB3.4-MPI/bin/bt.C.x 2>> /home/lacp/NEWP/LOGS/apps_exec_std_error &> >(tee -a /home/lacp/NEWP/LOGS/LOGS_BACKUP/bt.802.3ad-4NICs-layer2.log > /tmp/nas.out) <<
Done!

211-sp-64

Sat Dec  5 06:55:08 -03 2020
Executing >> mpiexec --mca btl self,tcp --mca btl_tcp_if_include eth0 -np 64 -machinefile /home/lacp/NEWP/MACHINE_FILES/nodes64_LACP10 /home/lacp/NEWP/BENCHMARKS/NPB3.4.1/NPB3.4-MPI/bin/sp.C.x 2>> /home/lacp/NEWP/LOGS/apps_exec_std_error &> >(tee -a /home/lacp/NEWP/LOGS/LOGS_BACKUP/sp.802.3ad-4NICs-layer2.log > /tmp/nas.out) <<
Done!

212-sp-64

Sat Dec  5 06:59:52 -03 2020
Executing >> mpiexec --mca btl self,tcp --mca btl_tcp_if_include eth0 -np 64 -machinefile /home/lacp/NEWP/MACHINE_FILES/nodes64_LACP10 /home/lacp/NEWP/BENCHMARKS/NPB3.4.1/NPB3.4-MPI/bin/sp.C.x 2>> /home/lacp/NEWP/LOGS/apps_exec_std_error &> >(tee -a /home/lacp/NEWP/LOGS/LOGS_BACKUP/sp.802.3ad-4NICs-layer2.log > /tmp/nas.out) <<
Done!

213-sp-64

Sat Dec  5 07:04:32 -03 2020
Executing >> mpiexec --mca btl self,tcp --mca btl_tcp_if_include eth0 -np 64 -machinefile /home/lacp/NEWP/MACHINE_FILES/nodes64_LACP10 /home/lacp/NEWP/BENCHMARKS/NPB3.4.1/NPB3.4-MPI/bin/sp.C.x 2>> /home/lacp/NEWP/LOGS/apps_exec_std_error &> >(tee -a /home/lacp/NEWP/LOGS/LOGS_BACKUP/sp.802.3ad-4NICs-layer2.log > /tmp/nas.out) <<
Done!

214-sp-64

Sat Dec  5 07:09:08 -03 2020
Executing >> mpiexec --mca btl self,tcp --mca btl_tcp_if_include eth0 -np 64 -machinefile /home/lacp/NEWP/MACHINE_FILES/nodes64_LACP10 /home/lacp/NEWP/BENCHMARKS/NPB3.4.1/NPB3.4-MPI/bin/sp.C.x 2>> /home/lacp/NEWP/LOGS/apps_exec_std_error &> >(tee -a /home/lacp/NEWP/LOGS/LOGS_BACKUP/sp.802.3ad-4NICs-layer2.log > /tmp/nas.out) <<
Done!

215-sp-64

Sat Dec  5 07:13:48 -03 2020
Executing >> mpiexec --mca btl self,tcp --mca btl_tcp_if_include eth0 -np 64 -machinefile /home/lacp/NEWP/MACHINE_FILES/nodes64_LACP10 /home/lacp/NEWP/BENCHMARKS/NPB3.4.1/NPB3.4-MPI/bin/sp.C.x 2>> /home/lacp/NEWP/LOGS/apps_exec_std_error &> >(tee -a /home/lacp/NEWP/LOGS/LOGS_BACKUP/sp.802.3ad-4NICs-layer2.log > /tmp/nas.out) <<
Done!

216-sp-64

Sat Dec  5 07:18:33 -03 2020
Executing >> mpiexec --mca btl self,tcp --mca btl_tcp_if_include eth0 -np 64 -machinefile /home/lacp/NEWP/MACHINE_FILES/nodes64_LACP10 /home/lacp/NEWP/BENCHMARKS/NPB3.4.1/NPB3.4-MPI/bin/sp.C.x 2>> /home/lacp/NEWP/LOGS/apps_exec_std_error &> >(tee -a /home/lacp/NEWP/LOGS/LOGS_BACKUP/sp.802.3ad-4NICs-layer2.log > /tmp/nas.out) <<
Done!

217-sp-64

Sat Dec  5 07:23:08 -03 2020
Executing >> mpiexec --mca btl self,tcp --mca btl_tcp_if_include eth0 -np 64 -machinefile /home/lacp/NEWP/MACHINE_FILES/nodes64_LACP10 /home/lacp/NEWP/BENCHMARKS/NPB3.4.1/NPB3.4-MPI/bin/sp.C.x 2>> /home/lacp/NEWP/LOGS/apps_exec_std_error &> >(tee -a /home/lacp/NEWP/LOGS/LOGS_BACKUP/sp.802.3ad-4NICs-layer2.log > /tmp/nas.out) <<
Done!

218-sp-64

Sat Dec  5 07:27:49 -03 2020
Executing >> mpiexec --mca btl self,tcp --mca btl_tcp_if_include eth0 -np 64 -machinefile /home/lacp/NEWP/MACHINE_FILES/nodes64_LACP10 /home/lacp/NEWP/BENCHMARKS/NPB3.4.1/NPB3.4-MPI/bin/sp.C.x 2>> /home/lacp/NEWP/LOGS/apps_exec_std_error &> >(tee -a /home/lacp/NEWP/LOGS/LOGS_BACKUP/sp.802.3ad-4NICs-layer2.log > /tmp/nas.out) <<
Done!

219-sp-64

Sat Dec  5 07:32:33 -03 2020
Executing >> mpiexec --mca btl self,tcp --mca btl_tcp_if_include eth0 -np 64 -machinefile /home/lacp/NEWP/MACHINE_FILES/nodes64_LACP10 /home/lacp/NEWP/BENCHMARKS/NPB3.4.1/NPB3.4-MPI/bin/sp.C.x 2>> /home/lacp/NEWP/LOGS/apps_exec_std_error &> >(tee -a /home/lacp/NEWP/LOGS/LOGS_BACKUP/sp.802.3ad-4NICs-layer2.log > /tmp/nas.out) <<
Done!

220-sp-64

Sat Dec  5 07:37:14 -03 2020
Executing >> mpiexec --mca btl self,tcp --mca btl_tcp_if_include eth0 -np 64 -machinefile /home/lacp/NEWP/MACHINE_FILES/nodes64_LACP10 /home/lacp/NEWP/BENCHMARKS/NPB3.4.1/NPB3.4-MPI/bin/sp.C.x 2>> /home/lacp/NEWP/LOGS/apps_exec_std_error &> >(tee -a /home/lacp/NEWP/LOGS/LOGS_BACKUP/sp.802.3ad-4NICs-layer2.log > /tmp/nas.out) <<
Done!

221-bt-64

Sat Dec  5 07:41:52 -03 2020
Executing >> mpiexec --mca btl self,tcp --mca btl_tcp_if_include eth0 -np 64 -machinefile /home/lacp/NEWP/MACHINE_FILES/nodes64_LACP10 /home/lacp/NEWP/BENCHMARKS/NPB3.4.1/NPB3.4-MPI/bin/bt.C.x 2>> /home/lacp/NEWP/LOGS/apps_exec_std_error &> >(tee -a /home/lacp/NEWP/LOGS/LOGS_BACKUP/bt.802.3ad-4NICs-layer2.log > /tmp/nas.out) <<
Done!

222-bt-64

Sat Dec  5 07:44:46 -03 2020
Executing >> mpiexec --mca btl self,tcp --mca btl_tcp_if_include eth0 -np 64 -machinefile /home/lacp/NEWP/MACHINE_FILES/nodes64_LACP10 /home/lacp/NEWP/BENCHMARKS/NPB3.4.1/NPB3.4-MPI/bin/bt.C.x 2>> /home/lacp/NEWP/LOGS/apps_exec_std_error &> >(tee -a /home/lacp/NEWP/LOGS/LOGS_BACKUP/bt.802.3ad-4NICs-layer2.log > /tmp/nas.out) <<
Done!

223-bt-64

Sat Dec  5 07:47:41 -03 2020
Executing >> mpiexec --mca btl self,tcp --mca btl_tcp_if_include eth0 -np 64 -machinefile /home/lacp/NEWP/MACHINE_FILES/nodes64_LACP10 /home/lacp/NEWP/BENCHMARKS/NPB3.4.1/NPB3.4-MPI/bin/bt.C.x 2>> /home/lacp/NEWP/LOGS/apps_exec_std_error &> >(tee -a /home/lacp/NEWP/LOGS/LOGS_BACKUP/bt.802.3ad-4NICs-layer2.log > /tmp/nas.out) <<
Done!

224-bt-64

Sat Dec  5 07:50:36 -03 2020
Executing >> mpiexec --mca btl self,tcp --mca btl_tcp_if_include eth0 -np 64 -machinefile /home/lacp/NEWP/MACHINE_FILES/nodes64_LACP10 /home/lacp/NEWP/BENCHMARKS/NPB3.4.1/NPB3.4-MPI/bin/bt.C.x 2>> /home/lacp/NEWP/LOGS/apps_exec_std_error &> >(tee -a /home/lacp/NEWP/LOGS/LOGS_BACKUP/bt.802.3ad-4NICs-layer2.log > /tmp/nas.out) <<
Done!

225-bt-64

Sat Dec  5 07:53:30 -03 2020
Executing >> mpiexec --mca btl self,tcp --mca btl_tcp_if_include eth0 -np 64 -machinefile /home/lacp/NEWP/MACHINE_FILES/nodes64_LACP10 /home/lacp/NEWP/BENCHMARKS/NPB3.4.1/NPB3.4-MPI/bin/bt.C.x 2>> /home/lacp/NEWP/LOGS/apps_exec_std_error &> >(tee -a /home/lacp/NEWP/LOGS/LOGS_BACKUP/bt.802.3ad-4NICs-layer2.log > /tmp/nas.out) <<
Done!

226-bt-64

Sat Dec  5 07:56:26 -03 2020
Executing >> mpiexec --mca btl self,tcp --mca btl_tcp_if_include eth0 -np 64 -machinefile /home/lacp/NEWP/MACHINE_FILES/nodes64_LACP10 /home/lacp/NEWP/BENCHMARKS/NPB3.4.1/NPB3.4-MPI/bin/bt.C.x 2>> /home/lacp/NEWP/LOGS/apps_exec_std_error &> >(tee -a /home/lacp/NEWP/LOGS/LOGS_BACKUP/bt.802.3ad-4NICs-layer2.log > /tmp/nas.out) <<
Done!

227-bt-64

Sat Dec  5 07:59:20 -03 2020
Executing >> mpiexec --mca btl self,tcp --mca btl_tcp_if_include eth0 -np 64 -machinefile /home/lacp/NEWP/MACHINE_FILES/nodes64_LACP10 /home/lacp/NEWP/BENCHMARKS/NPB3.4.1/NPB3.4-MPI/bin/bt.C.x 2>> /home/lacp/NEWP/LOGS/apps_exec_std_error &> >(tee -a /home/lacp/NEWP/LOGS/LOGS_BACKUP/bt.802.3ad-4NICs-layer2.log > /tmp/nas.out) <<
Done!

228-bt-64

Sat Dec  5 08:02:14 -03 2020
Executing >> mpiexec --mca btl self,tcp --mca btl_tcp_if_include eth0 -np 64 -machinefile /home/lacp/NEWP/MACHINE_FILES/nodes64_LACP10 /home/lacp/NEWP/BENCHMARKS/NPB3.4.1/NPB3.4-MPI/bin/bt.C.x 2>> /home/lacp/NEWP/LOGS/apps_exec_std_error &> >(tee -a /home/lacp/NEWP/LOGS/LOGS_BACKUP/bt.802.3ad-4NICs-layer2.log > /tmp/nas.out) <<
Done!

229-bt-64

Sat Dec  5 08:05:07 -03 2020
Executing >> mpiexec --mca btl self,tcp --mca btl_tcp_if_include eth0 -np 64 -machinefile /home/lacp/NEWP/MACHINE_FILES/nodes64_LACP10 /home/lacp/NEWP/BENCHMARKS/NPB3.4.1/NPB3.4-MPI/bin/bt.C.x 2>> /home/lacp/NEWP/LOGS/apps_exec_std_error &> >(tee -a /home/lacp/NEWP/LOGS/LOGS_BACKUP/bt.802.3ad-4NICs-layer2.log > /tmp/nas.out) <<
Done!

230-bt-64

Sat Dec  5 08:08:03 -03 2020
Executing >> mpiexec --mca btl self,tcp --mca btl_tcp_if_include eth0 -np 64 -machinefile /home/lacp/NEWP/MACHINE_FILES/nodes64_LACP10 /home/lacp/NEWP/BENCHMARKS/NPB3.4.1/NPB3.4-MPI/bin/bt.C.x 2>> /home/lacp/NEWP/LOGS/apps_exec_std_error &> >(tee -a /home/lacp/NEWP/LOGS/LOGS_BACKUP/bt.802.3ad-4NICs-layer2.log > /tmp/nas.out) <<
Done!

231-sp-64

Sat Dec  5 08:10:58 -03 2020
Executing >> mpiexec --mca btl self,tcp --mca btl_tcp_if_include eth0 -np 64 -machinefile /home/lacp/NEWP/MACHINE_FILES/nodes64_LACP10 /home/lacp/NEWP/BENCHMARKS/NPB3.4.1/NPB3.4-MPI/bin/sp.C.x 2>> /home/lacp/NEWP/LOGS/apps_exec_std_error &> >(tee -a /home/lacp/NEWP/LOGS/LOGS_BACKUP/sp.802.3ad-4NICs-layer2.log > /tmp/nas.out) <<
Done!

232-sp-64

Sat Dec  5 08:15:39 -03 2020
Executing >> mpiexec --mca btl self,tcp --mca btl_tcp_if_include eth0 -np 64 -machinefile /home/lacp/NEWP/MACHINE_FILES/nodes64_LACP10 /home/lacp/NEWP/BENCHMARKS/NPB3.4.1/NPB3.4-MPI/bin/sp.C.x 2>> /home/lacp/NEWP/LOGS/apps_exec_std_error &> >(tee -a /home/lacp/NEWP/LOGS/LOGS_BACKUP/sp.802.3ad-4NICs-layer2.log > /tmp/nas.out) <<
Done!

233-sp-64

Sat Dec  5 08:20:22 -03 2020
Executing >> mpiexec --mca btl self,tcp --mca btl_tcp_if_include eth0 -np 64 -machinefile /home/lacp/NEWP/MACHINE_FILES/nodes64_LACP10 /home/lacp/NEWP/BENCHMARKS/NPB3.4.1/NPB3.4-MPI/bin/sp.C.x 2>> /home/lacp/NEWP/LOGS/apps_exec_std_error &> >(tee -a /home/lacp/NEWP/LOGS/LOGS_BACKUP/sp.802.3ad-4NICs-layer2.log > /tmp/nas.out) <<
Done!

234-sp-64

Sat Dec  5 08:25:04 -03 2020
Executing >> mpiexec --mca btl self,tcp --mca btl_tcp_if_include eth0 -np 64 -machinefile /home/lacp/NEWP/MACHINE_FILES/nodes64_LACP10 /home/lacp/NEWP/BENCHMARKS/NPB3.4.1/NPB3.4-MPI/bin/sp.C.x 2>> /home/lacp/NEWP/LOGS/apps_exec_std_error &> >(tee -a /home/lacp/NEWP/LOGS/LOGS_BACKUP/sp.802.3ad-4NICs-layer2.log > /tmp/nas.out) <<
Done!

235-sp-64

Sat Dec  5 08:29:41 -03 2020
Executing >> mpiexec --mca btl self,tcp --mca btl_tcp_if_include eth0 -np 64 -machinefile /home/lacp/NEWP/MACHINE_FILES/nodes64_LACP10 /home/lacp/NEWP/BENCHMARKS/NPB3.4.1/NPB3.4-MPI/bin/sp.C.x 2>> /home/lacp/NEWP/LOGS/apps_exec_std_error &> >(tee -a /home/lacp/NEWP/LOGS/LOGS_BACKUP/sp.802.3ad-4NICs-layer2.log > /tmp/nas.out) <<
Done!

236-sp-64

Sat Dec  5 08:34:23 -03 2020
Executing >> mpiexec --mca btl self,tcp --mca btl_tcp_if_include eth0 -np 64 -machinefile /home/lacp/NEWP/MACHINE_FILES/nodes64_LACP10 /home/lacp/NEWP/BENCHMARKS/NPB3.4.1/NPB3.4-MPI/bin/sp.C.x 2>> /home/lacp/NEWP/LOGS/apps_exec_std_error &> >(tee -a /home/lacp/NEWP/LOGS/LOGS_BACKUP/sp.802.3ad-4NICs-layer2.log > /tmp/nas.out) <<
Done!

237-sp-64

Sat Dec  5 08:38:57 -03 2020
Executing >> mpiexec --mca btl self,tcp --mca btl_tcp_if_include eth0 -np 64 -machinefile /home/lacp/NEWP/MACHINE_FILES/nodes64_LACP10 /home/lacp/NEWP/BENCHMARKS/NPB3.4.1/NPB3.4-MPI/bin/sp.C.x 2>> /home/lacp/NEWP/LOGS/apps_exec_std_error &> >(tee -a /home/lacp/NEWP/LOGS/LOGS_BACKUP/sp.802.3ad-4NICs-layer2.log > /tmp/nas.out) <<
Done!

238-sp-64

Sat Dec  5 08:43:34 -03 2020
Executing >> mpiexec --mca btl self,tcp --mca btl_tcp_if_include eth0 -np 64 -machinefile /home/lacp/NEWP/MACHINE_FILES/nodes64_LACP10 /home/lacp/NEWP/BENCHMARKS/NPB3.4.1/NPB3.4-MPI/bin/sp.C.x 2>> /home/lacp/NEWP/LOGS/apps_exec_std_error &> >(tee -a /home/lacp/NEWP/LOGS/LOGS_BACKUP/sp.802.3ad-4NICs-layer2.log > /tmp/nas.out) <<
Done!

239-sp-64

Sat Dec  5 08:48:17 -03 2020
Executing >> mpiexec --mca btl self,tcp --mca btl_tcp_if_include eth0 -np 64 -machinefile /home/lacp/NEWP/MACHINE_FILES/nodes64_LACP10 /home/lacp/NEWP/BENCHMARKS/NPB3.4.1/NPB3.4-MPI/bin/sp.C.x 2>> /home/lacp/NEWP/LOGS/apps_exec_std_error &> >(tee -a /home/lacp/NEWP/LOGS/LOGS_BACKUP/sp.802.3ad-4NICs-layer2.log > /tmp/nas.out) <<
Done!

240-sp-64

Sat Dec  5 08:53:04 -03 2020
Executing >> mpiexec --mca btl self,tcp --mca btl_tcp_if_include eth0 -np 64 -machinefile /home/lacp/NEWP/MACHINE_FILES/nodes64_LACP10 /home/lacp/NEWP/BENCHMARKS/NPB3.4.1/NPB3.4-MPI/bin/sp.C.x 2>> /home/lacp/NEWP/LOGS/apps_exec_std_error &> >(tee -a /home/lacp/NEWP/LOGS/LOGS_BACKUP/sp.802.3ad-4NICs-layer2.log > /tmp/nas.out) <<
Done!
