--2020-11-29 13:22:51--  https://www.nas.nasa.gov/assets/npb/NPB3.4.1.tar.gz
Resolving www.nas.nasa.gov (www.nas.nasa.gov)... 198.9.3.30, 2001:4d0:6318:903:198:9:3:30
Connecting to www.nas.nasa.gov (www.nas.nasa.gov)|198.9.3.30|:443... connected.
HTTP request sent, awaiting response... 
  HTTP/1.1 200 OK
  Date: Sun, 29 Nov 2020 16:22:52 GMT
  Server: Apache
  X-Frame-Options: SAMEORIGIN
  Strict-Transport-Security: max-age=31536000
  Last-Modified: Thu, 11 Jun 2020 02:21:22 GMT
  ETag: "1440f28-68906-5a7c59de516c9"
  Accept-Ranges: bytes
  Content-Length: 428294
  Keep-Alive: timeout=5, max=100
  Connection: Keep-Alive
  Content-Type: application/x-gzip
Length: 428294 (418K) [application/x-gzip]
Saving to: ‘NPB3.4.1.tar.gz’

     0K .......... .......... .......... .......... .......... 11% 81.0K 5s
    50K .......... .......... .......... .......... .......... 23%  243K 3s
   100K .......... .......... .......... .......... .......... 35%  244K 2s
   150K .......... .......... .......... .......... .......... 47%  244K 1s
   200K .......... .......... .......... .......... .......... 59%  245K 1s
   250K .......... .......... .......... .......... .......... 71% 16.6M 1s
   300K .......... .......... .......... .......... .......... 83%  246K 0s
   350K .......... .......... .......... .......... .......... 95% 16.3M 0s
   400K .......... ........                                   100% 15.6M=1.6s

2020-11-29 13:22:54 (254 KB/s) - ‘NPB3.4.1.tar.gz’ saved [428294/428294]

