

 NAS Parallel Benchmarks 3.4 -- IS Benchmark

 Size:  134217728  (class C)
 Iterations:   10
 Total number of processes:  16

   iteration
        1
        2
        3
        4
        5
        6
        7
        8
        9
        10


 IS Benchmark Completed
 Class           =                        C
 Size            =                134217728
 Iterations      =                       10
 Time in seconds =                    44.37
 Total processes =                       16
 Active processes=                       16
 Mop/s total     =                    30.25
 Mop/s/process   =                     1.89
 Operation type  =              keys ranked
 Verification    =               SUCCESSFUL
 Version         =                    3.4.1
 Compile date    =              10 Dec 2020

 Compile options:
    MPICC        = mpicc
    CLINK        = $(MPICC)
    CMPI_LIB     = (none)
    CMPI_INC     = (none)
    CFLAGS       = -O3
    CLINKFLAGS   = $(CFLAGS)


 Please send feedbacks and/or the results of this run to:

 NPB Development Team
 npb@nas.nasa.gov




 NAS Parallel Benchmarks 3.4 -- IS Benchmark

 Size:  134217728  (class C)
 Iterations:   10
 Total number of processes:  16

   iteration
        1
        2
        3
        4
        5
        6
        7
        8
        9
        10


 IS Benchmark Completed
 Class           =                        C
 Size            =                134217728
 Iterations      =                       10
 Time in seconds =                    43.76
 Total processes =                       16
 Active processes=                       16
 Mop/s total     =                    30.67
 Mop/s/process   =                     1.92
 Operation type  =              keys ranked
 Verification    =               SUCCESSFUL
 Version         =                    3.4.1
 Compile date    =              10 Dec 2020

 Compile options:
    MPICC        = mpicc
    CLINK        = $(MPICC)
    CMPI_LIB     = (none)
    CMPI_INC     = (none)
    CFLAGS       = -O3
    CLINKFLAGS   = $(CFLAGS)


 Please send feedbacks and/or the results of this run to:

 NPB Development Team
 npb@nas.nasa.gov




 NAS Parallel Benchmarks 3.4 -- IS Benchmark

 Size:  134217728  (class C)
 Iterations:   10
 Total number of processes:  16

   iteration
        1
        2
        3
        4
        5
        6
        7
        8
        9
        10


 IS Benchmark Completed
 Class           =                        C
 Size            =                134217728
 Iterations      =                       10
 Time in seconds =                    45.13
 Total processes =                       16
 Active processes=                       16
 Mop/s total     =                    29.74
 Mop/s/process   =                     1.86
 Operation type  =              keys ranked
 Verification    =               SUCCESSFUL
 Version         =                    3.4.1
 Compile date    =              10 Dec 2020

 Compile options:
    MPICC        = mpicc
    CLINK        = $(MPICC)
    CMPI_LIB     = (none)
    CMPI_INC     = (none)
    CFLAGS       = -O3
    CLINKFLAGS   = $(CFLAGS)


 Please send feedbacks and/or the results of this run to:

 NPB Development Team
 npb@nas.nasa.gov




 NAS Parallel Benchmarks 3.4 -- IS Benchmark

 Size:  134217728  (class C)
 Iterations:   10
 Total number of processes:  16

   iteration
        1
        2
        3
        4
        5
        6
        7
        8
        9
        10


 IS Benchmark Completed
 Class           =                        C
 Size            =                134217728
 Iterations      =                       10
 Time in seconds =                    43.06
 Total processes =                       16
 Active processes=                       16
 Mop/s total     =                    31.17
 Mop/s/process   =                     1.95
 Operation type  =              keys ranked
 Verification    =               SUCCESSFUL
 Version         =                    3.4.1
 Compile date    =              10 Dec 2020

 Compile options:
    MPICC        = mpicc
    CLINK        = $(MPICC)
    CMPI_LIB     = (none)
    CMPI_INC     = (none)
    CFLAGS       = -O3
    CLINKFLAGS   = $(CFLAGS)


 Please send feedbacks and/or the results of this run to:

 NPB Development Team
 npb@nas.nasa.gov




 NAS Parallel Benchmarks 3.4 -- IS Benchmark

 Size:  134217728  (class C)
 Iterations:   10
 Total number of processes:  16

   iteration
        1
        2
        3
        4
        5
        6
        7
        8
        9
        10


 IS Benchmark Completed
 Class           =                        C
 Size            =                134217728
 Iterations      =                       10
 Time in seconds =                    41.34
 Total processes =                       16
 Active processes=                       16
 Mop/s total     =                    32.46
 Mop/s/process   =                     2.03
 Operation type  =              keys ranked
 Verification    =               SUCCESSFUL
 Version         =                    3.4.1
 Compile date    =              10 Dec 2020

 Compile options:
    MPICC        = mpicc
    CLINK        = $(MPICC)
    CMPI_LIB     = (none)
    CMPI_INC     = (none)
    CFLAGS       = -O3
    CLINKFLAGS   = $(CFLAGS)


 Please send feedbacks and/or the results of this run to:

 NPB Development Team
 npb@nas.nasa.gov




 NAS Parallel Benchmarks 3.4 -- IS Benchmark

 Size:  134217728  (class C)
 Iterations:   10
 Total number of processes:  16

   iteration
        1
        2
        3
        4
        5
        6
        7
        8
        9
        10


 IS Benchmark Completed
 Class           =                        C
 Size            =                134217728
 Iterations      =                       10
 Time in seconds =                    46.02
 Total processes =                       16
 Active processes=                       16
 Mop/s total     =                    29.17
 Mop/s/process   =                     1.82
 Operation type  =              keys ranked
 Verification    =               SUCCESSFUL
 Version         =                    3.4.1
 Compile date    =              10 Dec 2020

 Compile options:
    MPICC        = mpicc
    CLINK        = $(MPICC)
    CMPI_LIB     = (none)
    CMPI_INC     = (none)
    CFLAGS       = -O3
    CLINKFLAGS   = $(CFLAGS)


 Please send feedbacks and/or the results of this run to:

 NPB Development Team
 npb@nas.nasa.gov




 NAS Parallel Benchmarks 3.4 -- IS Benchmark

 Size:  134217728  (class C)
 Iterations:   10
 Total number of processes:  16

   iteration
        1
        2
        3
        4
        5
        6
        7
        8
        9
        10


 IS Benchmark Completed
 Class           =                        C
 Size            =                134217728
 Iterations      =                       10
 Time in seconds =                    38.60
 Total processes =                       16
 Active processes=                       16
 Mop/s total     =                    34.77
 Mop/s/process   =                     2.17
 Operation type  =              keys ranked
 Verification    =               SUCCESSFUL
 Version         =                    3.4.1
 Compile date    =              10 Dec 2020

 Compile options:
    MPICC        = mpicc
    CLINK        = $(MPICC)
    CMPI_LIB     = (none)
    CMPI_INC     = (none)
    CFLAGS       = -O3
    CLINKFLAGS   = $(CFLAGS)


 Please send feedbacks and/or the results of this run to:

 NPB Development Team
 npb@nas.nasa.gov




 NAS Parallel Benchmarks 3.4 -- IS Benchmark

 Size:  134217728  (class C)
 Iterations:   10
 Total number of processes:  16

   iteration
        1
        2
        3
        4
        5
        6
        7
        8
        9
        10


 IS Benchmark Completed
 Class           =                        C
 Size            =                134217728
 Iterations      =                       10
 Time in seconds =                    38.49
 Total processes =                       16
 Active processes=                       16
 Mop/s total     =                    34.87
 Mop/s/process   =                     2.18
 Operation type  =              keys ranked
 Verification    =               SUCCESSFUL
 Version         =                    3.4.1
 Compile date    =              10 Dec 2020

 Compile options:
    MPICC        = mpicc
    CLINK        = $(MPICC)
    CMPI_LIB     = (none)
    CMPI_INC     = (none)
    CFLAGS       = -O3
    CLINKFLAGS   = $(CFLAGS)


 Please send feedbacks and/or the results of this run to:

 NPB Development Team
 npb@nas.nasa.gov




 NAS Parallel Benchmarks 3.4 -- IS Benchmark

 Size:  134217728  (class C)
 Iterations:   10
 Total number of processes:  16

   iteration
        1
        2
        3
        4
        5
        6
        7
        8
        9
        10


 IS Benchmark Completed
 Class           =                        C
 Size            =                134217728
 Iterations      =                       10
 Time in seconds =                    39.07
 Total processes =                       16
 Active processes=                       16
 Mop/s total     =                    34.36
 Mop/s/process   =                     2.15
 Operation type  =              keys ranked
 Verification    =               SUCCESSFUL
 Version         =                    3.4.1
 Compile date    =              10 Dec 2020

 Compile options:
    MPICC        = mpicc
    CLINK        = $(MPICC)
    CMPI_LIB     = (none)
    CMPI_INC     = (none)
    CFLAGS       = -O3
    CLINKFLAGS   = $(CFLAGS)


 Please send feedbacks and/or the results of this run to:

 NPB Development Team
 npb@nas.nasa.gov




 NAS Parallel Benchmarks 3.4 -- IS Benchmark

 Size:  134217728  (class C)
 Iterations:   10
 Total number of processes:  16

   iteration
        1
        2
        3
        4
        5
        6
        7
        8
        9
        10


 IS Benchmark Completed
 Class           =                        C
 Size            =                134217728
 Iterations      =                       10
 Time in seconds =                    38.47
 Total processes =                       16
 Active processes=                       16
 Mop/s total     =                    34.89
 Mop/s/process   =                     2.18
 Operation type  =              keys ranked
 Verification    =               SUCCESSFUL
 Version         =                    3.4.1
 Compile date    =              10 Dec 2020

 Compile options:
    MPICC        = mpicc
    CLINK        = $(MPICC)
    CMPI_LIB     = (none)
    CMPI_INC     = (none)
    CFLAGS       = -O3
    CLINKFLAGS   = $(CFLAGS)


 Please send feedbacks and/or the results of this run to:

 NPB Development Team
 npb@nas.nasa.gov




 NAS Parallel Benchmarks 3.4 -- IS Benchmark

 Size:  134217728  (class C)
 Iterations:   10
 Total number of processes:  16

   iteration
        1
        2
        3
        4
        5
        6
        7
        8
        9
        10


 IS Benchmark Completed
 Class           =                        C
 Size            =                134217728
 Iterations      =                       10
 Time in seconds =                    44.72
 Total processes =                       16
 Active processes=                       16
 Mop/s total     =                    30.01
 Mop/s/process   =                     1.88
 Operation type  =              keys ranked
 Verification    =               SUCCESSFUL
 Version         =                    3.4.1
 Compile date    =              10 Dec 2020

 Compile options:
    MPICC        = mpicc
    CLINK        = $(MPICC)
    CMPI_LIB     = (none)
    CMPI_INC     = (none)
    CFLAGS       = -O3
    CLINKFLAGS   = $(CFLAGS)


 Please send feedbacks and/or the results of this run to:

 NPB Development Team
 npb@nas.nasa.gov




 NAS Parallel Benchmarks 3.4 -- IS Benchmark

 Size:  134217728  (class C)
 Iterations:   10
 Total number of processes:  16

   iteration
        1
        2
        3
        4
        5
        6
        7
        8
        9
        10


 IS Benchmark Completed
 Class           =                        C
 Size            =                134217728
 Iterations      =                       10
 Time in seconds =                    44.76
 Total processes =                       16
 Active processes=                       16
 Mop/s total     =                    29.99
 Mop/s/process   =                     1.87
 Operation type  =              keys ranked
 Verification    =               SUCCESSFUL
 Version         =                    3.4.1
 Compile date    =              10 Dec 2020

 Compile options:
    MPICC        = mpicc
    CLINK        = $(MPICC)
    CMPI_LIB     = (none)
    CMPI_INC     = (none)
    CFLAGS       = -O3
    CLINKFLAGS   = $(CFLAGS)


 Please send feedbacks and/or the results of this run to:

 NPB Development Team
 npb@nas.nasa.gov




 NAS Parallel Benchmarks 3.4 -- IS Benchmark

 Size:  134217728  (class C)
 Iterations:   10
 Total number of processes:  16

   iteration
        1
        2
        3
        4
        5
        6
        7
        8
        9
        10


 IS Benchmark Completed
 Class           =                        C
 Size            =                134217728
 Iterations      =                       10
 Time in seconds =                    43.02
 Total processes =                       16
 Active processes=                       16
 Mop/s total     =                    31.20
 Mop/s/process   =                     1.95
 Operation type  =              keys ranked
 Verification    =               SUCCESSFUL
 Version         =                    3.4.1
 Compile date    =              10 Dec 2020

 Compile options:
    MPICC        = mpicc
    CLINK        = $(MPICC)
    CMPI_LIB     = (none)
    CMPI_INC     = (none)
    CFLAGS       = -O3
    CLINKFLAGS   = $(CFLAGS)


 Please send feedbacks and/or the results of this run to:

 NPB Development Team
 npb@nas.nasa.gov




 NAS Parallel Benchmarks 3.4 -- IS Benchmark

 Size:  134217728  (class C)
 Iterations:   10
 Total number of processes:  16

   iteration
        1
        2
        3
        4
        5
        6
        7
        8
        9
        10


 IS Benchmark Completed
 Class           =                        C
 Size            =                134217728
 Iterations      =                       10
 Time in seconds =                    44.94
 Total processes =                       16
 Active processes=                       16
 Mop/s total     =                    29.87
 Mop/s/process   =                     1.87
 Operation type  =              keys ranked
 Verification    =               SUCCESSFUL
 Version         =                    3.4.1
 Compile date    =              10 Dec 2020

 Compile options:
    MPICC        = mpicc
    CLINK        = $(MPICC)
    CMPI_LIB     = (none)
    CMPI_INC     = (none)
    CFLAGS       = -O3
    CLINKFLAGS   = $(CFLAGS)


 Please send feedbacks and/or the results of this run to:

 NPB Development Team
 npb@nas.nasa.gov




 NAS Parallel Benchmarks 3.4 -- IS Benchmark

 Size:  134217728  (class C)
 Iterations:   10
 Total number of processes:  16

   iteration
        1
        2
        3
        4
        5
        6
        7
        8
        9
        10


 IS Benchmark Completed
 Class           =                        C
 Size            =                134217728
 Iterations      =                       10
 Time in seconds =                    45.46
 Total processes =                       16
 Active processes=                       16
 Mop/s total     =                    29.52
 Mop/s/process   =                     1.85
 Operation type  =              keys ranked
 Verification    =               SUCCESSFUL
 Version         =                    3.4.1
 Compile date    =              10 Dec 2020

 Compile options:
    MPICC        = mpicc
    CLINK        = $(MPICC)
    CMPI_LIB     = (none)
    CMPI_INC     = (none)
    CFLAGS       = -O3
    CLINKFLAGS   = $(CFLAGS)


 Please send feedbacks and/or the results of this run to:

 NPB Development Team
 npb@nas.nasa.gov




 NAS Parallel Benchmarks 3.4 -- IS Benchmark

 Size:  134217728  (class C)
 Iterations:   10
 Total number of processes:  16

   iteration
        1
        2
        3
        4
        5
        6
        7
        8
        9
        10


 IS Benchmark Completed
 Class           =                        C
 Size            =                134217728
 Iterations      =                       10
 Time in seconds =                    43.16
 Total processes =                       16
 Active processes=                       16
 Mop/s total     =                    31.10
 Mop/s/process   =                     1.94
 Operation type  =              keys ranked
 Verification    =               SUCCESSFUL
 Version         =                    3.4.1
 Compile date    =              10 Dec 2020

 Compile options:
    MPICC        = mpicc
    CLINK        = $(MPICC)
    CMPI_LIB     = (none)
    CMPI_INC     = (none)
    CFLAGS       = -O3
    CLINKFLAGS   = $(CFLAGS)


 Please send feedbacks and/or the results of this run to:

 NPB Development Team
 npb@nas.nasa.gov




 NAS Parallel Benchmarks 3.4 -- IS Benchmark

 Size:  134217728  (class C)
 Iterations:   10
 Total number of processes:  16

   iteration
        1
        2
        3
        4
        5
        6
        7
        8
        9
        10


 IS Benchmark Completed
 Class           =                        C
 Size            =                134217728
 Iterations      =                       10
 Time in seconds =                    40.83
 Total processes =                       16
 Active processes=                       16
 Mop/s total     =                    32.88
 Mop/s/process   =                     2.05
 Operation type  =              keys ranked
 Verification    =               SUCCESSFUL
 Version         =                    3.4.1
 Compile date    =              10 Dec 2020

 Compile options:
    MPICC        = mpicc
    CLINK        = $(MPICC)
    CMPI_LIB     = (none)
    CMPI_INC     = (none)
    CFLAGS       = -O3
    CLINKFLAGS   = $(CFLAGS)


 Please send feedbacks and/or the results of this run to:

 NPB Development Team
 npb@nas.nasa.gov




 NAS Parallel Benchmarks 3.4 -- IS Benchmark

 Size:  134217728  (class C)
 Iterations:   10
 Total number of processes:  16

   iteration
        1
        2
        3
        4
        5
        6
        7
        8
        9
        10


 IS Benchmark Completed
 Class           =                        C
 Size            =                134217728
 Iterations      =                       10
 Time in seconds =                    44.97
 Total processes =                       16
 Active processes=                       16
 Mop/s total     =                    29.84
 Mop/s/process   =                     1.87
 Operation type  =              keys ranked
 Verification    =               SUCCESSFUL
 Version         =                    3.4.1
 Compile date    =              10 Dec 2020

 Compile options:
    MPICC        = mpicc
    CLINK        = $(MPICC)
    CMPI_LIB     = (none)
    CMPI_INC     = (none)
    CFLAGS       = -O3
    CLINKFLAGS   = $(CFLAGS)


 Please send feedbacks and/or the results of this run to:

 NPB Development Team
 npb@nas.nasa.gov




 NAS Parallel Benchmarks 3.4 -- IS Benchmark

 Size:  134217728  (class C)
 Iterations:   10
 Total number of processes:  16

   iteration
        1
        2
        3
        4
        5
        6
        7
        8
        9
        10


 IS Benchmark Completed
 Class           =                        C
 Size            =                134217728
 Iterations      =                       10
 Time in seconds =                    45.78
 Total processes =                       16
 Active processes=                       16
 Mop/s total     =                    29.32
 Mop/s/process   =                     1.83
 Operation type  =              keys ranked
 Verification    =               SUCCESSFUL
 Version         =                    3.4.1
 Compile date    =              10 Dec 2020

 Compile options:
    MPICC        = mpicc
    CLINK        = $(MPICC)
    CMPI_LIB     = (none)
    CMPI_INC     = (none)
    CFLAGS       = -O3
    CLINKFLAGS   = $(CFLAGS)


 Please send feedbacks and/or the results of this run to:

 NPB Development Team
 npb@nas.nasa.gov




 NAS Parallel Benchmarks 3.4 -- IS Benchmark

 Size:  134217728  (class C)
 Iterations:   10
 Total number of processes:  16

   iteration
        1
        2
        3
        4
        5
        6
        7
        8
        9
        10


 IS Benchmark Completed
 Class           =                        C
 Size            =                134217728
 Iterations      =                       10
 Time in seconds =                    45.78
 Total processes =                       16
 Active processes=                       16
 Mop/s total     =                    29.32
 Mop/s/process   =                     1.83
 Operation type  =              keys ranked
 Verification    =               SUCCESSFUL
 Version         =                    3.4.1
 Compile date    =              10 Dec 2020

 Compile options:
    MPICC        = mpicc
    CLINK        = $(MPICC)
    CMPI_LIB     = (none)
    CMPI_INC     = (none)
    CFLAGS       = -O3
    CLINKFLAGS   = $(CFLAGS)


 Please send feedbacks and/or the results of this run to:

 NPB Development Team
 npb@nas.nasa.gov




 NAS Parallel Benchmarks 3.4 -- IS Benchmark

 Size:  134217728  (class C)
 Iterations:   10
 Total number of processes:  64

   iteration
        1
        2
        3
        4
        5
        6
        7
        8
        9
        10


 IS Benchmark Completed
 Class           =                        C
 Size            =                134217728
 Iterations      =                       10
 Time in seconds =                    53.46
 Total processes =                       64
 Active processes=                       64
 Mop/s total     =                    25.10
 Mop/s/process   =                     0.39
 Operation type  =              keys ranked
 Verification    =               SUCCESSFUL
 Version         =                    3.4.1
 Compile date    =              10 Dec 2020

 Compile options:
    MPICC        = mpicc
    CLINK        = $(MPICC)
    CMPI_LIB     = (none)
    CMPI_INC     = (none)
    CFLAGS       = -O3
    CLINKFLAGS   = $(CFLAGS)


 Please send feedbacks and/or the results of this run to:

 NPB Development Team
 npb@nas.nasa.gov




 NAS Parallel Benchmarks 3.4 -- IS Benchmark

 Size:  134217728  (class C)
 Iterations:   10
 Total number of processes:  64

   iteration
        1
        2
        3
        4
        5
        6
        7
        8
        9
        10


 IS Benchmark Completed
 Class           =                        C
 Size            =                134217728
 Iterations      =                       10
 Time in seconds =                    53.41
 Total processes =                       64
 Active processes=                       64
 Mop/s total     =                    25.13
 Mop/s/process   =                     0.39
 Operation type  =              keys ranked
 Verification    =               SUCCESSFUL
 Version         =                    3.4.1
 Compile date    =              10 Dec 2020

 Compile options:
    MPICC        = mpicc
    CLINK        = $(MPICC)
    CMPI_LIB     = (none)
    CMPI_INC     = (none)
    CFLAGS       = -O3
    CLINKFLAGS   = $(CFLAGS)


 Please send feedbacks and/or the results of this run to:

 NPB Development Team
 npb@nas.nasa.gov




 NAS Parallel Benchmarks 3.4 -- IS Benchmark

 Size:  134217728  (class C)
 Iterations:   10
 Total number of processes:  64

   iteration
        1
        2
        3
        4
        5
        6
        7
        8
        9
        10


 IS Benchmark Completed
 Class           =                        C
 Size            =                134217728
 Iterations      =                       10
 Time in seconds =                    52.18
 Total processes =                       64
 Active processes=                       64
 Mop/s total     =                    25.72
 Mop/s/process   =                     0.40
 Operation type  =              keys ranked
 Verification    =               SUCCESSFUL
 Version         =                    3.4.1
 Compile date    =              10 Dec 2020

 Compile options:
    MPICC        = mpicc
    CLINK        = $(MPICC)
    CMPI_LIB     = (none)
    CMPI_INC     = (none)
    CFLAGS       = -O3
    CLINKFLAGS   = $(CFLAGS)


 Please send feedbacks and/or the results of this run to:

 NPB Development Team
 npb@nas.nasa.gov




 NAS Parallel Benchmarks 3.4 -- IS Benchmark

 Size:  134217728  (class C)
 Iterations:   10
 Total number of processes:  64

   iteration
        1
        2
        3
        4
        5
        6
        7
        8
        9
        10


 IS Benchmark Completed
 Class           =                        C
 Size            =                134217728
 Iterations      =                       10
 Time in seconds =                    50.02
 Total processes =                       64
 Active processes=                       64
 Mop/s total     =                    26.83
 Mop/s/process   =                     0.42
 Operation type  =              keys ranked
 Verification    =               SUCCESSFUL
 Version         =                    3.4.1
 Compile date    =              10 Dec 2020

 Compile options:
    MPICC        = mpicc
    CLINK        = $(MPICC)
    CMPI_LIB     = (none)
    CMPI_INC     = (none)
    CFLAGS       = -O3
    CLINKFLAGS   = $(CFLAGS)


 Please send feedbacks and/or the results of this run to:

 NPB Development Team
 npb@nas.nasa.gov




 NAS Parallel Benchmarks 3.4 -- IS Benchmark

 Size:  134217728  (class C)
 Iterations:   10
 Total number of processes:  64

   iteration
        1
        2
        3
        4
        5
        6
        7
        8
        9
        10


 IS Benchmark Completed
 Class           =                        C
 Size            =                134217728
 Iterations      =                       10
 Time in seconds =                    54.00
 Total processes =                       64
 Active processes=                       64
 Mop/s total     =                    24.86
 Mop/s/process   =                     0.39
 Operation type  =              keys ranked
 Verification    =               SUCCESSFUL
 Version         =                    3.4.1
 Compile date    =              10 Dec 2020

 Compile options:
    MPICC        = mpicc
    CLINK        = $(MPICC)
    CMPI_LIB     = (none)
    CMPI_INC     = (none)
    CFLAGS       = -O3
    CLINKFLAGS   = $(CFLAGS)


 Please send feedbacks and/or the results of this run to:

 NPB Development Team
 npb@nas.nasa.gov




 NAS Parallel Benchmarks 3.4 -- IS Benchmark

 Size:  134217728  (class C)
 Iterations:   10
 Total number of processes:  64

   iteration
        1
        2
        3
        4
        5
        6
        7
        8
        9
        10


 IS Benchmark Completed
 Class           =                        C
 Size            =                134217728
 Iterations      =                       10
 Time in seconds =                    52.49
 Total processes =                       64
 Active processes=                       64
 Mop/s total     =                    25.57
 Mop/s/process   =                     0.40
 Operation type  =              keys ranked
 Verification    =               SUCCESSFUL
 Version         =                    3.4.1
 Compile date    =              10 Dec 2020

 Compile options:
    MPICC        = mpicc
    CLINK        = $(MPICC)
    CMPI_LIB     = (none)
    CMPI_INC     = (none)
    CFLAGS       = -O3
    CLINKFLAGS   = $(CFLAGS)


 Please send feedbacks and/or the results of this run to:

 NPB Development Team
 npb@nas.nasa.gov




 NAS Parallel Benchmarks 3.4 -- IS Benchmark

 Size:  134217728  (class C)
 Iterations:   10
 Total number of processes:  64

   iteration
        1
        2
        3
        4
        5
        6
        7
        8
        9
        10


 IS Benchmark Completed
 Class           =                        C
 Size            =                134217728
 Iterations      =                       10
 Time in seconds =                    54.29
 Total processes =                       64
 Active processes=                       64
 Mop/s total     =                    24.72
 Mop/s/process   =                     0.39
 Operation type  =              keys ranked
 Verification    =               SUCCESSFUL
 Version         =                    3.4.1
 Compile date    =              10 Dec 2020

 Compile options:
    MPICC        = mpicc
    CLINK        = $(MPICC)
    CMPI_LIB     = (none)
    CMPI_INC     = (none)
    CFLAGS       = -O3
    CLINKFLAGS   = $(CFLAGS)


 Please send feedbacks and/or the results of this run to:

 NPB Development Team
 npb@nas.nasa.gov




 NAS Parallel Benchmarks 3.4 -- IS Benchmark

 Size:  134217728  (class C)
 Iterations:   10
 Total number of processes:  64

   iteration
        1
        2
        3
        4
        5
        6
        7
        8
        9
        10


 IS Benchmark Completed
 Class           =                        C
 Size            =                134217728
 Iterations      =                       10
 Time in seconds =                    55.28
 Total processes =                       64
 Active processes=                       64
 Mop/s total     =                    24.28
 Mop/s/process   =                     0.38
 Operation type  =              keys ranked
 Verification    =               SUCCESSFUL
 Version         =                    3.4.1
 Compile date    =              10 Dec 2020

 Compile options:
    MPICC        = mpicc
    CLINK        = $(MPICC)
    CMPI_LIB     = (none)
    CMPI_INC     = (none)
    CFLAGS       = -O3
    CLINKFLAGS   = $(CFLAGS)


 Please send feedbacks and/or the results of this run to:

 NPB Development Team
 npb@nas.nasa.gov




 NAS Parallel Benchmarks 3.4 -- IS Benchmark

 Size:  134217728  (class C)
 Iterations:   10
 Total number of processes:  64

   iteration
        1
        2
        3
        4
        5
        6
        7
        8
        9
        10


 IS Benchmark Completed
 Class           =                        C
 Size            =                134217728
 Iterations      =                       10
 Time in seconds =                    53.88
 Total processes =                       64
 Active processes=                       64
 Mop/s total     =                    24.91
 Mop/s/process   =                     0.39
 Operation type  =              keys ranked
 Verification    =               SUCCESSFUL
 Version         =                    3.4.1
 Compile date    =              10 Dec 2020

 Compile options:
    MPICC        = mpicc
    CLINK        = $(MPICC)
    CMPI_LIB     = (none)
    CMPI_INC     = (none)
    CFLAGS       = -O3
    CLINKFLAGS   = $(CFLAGS)


 Please send feedbacks and/or the results of this run to:

 NPB Development Team
 npb@nas.nasa.gov




 NAS Parallel Benchmarks 3.4 -- IS Benchmark

 Size:  134217728  (class C)
 Iterations:   10
 Total number of processes:  64

   iteration
        1
        2
        3
        4
        5
        6
        7
        8
        9
        10


 IS Benchmark Completed
 Class           =                        C
 Size            =                134217728
 Iterations      =                       10
 Time in seconds =                    48.01
 Total processes =                       64
 Active processes=                       64
 Mop/s total     =                    27.96
 Mop/s/process   =                     0.44
 Operation type  =              keys ranked
 Verification    =               SUCCESSFUL
 Version         =                    3.4.1
 Compile date    =              10 Dec 2020

 Compile options:
    MPICC        = mpicc
    CLINK        = $(MPICC)
    CMPI_LIB     = (none)
    CMPI_INC     = (none)
    CFLAGS       = -O3
    CLINKFLAGS   = $(CFLAGS)


 Please send feedbacks and/or the results of this run to:

 NPB Development Team
 npb@nas.nasa.gov




 NAS Parallel Benchmarks 3.4 -- IS Benchmark

 Size:  134217728  (class C)
 Iterations:   10
 Total number of processes:  64

   iteration
        1
        2
        3
        4
        5
        6
        7
        8
        9
        10


 IS Benchmark Completed
 Class           =                        C
 Size            =                134217728
 Iterations      =                       10
 Time in seconds =                    69.50
 Total processes =                       64
 Active processes=                       64
 Mop/s total     =                    19.31
 Mop/s/process   =                     0.30
 Operation type  =              keys ranked
 Verification    =               SUCCESSFUL
 Version         =                    3.4.1
 Compile date    =              10 Dec 2020

 Compile options:
    MPICC        = mpicc
    CLINK        = $(MPICC)
    CMPI_LIB     = (none)
    CMPI_INC     = (none)
    CFLAGS       = -O3
    CLINKFLAGS   = $(CFLAGS)


 Please send feedbacks and/or the results of this run to:

 NPB Development Team
 npb@nas.nasa.gov




 NAS Parallel Benchmarks 3.4 -- IS Benchmark

 Size:  134217728  (class C)
 Iterations:   10
 Total number of processes:  64

   iteration
        1
        2
        3
        4
        5
        6
        7
        8
        9
        10


 IS Benchmark Completed
 Class           =                        C
 Size            =                134217728
 Iterations      =                       10
 Time in seconds =                    73.51
 Total processes =                       64
 Active processes=                       64
 Mop/s total     =                    18.26
 Mop/s/process   =                     0.29
 Operation type  =              keys ranked
 Verification    =               SUCCESSFUL
 Version         =                    3.4.1
 Compile date    =              10 Dec 2020

 Compile options:
    MPICC        = mpicc
    CLINK        = $(MPICC)
    CMPI_LIB     = (none)
    CMPI_INC     = (none)
    CFLAGS       = -O3
    CLINKFLAGS   = $(CFLAGS)


 Please send feedbacks and/or the results of this run to:

 NPB Development Team
 npb@nas.nasa.gov




 NAS Parallel Benchmarks 3.4 -- IS Benchmark

 Size:  134217728  (class C)
 Iterations:   10
 Total number of processes:  64

   iteration
        1
        2
        3
        4
        5
        6
        7
        8
        9
        10


 IS Benchmark Completed
 Class           =                        C
 Size            =                134217728
 Iterations      =                       10
 Time in seconds =                    76.03
 Total processes =                       64
 Active processes=                       64
 Mop/s total     =                    17.65
 Mop/s/process   =                     0.28
 Operation type  =              keys ranked
 Verification    =               SUCCESSFUL
 Version         =                    3.4.1
 Compile date    =              10 Dec 2020

 Compile options:
    MPICC        = mpicc
    CLINK        = $(MPICC)
    CMPI_LIB     = (none)
    CMPI_INC     = (none)
    CFLAGS       = -O3
    CLINKFLAGS   = $(CFLAGS)


 Please send feedbacks and/or the results of this run to:

 NPB Development Team
 npb@nas.nasa.gov




 NAS Parallel Benchmarks 3.4 -- IS Benchmark

 Size:  134217728  (class C)
 Iterations:   10
 Total number of processes:  64

   iteration
        1
        2
        3
        4
        5
        6
        7
        8
        9
        10


 IS Benchmark Completed
 Class           =                        C
 Size            =                134217728
 Iterations      =                       10
 Time in seconds =                    74.80
 Total processes =                       64
 Active processes=                       64
 Mop/s total     =                    17.94
 Mop/s/process   =                     0.28
 Operation type  =              keys ranked
 Verification    =               SUCCESSFUL
 Version         =                    3.4.1
 Compile date    =              10 Dec 2020

 Compile options:
    MPICC        = mpicc
    CLINK        = $(MPICC)
    CMPI_LIB     = (none)
    CMPI_INC     = (none)
    CFLAGS       = -O3
    CLINKFLAGS   = $(CFLAGS)


 Please send feedbacks and/or the results of this run to:

 NPB Development Team
 npb@nas.nasa.gov




 NAS Parallel Benchmarks 3.4 -- IS Benchmark

 Size:  134217728  (class C)
 Iterations:   10
 Total number of processes:  64

   iteration
        1
        2
        3
        4
        5
        6
        7
        8
        9
        10


 IS Benchmark Completed
 Class           =                        C
 Size            =                134217728
 Iterations      =                       10
 Time in seconds =                    73.14
 Total processes =                       64
 Active processes=                       64
 Mop/s total     =                    18.35
 Mop/s/process   =                     0.29
 Operation type  =              keys ranked
 Verification    =               SUCCESSFUL
 Version         =                    3.4.1
 Compile date    =              10 Dec 2020

 Compile options:
    MPICC        = mpicc
    CLINK        = $(MPICC)
    CMPI_LIB     = (none)
    CMPI_INC     = (none)
    CFLAGS       = -O3
    CLINKFLAGS   = $(CFLAGS)


 Please send feedbacks and/or the results of this run to:

 NPB Development Team
 npb@nas.nasa.gov




 NAS Parallel Benchmarks 3.4 -- IS Benchmark

 Size:  134217728  (class C)
 Iterations:   10
 Total number of processes:  64

   iteration
        1
        2
        3
        4
        5
        6
        7
        8
        9
        10


 IS Benchmark Completed
 Class           =                        C
 Size            =                134217728
 Iterations      =                       10
 Time in seconds =                    78.51
 Total processes =                       64
 Active processes=                       64
 Mop/s total     =                    17.10
 Mop/s/process   =                     0.27
 Operation type  =              keys ranked
 Verification    =               SUCCESSFUL
 Version         =                    3.4.1
 Compile date    =              10 Dec 2020

 Compile options:
    MPICC        = mpicc
    CLINK        = $(MPICC)
    CMPI_LIB     = (none)
    CMPI_INC     = (none)
    CFLAGS       = -O3
    CLINKFLAGS   = $(CFLAGS)


 Please send feedbacks and/or the results of this run to:

 NPB Development Team
 npb@nas.nasa.gov




 NAS Parallel Benchmarks 3.4 -- IS Benchmark

 Size:  134217728  (class C)
 Iterations:   10
 Total number of processes:  64

   iteration
        1
        2
        3
        4
        5
        6
        7
        8
        9
        10


 IS Benchmark Completed
 Class           =                        C
 Size            =                134217728
 Iterations      =                       10
 Time in seconds =                    74.07
 Total processes =                       64
 Active processes=                       64
 Mop/s total     =                    18.12
 Mop/s/process   =                     0.28
 Operation type  =              keys ranked
 Verification    =               SUCCESSFUL
 Version         =                    3.4.1
 Compile date    =              10 Dec 2020

 Compile options:
    MPICC        = mpicc
    CLINK        = $(MPICC)
    CMPI_LIB     = (none)
    CMPI_INC     = (none)
    CFLAGS       = -O3
    CLINKFLAGS   = $(CFLAGS)


 Please send feedbacks and/or the results of this run to:

 NPB Development Team
 npb@nas.nasa.gov




 NAS Parallel Benchmarks 3.4 -- IS Benchmark

 Size:  134217728  (class C)
 Iterations:   10
 Total number of processes:  64

   iteration
        1
        2
        3
        4
        5
        6
        7
        8
        9
        10


 IS Benchmark Completed
 Class           =                        C
 Size            =                134217728
 Iterations      =                       10
 Time in seconds =                    71.74
 Total processes =                       64
 Active processes=                       64
 Mop/s total     =                    18.71
 Mop/s/process   =                     0.29
 Operation type  =              keys ranked
 Verification    =               SUCCESSFUL
 Version         =                    3.4.1
 Compile date    =              10 Dec 2020

 Compile options:
    MPICC        = mpicc
    CLINK        = $(MPICC)
    CMPI_LIB     = (none)
    CMPI_INC     = (none)
    CFLAGS       = -O3
    CLINKFLAGS   = $(CFLAGS)


 Please send feedbacks and/or the results of this run to:

 NPB Development Team
 npb@nas.nasa.gov




 NAS Parallel Benchmarks 3.4 -- IS Benchmark

 Size:  134217728  (class C)
 Iterations:   10
 Total number of processes:  64

   iteration
        1
        2
        3
        4
        5
        6
        7
        8
        9
        10


 IS Benchmark Completed
 Class           =                        C
 Size            =                134217728
 Iterations      =                       10
 Time in seconds =                    73.17
 Total processes =                       64
 Active processes=                       64
 Mop/s total     =                    18.34
 Mop/s/process   =                     0.29
 Operation type  =              keys ranked
 Verification    =               SUCCESSFUL
 Version         =                    3.4.1
 Compile date    =              10 Dec 2020

 Compile options:
    MPICC        = mpicc
    CLINK        = $(MPICC)
    CMPI_LIB     = (none)
    CMPI_INC     = (none)
    CFLAGS       = -O3
    CLINKFLAGS   = $(CFLAGS)


 Please send feedbacks and/or the results of this run to:

 NPB Development Team
 npb@nas.nasa.gov




 NAS Parallel Benchmarks 3.4 -- IS Benchmark

 Size:  134217728  (class C)
 Iterations:   10
 Total number of processes:  64

   iteration
        1
        2
        3
        4
        5
        6
        7
        8
        9
        10


 IS Benchmark Completed
 Class           =                        C
 Size            =                134217728
 Iterations      =                       10
 Time in seconds =                    78.40
 Total processes =                       64
 Active processes=                       64
 Mop/s total     =                    17.12
 Mop/s/process   =                     0.27
 Operation type  =              keys ranked
 Verification    =               SUCCESSFUL
 Version         =                    3.4.1
 Compile date    =              10 Dec 2020

 Compile options:
    MPICC        = mpicc
    CLINK        = $(MPICC)
    CMPI_LIB     = (none)
    CMPI_INC     = (none)
    CFLAGS       = -O3
    CLINKFLAGS   = $(CFLAGS)


 Please send feedbacks and/or the results of this run to:

 NPB Development Team
 npb@nas.nasa.gov


