#------------------------------------------------------------
#    Intel(R) MPI Benchmarks 2019 Update 6, MPI-1 part    
#------------------------------------------------------------
# Date                  : Mon Aug 17 00:21:13 2020
# Machine               : x86_64
# System                : Linux
# Release               : 4.15.0-112-generic
# Version               : #113-Ubuntu SMP Thu Jul 9 23:41:39 UTC 2020
# MPI Version           : 3.1
# MPI Thread Environment: 


# Calling sequence was: 

# /home/lacp/NEWP/BENCHMARKS/mpi-benchmarks/IMB-MPI1 PingPong 

# Minimum message length in bytes:   0
# Maximum message length in bytes:   4194304
#
# MPI_Datatype                   :   MPI_BYTE 
# MPI_Datatype for reductions    :   MPI_FLOAT 
# MPI_Op                         :   MPI_SUM  
# 
# 

# List of Benchmarks to run:

# PingPong

#---------------------------------------------------
# Benchmarking PingPong 
# #processes = 2 
#---------------------------------------------------
       #bytes #repetitions      t[usec]   Mbytes/sec
            0         1000        24.94         0.00
            1         1000        25.67         0.04
            2         1000        26.13         0.08
            4         1000        25.85         0.15
            8         1000        26.20         0.31
           16         1000        25.81         0.62
           32         1000        26.48         1.21
           64         1000        26.42         2.42
          128         1000        26.42         4.84
          256         1000        26.62         9.62
          512         1000        28.60        17.90
         1024         1000        28.78        35.59
         2048         1000        31.98        64.05
         4096         1000        39.90       102.65
         8192         1000        46.03       177.96
        16384         1000        69.37       236.18
        32768         1000        54.54       600.77
        65536          640       112.20       584.09
       131072          320       164.98       794.49
       262144          160       256.92      1020.33
       524288           80       436.06      1202.34
      1048576           40       779.05      1345.97
      2097152           20      1628.89      1287.47
      4194304           10      3517.91      1192.27


# All processes entering MPI_Finalize

#------------------------------------------------------------
#    Intel(R) MPI Benchmarks 2019 Update 6, MPI-1 part    
#------------------------------------------------------------
# Date                  : Mon Aug 17 00:42:00 2020
# Machine               : x86_64
# System                : Linux
# Release               : 4.15.0-112-generic
# Version               : #113-Ubuntu SMP Thu Jul 9 23:41:39 UTC 2020
# MPI Version           : 3.1
# MPI Thread Environment: 


# Calling sequence was: 

# /home/lacp/NEWP/BENCHMARKS/mpi-benchmarks/IMB-MPI1 PingPong 

# Minimum message length in bytes:   0
# Maximum message length in bytes:   4194304
#
# MPI_Datatype                   :   MPI_BYTE 
# MPI_Datatype for reductions    :   MPI_FLOAT 
# MPI_Op                         :   MPI_SUM  
# 
# 

# List of Benchmarks to run:

# PingPong

#---------------------------------------------------
# Benchmarking PingPong 
# #processes = 2 
#---------------------------------------------------
       #bytes #repetitions      t[usec]   Mbytes/sec
            0         1000        25.36         0.00
            1         1000        25.47         0.04
            2         1000        25.60         0.08
            4         1000        25.52         0.16
            8         1000        25.59         0.31
           16         1000        25.98         0.62
           32         1000        26.14         1.22
           64         1000        26.15         2.45
          128         1000        26.87         4.76
          256         1000        26.65         9.61
          512         1000        27.12        18.88
         1024         1000        28.14        36.39
         2048         1000        31.38        65.26
         4096         1000        38.64       106.01
         8192         1000        45.77       178.99
        16384         1000        61.25       267.50
        32768         1000        54.92       596.67
        65536          640       110.35       593.88
       131072          320       163.51       801.59
       262144          160       255.63      1025.47
       524288           80       432.33      1212.71
      1048576           40       775.48      1352.16
      2097152           20      1606.84      1305.14
      4194304           10      3225.16      1300.49


# All processes entering MPI_Finalize

#------------------------------------------------------------
#    Intel(R) MPI Benchmarks 2019 Update 6, MPI-1 part    
#------------------------------------------------------------
# Date                  : Mon Aug 17 01:02:50 2020
# Machine               : x86_64
# System                : Linux
# Release               : 4.15.0-112-generic
# Version               : #113-Ubuntu SMP Thu Jul 9 23:41:39 UTC 2020
# MPI Version           : 3.1
# MPI Thread Environment: 


# Calling sequence was: 

# /home/lacp/NEWP/BENCHMARKS/mpi-benchmarks/IMB-MPI1 PingPong 

# Minimum message length in bytes:   0
# Maximum message length in bytes:   4194304
#
# MPI_Datatype                   :   MPI_BYTE 
# MPI_Datatype for reductions    :   MPI_FLOAT 
# MPI_Op                         :   MPI_SUM  
# 
# 

# List of Benchmarks to run:

# PingPong

#---------------------------------------------------
# Benchmarking PingPong 
# #processes = 2 
#---------------------------------------------------
       #bytes #repetitions      t[usec]   Mbytes/sec
            0         1000        28.01         0.00
            1         1000        26.17         0.04
            2         1000        26.00         0.08
            4         1000        25.84         0.15
            8         1000        25.97         0.31
           16         1000        25.80         0.62
           32         1000        26.08         1.23
           64         1000        26.29         2.43
          128         1000        26.59         4.81
          256         1000        26.69         9.59
          512         1000        27.29        18.76
         1024         1000        28.51        35.92
         2048         1000        31.46        65.09
         4096         1000        38.77       105.64
         8192         1000        45.08       181.73
        16384         1000        67.86       241.43
        32768         1000        52.86       619.96
        65536          640       111.49       587.83
       131072          320       165.19       793.44
       262144          160       256.70      1021.19
       524288           80       430.68      1217.35
      1048576           40       782.68      1339.73
      2097152           20      1603.74      1307.66
      4194304           10      3193.84      1313.25


# All processes entering MPI_Finalize

#------------------------------------------------------------
#    Intel(R) MPI Benchmarks 2019 Update 6, MPI-1 part    
#------------------------------------------------------------
# Date                  : Mon Aug 17 01:06:24 2020
# Machine               : x86_64
# System                : Linux
# Release               : 4.15.0-112-generic
# Version               : #113-Ubuntu SMP Thu Jul 9 23:41:39 UTC 2020
# MPI Version           : 3.1
# MPI Thread Environment: 


# Calling sequence was: 

# /home/lacp/NEWP/BENCHMARKS/mpi-benchmarks/IMB-MPI1 PingPong 

# Minimum message length in bytes:   0
# Maximum message length in bytes:   4194304
#
# MPI_Datatype                   :   MPI_BYTE 
# MPI_Datatype for reductions    :   MPI_FLOAT 
# MPI_Op                         :   MPI_SUM  
# 
# 

# List of Benchmarks to run:

# PingPong

#---------------------------------------------------
# Benchmarking PingPong 
# #processes = 2 
#---------------------------------------------------
       #bytes #repetitions      t[usec]   Mbytes/sec
            0         1000        26.66         0.00
            1         1000        26.01         0.04
            2         1000        26.24         0.08
            4         1000        26.21         0.15
            8         1000        26.00         0.31
           16         1000        26.09         0.61
           32         1000        26.18         1.22
           64         1000        26.19         2.44
          128         1000        26.78         4.78
          256         1000        26.70         9.59
          512         1000        27.20        18.83
         1024         1000        28.44        36.00
         2048         1000        31.60        64.81
         4096         1000        39.14       104.65
         8192         1000        45.39       180.47
        16384         1000        67.04       244.39
        32768         1000       110.99       295.23
        65536          640       110.69       592.09
       131072          320       163.27       802.78
       262144          160       258.59      1013.76
       524288           80       429.77      1219.92
      1048576           40       866.85      1209.64
      2097152           20      1642.72      1276.63
      4194304           10      3233.08      1297.31


# All processes entering MPI_Finalize

#------------------------------------------------------------
#    Intel(R) MPI Benchmarks 2019 Update 6, MPI-1 part    
#------------------------------------------------------------
# Date                  : Mon Aug 17 01:23:45 2020
# Machine               : x86_64
# System                : Linux
# Release               : 4.15.0-112-generic
# Version               : #113-Ubuntu SMP Thu Jul 9 23:41:39 UTC 2020
# MPI Version           : 3.1
# MPI Thread Environment: 


# Calling sequence was: 

# /home/lacp/NEWP/BENCHMARKS/mpi-benchmarks/IMB-MPI1 PingPong 

# Minimum message length in bytes:   0
# Maximum message length in bytes:   4194304
#
# MPI_Datatype                   :   MPI_BYTE 
# MPI_Datatype for reductions    :   MPI_FLOAT 
# MPI_Op                         :   MPI_SUM  
# 
# 

# List of Benchmarks to run:

# PingPong

#---------------------------------------------------
# Benchmarking PingPong 
# #processes = 2 
#---------------------------------------------------
       #bytes #repetitions      t[usec]   Mbytes/sec
            0         1000        25.21         0.00
            1         1000        26.02         0.04
            2         1000        26.00         0.08
            4         1000        25.95         0.15
            8         1000        25.83         0.31
           16         1000        25.88         0.62
           32         1000        26.53         1.21
           64         1000        26.32         2.43
          128         1000        26.51         4.83
          256         1000        26.76         9.57
          512         1000        27.76        18.45
         1024         1000        28.45        35.99
         2048         1000        31.57        64.87
         4096         1000        39.02       104.97
         8192         1000        45.36       180.59
        16384         1000        67.87       241.42
        32768         1000        80.23       408.43
        65536          640       121.42       539.73
       131072          320       166.06       789.29
       262144          160       256.54      1021.85
       524288           80       429.28      1221.33
      1048576           40       788.19      1330.36
      2097152           20      1778.00      1179.50
      4194304           10      3304.15      1269.40


# All processes entering MPI_Finalize

#------------------------------------------------------------
#    Intel(R) MPI Benchmarks 2019 Update 6, MPI-1 part    
#------------------------------------------------------------
# Date                  : Mon Aug 17 01:23:52 2020
# Machine               : x86_64
# System                : Linux
# Release               : 4.15.0-112-generic
# Version               : #113-Ubuntu SMP Thu Jul 9 23:41:39 UTC 2020
# MPI Version           : 3.1
# MPI Thread Environment: 


# Calling sequence was: 

# /home/lacp/NEWP/BENCHMARKS/mpi-benchmarks/IMB-MPI1 PingPong 

# Minimum message length in bytes:   0
# Maximum message length in bytes:   4194304
#
# MPI_Datatype                   :   MPI_BYTE 
# MPI_Datatype for reductions    :   MPI_FLOAT 
# MPI_Op                         :   MPI_SUM  
# 
# 

# List of Benchmarks to run:

# PingPong

#---------------------------------------------------
# Benchmarking PingPong 
# #processes = 2 
#---------------------------------------------------
       #bytes #repetitions      t[usec]   Mbytes/sec
            0         1000        26.63         0.00
            1         1000        26.01         0.04
            2         1000        26.37         0.08
            4         1000        26.14         0.15
            8         1000        26.02         0.31
           16         1000        25.91         0.62
           32         1000        26.39         1.21
           64         1000        26.31         2.43
          128         1000        26.45         4.84
          256         1000        26.63         9.61
          512         1000        27.27        18.78
         1024         1000        28.72        35.66
         2048         1000        32.25        63.51
         4096         1000        39.67       103.26
         8192         1000        45.71       179.22
        16384         1000        67.11       244.15
        32768         1000        66.74       490.98
        65536          640       110.08       595.34
       131072          320       164.04       799.01
       262144          160       257.00      1020.03
       524288           80       429.96      1219.38
      1048576           40       788.58      1329.70
      2097152           20      1607.02      1305.00
      4194304           10      3227.13      1299.70


# All processes entering MPI_Finalize

#------------------------------------------------------------
#    Intel(R) MPI Benchmarks 2019 Update 6, MPI-1 part    
#------------------------------------------------------------
# Date                  : Mon Aug 17 02:02:46 2020
# Machine               : x86_64
# System                : Linux
# Release               : 4.15.0-112-generic
# Version               : #113-Ubuntu SMP Thu Jul 9 23:41:39 UTC 2020
# MPI Version           : 3.1
# MPI Thread Environment: 


# Calling sequence was: 

# /home/lacp/NEWP/BENCHMARKS/mpi-benchmarks/IMB-MPI1 PingPong 

# Minimum message length in bytes:   0
# Maximum message length in bytes:   4194304
#
# MPI_Datatype                   :   MPI_BYTE 
# MPI_Datatype for reductions    :   MPI_FLOAT 
# MPI_Op                         :   MPI_SUM  
# 
# 

# List of Benchmarks to run:

# PingPong

#---------------------------------------------------
# Benchmarking PingPong 
# #processes = 2 
#---------------------------------------------------
       #bytes #repetitions      t[usec]   Mbytes/sec
            0         1000        25.16         0.00
            1         1000        25.95         0.04
            2         1000        25.89         0.08
            4         1000        26.21         0.15
            8         1000        25.90         0.31
           16         1000        25.92         0.62
           32         1000        26.31         1.22
           64         1000        26.17         2.45
          128         1000        26.70         4.79
          256         1000        26.70         9.59
          512         1000        27.27        18.77
         1024         1000        28.33        36.15
         2048         1000        31.75        64.50
         4096         1000        39.10       104.75
         8192         1000        45.77       178.99
        16384         1000        67.92       241.23
        32768         1000       112.59       291.04
        65536          640       110.79       591.53
       131072          320       180.69       725.41
       262144          160       258.18      1015.35
       524288           80       427.08      1227.61
      1048576           40       780.63      1343.24
      2097152           20      1611.15      1301.65
      4194304           10      3213.40      1305.25


# All processes entering MPI_Finalize

#------------------------------------------------------------
#    Intel(R) MPI Benchmarks 2019 Update 6, MPI-1 part    
#------------------------------------------------------------
# Date                  : Mon Aug 17 02:19:56 2020
# Machine               : x86_64
# System                : Linux
# Release               : 4.15.0-112-generic
# Version               : #113-Ubuntu SMP Thu Jul 9 23:41:39 UTC 2020
# MPI Version           : 3.1
# MPI Thread Environment: 


# Calling sequence was: 

# /home/lacp/NEWP/BENCHMARKS/mpi-benchmarks/IMB-MPI1 PingPong 

# Minimum message length in bytes:   0
# Maximum message length in bytes:   4194304
#
# MPI_Datatype                   :   MPI_BYTE 
# MPI_Datatype for reductions    :   MPI_FLOAT 
# MPI_Op                         :   MPI_SUM  
# 
# 

# List of Benchmarks to run:

# PingPong

#---------------------------------------------------
# Benchmarking PingPong 
# #processes = 2 
#---------------------------------------------------
       #bytes #repetitions      t[usec]   Mbytes/sec
            0         1000        25.46         0.00
            1         1000        25.90         0.04
            2         1000        25.91         0.08
            4         1000        25.95         0.15
            8         1000        26.16         0.31
           16         1000        26.78         0.60
           32         1000        26.78         1.19
           64         1000        26.35         2.43
          128         1000        26.53         4.82
          256         1000        27.04         9.47
          512         1000        27.25        18.79
         1024         1000        28.41        36.05
         2048         1000        31.56        64.90
         4096         1000        39.36       104.05
         8192         1000        45.77       178.96
        16384         1000        60.48       270.89
        32768         1000        55.26       592.93
        65536          640       111.20       589.35
       131072          320       163.48       801.74
       262144          160       258.16      1015.44
       524288           80       431.01      1216.42
      1048576           40       784.41      1336.77
      2097152           20      1620.94      1293.78
      4194304           10      3204.96      1308.69


# All processes entering MPI_Finalize

#------------------------------------------------------------
#    Intel(R) MPI Benchmarks 2019 Update 6, MPI-1 part    
#------------------------------------------------------------
# Date                  : Mon Aug 17 02:20:02 2020
# Machine               : x86_64
# System                : Linux
# Release               : 4.15.0-112-generic
# Version               : #113-Ubuntu SMP Thu Jul 9 23:41:39 UTC 2020
# MPI Version           : 3.1
# MPI Thread Environment: 


# Calling sequence was: 

# /home/lacp/NEWP/BENCHMARKS/mpi-benchmarks/IMB-MPI1 PingPong 

# Minimum message length in bytes:   0
# Maximum message length in bytes:   4194304
#
# MPI_Datatype                   :   MPI_BYTE 
# MPI_Datatype for reductions    :   MPI_FLOAT 
# MPI_Op                         :   MPI_SUM  
# 
# 

# List of Benchmarks to run:

# PingPong

#---------------------------------------------------
# Benchmarking PingPong 
# #processes = 2 
#---------------------------------------------------
       #bytes #repetitions      t[usec]   Mbytes/sec
            0         1000        27.92         0.00
            1         1000        26.21         0.04
            2         1000        26.04         0.08
            4         1000        26.14         0.15
            8         1000        25.92         0.31
           16         1000        25.89         0.62
           32         1000        26.47         1.21
           64         1000        26.16         2.45
          128         1000        26.34         4.86
          256         1000        26.66         9.60
          512         1000        27.32        18.74
         1024         1000        28.79        35.56
         2048         1000        31.79        64.43
         4096         1000        38.88       105.35
         8192         1000        45.90       178.47
        16384         1000        67.48       242.79
        32768         1000        72.91       449.41
        65536          640       110.96       590.65
       131072          320       163.93       799.55
       262144          160       256.35      1022.60
       524288           80       437.89      1197.30
      1048576           40       883.95      1186.24
      2097152           20      1808.50      1159.61
      4194304           10      3533.31      1187.07


# All processes entering MPI_Finalize

#------------------------------------------------------------
#    Intel(R) MPI Benchmarks 2019 Update 6, MPI-1 part    
#------------------------------------------------------------
# Date                  : Mon Aug 17 02:54:47 2020
# Machine               : x86_64
# System                : Linux
# Release               : 4.15.0-112-generic
# Version               : #113-Ubuntu SMP Thu Jul 9 23:41:39 UTC 2020
# MPI Version           : 3.1
# MPI Thread Environment: 


# Calling sequence was: 

# /home/lacp/NEWP/BENCHMARKS/mpi-benchmarks/IMB-MPI1 PingPong 

# Minimum message length in bytes:   0
# Maximum message length in bytes:   4194304
#
# MPI_Datatype                   :   MPI_BYTE 
# MPI_Datatype for reductions    :   MPI_FLOAT 
# MPI_Op                         :   MPI_SUM  
# 
# 

# List of Benchmarks to run:

# PingPong

#---------------------------------------------------
# Benchmarking PingPong 
# #processes = 2 
#---------------------------------------------------
       #bytes #repetitions      t[usec]   Mbytes/sec
            0         1000        25.09         0.00
            1         1000        26.06         0.04
            2         1000        26.35         0.08
            4         1000        26.09         0.15
            8         1000        26.28         0.30
           16         1000        26.18         0.61
           32         1000        26.66         1.20
           64         1000        26.40         2.42
          128         1000        26.55         4.82
          256         1000        26.68         9.59
          512         1000        27.33        18.73
         1024         1000        28.61        35.79
         2048         1000        31.82        64.37
         4096         1000        39.49       103.71
         8192         1000        45.19       181.28
        16384         1000        68.31       239.86
        32768         1000        64.30       509.65
        65536          640       109.52       598.40
       131072          320       164.14       798.52
       262144          160       256.36      1022.56
       524288           80       426.83      1228.33
      1048576           40       774.11      1354.56
      2097152           20      1634.16      1283.32
      4194304           10      3185.38      1316.73


# All processes entering MPI_Finalize

#------------------------------------------------------------
#    Intel(R) MPI Benchmarks 2019 Update 6, MPI-1 part    
#------------------------------------------------------------
# Date                  : Mon Aug 17 02:57:10 2020
# Machine               : x86_64
# System                : Linux
# Release               : 4.15.0-112-generic
# Version               : #113-Ubuntu SMP Thu Jul 9 23:41:39 UTC 2020
# MPI Version           : 3.1
# MPI Thread Environment: 


# Calling sequence was: 

# /home/lacp/NEWP/BENCHMARKS/mpi-benchmarks/IMB-MPI1 PingPong 

# Minimum message length in bytes:   0
# Maximum message length in bytes:   4194304
#
# MPI_Datatype                   :   MPI_BYTE 
# MPI_Datatype for reductions    :   MPI_FLOAT 
# MPI_Op                         :   MPI_SUM  
# 
# 

# List of Benchmarks to run:

# PingPong

#---------------------------------------------------
# Benchmarking PingPong 
# #processes = 2 
#---------------------------------------------------
       #bytes #repetitions      t[usec]   Mbytes/sec
            0         1000        26.67         0.00
            1         1000        26.05         0.04
            2         1000        25.94         0.08
            4         1000        26.06         0.15
            8         1000        25.95         0.31
           16         1000        26.18         0.61
           32         1000        26.19         1.22
           64         1000        26.20         2.44
          128         1000        26.33         4.86
          256         1000        26.61         9.62
          512         1000        27.34        18.73
         1024         1000        28.48        35.96
         2048         1000        31.77        64.46
         4096         1000        39.37       104.03
         8192         1000        45.13       181.53
        16384         1000        68.14       240.45
        32768         1000        82.68       396.33
        65536          640       122.13       536.63
       131072          320       180.40       726.54
       262144          160       278.32       941.89
       524288           80       437.24      1199.08
      1048576           40       783.20      1338.83
      2097152           20      1618.39      1295.83
      4194304           10      3186.40      1316.31


# All processes entering MPI_Finalize

#------------------------------------------------------------
#    Intel(R) MPI Benchmarks 2019 Update 6, MPI-1 part    
#------------------------------------------------------------
# Date                  : Mon Aug 17 03:38:20 2020
# Machine               : x86_64
# System                : Linux
# Release               : 4.15.0-112-generic
# Version               : #113-Ubuntu SMP Thu Jul 9 23:41:39 UTC 2020
# MPI Version           : 3.1
# MPI Thread Environment: 


# Calling sequence was: 

# /home/lacp/NEWP/BENCHMARKS/mpi-benchmarks/IMB-MPI1 PingPong 

# Minimum message length in bytes:   0
# Maximum message length in bytes:   4194304
#
# MPI_Datatype                   :   MPI_BYTE 
# MPI_Datatype for reductions    :   MPI_FLOAT 
# MPI_Op                         :   MPI_SUM  
# 
# 

# List of Benchmarks to run:

# PingPong

#---------------------------------------------------
# Benchmarking PingPong 
# #processes = 2 
#---------------------------------------------------
       #bytes #repetitions      t[usec]   Mbytes/sec
            0         1000        25.45         0.00
            1         1000        26.29         0.04
            2         1000        26.14         0.08
            4         1000        26.12         0.15
            8         1000        26.07         0.31
           16         1000        26.25         0.61
           32         1000        26.56         1.20
           64         1000        26.38         2.43
          128         1000        26.49         4.83
          256         1000        26.79         9.56
          512         1000        27.53        18.60
         1024         1000        28.89        35.45
         2048         1000        31.95        64.11
         4096         1000        39.35       104.08
         8192         1000        45.21       181.22
        16384         1000        66.31       247.06
        32768         1000        74.25       441.31
        65536          640       110.13       595.05
       131072          320       162.94       804.44
       262144          160       253.25      1035.10
       524288           80       427.64      1226.01
      1048576           40       776.62      1350.19
      2097152           20      1615.63      1298.04
      4194304           10      3199.91      1310.76


# All processes entering MPI_Finalize

#------------------------------------------------------------
#    Intel(R) MPI Benchmarks 2019 Update 6, MPI-1 part    
#------------------------------------------------------------
# Date                  : Mon Aug 17 03:44:05 2020
# Machine               : x86_64
# System                : Linux
# Release               : 4.15.0-112-generic
# Version               : #113-Ubuntu SMP Thu Jul 9 23:41:39 UTC 2020
# MPI Version           : 3.1
# MPI Thread Environment: 


# Calling sequence was: 

# /home/lacp/NEWP/BENCHMARKS/mpi-benchmarks/IMB-MPI1 PingPong 

# Minimum message length in bytes:   0
# Maximum message length in bytes:   4194304
#
# MPI_Datatype                   :   MPI_BYTE 
# MPI_Datatype for reductions    :   MPI_FLOAT 
# MPI_Op                         :   MPI_SUM  
# 
# 

# List of Benchmarks to run:

# PingPong

#---------------------------------------------------
# Benchmarking PingPong 
# #processes = 2 
#---------------------------------------------------
       #bytes #repetitions      t[usec]   Mbytes/sec
            0         1000        18.97         0.00
            1         1000        19.22         0.05
            2         1000        26.05         0.08
            4         1000        26.33         0.15
            8         1000        26.03         0.31
           16         1000        26.02         0.61
           32         1000        26.21         1.22
           64         1000        26.29         2.43
          128         1000        26.60         4.81
          256         1000        26.58         9.63
          512         1000        27.39        18.69
         1024         1000        28.91        35.43
         2048         1000        32.05        63.90
         4096         1000        39.49       103.72
         8192         1000        46.17       177.44
        16384         1000        67.93       241.19
        32768         1000       111.40       294.15
        65536          640       111.55       587.48
       131072          320       182.51       718.18
       262144          160       261.76      1001.47
       524288           80       430.33      1218.35
      1048576           40       787.63      1331.31
      2097152           20      1605.25      1306.43
      4194304           10      3198.42      1311.37


# All processes entering MPI_Finalize

#------------------------------------------------------------
#    Intel(R) MPI Benchmarks 2019 Update 6, MPI-1 part    
#------------------------------------------------------------
# Date                  : Mon Aug 17 03:44:12 2020
# Machine               : x86_64
# System                : Linux
# Release               : 4.15.0-112-generic
# Version               : #113-Ubuntu SMP Thu Jul 9 23:41:39 UTC 2020
# MPI Version           : 3.1
# MPI Thread Environment: 


# Calling sequence was: 

# /home/lacp/NEWP/BENCHMARKS/mpi-benchmarks/IMB-MPI1 PingPong 

# Minimum message length in bytes:   0
# Maximum message length in bytes:   4194304
#
# MPI_Datatype                   :   MPI_BYTE 
# MPI_Datatype for reductions    :   MPI_FLOAT 
# MPI_Op                         :   MPI_SUM  
# 
# 

# List of Benchmarks to run:

# PingPong

#---------------------------------------------------
# Benchmarking PingPong 
# #processes = 2 
#---------------------------------------------------
       #bytes #repetitions      t[usec]   Mbytes/sec
            0         1000        25.39         0.00
            1         1000        25.78         0.04
            2         1000        25.79         0.08
            4         1000        25.78         0.16
            8         1000        25.77         0.31
           16         1000        26.06         0.61
           32         1000        26.29         1.22
           64         1000        26.21         2.44
          128         1000        26.81         4.77
          256         1000        26.55         9.64
          512         1000        27.17        18.85
         1024         1000        28.33        36.15
         2048         1000        31.34        65.35
         4096         1000        38.99       105.06
         8192         1000        46.08       177.78
        16384         1000        68.43       239.42
        32768         1000        90.26       363.04
        65536          640       110.34       593.92
       131072          320       162.95       804.39
       262144          160       254.21      1031.21
       524288           80       428.03      1224.88
      1048576           40       784.98      1335.80
      2097152           20      1619.86      1294.65
      4194304           10      3189.59      1315.00


# All processes entering MPI_Finalize

#------------------------------------------------------------
#    Intel(R) MPI Benchmarks 2019 Update 6, MPI-1 part    
#------------------------------------------------------------
# Date                  : Mon Aug 17 03:44:19 2020
# Machine               : x86_64
# System                : Linux
# Release               : 4.15.0-112-generic
# Version               : #113-Ubuntu SMP Thu Jul 9 23:41:39 UTC 2020
# MPI Version           : 3.1
# MPI Thread Environment: 


# Calling sequence was: 

# /home/lacp/NEWP/BENCHMARKS/mpi-benchmarks/IMB-MPI1 PingPong 

# Minimum message length in bytes:   0
# Maximum message length in bytes:   4194304
#
# MPI_Datatype                   :   MPI_BYTE 
# MPI_Datatype for reductions    :   MPI_FLOAT 
# MPI_Op                         :   MPI_SUM  
# 
# 

# List of Benchmarks to run:

# PingPong

#---------------------------------------------------
# Benchmarking PingPong 
# #processes = 2 
#---------------------------------------------------
       #bytes #repetitions      t[usec]   Mbytes/sec
            0         1000        26.64         0.00
            1         1000        26.15         0.04
            2         1000        26.24         0.08
            4         1000        26.26         0.15
            8         1000        26.18         0.31
           16         1000        26.42         0.61
           32         1000        26.51         1.21
           64         1000        26.70         2.40
          128         1000        26.87         4.76
          256         1000        27.16         9.42
          512         1000        27.96        18.31
         1024         1000        28.90        35.43
         2048         1000        31.79        64.41
         4096         1000        39.41       103.94
         8192         1000        45.45       180.24
        16384         1000        68.56       238.97
        32768         1000        83.34       393.18
        65536          640       110.30       594.16
       131072          320       163.00       804.13
       262144          160       255.62      1025.51
       524288           80       429.17      1221.63
      1048576           40       785.21      1335.40
      2097152           20      1617.67      1296.40
      4194304           10      3181.99      1318.14


# All processes entering MPI_Finalize

#------------------------------------------------------------
#    Intel(R) MPI Benchmarks 2019 Update 6, MPI-1 part    
#------------------------------------------------------------
# Date                  : Mon Aug 17 04:11:00 2020
# Machine               : x86_64
# System                : Linux
# Release               : 4.15.0-112-generic
# Version               : #113-Ubuntu SMP Thu Jul 9 23:41:39 UTC 2020
# MPI Version           : 3.1
# MPI Thread Environment: 


# Calling sequence was: 

# /home/lacp/NEWP/BENCHMARKS/mpi-benchmarks/IMB-MPI1 PingPong 

# Minimum message length in bytes:   0
# Maximum message length in bytes:   4194304
#
# MPI_Datatype                   :   MPI_BYTE 
# MPI_Datatype for reductions    :   MPI_FLOAT 
# MPI_Op                         :   MPI_SUM  
# 
# 

# List of Benchmarks to run:

# PingPong

#---------------------------------------------------
# Benchmarking PingPong 
# #processes = 2 
#---------------------------------------------------
       #bytes #repetitions      t[usec]   Mbytes/sec
            0         1000        24.94         0.00
            1         1000        25.72         0.04
            2         1000        25.66         0.08
            4         1000        25.62         0.16
            8         1000        25.64         0.31
           16         1000        25.62         0.62
           32         1000        26.24         1.22
           64         1000        26.01         2.46
          128         1000        26.71         4.79
          256         1000        26.49         9.67
          512         1000        27.29        18.76
         1024         1000        28.46        35.98
         2048         1000        31.50        65.01
         4096         1000        38.93       105.23
         8192         1000        45.41       180.41
        16384         1000        66.92       244.82
        32768         1000        77.35       423.62
        65536          640       109.67       597.55
       131072          320       161.46       811.80
       262144          160       253.55      1033.89
       524288           80       432.33      1212.71
      1048576           40       774.25      1354.31
      2097152           20      1603.70      1307.70
      4194304           10      3181.31      1318.42


# All processes entering MPI_Finalize

#------------------------------------------------------------
#    Intel(R) MPI Benchmarks 2019 Update 6, MPI-1 part    
#------------------------------------------------------------
# Date                  : Mon Aug 17 04:21:10 2020
# Machine               : x86_64
# System                : Linux
# Release               : 4.15.0-112-generic
# Version               : #113-Ubuntu SMP Thu Jul 9 23:41:39 UTC 2020
# MPI Version           : 3.1
# MPI Thread Environment: 


# Calling sequence was: 

# /home/lacp/NEWP/BENCHMARKS/mpi-benchmarks/IMB-MPI1 PingPong 

# Minimum message length in bytes:   0
# Maximum message length in bytes:   4194304
#
# MPI_Datatype                   :   MPI_BYTE 
# MPI_Datatype for reductions    :   MPI_FLOAT 
# MPI_Op                         :   MPI_SUM  
# 
# 

# List of Benchmarks to run:

# PingPong

#---------------------------------------------------
# Benchmarking PingPong 
# #processes = 2 
#---------------------------------------------------
       #bytes #repetitions      t[usec]   Mbytes/sec
            0         1000        26.24         0.00
            1         1000        25.78         0.04
            2         1000        26.27         0.08
            4         1000        25.90         0.15
            8         1000        25.97         0.31
           16         1000        25.74         0.62
           32         1000        26.39         1.21
           64         1000        26.26         2.44
          128         1000        26.30         4.87
          256         1000        26.59         9.63
          512         1000        27.16        18.85
         1024         1000        28.56        35.86
         2048         1000        31.64        64.73
         4096         1000        39.08       104.82
         8192         1000        45.41       180.41
        16384         1000        66.98       244.60
        32768         1000        69.29       472.90
        65536          640       110.61       592.51
       131072          320       163.71       800.66
       262144          160       255.70      1025.20
       524288           80       430.36      1218.26
      1048576           40       785.08      1335.62
      2097152           20      1610.98      1301.78
      4194304           10      3526.07      1189.51


# All processes entering MPI_Finalize

#------------------------------------------------------------
#    Intel(R) MPI Benchmarks 2019 Update 6, MPI-1 part    
#------------------------------------------------------------
# Date                  : Mon Aug 17 04:23:18 2020
# Machine               : x86_64
# System                : Linux
# Release               : 4.15.0-112-generic
# Version               : #113-Ubuntu SMP Thu Jul 9 23:41:39 UTC 2020
# MPI Version           : 3.1
# MPI Thread Environment: 


# Calling sequence was: 

# /home/lacp/NEWP/BENCHMARKS/mpi-benchmarks/IMB-MPI1 PingPong 

# Minimum message length in bytes:   0
# Maximum message length in bytes:   4194304
#
# MPI_Datatype                   :   MPI_BYTE 
# MPI_Datatype for reductions    :   MPI_FLOAT 
# MPI_Op                         :   MPI_SUM  
# 
# 

# List of Benchmarks to run:

# PingPong

#---------------------------------------------------
# Benchmarking PingPong 
# #processes = 2 
#---------------------------------------------------
       #bytes #repetitions      t[usec]   Mbytes/sec
            0         1000        25.46         0.00
            1         1000        25.71         0.04
            2         1000        25.87         0.08
            4         1000        25.88         0.15
            8         1000        26.04         0.31
           16         1000        25.82         0.62
           32         1000        26.23         1.22
           64         1000        26.26         2.44
          128         1000        27.28         4.69
          256         1000        27.08         9.45
          512         1000        27.31        18.75
         1024         1000        28.46        35.98
         2048         1000        31.77        64.46
         4096         1000        38.94       105.18
         8192         1000        45.15       181.44
        16384         1000        67.18       243.90
        32768         1000        52.38       625.59
        65536          640       109.08       600.83
       131072          320       162.49       806.65
       262144          160       256.70      1021.20
       524288           80       446.80      1173.43
      1048576           40       865.28      1211.83
      2097152           20      1663.24      1260.89
      4194304           10      3186.53      1316.26


# All processes entering MPI_Finalize

#------------------------------------------------------------
#    Intel(R) MPI Benchmarks 2019 Update 6, MPI-1 part    
#------------------------------------------------------------
# Date                  : Mon Aug 17 05:36:16 2020
# Machine               : x86_64
# System                : Linux
# Release               : 4.15.0-112-generic
# Version               : #113-Ubuntu SMP Thu Jul 9 23:41:39 UTC 2020
# MPI Version           : 3.1
# MPI Thread Environment: 


# Calling sequence was: 

# /home/lacp/NEWP/BENCHMARKS/mpi-benchmarks/IMB-MPI1 PingPong 

# Minimum message length in bytes:   0
# Maximum message length in bytes:   4194304
#
# MPI_Datatype                   :   MPI_BYTE 
# MPI_Datatype for reductions    :   MPI_FLOAT 
# MPI_Op                         :   MPI_SUM  
# 
# 

# List of Benchmarks to run:

# PingPong

#---------------------------------------------------
# Benchmarking PingPong 
# #processes = 2 
#---------------------------------------------------
       #bytes #repetitions      t[usec]   Mbytes/sec
            0         1000        25.15         0.00
            1         1000        25.61         0.04
            2         1000        26.09         0.08
            4         1000        25.74         0.16
            8         1000        25.71         0.31
           16         1000        25.90         0.62
           32         1000        26.27         1.22
           64         1000        26.01         2.46
          128         1000        26.40         4.85
          256         1000        26.43         9.68
          512         1000        27.02        18.95
         1024         1000        28.43        36.02
         2048         1000        31.53        64.95
         4096         1000        39.62       103.39
         8192         1000        45.56       179.80
        16384         1000        67.80       241.67
        32768         1000        73.39       446.47
        65536          640       111.44       588.09
       131072          320       164.63       796.18
       262144          160       257.18      1019.28
       524288           80       431.49      1215.05
      1048576           40       779.85      1344.59
      2097152           20      1621.28      1293.51
      4194304           10      3210.51      1306.43


# All processes entering MPI_Finalize

#------------------------------------------------------------
#    Intel(R) MPI Benchmarks 2019 Update 6, MPI-1 part    
#------------------------------------------------------------
# Date                  : Mon Aug 17 05:55:43 2020
# Machine               : x86_64
# System                : Linux
# Release               : 4.15.0-112-generic
# Version               : #113-Ubuntu SMP Thu Jul 9 23:41:39 UTC 2020
# MPI Version           : 3.1
# MPI Thread Environment: 


# Calling sequence was: 

# /home/lacp/NEWP/BENCHMARKS/mpi-benchmarks/IMB-MPI1 PingPong 

# Minimum message length in bytes:   0
# Maximum message length in bytes:   4194304
#
# MPI_Datatype                   :   MPI_BYTE 
# MPI_Datatype for reductions    :   MPI_FLOAT 
# MPI_Op                         :   MPI_SUM  
# 
# 

# List of Benchmarks to run:

# PingPong

#---------------------------------------------------
# Benchmarking PingPong 
# #processes = 2 
#---------------------------------------------------
       #bytes #repetitions      t[usec]   Mbytes/sec
            0         1000        25.38         0.00
            1         1000        26.03         0.04
            2         1000        25.99         0.08
            4         1000        25.94         0.15
            8         1000        26.13         0.31
           16         1000        26.02         0.61
           32         1000        26.21         1.22
           64         1000        26.38         2.43
          128         1000        26.64         4.80
          256         1000        27.09         9.45
          512         1000        27.53        18.60
         1024         1000        28.68        35.70
         2048         1000        31.92        64.16
         4096         1000        39.51       103.67
         8192         1000        47.10       173.93
        16384         1000        61.34       267.11
        32768         1000        57.54       569.50
        65536          640       112.84       580.77
       131072          320       163.43       802.00
       262144          160       256.45      1022.20
       524288           80       427.97      1225.07
      1048576           40       785.44      1335.01
      2097152           20      1628.97      1287.41
      4194304           10      3245.13      1292.49


# All processes entering MPI_Finalize

#------------------------------------------------------------
#    Intel(R) MPI Benchmarks 2019 Update 6, MPI-1 part    
#------------------------------------------------------------
# Date                  : Mon Aug 17 06:20:07 2020
# Machine               : x86_64
# System                : Linux
# Release               : 4.15.0-112-generic
# Version               : #113-Ubuntu SMP Thu Jul 9 23:41:39 UTC 2020
# MPI Version           : 3.1
# MPI Thread Environment: 


# Calling sequence was: 

# /home/lacp/NEWP/BENCHMARKS/mpi-benchmarks/IMB-MPI1 PingPong 

# Minimum message length in bytes:   0
# Maximum message length in bytes:   4194304
#
# MPI_Datatype                   :   MPI_BYTE 
# MPI_Datatype for reductions    :   MPI_FLOAT 
# MPI_Op                         :   MPI_SUM  
# 
# 

# List of Benchmarks to run:

# PingPong

#---------------------------------------------------
# Benchmarking PingPong 
# #processes = 2 
#---------------------------------------------------
       #bytes #repetitions      t[usec]   Mbytes/sec
            0         1000        24.91         0.00
            1         1000        25.49         0.04
            2         1000        25.52         0.08
            4         1000        25.52         0.16
            8         1000        25.57         0.31
           16         1000        25.77         0.62
           32         1000        25.94         1.23
           64         1000        25.96         2.47
          128         1000        26.70         4.79
          256         1000        26.42         9.69
          512         1000        27.03        18.94
         1024         1000        28.07        36.48
         2048         1000        31.17        65.69
         4096         1000        38.53       106.32
         8192         1000        45.07       181.76
        16384         1000        67.13       244.07
        32768         1000       111.55       293.75
        65536          640       110.24       594.49
       131072          320       179.94       728.40
       262144          160       262.64       998.09
       524288           80       425.65      1231.74
      1048576           40       774.20      1354.39
      2097152           20      1622.56      1292.49
      4194304           10      3218.00      1303.39


# All processes entering MPI_Finalize

#------------------------------------------------------------
#    Intel(R) MPI Benchmarks 2019 Update 6, MPI-1 part    
#------------------------------------------------------------
# Date                  : Mon Aug 17 06:53:48 2020
# Machine               : x86_64
# System                : Linux
# Release               : 4.15.0-112-generic
# Version               : #113-Ubuntu SMP Thu Jul 9 23:41:39 UTC 2020
# MPI Version           : 3.1
# MPI Thread Environment: 


# Calling sequence was: 

# /home/lacp/NEWP/BENCHMARKS/mpi-benchmarks/IMB-MPI1 PingPong 

# Minimum message length in bytes:   0
# Maximum message length in bytes:   4194304
#
# MPI_Datatype                   :   MPI_BYTE 
# MPI_Datatype for reductions    :   MPI_FLOAT 
# MPI_Op                         :   MPI_SUM  
# 
# 

# List of Benchmarks to run:

# PingPong

#---------------------------------------------------
# Benchmarking PingPong 
# #processes = 2 
#---------------------------------------------------
       #bytes #repetitions      t[usec]   Mbytes/sec
            0         1000        26.34         0.00
            1         1000        25.62         0.04
            2         1000        25.66         0.08
            4         1000        25.90         0.15
            8         1000        25.65         0.31
           16         1000        25.65         0.62
           32         1000        26.18         1.22
           64         1000        25.95         2.47
          128         1000        26.42         4.85
          256         1000        26.46         9.68
          512         1000        26.97        18.99
         1024         1000        28.35        36.12
         2048         1000        31.29        65.46
         4096         1000        38.97       105.10
         8192         1000        45.69       179.28
        16384         1000        66.95       244.71
        32768         1000        77.29       423.96
        65536          640       121.34       540.09
       131072          320       183.17       715.59
       262144          160       273.73       957.67
       524288           80       438.02      1196.95
      1048576           40       778.71      1346.56
      2097152           20      1643.40      1276.11
      4194304           10      3214.56      1304.79


# All processes entering MPI_Finalize

#------------------------------------------------------------
#    Intel(R) MPI Benchmarks 2019 Update 6, MPI-1 part    
#------------------------------------------------------------
# Date                  : Mon Aug 17 09:05:53 2020
# Machine               : x86_64
# System                : Linux
# Release               : 4.15.0-112-generic
# Version               : #113-Ubuntu SMP Thu Jul 9 23:41:39 UTC 2020
# MPI Version           : 3.1
# MPI Thread Environment: 


# Calling sequence was: 

# /home/lacp/NEWP/BENCHMARKS/mpi-benchmarks/IMB-MPI1 PingPong 

# Minimum message length in bytes:   0
# Maximum message length in bytes:   4194304
#
# MPI_Datatype                   :   MPI_BYTE 
# MPI_Datatype for reductions    :   MPI_FLOAT 
# MPI_Op                         :   MPI_SUM  
# 
# 

# List of Benchmarks to run:

# PingPong

#---------------------------------------------------
# Benchmarking PingPong 
# #processes = 2 
#---------------------------------------------------
       #bytes #repetitions      t[usec]   Mbytes/sec
            0         1000        26.35         0.00
            1         1000        25.88         0.04
            2         1000        26.14         0.08
            4         1000        25.97         0.15
            8         1000        25.97         0.31
           16         1000        25.96         0.62
           32         1000        26.52         1.21
           64         1000        26.29         2.43
          128         1000        26.38         4.85
          256         1000        26.66         9.60
          512         1000        27.31        18.75
         1024         1000        28.61        35.79
         2048         1000        31.66        64.69
         4096         1000        39.10       104.76
         8192         1000        45.56       179.82
        16384         1000        67.32       243.36
        32768         1000        67.60       484.73
        65536          640       109.74       597.20
       131072          320       162.97       804.28
       262144          160       253.80      1032.86
       524288           80       435.79      1203.08
      1048576           40       773.41      1355.79
      2097152           20      1618.42      1295.80
      4194304           10      3198.52      1311.33


# All processes entering MPI_Finalize

#------------------------------------------------------------
#    Intel(R) MPI Benchmarks 2019 Update 6, MPI-1 part    
#------------------------------------------------------------
# Date                  : Mon Aug 17 09:14:49 2020
# Machine               : x86_64
# System                : Linux
# Release               : 4.15.0-112-generic
# Version               : #113-Ubuntu SMP Thu Jul 9 23:41:39 UTC 2020
# MPI Version           : 3.1
# MPI Thread Environment: 


# Calling sequence was: 

# /home/lacp/NEWP/BENCHMARKS/mpi-benchmarks/IMB-MPI1 PingPong 

# Minimum message length in bytes:   0
# Maximum message length in bytes:   4194304
#
# MPI_Datatype                   :   MPI_BYTE 
# MPI_Datatype for reductions    :   MPI_FLOAT 
# MPI_Op                         :   MPI_SUM  
# 
# 

# List of Benchmarks to run:

# PingPong

#---------------------------------------------------
# Benchmarking PingPong 
# #processes = 2 
#---------------------------------------------------
       #bytes #repetitions      t[usec]   Mbytes/sec
            0         1000        24.78         0.00
            1         1000        25.59         0.04
            2         1000        25.77         0.08
            4         1000        25.96         0.15
            8         1000        25.93         0.31
           16         1000        25.83         0.62
           32         1000        26.14         1.22
           64         1000        26.12         2.45
          128         1000        26.61         4.81
          256         1000        26.45         9.68
          512         1000        27.11        18.88
         1024         1000        28.24        36.27
         2048         1000        31.29        65.45
         4096         1000        38.86       105.40
         8192         1000        45.29       180.87
        16384         1000        67.18       243.89
        32768         1000        85.17       384.76
        65536          640       121.27       540.42
       131072          320       162.57       806.27
       262144          160       254.24      1031.07
       524288           80       433.94      1208.21
      1048576           40       776.19      1350.93
      2097152           20      1606.77      1305.19
      4194304           10      3557.80      1178.90


# All processes entering MPI_Finalize

#------------------------------------------------------------
#    Intel(R) MPI Benchmarks 2019 Update 6, MPI-1 part    
#------------------------------------------------------------
# Date                  : Mon Aug 17 09:18:54 2020
# Machine               : x86_64
# System                : Linux
# Release               : 4.15.0-112-generic
# Version               : #113-Ubuntu SMP Thu Jul 9 23:41:39 UTC 2020
# MPI Version           : 3.1
# MPI Thread Environment: 


# Calling sequence was: 

# /home/lacp/NEWP/BENCHMARKS/mpi-benchmarks/IMB-MPI1 PingPong 

# Minimum message length in bytes:   0
# Maximum message length in bytes:   4194304
#
# MPI_Datatype                   :   MPI_BYTE 
# MPI_Datatype for reductions    :   MPI_FLOAT 
# MPI_Op                         :   MPI_SUM  
# 
# 

# List of Benchmarks to run:

# PingPong

#---------------------------------------------------
# Benchmarking PingPong 
# #processes = 2 
#---------------------------------------------------
       #bytes #repetitions      t[usec]   Mbytes/sec
            0         1000        25.53         0.00
            1         1000        26.13         0.04
            2         1000        26.48         0.08
            4         1000        26.24         0.15
            8         1000        26.17         0.31
           16         1000        26.44         0.61
           32         1000        26.40         1.21
           64         1000        26.56         2.41
          128         1000        26.63         4.81
          256         1000        26.78         9.56
          512         1000        27.83        18.39
         1024         1000        28.64        35.76
         2048         1000        31.49        65.03
         4096         1000        39.09       104.77
         8192         1000        45.81       178.81
        16384         1000        67.37       243.21
        32768         1000        90.25       363.08
        65536          640       110.61       592.50
       131072          320       162.95       804.37
       262144          160       283.24       925.53
       524288           80       477.97      1096.91
      1048576           40       806.92      1299.48
      2097152           20      1735.05      1208.70
      4194304           10      3208.91      1307.08


# All processes entering MPI_Finalize

#------------------------------------------------------------
#    Intel(R) MPI Benchmarks 2019 Update 6, MPI-1 part    
#------------------------------------------------------------
# Date                  : Mon Aug 17 10:59:19 2020
# Machine               : x86_64
# System                : Linux
# Release               : 4.15.0-112-generic
# Version               : #113-Ubuntu SMP Thu Jul 9 23:41:39 UTC 2020
# MPI Version           : 3.1
# MPI Thread Environment: 


# Calling sequence was: 

# /home/lacp/NEWP/BENCHMARKS/mpi-benchmarks/IMB-MPI1 PingPong 

# Minimum message length in bytes:   0
# Maximum message length in bytes:   4194304
#
# MPI_Datatype                   :   MPI_BYTE 
# MPI_Datatype for reductions    :   MPI_FLOAT 
# MPI_Op                         :   MPI_SUM  
# 
# 

# List of Benchmarks to run:

# PingPong

#---------------------------------------------------
# Benchmarking PingPong 
# #processes = 2 
#---------------------------------------------------
       #bytes #repetitions      t[usec]   Mbytes/sec
            0         1000        24.81         0.00
            1         1000        25.54         0.04
            2         1000        25.69         0.08
            4         1000        25.59         0.16
            8         1000        25.70         0.31
           16         1000        25.59         0.63
           32         1000        25.90         1.24
           64         1000        26.15         2.45
          128         1000        26.53         4.82
          256         1000        26.27         9.75
          512         1000        26.95        19.00
         1024         1000        28.42        36.04
         2048         1000        31.98        64.04
         4096         1000        39.29       104.24
         8192         1000        45.47       180.15
        16384         1000        67.52       242.67
        32768         1000        60.32       543.28
        65536          640       121.73       538.37
       131072          320       176.27       743.58
       262144          160       257.34      1018.66
       524288           80       432.70      1211.66
      1048576           40       795.13      1318.75
      2097152           20      1616.43      1297.39
      4194304           10      3193.56      1313.36


# All processes entering MPI_Finalize

#------------------------------------------------------------
#    Intel(R) MPI Benchmarks 2019 Update 6, MPI-1 part    
#------------------------------------------------------------
# Date                  : Mon Aug 17 11:03:08 2020
# Machine               : x86_64
# System                : Linux
# Release               : 4.15.0-112-generic
# Version               : #113-Ubuntu SMP Thu Jul 9 23:41:39 UTC 2020
# MPI Version           : 3.1
# MPI Thread Environment: 


# Calling sequence was: 

# /home/lacp/NEWP/BENCHMARKS/mpi-benchmarks/IMB-MPI1 PingPong 

# Minimum message length in bytes:   0
# Maximum message length in bytes:   4194304
#
# MPI_Datatype                   :   MPI_BYTE 
# MPI_Datatype for reductions    :   MPI_FLOAT 
# MPI_Op                         :   MPI_SUM  
# 
# 

# List of Benchmarks to run:

# PingPong

#---------------------------------------------------
# Benchmarking PingPong 
# #processes = 2 
#---------------------------------------------------
       #bytes #repetitions      t[usec]   Mbytes/sec
            0         1000        26.25         0.00
            1         1000        25.86         0.04
            2         1000        26.36         0.08
            4         1000        26.05         0.15
            8         1000        25.96         0.31
           16         1000        25.98         0.62
           32         1000        26.27         1.22
           64         1000        26.39         2.43
          128         1000        26.31         4.87
          256         1000        26.84         9.54
          512         1000        27.18        18.84
         1024         1000        28.44        36.00
         2048         1000        31.90        64.20
         4096         1000        39.20       104.50
         8192         1000        45.01       181.99
        16384         1000        67.56       242.51
        32768         1000        62.84       521.45
        65536          640       110.18       594.81
       131072          320       163.73       800.56
       262144          160       259.22      1011.30
       524288           80       437.60      1198.11
      1048576           40       776.52      1350.36
      2097152           20      1611.01      1301.76
      4194304           10      3221.50      1301.97


# All processes entering MPI_Finalize

#------------------------------------------------------------
#    Intel(R) MPI Benchmarks 2019 Update 6, MPI-1 part    
#------------------------------------------------------------
# Date                  : Mon Aug 17 11:43:19 2020
# Machine               : x86_64
# System                : Linux
# Release               : 4.15.0-112-generic
# Version               : #113-Ubuntu SMP Thu Jul 9 23:41:39 UTC 2020
# MPI Version           : 3.1
# MPI Thread Environment: 


# Calling sequence was: 

# /home/lacp/NEWP/BENCHMARKS/mpi-benchmarks/IMB-MPI1 PingPong 

# Minimum message length in bytes:   0
# Maximum message length in bytes:   4194304
#
# MPI_Datatype                   :   MPI_BYTE 
# MPI_Datatype for reductions    :   MPI_FLOAT 
# MPI_Op                         :   MPI_SUM  
# 
# 

# List of Benchmarks to run:

# PingPong

#---------------------------------------------------
# Benchmarking PingPong 
# #processes = 2 
#---------------------------------------------------
       #bytes #repetitions      t[usec]   Mbytes/sec
            0         1000        24.99         0.00
            1         1000        25.87         0.04
            2         1000        25.68         0.08
            4         1000        25.67         0.16
            8         1000        25.73         0.31
           16         1000        27.71         0.58
           32         1000        26.50         1.21
           64         1000        26.17         2.45
          128         1000        26.17         4.89
          256         1000        26.36         9.71
          512         1000        19.79        25.88
         1024         1000        21.41        47.82
         2048         1000        23.01        89.00
         4096         1000        28.40       144.22
         8192         1000        35.80       228.84
        16384         1000        51.12       320.52
        32768         1000        84.30       388.72
        65536          640       132.99       492.79
       131072          320       172.99       757.69
       262144          160       282.01       929.54
       524288           80       438.59      1195.40
      1048576           40       774.12      1354.54
      2097152           20      1601.70      1309.33
      4194304           10      3186.84      1316.13


# All processes entering MPI_Finalize

#------------------------------------------------------------
#    Intel(R) MPI Benchmarks 2019 Update 6, MPI-1 part    
#------------------------------------------------------------
# Date                  : Mon Aug 17 11:50:15 2020
# Machine               : x86_64
# System                : Linux
# Release               : 4.15.0-112-generic
# Version               : #113-Ubuntu SMP Thu Jul 9 23:41:39 UTC 2020
# MPI Version           : 3.1
# MPI Thread Environment: 


# Calling sequence was: 

# /home/lacp/NEWP/BENCHMARKS/mpi-benchmarks/IMB-MPI1 PingPong 

# Minimum message length in bytes:   0
# Maximum message length in bytes:   4194304
#
# MPI_Datatype                   :   MPI_BYTE 
# MPI_Datatype for reductions    :   MPI_FLOAT 
# MPI_Op                         :   MPI_SUM  
# 
# 

# List of Benchmarks to run:

# PingPong

#---------------------------------------------------
# Benchmarking PingPong 
# #processes = 2 
#---------------------------------------------------
       #bytes #repetitions      t[usec]   Mbytes/sec
            0         1000        25.87         0.00
            1         1000        26.13         0.04
            2         1000        26.18         0.08
            4         1000        26.17         0.15
            8         1000        26.41         0.30
           16         1000        26.41         0.61
           32         1000        26.57         1.20
           64         1000        26.56         2.41
          128         1000        19.69         6.50
          256         1000        20.02        12.79
          512         1000        20.75        24.67
         1024         1000        28.93        35.40
         2048         1000        32.15        63.70
         4096         1000        39.70       103.17
         8192         1000        45.49       180.09
        16384         1000        67.74       241.87
        32768         1000       111.64       293.52
        65536          640       110.47       593.25
       131072          320       162.69       805.65
       262144          160       255.52      1025.93
       524288           80       429.89      1219.58
      1048576           40       780.16      1344.06
      2097152           20      1613.31      1299.90
      4194304           10      3202.75      1309.60


# All processes entering MPI_Finalize

#------------------------------------------------------------
#    Intel(R) MPI Benchmarks 2019 Update 6, MPI-1 part    
#------------------------------------------------------------
# Date                  : Mon Aug 17 11:50:22 2020
# Machine               : x86_64
# System                : Linux
# Release               : 4.15.0-112-generic
# Version               : #113-Ubuntu SMP Thu Jul 9 23:41:39 UTC 2020
# MPI Version           : 3.1
# MPI Thread Environment: 


# Calling sequence was: 

# /home/lacp/NEWP/BENCHMARKS/mpi-benchmarks/IMB-MPI1 PingPong 

# Minimum message length in bytes:   0
# Maximum message length in bytes:   4194304
#
# MPI_Datatype                   :   MPI_BYTE 
# MPI_Datatype for reductions    :   MPI_FLOAT 
# MPI_Op                         :   MPI_SUM  
# 
# 

# List of Benchmarks to run:

# PingPong

#---------------------------------------------------
# Benchmarking PingPong 
# #processes = 2 
#---------------------------------------------------
       #bytes #repetitions      t[usec]   Mbytes/sec
            0         1000        25.05         0.00
            1         1000        25.56         0.04
            2         1000        25.82         0.08
            4         1000        25.80         0.16
            8         1000        25.84         0.31
           16         1000        25.81         0.62
           32         1000        25.93         1.23
           64         1000        26.01         2.46
          128         1000        26.55         4.82
          256         1000        26.61         9.62
          512         1000        26.97        18.98
         1024         1000        28.29        36.20
         2048         1000        31.35        65.33
         4096         1000        38.55       106.24
         8192         1000        44.91       182.39
        16384         1000        67.14       244.04
        32768         1000        52.54       623.73
        65536          640       110.66       592.23
       131072          320       162.88       804.71
       262144          160       256.26      1022.97
       524288           80       434.88      1205.60
      1048576           40       777.28      1349.03
      2097152           20      1618.13      1296.03
      4194304           10      3194.63      1312.92


# All processes entering MPI_Finalize

