

 NAS Parallel Benchmarks 3.4 -- IS Benchmark

 Size:  134217728  (class C)
 Iterations:   10
 Total number of processes:  16

   iteration
        1
        2
        3
        4
        5
        6
        7
        8
        9
        10


 IS Benchmark Completed
 Class           =                        C
 Size            =                134217728
 Iterations      =                       10
 Time in seconds =                    28.84
 Total processes =                       16
 Active processes=                       16
 Mop/s total     =                    46.54
 Mop/s/process   =                     2.91
 Operation type  =              keys ranked
 Verification    =               SUCCESSFUL
 Version         =                    3.4.1
 Compile date    =              26 Nov 2020

 Compile options:
    MPICC        = mpicc
    CLINK        = $(MPICC)
    CMPI_LIB     = (none)
    CMPI_INC     = (none)
    CFLAGS       = -O3
    CLINKFLAGS   = $(CFLAGS)


 Please send feedbacks and/or the results of this run to:

 NPB Development Team
 npb@nas.nasa.gov




 NAS Parallel Benchmarks 3.4 -- IS Benchmark

 Size:  134217728  (class C)
 Iterations:   10
 Total number of processes:  16

   iteration
        1
        2
        3
        4
        5
        6
        7
        8
        9
        10


 IS Benchmark Completed
 Class           =                        C
 Size            =                134217728
 Iterations      =                       10
 Time in seconds =                    25.25
 Total processes =                       16
 Active processes=                       16
 Mop/s total     =                    53.16
 Mop/s/process   =                     3.32
 Operation type  =              keys ranked
 Verification    =               SUCCESSFUL
 Version         =                    3.4.1
 Compile date    =              26 Nov 2020

 Compile options:
    MPICC        = mpicc
    CLINK        = $(MPICC)
    CMPI_LIB     = (none)
    CMPI_INC     = (none)
    CFLAGS       = -O3
    CLINKFLAGS   = $(CFLAGS)


 Please send feedbacks and/or the results of this run to:

 NPB Development Team
 npb@nas.nasa.gov




 NAS Parallel Benchmarks 3.4 -- IS Benchmark

 Size:  134217728  (class C)
 Iterations:   10
 Total number of processes:  16

   iteration
        1
        2
        3
        4
        5
        6
        7
        8
        9
        10


 IS Benchmark Completed
 Class           =                        C
 Size            =                134217728
 Iterations      =                       10
 Time in seconds =                    27.78
 Total processes =                       16
 Active processes=                       16
 Mop/s total     =                    48.31
 Mop/s/process   =                     3.02
 Operation type  =              keys ranked
 Verification    =               SUCCESSFUL
 Version         =                    3.4.1
 Compile date    =              26 Nov 2020

 Compile options:
    MPICC        = mpicc
    CLINK        = $(MPICC)
    CMPI_LIB     = (none)
    CMPI_INC     = (none)
    CFLAGS       = -O3
    CLINKFLAGS   = $(CFLAGS)


 Please send feedbacks and/or the results of this run to:

 NPB Development Team
 npb@nas.nasa.gov




 NAS Parallel Benchmarks 3.4 -- IS Benchmark

 Size:  134217728  (class C)
 Iterations:   10
 Total number of processes:  16

   iteration
        1
        2
        3
        4
        5
        6
        7
        8
        9
        10


 IS Benchmark Completed
 Class           =                        C
 Size            =                134217728
 Iterations      =                       10
 Time in seconds =                    26.89
 Total processes =                       16
 Active processes=                       16
 Mop/s total     =                    49.92
 Mop/s/process   =                     3.12
 Operation type  =              keys ranked
 Verification    =               SUCCESSFUL
 Version         =                    3.4.1
 Compile date    =              26 Nov 2020

 Compile options:
    MPICC        = mpicc
    CLINK        = $(MPICC)
    CMPI_LIB     = (none)
    CMPI_INC     = (none)
    CFLAGS       = -O3
    CLINKFLAGS   = $(CFLAGS)


 Please send feedbacks and/or the results of this run to:

 NPB Development Team
 npb@nas.nasa.gov




 NAS Parallel Benchmarks 3.4 -- IS Benchmark

 Size:  134217728  (class C)
 Iterations:   10
 Total number of processes:  16

   iteration
        1
        2
        3
        4
        5
        6
        7
        8
        9
        10


 IS Benchmark Completed
 Class           =                        C
 Size            =                134217728
 Iterations      =                       10
 Time in seconds =                    26.68
 Total processes =                       16
 Active processes=                       16
 Mop/s total     =                    50.30
 Mop/s/process   =                     3.14
 Operation type  =              keys ranked
 Verification    =               SUCCESSFUL
 Version         =                    3.4.1
 Compile date    =              26 Nov 2020

 Compile options:
    MPICC        = mpicc
    CLINK        = $(MPICC)
    CMPI_LIB     = (none)
    CMPI_INC     = (none)
    CFLAGS       = -O3
    CLINKFLAGS   = $(CFLAGS)


 Please send feedbacks and/or the results of this run to:

 NPB Development Team
 npb@nas.nasa.gov




 NAS Parallel Benchmarks 3.4 -- IS Benchmark

 Size:  134217728  (class C)
 Iterations:   10
 Total number of processes:  16

   iteration
        1
        2
        3
        4
        5
        6
        7
        8
        9
        10


 IS Benchmark Completed
 Class           =                        C
 Size            =                134217728
 Iterations      =                       10
 Time in seconds =                    25.29
 Total processes =                       16
 Active processes=                       16
 Mop/s total     =                    53.08
 Mop/s/process   =                     3.32
 Operation type  =              keys ranked
 Verification    =               SUCCESSFUL
 Version         =                    3.4.1
 Compile date    =              26 Nov 2020

 Compile options:
    MPICC        = mpicc
    CLINK        = $(MPICC)
    CMPI_LIB     = (none)
    CMPI_INC     = (none)
    CFLAGS       = -O3
    CLINKFLAGS   = $(CFLAGS)


 Please send feedbacks and/or the results of this run to:

 NPB Development Team
 npb@nas.nasa.gov




 NAS Parallel Benchmarks 3.4 -- IS Benchmark

 Size:  134217728  (class C)
 Iterations:   10
 Total number of processes:  16

   iteration
        1
        2
        3
        4
        5
        6
        7
        8
        9
        10


 IS Benchmark Completed
 Class           =                        C
 Size            =                134217728
 Iterations      =                       10
 Time in seconds =                    30.84
 Total processes =                       16
 Active processes=                       16
 Mop/s total     =                    43.53
 Mop/s/process   =                     2.72
 Operation type  =              keys ranked
 Verification    =               SUCCESSFUL
 Version         =                    3.4.1
 Compile date    =              26 Nov 2020

 Compile options:
    MPICC        = mpicc
    CLINK        = $(MPICC)
    CMPI_LIB     = (none)
    CMPI_INC     = (none)
    CFLAGS       = -O3
    CLINKFLAGS   = $(CFLAGS)


 Please send feedbacks and/or the results of this run to:

 NPB Development Team
 npb@nas.nasa.gov




 NAS Parallel Benchmarks 3.4 -- IS Benchmark

 Size:  134217728  (class C)
 Iterations:   10
 Total number of processes:  16

   iteration
        1
        2
        3
        4
        5
        6
        7
        8
        9
        10


 IS Benchmark Completed
 Class           =                        C
 Size            =                134217728
 Iterations      =                       10
 Time in seconds =                    28.40
 Total processes =                       16
 Active processes=                       16
 Mop/s total     =                    47.26
 Mop/s/process   =                     2.95
 Operation type  =              keys ranked
 Verification    =               SUCCESSFUL
 Version         =                    3.4.1
 Compile date    =              26 Nov 2020

 Compile options:
    MPICC        = mpicc
    CLINK        = $(MPICC)
    CMPI_LIB     = (none)
    CMPI_INC     = (none)
    CFLAGS       = -O3
    CLINKFLAGS   = $(CFLAGS)


 Please send feedbacks and/or the results of this run to:

 NPB Development Team
 npb@nas.nasa.gov




 NAS Parallel Benchmarks 3.4 -- IS Benchmark

 Size:  134217728  (class C)
 Iterations:   10
 Total number of processes:  16

   iteration
        1
        2
        3
        4
        5
        6
        7
        8
        9
        10


 IS Benchmark Completed
 Class           =                        C
 Size            =                134217728
 Iterations      =                       10
 Time in seconds =                    29.81
 Total processes =                       16
 Active processes=                       16
 Mop/s total     =                    45.02
 Mop/s/process   =                     2.81
 Operation type  =              keys ranked
 Verification    =               SUCCESSFUL
 Version         =                    3.4.1
 Compile date    =              26 Nov 2020

 Compile options:
    MPICC        = mpicc
    CLINK        = $(MPICC)
    CMPI_LIB     = (none)
    CMPI_INC     = (none)
    CFLAGS       = -O3
    CLINKFLAGS   = $(CFLAGS)


 Please send feedbacks and/or the results of this run to:

 NPB Development Team
 npb@nas.nasa.gov




 NAS Parallel Benchmarks 3.4 -- IS Benchmark

 Size:  134217728  (class C)
 Iterations:   10
 Total number of processes:  16

   iteration
        1
        2
        3
        4
        5
        6
        7
        8
        9
        10


 IS Benchmark Completed
 Class           =                        C
 Size            =                134217728
 Iterations      =                       10
 Time in seconds =                    29.89
 Total processes =                       16
 Active processes=                       16
 Mop/s total     =                    44.91
 Mop/s/process   =                     2.81
 Operation type  =              keys ranked
 Verification    =               SUCCESSFUL
 Version         =                    3.4.1
 Compile date    =              26 Nov 2020

 Compile options:
    MPICC        = mpicc
    CLINK        = $(MPICC)
    CMPI_LIB     = (none)
    CMPI_INC     = (none)
    CFLAGS       = -O3
    CLINKFLAGS   = $(CFLAGS)


 Please send feedbacks and/or the results of this run to:

 NPB Development Team
 npb@nas.nasa.gov




 NAS Parallel Benchmarks 3.4 -- IS Benchmark

 Size:  134217728  (class C)
 Iterations:   10
 Total number of processes:  16

   iteration
        1
        2
        3
        4
        5
        6
        7
        8
        9
        10


 IS Benchmark Completed
 Class           =                        C
 Size            =                134217728
 Iterations      =                       10
 Time in seconds =                    33.27
 Total processes =                       16
 Active processes=                       16
 Mop/s total     =                    40.35
 Mop/s/process   =                     2.52
 Operation type  =              keys ranked
 Verification    =               SUCCESSFUL
 Version         =                    3.4.1
 Compile date    =              26 Nov 2020

 Compile options:
    MPICC        = mpicc
    CLINK        = $(MPICC)
    CMPI_LIB     = (none)
    CMPI_INC     = (none)
    CFLAGS       = -O3
    CLINKFLAGS   = $(CFLAGS)


 Please send feedbacks and/or the results of this run to:

 NPB Development Team
 npb@nas.nasa.gov




 NAS Parallel Benchmarks 3.4 -- IS Benchmark

 Size:  134217728  (class C)
 Iterations:   10
 Total number of processes:  16

   iteration
        1
        2
        3
        4
        5
        6
        7
        8
        9
        10


 IS Benchmark Completed
 Class           =                        C
 Size            =                134217728
 Iterations      =                       10
 Time in seconds =                    30.76
 Total processes =                       16
 Active processes=                       16
 Mop/s total     =                    43.63
 Mop/s/process   =                     2.73
 Operation type  =              keys ranked
 Verification    =               SUCCESSFUL
 Version         =                    3.4.1
 Compile date    =              26 Nov 2020

 Compile options:
    MPICC        = mpicc
    CLINK        = $(MPICC)
    CMPI_LIB     = (none)
    CMPI_INC     = (none)
    CFLAGS       = -O3
    CLINKFLAGS   = $(CFLAGS)


 Please send feedbacks and/or the results of this run to:

 NPB Development Team
 npb@nas.nasa.gov




 NAS Parallel Benchmarks 3.4 -- IS Benchmark

 Size:  134217728  (class C)
 Iterations:   10
 Total number of processes:  16

   iteration
        1
        2
        3
        4
        5
        6
        7
        8
        9
        10


 IS Benchmark Completed
 Class           =                        C
 Size            =                134217728
 Iterations      =                       10
 Time in seconds =                    28.83
 Total processes =                       16
 Active processes=                       16
 Mop/s total     =                    46.56
 Mop/s/process   =                     2.91
 Operation type  =              keys ranked
 Verification    =               SUCCESSFUL
 Version         =                    3.4.1
 Compile date    =              26 Nov 2020

 Compile options:
    MPICC        = mpicc
    CLINK        = $(MPICC)
    CMPI_LIB     = (none)
    CMPI_INC     = (none)
    CFLAGS       = -O3
    CLINKFLAGS   = $(CFLAGS)


 Please send feedbacks and/or the results of this run to:

 NPB Development Team
 npb@nas.nasa.gov




 NAS Parallel Benchmarks 3.4 -- IS Benchmark

 Size:  134217728  (class C)
 Iterations:   10
 Total number of processes:  16

   iteration
        1
        2
        3
        4
        5
        6
        7
        8
        9
        10


 IS Benchmark Completed
 Class           =                        C
 Size            =                134217728
 Iterations      =                       10
 Time in seconds =                    29.77
 Total processes =                       16
 Active processes=                       16
 Mop/s total     =                    45.08
 Mop/s/process   =                     2.82
 Operation type  =              keys ranked
 Verification    =               SUCCESSFUL
 Version         =                    3.4.1
 Compile date    =              26 Nov 2020

 Compile options:
    MPICC        = mpicc
    CLINK        = $(MPICC)
    CMPI_LIB     = (none)
    CMPI_INC     = (none)
    CFLAGS       = -O3
    CLINKFLAGS   = $(CFLAGS)


 Please send feedbacks and/or the results of this run to:

 NPB Development Team
 npb@nas.nasa.gov




 NAS Parallel Benchmarks 3.4 -- IS Benchmark

 Size:  134217728  (class C)
 Iterations:   10
 Total number of processes:  16

   iteration
        1
        2
        3
        4
        5
        6
        7
        8
        9
        10


 IS Benchmark Completed
 Class           =                        C
 Size            =                134217728
 Iterations      =                       10
 Time in seconds =                    30.09
 Total processes =                       16
 Active processes=                       16
 Mop/s total     =                    44.61
 Mop/s/process   =                     2.79
 Operation type  =              keys ranked
 Verification    =               SUCCESSFUL
 Version         =                    3.4.1
 Compile date    =              26 Nov 2020

 Compile options:
    MPICC        = mpicc
    CLINK        = $(MPICC)
    CMPI_LIB     = (none)
    CMPI_INC     = (none)
    CFLAGS       = -O3
    CLINKFLAGS   = $(CFLAGS)


 Please send feedbacks and/or the results of this run to:

 NPB Development Team
 npb@nas.nasa.gov




 NAS Parallel Benchmarks 3.4 -- IS Benchmark

 Size:  134217728  (class C)
 Iterations:   10
 Total number of processes:  16

   iteration
        1
        2
        3
        4
        5
        6
        7
        8
        9
        10


 IS Benchmark Completed
 Class           =                        C
 Size            =                134217728
 Iterations      =                       10
 Time in seconds =                    30.76
 Total processes =                       16
 Active processes=                       16
 Mop/s total     =                    43.64
 Mop/s/process   =                     2.73
 Operation type  =              keys ranked
 Verification    =               SUCCESSFUL
 Version         =                    3.4.1
 Compile date    =              26 Nov 2020

 Compile options:
    MPICC        = mpicc
    CLINK        = $(MPICC)
    CMPI_LIB     = (none)
    CMPI_INC     = (none)
    CFLAGS       = -O3
    CLINKFLAGS   = $(CFLAGS)


 Please send feedbacks and/or the results of this run to:

 NPB Development Team
 npb@nas.nasa.gov




 NAS Parallel Benchmarks 3.4 -- IS Benchmark

 Size:  134217728  (class C)
 Iterations:   10
 Total number of processes:  16

   iteration
        1
        2
        3
        4
        5
        6
        7
        8
        9
        10


 IS Benchmark Completed
 Class           =                        C
 Size            =                134217728
 Iterations      =                       10
 Time in seconds =                    31.38
 Total processes =                       16
 Active processes=                       16
 Mop/s total     =                    42.77
 Mop/s/process   =                     2.67
 Operation type  =              keys ranked
 Verification    =               SUCCESSFUL
 Version         =                    3.4.1
 Compile date    =              26 Nov 2020

 Compile options:
    MPICC        = mpicc
    CLINK        = $(MPICC)
    CMPI_LIB     = (none)
    CMPI_INC     = (none)
    CFLAGS       = -O3
    CLINKFLAGS   = $(CFLAGS)


 Please send feedbacks and/or the results of this run to:

 NPB Development Team
 npb@nas.nasa.gov




 NAS Parallel Benchmarks 3.4 -- IS Benchmark

 Size:  134217728  (class C)
 Iterations:   10
 Total number of processes:  16

   iteration
        1
        2
        3
        4
        5
        6
        7
        8
        9
        10


 IS Benchmark Completed
 Class           =                        C
 Size            =                134217728
 Iterations      =                       10
 Time in seconds =                    31.92
 Total processes =                       16
 Active processes=                       16
 Mop/s total     =                    42.04
 Mop/s/process   =                     2.63
 Operation type  =              keys ranked
 Verification    =               SUCCESSFUL
 Version         =                    3.4.1
 Compile date    =              26 Nov 2020

 Compile options:
    MPICC        = mpicc
    CLINK        = $(MPICC)
    CMPI_LIB     = (none)
    CMPI_INC     = (none)
    CFLAGS       = -O3
    CLINKFLAGS   = $(CFLAGS)


 Please send feedbacks and/or the results of this run to:

 NPB Development Team
 npb@nas.nasa.gov




 NAS Parallel Benchmarks 3.4 -- IS Benchmark

 Size:  134217728  (class C)
 Iterations:   10
 Total number of processes:  16

   iteration
        1
        2
        3
        4
        5
        6
        7
        8
        9
        10


 IS Benchmark Completed
 Class           =                        C
 Size            =                134217728
 Iterations      =                       10
 Time in seconds =                    30.04
 Total processes =                       16
 Active processes=                       16
 Mop/s total     =                    44.68
 Mop/s/process   =                     2.79
 Operation type  =              keys ranked
 Verification    =               SUCCESSFUL
 Version         =                    3.4.1
 Compile date    =              26 Nov 2020

 Compile options:
    MPICC        = mpicc
    CLINK        = $(MPICC)
    CMPI_LIB     = (none)
    CMPI_INC     = (none)
    CFLAGS       = -O3
    CLINKFLAGS   = $(CFLAGS)


 Please send feedbacks and/or the results of this run to:

 NPB Development Team
 npb@nas.nasa.gov




 NAS Parallel Benchmarks 3.4 -- IS Benchmark

 Size:  134217728  (class C)
 Iterations:   10
 Total number of processes:  16

   iteration
        1
        2
        3
        4
        5
        6
        7
        8
        9
        10


 IS Benchmark Completed
 Class           =                        C
 Size            =                134217728
 Iterations      =                       10
 Time in seconds =                    31.32
 Total processes =                       16
 Active processes=                       16
 Mop/s total     =                    42.85
 Mop/s/process   =                     2.68
 Operation type  =              keys ranked
 Verification    =               SUCCESSFUL
 Version         =                    3.4.1
 Compile date    =              26 Nov 2020

 Compile options:
    MPICC        = mpicc
    CLINK        = $(MPICC)
    CMPI_LIB     = (none)
    CMPI_INC     = (none)
    CFLAGS       = -O3
    CLINKFLAGS   = $(CFLAGS)


 Please send feedbacks and/or the results of this run to:

 NPB Development Team
 npb@nas.nasa.gov




 NAS Parallel Benchmarks 3.4 -- IS Benchmark

 Size:  134217728  (class C)
 Iterations:   10
 Total number of processes:  64

   iteration
        1
        2
        3
        4
        5
        6
        7
        8
        9
        10


 IS Benchmark Completed
 Class           =                        C
 Size            =                134217728
 Iterations      =                       10
 Time in seconds =                    43.88
 Total processes =                       64
 Active processes=                       64
 Mop/s total     =                    30.59
 Mop/s/process   =                     0.48
 Operation type  =              keys ranked
 Verification    =               SUCCESSFUL
 Version         =                    3.4.1
 Compile date    =              26 Nov 2020

 Compile options:
    MPICC        = mpicc
    CLINK        = $(MPICC)
    CMPI_LIB     = (none)
    CMPI_INC     = (none)
    CFLAGS       = -O3
    CLINKFLAGS   = $(CFLAGS)


 Please send feedbacks and/or the results of this run to:

 NPB Development Team
 npb@nas.nasa.gov




 NAS Parallel Benchmarks 3.4 -- IS Benchmark

 Size:  134217728  (class C)
 Iterations:   10
 Total number of processes:  64

   iteration
        1
        2
        3
        4
        5
        6
        7
        8
        9
        10


 IS Benchmark Completed
 Class           =                        C
 Size            =                134217728
 Iterations      =                       10
 Time in seconds =                    46.32
 Total processes =                       64
 Active processes=                       64
 Mop/s total     =                    28.97
 Mop/s/process   =                     0.45
 Operation type  =              keys ranked
 Verification    =               SUCCESSFUL
 Version         =                    3.4.1
 Compile date    =              26 Nov 2020

 Compile options:
    MPICC        = mpicc
    CLINK        = $(MPICC)
    CMPI_LIB     = (none)
    CMPI_INC     = (none)
    CFLAGS       = -O3
    CLINKFLAGS   = $(CFLAGS)


 Please send feedbacks and/or the results of this run to:

 NPB Development Team
 npb@nas.nasa.gov




 NAS Parallel Benchmarks 3.4 -- IS Benchmark

 Size:  134217728  (class C)
 Iterations:   10
 Total number of processes:  64

   iteration
        1
        2
        3
        4
        5
        6
        7
        8
        9
        10


 IS Benchmark Completed
 Class           =                        C
 Size            =                134217728
 Iterations      =                       10
 Time in seconds =                    45.23
 Total processes =                       64
 Active processes=                       64
 Mop/s total     =                    29.67
 Mop/s/process   =                     0.46
 Operation type  =              keys ranked
 Verification    =               SUCCESSFUL
 Version         =                    3.4.1
 Compile date    =              26 Nov 2020

 Compile options:
    MPICC        = mpicc
    CLINK        = $(MPICC)
    CMPI_LIB     = (none)
    CMPI_INC     = (none)
    CFLAGS       = -O3
    CLINKFLAGS   = $(CFLAGS)


 Please send feedbacks and/or the results of this run to:

 NPB Development Team
 npb@nas.nasa.gov




 NAS Parallel Benchmarks 3.4 -- IS Benchmark

 Size:  134217728  (class C)
 Iterations:   10
 Total number of processes:  64

   iteration
        1
        2
        3
        4
        5
        6
        7
        8
        9
        10


 IS Benchmark Completed
 Class           =                        C
 Size            =                134217728
 Iterations      =                       10
 Time in seconds =                    45.09
 Total processes =                       64
 Active processes=                       64
 Mop/s total     =                    29.77
 Mop/s/process   =                     0.47
 Operation type  =              keys ranked
 Verification    =               SUCCESSFUL
 Version         =                    3.4.1
 Compile date    =              26 Nov 2020

 Compile options:
    MPICC        = mpicc
    CLINK        = $(MPICC)
    CMPI_LIB     = (none)
    CMPI_INC     = (none)
    CFLAGS       = -O3
    CLINKFLAGS   = $(CFLAGS)


 Please send feedbacks and/or the results of this run to:

 NPB Development Team
 npb@nas.nasa.gov




 NAS Parallel Benchmarks 3.4 -- IS Benchmark

 Size:  134217728  (class C)
 Iterations:   10
 Total number of processes:  64

   iteration
        1
        2
        3
        4
        5
        6
        7
        8
        9
        10


 IS Benchmark Completed
 Class           =                        C
 Size            =                134217728
 Iterations      =                       10
 Time in seconds =                    46.45
 Total processes =                       64
 Active processes=                       64
 Mop/s total     =                    28.90
 Mop/s/process   =                     0.45
 Operation type  =              keys ranked
 Verification    =               SUCCESSFUL
 Version         =                    3.4.1
 Compile date    =              26 Nov 2020

 Compile options:
    MPICC        = mpicc
    CLINK        = $(MPICC)
    CMPI_LIB     = (none)
    CMPI_INC     = (none)
    CFLAGS       = -O3
    CLINKFLAGS   = $(CFLAGS)


 Please send feedbacks and/or the results of this run to:

 NPB Development Team
 npb@nas.nasa.gov




 NAS Parallel Benchmarks 3.4 -- IS Benchmark

 Size:  134217728  (class C)
 Iterations:   10
 Total number of processes:  64

   iteration
        1
        2
        3
        4
        5
        6
        7
        8
        9
        10


 IS Benchmark Completed
 Class           =                        C
 Size            =                134217728
 Iterations      =                       10
 Time in seconds =                    44.81
 Total processes =                       64
 Active processes=                       64
 Mop/s total     =                    29.95
 Mop/s/process   =                     0.47
 Operation type  =              keys ranked
 Verification    =               SUCCESSFUL
 Version         =                    3.4.1
 Compile date    =              26 Nov 2020

 Compile options:
    MPICC        = mpicc
    CLINK        = $(MPICC)
    CMPI_LIB     = (none)
    CMPI_INC     = (none)
    CFLAGS       = -O3
    CLINKFLAGS   = $(CFLAGS)


 Please send feedbacks and/or the results of this run to:

 NPB Development Team
 npb@nas.nasa.gov




 NAS Parallel Benchmarks 3.4 -- IS Benchmark

 Size:  134217728  (class C)
 Iterations:   10
 Total number of processes:  64

   iteration
        1
        2
        3
        4
        5
        6
        7
        8
        9
        10


 IS Benchmark Completed
 Class           =                        C
 Size            =                134217728
 Iterations      =                       10
 Time in seconds =                    46.62
 Total processes =                       64
 Active processes=                       64
 Mop/s total     =                    28.79
 Mop/s/process   =                     0.45
 Operation type  =              keys ranked
 Verification    =               SUCCESSFUL
 Version         =                    3.4.1
 Compile date    =              26 Nov 2020

 Compile options:
    MPICC        = mpicc
    CLINK        = $(MPICC)
    CMPI_LIB     = (none)
    CMPI_INC     = (none)
    CFLAGS       = -O3
    CLINKFLAGS   = $(CFLAGS)


 Please send feedbacks and/or the results of this run to:

 NPB Development Team
 npb@nas.nasa.gov




 NAS Parallel Benchmarks 3.4 -- IS Benchmark

 Size:  134217728  (class C)
 Iterations:   10
 Total number of processes:  64

   iteration
        1
        2
        3
        4
        5
        6
        7
        8
        9
        10


 IS Benchmark Completed
 Class           =                        C
 Size            =                134217728
 Iterations      =                       10
 Time in seconds =                    46.43
 Total processes =                       64
 Active processes=                       64
 Mop/s total     =                    28.91
 Mop/s/process   =                     0.45
 Operation type  =              keys ranked
 Verification    =               SUCCESSFUL
 Version         =                    3.4.1
 Compile date    =              26 Nov 2020

 Compile options:
    MPICC        = mpicc
    CLINK        = $(MPICC)
    CMPI_LIB     = (none)
    CMPI_INC     = (none)
    CFLAGS       = -O3
    CLINKFLAGS   = $(CFLAGS)


 Please send feedbacks and/or the results of this run to:

 NPB Development Team
 npb@nas.nasa.gov




 NAS Parallel Benchmarks 3.4 -- IS Benchmark

 Size:  134217728  (class C)
 Iterations:   10
 Total number of processes:  64

   iteration
        1
        2
        3
        4
        5
        6
        7
        8
        9
        10


 IS Benchmark Completed
 Class           =                        C
 Size            =                134217728
 Iterations      =                       10
 Time in seconds =                    46.12
 Total processes =                       64
 Active processes=                       64
 Mop/s total     =                    29.10
 Mop/s/process   =                     0.45
 Operation type  =              keys ranked
 Verification    =               SUCCESSFUL
 Version         =                    3.4.1
 Compile date    =              26 Nov 2020

 Compile options:
    MPICC        = mpicc
    CLINK        = $(MPICC)
    CMPI_LIB     = (none)
    CMPI_INC     = (none)
    CFLAGS       = -O3
    CLINKFLAGS   = $(CFLAGS)


 Please send feedbacks and/or the results of this run to:

 NPB Development Team
 npb@nas.nasa.gov




 NAS Parallel Benchmarks 3.4 -- IS Benchmark

 Size:  134217728  (class C)
 Iterations:   10
 Total number of processes:  64

   iteration
        1
        2
        3
        4
        5
        6
        7
        8
        9
        10


 IS Benchmark Completed
 Class           =                        C
 Size            =                134217728
 Iterations      =                       10
 Time in seconds =                    45.15
 Total processes =                       64
 Active processes=                       64
 Mop/s total     =                    29.73
 Mop/s/process   =                     0.46
 Operation type  =              keys ranked
 Verification    =               SUCCESSFUL
 Version         =                    3.4.1
 Compile date    =              26 Nov 2020

 Compile options:
    MPICC        = mpicc
    CLINK        = $(MPICC)
    CMPI_LIB     = (none)
    CMPI_INC     = (none)
    CFLAGS       = -O3
    CLINKFLAGS   = $(CFLAGS)


 Please send feedbacks and/or the results of this run to:

 NPB Development Team
 npb@nas.nasa.gov




 NAS Parallel Benchmarks 3.4 -- IS Benchmark

 Size:  134217728  (class C)
 Iterations:   10
 Total number of processes:  64

   iteration
        1
        2
        3
        4
        5
        6
        7
        8
        9
        10


 IS Benchmark Completed
 Class           =                        C
 Size            =                134217728
 Iterations      =                       10
 Time in seconds =                    51.42
 Total processes =                       64
 Active processes=                       64
 Mop/s total     =                    26.10
 Mop/s/process   =                     0.41
 Operation type  =              keys ranked
 Verification    =               SUCCESSFUL
 Version         =                    3.4.1
 Compile date    =              26 Nov 2020

 Compile options:
    MPICC        = mpicc
    CLINK        = $(MPICC)
    CMPI_LIB     = (none)
    CMPI_INC     = (none)
    CFLAGS       = -O3
    CLINKFLAGS   = $(CFLAGS)


 Please send feedbacks and/or the results of this run to:

 NPB Development Team
 npb@nas.nasa.gov




 NAS Parallel Benchmarks 3.4 -- IS Benchmark

 Size:  134217728  (class C)
 Iterations:   10
 Total number of processes:  64

   iteration
        1
        2
        3
        4
        5
        6
        7
        8
        9
        10


 IS Benchmark Completed
 Class           =                        C
 Size            =                134217728
 Iterations      =                       10
 Time in seconds =                    55.89
 Total processes =                       64
 Active processes=                       64
 Mop/s total     =                    24.02
 Mop/s/process   =                     0.38
 Operation type  =              keys ranked
 Verification    =               SUCCESSFUL
 Version         =                    3.4.1
 Compile date    =              26 Nov 2020

 Compile options:
    MPICC        = mpicc
    CLINK        = $(MPICC)
    CMPI_LIB     = (none)
    CMPI_INC     = (none)
    CFLAGS       = -O3
    CLINKFLAGS   = $(CFLAGS)


 Please send feedbacks and/or the results of this run to:

 NPB Development Team
 npb@nas.nasa.gov




 NAS Parallel Benchmarks 3.4 -- IS Benchmark

 Size:  134217728  (class C)
 Iterations:   10
 Total number of processes:  64

   iteration
        1
        2
        3
        4
        5
        6
        7
        8
        9
        10


 IS Benchmark Completed
 Class           =                        C
 Size            =                134217728
 Iterations      =                       10
 Time in seconds =                    57.65
 Total processes =                       64
 Active processes=                       64
 Mop/s total     =                    23.28
 Mop/s/process   =                     0.36
 Operation type  =              keys ranked
 Verification    =               SUCCESSFUL
 Version         =                    3.4.1
 Compile date    =              26 Nov 2020

 Compile options:
    MPICC        = mpicc
    CLINK        = $(MPICC)
    CMPI_LIB     = (none)
    CMPI_INC     = (none)
    CFLAGS       = -O3
    CLINKFLAGS   = $(CFLAGS)


 Please send feedbacks and/or the results of this run to:

 NPB Development Team
 npb@nas.nasa.gov




 NAS Parallel Benchmarks 3.4 -- IS Benchmark

 Size:  134217728  (class C)
 Iterations:   10
 Total number of processes:  64

   iteration
        1
        2
        3
        4
        5
        6
        7
        8
        9
        10


 IS Benchmark Completed
 Class           =                        C
 Size            =                134217728
 Iterations      =                       10
 Time in seconds =                    55.32
 Total processes =                       64
 Active processes=                       64
 Mop/s total     =                    24.26
 Mop/s/process   =                     0.38
 Operation type  =              keys ranked
 Verification    =               SUCCESSFUL
 Version         =                    3.4.1
 Compile date    =              26 Nov 2020

 Compile options:
    MPICC        = mpicc
    CLINK        = $(MPICC)
    CMPI_LIB     = (none)
    CMPI_INC     = (none)
    CFLAGS       = -O3
    CLINKFLAGS   = $(CFLAGS)


 Please send feedbacks and/or the results of this run to:

 NPB Development Team
 npb@nas.nasa.gov




 NAS Parallel Benchmarks 3.4 -- IS Benchmark

 Size:  134217728  (class C)
 Iterations:   10
 Total number of processes:  64

   iteration
        1
        2
        3
        4
        5
        6
        7
        8
        9
        10


 IS Benchmark Completed
 Class           =                        C
 Size            =                134217728
 Iterations      =                       10
 Time in seconds =                    50.76
 Total processes =                       64
 Active processes=                       64
 Mop/s total     =                    26.44
 Mop/s/process   =                     0.41
 Operation type  =              keys ranked
 Verification    =               SUCCESSFUL
 Version         =                    3.4.1
 Compile date    =              26 Nov 2020

 Compile options:
    MPICC        = mpicc
    CLINK        = $(MPICC)
    CMPI_LIB     = (none)
    CMPI_INC     = (none)
    CFLAGS       = -O3
    CLINKFLAGS   = $(CFLAGS)


 Please send feedbacks and/or the results of this run to:

 NPB Development Team
 npb@nas.nasa.gov




 NAS Parallel Benchmarks 3.4 -- IS Benchmark

 Size:  134217728  (class C)
 Iterations:   10
 Total number of processes:  64

   iteration
        1
        2
        3
        4
        5
        6
        7
        8
        9
        10


 IS Benchmark Completed
 Class           =                        C
 Size            =                134217728
 Iterations      =                       10
 Time in seconds =                    56.15
 Total processes =                       64
 Active processes=                       64
 Mop/s total     =                    23.90
 Mop/s/process   =                     0.37
 Operation type  =              keys ranked
 Verification    =               SUCCESSFUL
 Version         =                    3.4.1
 Compile date    =              26 Nov 2020

 Compile options:
    MPICC        = mpicc
    CLINK        = $(MPICC)
    CMPI_LIB     = (none)
    CMPI_INC     = (none)
    CFLAGS       = -O3
    CLINKFLAGS   = $(CFLAGS)


 Please send feedbacks and/or the results of this run to:

 NPB Development Team
 npb@nas.nasa.gov




 NAS Parallel Benchmarks 3.4 -- IS Benchmark

 Size:  134217728  (class C)
 Iterations:   10
 Total number of processes:  64

   iteration
        1
        2
        3
        4
        5
        6
        7
        8
        9
        10


 IS Benchmark Completed
 Class           =                        C
 Size            =                134217728
 Iterations      =                       10
 Time in seconds =                    57.60
 Total processes =                       64
 Active processes=                       64
 Mop/s total     =                    23.30
 Mop/s/process   =                     0.36
 Operation type  =              keys ranked
 Verification    =               SUCCESSFUL
 Version         =                    3.4.1
 Compile date    =              26 Nov 2020

 Compile options:
    MPICC        = mpicc
    CLINK        = $(MPICC)
    CMPI_LIB     = (none)
    CMPI_INC     = (none)
    CFLAGS       = -O3
    CLINKFLAGS   = $(CFLAGS)


 Please send feedbacks and/or the results of this run to:

 NPB Development Team
 npb@nas.nasa.gov




 NAS Parallel Benchmarks 3.4 -- IS Benchmark

 Size:  134217728  (class C)
 Iterations:   10
 Total number of processes:  64

   iteration
        1
        2
        3
        4
        5
        6
        7
        8
        9
        10


 IS Benchmark Completed
 Class           =                        C
 Size            =                134217728
 Iterations      =                       10
 Time in seconds =                    59.80
 Total processes =                       64
 Active processes=                       64
 Mop/s total     =                    22.44
 Mop/s/process   =                     0.35
 Operation type  =              keys ranked
 Verification    =               SUCCESSFUL
 Version         =                    3.4.1
 Compile date    =              26 Nov 2020

 Compile options:
    MPICC        = mpicc
    CLINK        = $(MPICC)
    CMPI_LIB     = (none)
    CMPI_INC     = (none)
    CFLAGS       = -O3
    CLINKFLAGS   = $(CFLAGS)


 Please send feedbacks and/or the results of this run to:

 NPB Development Team
 npb@nas.nasa.gov




 NAS Parallel Benchmarks 3.4 -- IS Benchmark

 Size:  134217728  (class C)
 Iterations:   10
 Total number of processes:  64

   iteration
        1
        2
        3
        4
        5
        6
        7
        8
        9
        10


 IS Benchmark Completed
 Class           =                        C
 Size            =                134217728
 Iterations      =                       10
 Time in seconds =                    51.96
 Total processes =                       64
 Active processes=                       64
 Mop/s total     =                    25.83
 Mop/s/process   =                     0.40
 Operation type  =              keys ranked
 Verification    =               SUCCESSFUL
 Version         =                    3.4.1
 Compile date    =              26 Nov 2020

 Compile options:
    MPICC        = mpicc
    CLINK        = $(MPICC)
    CMPI_LIB     = (none)
    CMPI_INC     = (none)
    CFLAGS       = -O3
    CLINKFLAGS   = $(CFLAGS)


 Please send feedbacks and/or the results of this run to:

 NPB Development Team
 npb@nas.nasa.gov




 NAS Parallel Benchmarks 3.4 -- IS Benchmark

 Size:  134217728  (class C)
 Iterations:   10
 Total number of processes:  64

   iteration
        1
        2
        3
        4
        5
        6
        7
        8
        9
        10


 IS Benchmark Completed
 Class           =                        C
 Size            =                134217728
 Iterations      =                       10
 Time in seconds =                    58.29
 Total processes =                       64
 Active processes=                       64
 Mop/s total     =                    23.03
 Mop/s/process   =                     0.36
 Operation type  =              keys ranked
 Verification    =               SUCCESSFUL
 Version         =                    3.4.1
 Compile date    =              26 Nov 2020

 Compile options:
    MPICC        = mpicc
    CLINK        = $(MPICC)
    CMPI_LIB     = (none)
    CMPI_INC     = (none)
    CFLAGS       = -O3
    CLINKFLAGS   = $(CFLAGS)


 Please send feedbacks and/or the results of this run to:

 NPB Development Team
 npb@nas.nasa.gov


