

 NAS Parallel Benchmarks 3.4 -- IS Benchmark

 Size:  134217728  (class C)
 Iterations:   10
 Total number of processes:  16

   iteration
        1
        2
        3
        4
        5
        6
        7
        8
        9
        10


 IS Benchmark Completed
 Class           =                        C
 Size            =                134217728
 Iterations      =                       10
 Time in seconds =                     9.28
 Total processes =                       16
 Active processes=                       16
 Mop/s total     =                   144.58
 Mop/s/process   =                     9.04
 Operation type  =              keys ranked
 Verification    =               SUCCESSFUL
 Version         =                    3.4.1
 Compile date    =              06 Dec 2020

 Compile options:
    MPICC        = mpicc
    CLINK        = $(MPICC)
    CMPI_LIB     = (none)
    CMPI_INC     = (none)
    CFLAGS       = -O3
    CLINKFLAGS   = $(CFLAGS)


 Please send feedbacks and/or the results of this run to:

 NPB Development Team
 npb@nas.nasa.gov




 NAS Parallel Benchmarks 3.4 -- IS Benchmark

 Size:  134217728  (class C)
 Iterations:   10
 Total number of processes:  16

   iteration
        1
        2
        3
        4
        5
        6
        7
        8
        9
        10


 IS Benchmark Completed
 Class           =                        C
 Size            =                134217728
 Iterations      =                       10
 Time in seconds =                    10.58
 Total processes =                       16
 Active processes=                       16
 Mop/s total     =                   126.85
 Mop/s/process   =                     7.93
 Operation type  =              keys ranked
 Verification    =               SUCCESSFUL
 Version         =                    3.4.1
 Compile date    =              06 Dec 2020

 Compile options:
    MPICC        = mpicc
    CLINK        = $(MPICC)
    CMPI_LIB     = (none)
    CMPI_INC     = (none)
    CFLAGS       = -O3
    CLINKFLAGS   = $(CFLAGS)


 Please send feedbacks and/or the results of this run to:

 NPB Development Team
 npb@nas.nasa.gov




 NAS Parallel Benchmarks 3.4 -- IS Benchmark

 Size:  134217728  (class C)
 Iterations:   10
 Total number of processes:  16

   iteration
        1
        2
        3
        4
        5
        6
        7
        8
        9
        10


 IS Benchmark Completed
 Class           =                        C
 Size            =                134217728
 Iterations      =                       10
 Time in seconds =                     9.41
 Total processes =                       16
 Active processes=                       16
 Mop/s total     =                   142.68
 Mop/s/process   =                     8.92
 Operation type  =              keys ranked
 Verification    =               SUCCESSFUL
 Version         =                    3.4.1
 Compile date    =              06 Dec 2020

 Compile options:
    MPICC        = mpicc
    CLINK        = $(MPICC)
    CMPI_LIB     = (none)
    CMPI_INC     = (none)
    CFLAGS       = -O3
    CLINKFLAGS   = $(CFLAGS)


 Please send feedbacks and/or the results of this run to:

 NPB Development Team
 npb@nas.nasa.gov




 NAS Parallel Benchmarks 3.4 -- IS Benchmark

 Size:  134217728  (class C)
 Iterations:   10
 Total number of processes:  16

   iteration
        1
        2
        3
        4
        5
        6
        7
        8
        9
        10


 IS Benchmark Completed
 Class           =                        C
 Size            =                134217728
 Iterations      =                       10
 Time in seconds =                    10.72
 Total processes =                       16
 Active processes=                       16
 Mop/s total     =                   125.16
 Mop/s/process   =                     7.82
 Operation type  =              keys ranked
 Verification    =               SUCCESSFUL
 Version         =                    3.4.1
 Compile date    =              06 Dec 2020

 Compile options:
    MPICC        = mpicc
    CLINK        = $(MPICC)
    CMPI_LIB     = (none)
    CMPI_INC     = (none)
    CFLAGS       = -O3
    CLINKFLAGS   = $(CFLAGS)


 Please send feedbacks and/or the results of this run to:

 NPB Development Team
 npb@nas.nasa.gov




 NAS Parallel Benchmarks 3.4 -- IS Benchmark

 Size:  134217728  (class C)
 Iterations:   10
 Total number of processes:  16

   iteration
        1
        2
        3
        4
        5
        6
        7
        8
        9
        10


 IS Benchmark Completed
 Class           =                        C
 Size            =                134217728
 Iterations      =                       10
 Time in seconds =                     9.51
 Total processes =                       16
 Active processes=                       16
 Mop/s total     =                   141.10
 Mop/s/process   =                     8.82
 Operation type  =              keys ranked
 Verification    =               SUCCESSFUL
 Version         =                    3.4.1
 Compile date    =              06 Dec 2020

 Compile options:
    MPICC        = mpicc
    CLINK        = $(MPICC)
    CMPI_LIB     = (none)
    CMPI_INC     = (none)
    CFLAGS       = -O3
    CLINKFLAGS   = $(CFLAGS)


 Please send feedbacks and/or the results of this run to:

 NPB Development Team
 npb@nas.nasa.gov




 NAS Parallel Benchmarks 3.4 -- IS Benchmark

 Size:  134217728  (class C)
 Iterations:   10
 Total number of processes:  16

   iteration
        1
        2
        3
        4
        5
        6
        7
        8
        9
        10


 IS Benchmark Completed
 Class           =                        C
 Size            =                134217728
 Iterations      =                       10
 Time in seconds =                    10.23
 Total processes =                       16
 Active processes=                       16
 Mop/s total     =                   131.20
 Mop/s/process   =                     8.20
 Operation type  =              keys ranked
 Verification    =               SUCCESSFUL
 Version         =                    3.4.1
 Compile date    =              06 Dec 2020

 Compile options:
    MPICC        = mpicc
    CLINK        = $(MPICC)
    CMPI_LIB     = (none)
    CMPI_INC     = (none)
    CFLAGS       = -O3
    CLINKFLAGS   = $(CFLAGS)


 Please send feedbacks and/or the results of this run to:

 NPB Development Team
 npb@nas.nasa.gov




 NAS Parallel Benchmarks 3.4 -- IS Benchmark

 Size:  134217728  (class C)
 Iterations:   10
 Total number of processes:  16

   iteration
        1
        2
        3
        4
        5
        6
        7
        8
        9
        10


 IS Benchmark Completed
 Class           =                        C
 Size            =                134217728
 Iterations      =                       10
 Time in seconds =                     9.07
 Total processes =                       16
 Active processes=                       16
 Mop/s total     =                   147.97
 Mop/s/process   =                     9.25
 Operation type  =              keys ranked
 Verification    =               SUCCESSFUL
 Version         =                    3.4.1
 Compile date    =              06 Dec 2020

 Compile options:
    MPICC        = mpicc
    CLINK        = $(MPICC)
    CMPI_LIB     = (none)
    CMPI_INC     = (none)
    CFLAGS       = -O3
    CLINKFLAGS   = $(CFLAGS)


 Please send feedbacks and/or the results of this run to:

 NPB Development Team
 npb@nas.nasa.gov




 NAS Parallel Benchmarks 3.4 -- IS Benchmark

 Size:  134217728  (class C)
 Iterations:   10
 Total number of processes:  16

   iteration
        1
        2
        3
        4
        5
        6
        7
        8
        9
        10


 IS Benchmark Completed
 Class           =                        C
 Size            =                134217728
 Iterations      =                       10
 Time in seconds =                    10.80
 Total processes =                       16
 Active processes=                       16
 Mop/s total     =                   124.28
 Mop/s/process   =                     7.77
 Operation type  =              keys ranked
 Verification    =               SUCCESSFUL
 Version         =                    3.4.1
 Compile date    =              06 Dec 2020

 Compile options:
    MPICC        = mpicc
    CLINK        = $(MPICC)
    CMPI_LIB     = (none)
    CMPI_INC     = (none)
    CFLAGS       = -O3
    CLINKFLAGS   = $(CFLAGS)


 Please send feedbacks and/or the results of this run to:

 NPB Development Team
 npb@nas.nasa.gov




 NAS Parallel Benchmarks 3.4 -- IS Benchmark

 Size:  134217728  (class C)
 Iterations:   10
 Total number of processes:  16

   iteration
        1
        2
        3
        4
        5
        6
        7
        8
        9
        10


 IS Benchmark Completed
 Class           =                        C
 Size            =                134217728
 Iterations      =                       10
 Time in seconds =                     9.22
 Total processes =                       16
 Active processes=                       16
 Mop/s total     =                   145.59
 Mop/s/process   =                     9.10
 Operation type  =              keys ranked
 Verification    =               SUCCESSFUL
 Version         =                    3.4.1
 Compile date    =              06 Dec 2020

 Compile options:
    MPICC        = mpicc
    CLINK        = $(MPICC)
    CMPI_LIB     = (none)
    CMPI_INC     = (none)
    CFLAGS       = -O3
    CLINKFLAGS   = $(CFLAGS)


 Please send feedbacks and/or the results of this run to:

 NPB Development Team
 npb@nas.nasa.gov




 NAS Parallel Benchmarks 3.4 -- IS Benchmark

 Size:  134217728  (class C)
 Iterations:   10
 Total number of processes:  16

   iteration
        1
        2
        3
        4
        5
        6
        7
        8
        9
        10


 IS Benchmark Completed
 Class           =                        C
 Size            =                134217728
 Iterations      =                       10
 Time in seconds =                    10.68
 Total processes =                       16
 Active processes=                       16
 Mop/s total     =                   125.64
 Mop/s/process   =                     7.85
 Operation type  =              keys ranked
 Verification    =               SUCCESSFUL
 Version         =                    3.4.1
 Compile date    =              06 Dec 2020

 Compile options:
    MPICC        = mpicc
    CLINK        = $(MPICC)
    CMPI_LIB     = (none)
    CMPI_INC     = (none)
    CFLAGS       = -O3
    CLINKFLAGS   = $(CFLAGS)


 Please send feedbacks and/or the results of this run to:

 NPB Development Team
 npb@nas.nasa.gov




 NAS Parallel Benchmarks 3.4 -- IS Benchmark

 Size:  134217728  (class C)
 Iterations:   10
 Total number of processes:  16

   iteration
        1
        2
        3
        4
        5
        6
        7
        8
        9
        10


 IS Benchmark Completed
 Class           =                        C
 Size            =                134217728
 Iterations      =                       10
 Time in seconds =                     9.96
 Total processes =                       16
 Active processes=                       16
 Mop/s total     =                   134.71
 Mop/s/process   =                     8.42
 Operation type  =              keys ranked
 Verification    =               SUCCESSFUL
 Version         =                    3.4.1
 Compile date    =              06 Dec 2020

 Compile options:
    MPICC        = mpicc
    CLINK        = $(MPICC)
    CMPI_LIB     = (none)
    CMPI_INC     = (none)
    CFLAGS       = -O3
    CLINKFLAGS   = $(CFLAGS)


 Please send feedbacks and/or the results of this run to:

 NPB Development Team
 npb@nas.nasa.gov




 NAS Parallel Benchmarks 3.4 -- IS Benchmark

 Size:  134217728  (class C)
 Iterations:   10
 Total number of processes:  16

   iteration
        1
        2
        3
        4
        5
        6
        7
        8
        9
        10


 IS Benchmark Completed
 Class           =                        C
 Size            =                134217728
 Iterations      =                       10
 Time in seconds =                    10.21
 Total processes =                       16
 Active processes=                       16
 Mop/s total     =                   131.44
 Mop/s/process   =                     8.22
 Operation type  =              keys ranked
 Verification    =               SUCCESSFUL
 Version         =                    3.4.1
 Compile date    =              06 Dec 2020

 Compile options:
    MPICC        = mpicc
    CLINK        = $(MPICC)
    CMPI_LIB     = (none)
    CMPI_INC     = (none)
    CFLAGS       = -O3
    CLINKFLAGS   = $(CFLAGS)


 Please send feedbacks and/or the results of this run to:

 NPB Development Team
 npb@nas.nasa.gov




 NAS Parallel Benchmarks 3.4 -- IS Benchmark

 Size:  134217728  (class C)
 Iterations:   10
 Total number of processes:  16

   iteration
        1
        2
        3
        4
        5
        6
        7
        8
        9
        10


 IS Benchmark Completed
 Class           =                        C
 Size            =                134217728
 Iterations      =                       10
 Time in seconds =                    10.17
 Total processes =                       16
 Active processes=                       16
 Mop/s total     =                   132.01
 Mop/s/process   =                     8.25
 Operation type  =              keys ranked
 Verification    =               SUCCESSFUL
 Version         =                    3.4.1
 Compile date    =              06 Dec 2020

 Compile options:
    MPICC        = mpicc
    CLINK        = $(MPICC)
    CMPI_LIB     = (none)
    CMPI_INC     = (none)
    CFLAGS       = -O3
    CLINKFLAGS   = $(CFLAGS)


 Please send feedbacks and/or the results of this run to:

 NPB Development Team
 npb@nas.nasa.gov




 NAS Parallel Benchmarks 3.4 -- IS Benchmark

 Size:  134217728  (class C)
 Iterations:   10
 Total number of processes:  16

   iteration
        1
        2
        3
        4
        5
        6
        7
        8
        9
        10


 IS Benchmark Completed
 Class           =                        C
 Size            =                134217728
 Iterations      =                       10
 Time in seconds =                    10.56
 Total processes =                       16
 Active processes=                       16
 Mop/s total     =                   127.16
 Mop/s/process   =                     7.95
 Operation type  =              keys ranked
 Verification    =               SUCCESSFUL
 Version         =                    3.4.1
 Compile date    =              06 Dec 2020

 Compile options:
    MPICC        = mpicc
    CLINK        = $(MPICC)
    CMPI_LIB     = (none)
    CMPI_INC     = (none)
    CFLAGS       = -O3
    CLINKFLAGS   = $(CFLAGS)


 Please send feedbacks and/or the results of this run to:

 NPB Development Team
 npb@nas.nasa.gov




 NAS Parallel Benchmarks 3.4 -- IS Benchmark

 Size:  134217728  (class C)
 Iterations:   10
 Total number of processes:  16

   iteration
        1
        2
        3
        4
        5
        6
        7
        8
        9
        10


 IS Benchmark Completed
 Class           =                        C
 Size            =                134217728
 Iterations      =                       10
 Time in seconds =                     9.62
 Total processes =                       16
 Active processes=                       16
 Mop/s total     =                   139.52
 Mop/s/process   =                     8.72
 Operation type  =              keys ranked
 Verification    =               SUCCESSFUL
 Version         =                    3.4.1
 Compile date    =              06 Dec 2020

 Compile options:
    MPICC        = mpicc
    CLINK        = $(MPICC)
    CMPI_LIB     = (none)
    CMPI_INC     = (none)
    CFLAGS       = -O3
    CLINKFLAGS   = $(CFLAGS)


 Please send feedbacks and/or the results of this run to:

 NPB Development Team
 npb@nas.nasa.gov




 NAS Parallel Benchmarks 3.4 -- IS Benchmark

 Size:  134217728  (class C)
 Iterations:   10
 Total number of processes:  16

   iteration
        1
        2
        3
        4
        5
        6
        7
        8
        9
        10


 IS Benchmark Completed
 Class           =                        C
 Size            =                134217728
 Iterations      =                       10
 Time in seconds =                    10.34
 Total processes =                       16
 Active processes=                       16
 Mop/s total     =                   129.84
 Mop/s/process   =                     8.11
 Operation type  =              keys ranked
 Verification    =               SUCCESSFUL
 Version         =                    3.4.1
 Compile date    =              06 Dec 2020

 Compile options:
    MPICC        = mpicc
    CLINK        = $(MPICC)
    CMPI_LIB     = (none)
    CMPI_INC     = (none)
    CFLAGS       = -O3
    CLINKFLAGS   = $(CFLAGS)


 Please send feedbacks and/or the results of this run to:

 NPB Development Team
 npb@nas.nasa.gov




 NAS Parallel Benchmarks 3.4 -- IS Benchmark

 Size:  134217728  (class C)
 Iterations:   10
 Total number of processes:  16

   iteration
        1
        2
        3
        4
        5
        6
        7
        8
        9
        10


 IS Benchmark Completed
 Class           =                        C
 Size            =                134217728
 Iterations      =                       10
 Time in seconds =                    10.17
 Total processes =                       16
 Active processes=                       16
 Mop/s total     =                   131.92
 Mop/s/process   =                     8.25
 Operation type  =              keys ranked
 Verification    =               SUCCESSFUL
 Version         =                    3.4.1
 Compile date    =              06 Dec 2020

 Compile options:
    MPICC        = mpicc
    CLINK        = $(MPICC)
    CMPI_LIB     = (none)
    CMPI_INC     = (none)
    CFLAGS       = -O3
    CLINKFLAGS   = $(CFLAGS)


 Please send feedbacks and/or the results of this run to:

 NPB Development Team
 npb@nas.nasa.gov




 NAS Parallel Benchmarks 3.4 -- IS Benchmark

 Size:  134217728  (class C)
 Iterations:   10
 Total number of processes:  16

   iteration
        1
        2
        3
        4
        5
        6
        7
        8
        9
        10


 IS Benchmark Completed
 Class           =                        C
 Size            =                134217728
 Iterations      =                       10
 Time in seconds =                    10.23
 Total processes =                       16
 Active processes=                       16
 Mop/s total     =                   131.21
 Mop/s/process   =                     8.20
 Operation type  =              keys ranked
 Verification    =               SUCCESSFUL
 Version         =                    3.4.1
 Compile date    =              06 Dec 2020

 Compile options:
    MPICC        = mpicc
    CLINK        = $(MPICC)
    CMPI_LIB     = (none)
    CMPI_INC     = (none)
    CFLAGS       = -O3
    CLINKFLAGS   = $(CFLAGS)


 Please send feedbacks and/or the results of this run to:

 NPB Development Team
 npb@nas.nasa.gov




 NAS Parallel Benchmarks 3.4 -- IS Benchmark

 Size:  134217728  (class C)
 Iterations:   10
 Total number of processes:  16

   iteration
        1
        2
        3
        4
        5
        6
        7
        8
        9
        10


 IS Benchmark Completed
 Class           =                        C
 Size            =                134217728
 Iterations      =                       10
 Time in seconds =                    13.36
 Total processes =                       16
 Active processes=                       16
 Mop/s total     =                   100.49
 Mop/s/process   =                     6.28
 Operation type  =              keys ranked
 Verification    =               SUCCESSFUL
 Version         =                    3.4.1
 Compile date    =              06 Dec 2020

 Compile options:
    MPICC        = mpicc
    CLINK        = $(MPICC)
    CMPI_LIB     = (none)
    CMPI_INC     = (none)
    CFLAGS       = -O3
    CLINKFLAGS   = $(CFLAGS)


 Please send feedbacks and/or the results of this run to:

 NPB Development Team
 npb@nas.nasa.gov




 NAS Parallel Benchmarks 3.4 -- IS Benchmark

 Size:  134217728  (class C)
 Iterations:   10
 Total number of processes:  16

   iteration
        1
        2
        3
        4
        5
        6
        7
        8
        9
        10


 IS Benchmark Completed
 Class           =                        C
 Size            =                134217728
 Iterations      =                       10
 Time in seconds =                    10.34
 Total processes =                       16
 Active processes=                       16
 Mop/s total     =                   129.76
 Mop/s/process   =                     8.11
 Operation type  =              keys ranked
 Verification    =               SUCCESSFUL
 Version         =                    3.4.1
 Compile date    =              06 Dec 2020

 Compile options:
    MPICC        = mpicc
    CLINK        = $(MPICC)
    CMPI_LIB     = (none)
    CMPI_INC     = (none)
    CFLAGS       = -O3
    CLINKFLAGS   = $(CFLAGS)


 Please send feedbacks and/or the results of this run to:

 NPB Development Team
 npb@nas.nasa.gov




 NAS Parallel Benchmarks 3.4 -- IS Benchmark

 Size:  134217728  (class C)
 Iterations:   10
 Total number of processes:  64

   iteration
        1
        2
        3
        4
        5
        6
        7
        8
        9
        10


 IS Benchmark Completed
 Class           =                        C
 Size            =                134217728
 Iterations      =                       10
 Time in seconds =                    28.44
 Total processes =                       64
 Active processes=                       64
 Mop/s total     =                    47.20
 Mop/s/process   =                     0.74
 Operation type  =              keys ranked
 Verification    =               SUCCESSFUL
 Version         =                    3.4.1
 Compile date    =              06 Dec 2020

 Compile options:
    MPICC        = mpicc
    CLINK        = $(MPICC)
    CMPI_LIB     = (none)
    CMPI_INC     = (none)
    CFLAGS       = -O3
    CLINKFLAGS   = $(CFLAGS)


 Please send feedbacks and/or the results of this run to:

 NPB Development Team
 npb@nas.nasa.gov




 NAS Parallel Benchmarks 3.4 -- IS Benchmark

 Size:  134217728  (class C)
 Iterations:   10
 Total number of processes:  64

   iteration
        1
        2
        3
        4
        5
        6
        7
        8
        9
        10


 IS Benchmark Completed
 Class           =                        C
 Size            =                134217728
 Iterations      =                       10
 Time in seconds =                    28.64
 Total processes =                       64
 Active processes=                       64
 Mop/s total     =                    46.87
 Mop/s/process   =                     0.73
 Operation type  =              keys ranked
 Verification    =               SUCCESSFUL
 Version         =                    3.4.1
 Compile date    =              06 Dec 2020

 Compile options:
    MPICC        = mpicc
    CLINK        = $(MPICC)
    CMPI_LIB     = (none)
    CMPI_INC     = (none)
    CFLAGS       = -O3
    CLINKFLAGS   = $(CFLAGS)


 Please send feedbacks and/or the results of this run to:

 NPB Development Team
 npb@nas.nasa.gov




 NAS Parallel Benchmarks 3.4 -- IS Benchmark

 Size:  134217728  (class C)
 Iterations:   10
 Total number of processes:  64

   iteration
        1
        2
        3
        4
        5
        6
        7
        8
        9
        10


 IS Benchmark Completed
 Class           =                        C
 Size            =                134217728
 Iterations      =                       10
 Time in seconds =                    28.83
 Total processes =                       64
 Active processes=                       64
 Mop/s total     =                    46.56
 Mop/s/process   =                     0.73
 Operation type  =              keys ranked
 Verification    =               SUCCESSFUL
 Version         =                    3.4.1
 Compile date    =              06 Dec 2020

 Compile options:
    MPICC        = mpicc
    CLINK        = $(MPICC)
    CMPI_LIB     = (none)
    CMPI_INC     = (none)
    CFLAGS       = -O3
    CLINKFLAGS   = $(CFLAGS)


 Please send feedbacks and/or the results of this run to:

 NPB Development Team
 npb@nas.nasa.gov




 NAS Parallel Benchmarks 3.4 -- IS Benchmark

 Size:  134217728  (class C)
 Iterations:   10
 Total number of processes:  64

   iteration
        1
        2
        3
        4
        5
        6
        7
        8
        9
        10


 IS Benchmark Completed
 Class           =                        C
 Size            =                134217728
 Iterations      =                       10
 Time in seconds =                    28.85
 Total processes =                       64
 Active processes=                       64
 Mop/s total     =                    46.52
 Mop/s/process   =                     0.73
 Operation type  =              keys ranked
 Verification    =               SUCCESSFUL
 Version         =                    3.4.1
 Compile date    =              06 Dec 2020

 Compile options:
    MPICC        = mpicc
    CLINK        = $(MPICC)
    CMPI_LIB     = (none)
    CMPI_INC     = (none)
    CFLAGS       = -O3
    CLINKFLAGS   = $(CFLAGS)


 Please send feedbacks and/or the results of this run to:

 NPB Development Team
 npb@nas.nasa.gov




 NAS Parallel Benchmarks 3.4 -- IS Benchmark

 Size:  134217728  (class C)
 Iterations:   10
 Total number of processes:  64

   iteration
        1
        2
        3
        4
        5
        6
        7
        8
        9
        10


 IS Benchmark Completed
 Class           =                        C
 Size            =                134217728
 Iterations      =                       10
 Time in seconds =                    28.41
 Total processes =                       64
 Active processes=                       64
 Mop/s total     =                    47.25
 Mop/s/process   =                     0.74
 Operation type  =              keys ranked
 Verification    =               SUCCESSFUL
 Version         =                    3.4.1
 Compile date    =              06 Dec 2020

 Compile options:
    MPICC        = mpicc
    CLINK        = $(MPICC)
    CMPI_LIB     = (none)
    CMPI_INC     = (none)
    CFLAGS       = -O3
    CLINKFLAGS   = $(CFLAGS)


 Please send feedbacks and/or the results of this run to:

 NPB Development Team
 npb@nas.nasa.gov




 NAS Parallel Benchmarks 3.4 -- IS Benchmark

 Size:  134217728  (class C)
 Iterations:   10
 Total number of processes:  64

   iteration
        1
        2
        3
        4
        5
        6
        7
        8
        9
        10


 IS Benchmark Completed
 Class           =                        C
 Size            =                134217728
 Iterations      =                       10
 Time in seconds =                    29.68
 Total processes =                       64
 Active processes=                       64
 Mop/s total     =                    45.22
 Mop/s/process   =                     0.71
 Operation type  =              keys ranked
 Verification    =               SUCCESSFUL
 Version         =                    3.4.1
 Compile date    =              06 Dec 2020

 Compile options:
    MPICC        = mpicc
    CLINK        = $(MPICC)
    CMPI_LIB     = (none)
    CMPI_INC     = (none)
    CFLAGS       = -O3
    CLINKFLAGS   = $(CFLAGS)


 Please send feedbacks and/or the results of this run to:

 NPB Development Team
 npb@nas.nasa.gov




 NAS Parallel Benchmarks 3.4 -- IS Benchmark

 Size:  134217728  (class C)
 Iterations:   10
 Total number of processes:  64

   iteration
        1
        2
        3
        4
        5
        6
        7
        8
        9
        10


 IS Benchmark Completed
 Class           =                        C
 Size            =                134217728
 Iterations      =                       10
 Time in seconds =                    28.78
 Total processes =                       64
 Active processes=                       64
 Mop/s total     =                    46.64
 Mop/s/process   =                     0.73
 Operation type  =              keys ranked
 Verification    =               SUCCESSFUL
 Version         =                    3.4.1
 Compile date    =              06 Dec 2020

 Compile options:
    MPICC        = mpicc
    CLINK        = $(MPICC)
    CMPI_LIB     = (none)
    CMPI_INC     = (none)
    CFLAGS       = -O3
    CLINKFLAGS   = $(CFLAGS)


 Please send feedbacks and/or the results of this run to:

 NPB Development Team
 npb@nas.nasa.gov




 NAS Parallel Benchmarks 3.4 -- IS Benchmark

 Size:  134217728  (class C)
 Iterations:   10
 Total number of processes:  64

   iteration
        1
        2
        3
        4
        5
        6
        7
        8
        9
        10


 IS Benchmark Completed
 Class           =                        C
 Size            =                134217728
 Iterations      =                       10
 Time in seconds =                    28.56
 Total processes =                       64
 Active processes=                       64
 Mop/s total     =                    47.00
 Mop/s/process   =                     0.73
 Operation type  =              keys ranked
 Verification    =               SUCCESSFUL
 Version         =                    3.4.1
 Compile date    =              06 Dec 2020

 Compile options:
    MPICC        = mpicc
    CLINK        = $(MPICC)
    CMPI_LIB     = (none)
    CMPI_INC     = (none)
    CFLAGS       = -O3
    CLINKFLAGS   = $(CFLAGS)


 Please send feedbacks and/or the results of this run to:

 NPB Development Team
 npb@nas.nasa.gov




 NAS Parallel Benchmarks 3.4 -- IS Benchmark

 Size:  134217728  (class C)
 Iterations:   10
 Total number of processes:  64

   iteration
        1
        2
        3
        4
        5
        6
        7
        8
        9
        10


 IS Benchmark Completed
 Class           =                        C
 Size            =                134217728
 Iterations      =                       10
 Time in seconds =                    28.99
 Total processes =                       64
 Active processes=                       64
 Mop/s total     =                    46.30
 Mop/s/process   =                     0.72
 Operation type  =              keys ranked
 Verification    =               SUCCESSFUL
 Version         =                    3.4.1
 Compile date    =              06 Dec 2020

 Compile options:
    MPICC        = mpicc
    CLINK        = $(MPICC)
    CMPI_LIB     = (none)
    CMPI_INC     = (none)
    CFLAGS       = -O3
    CLINKFLAGS   = $(CFLAGS)


 Please send feedbacks and/or the results of this run to:

 NPB Development Team
 npb@nas.nasa.gov




 NAS Parallel Benchmarks 3.4 -- IS Benchmark

 Size:  134217728  (class C)
 Iterations:   10
 Total number of processes:  64

   iteration
        1
        2
        3
        4
        5
        6
        7
        8
        9
        10


 IS Benchmark Completed
 Class           =                        C
 Size            =                134217728
 Iterations      =                       10
 Time in seconds =                    28.83
 Total processes =                       64
 Active processes=                       64
 Mop/s total     =                    46.56
 Mop/s/process   =                     0.73
 Operation type  =              keys ranked
 Verification    =               SUCCESSFUL
 Version         =                    3.4.1
 Compile date    =              06 Dec 2020

 Compile options:
    MPICC        = mpicc
    CLINK        = $(MPICC)
    CMPI_LIB     = (none)
    CMPI_INC     = (none)
    CFLAGS       = -O3
    CLINKFLAGS   = $(CFLAGS)


 Please send feedbacks and/or the results of this run to:

 NPB Development Team
 npb@nas.nasa.gov




 NAS Parallel Benchmarks 3.4 -- IS Benchmark

 Size:  134217728  (class C)
 Iterations:   10
 Total number of processes:  64

   iteration
        1
        2
        3
        4
        5
        6
        7
        8
        9
        10


 IS Benchmark Completed
 Class           =                        C
 Size            =                134217728
 Iterations      =                       10
 Time in seconds =                    29.78
 Total processes =                       64
 Active processes=                       64
 Mop/s total     =                    45.06
 Mop/s/process   =                     0.70
 Operation type  =              keys ranked
 Verification    =               SUCCESSFUL
 Version         =                    3.4.1
 Compile date    =              06 Dec 2020

 Compile options:
    MPICC        = mpicc
    CLINK        = $(MPICC)
    CMPI_LIB     = (none)
    CMPI_INC     = (none)
    CFLAGS       = -O3
    CLINKFLAGS   = $(CFLAGS)


 Please send feedbacks and/or the results of this run to:

 NPB Development Team
 npb@nas.nasa.gov




 NAS Parallel Benchmarks 3.4 -- IS Benchmark

 Size:  134217728  (class C)
 Iterations:   10
 Total number of processes:  64

   iteration
        1
        2
        3
        4
        5
        6
        7
        8
        9
        10


 IS Benchmark Completed
 Class           =                        C
 Size            =                134217728
 Iterations      =                       10
 Time in seconds =                    30.30
 Total processes =                       64
 Active processes=                       64
 Mop/s total     =                    44.30
 Mop/s/process   =                     0.69
 Operation type  =              keys ranked
 Verification    =               SUCCESSFUL
 Version         =                    3.4.1
 Compile date    =              06 Dec 2020

 Compile options:
    MPICC        = mpicc
    CLINK        = $(MPICC)
    CMPI_LIB     = (none)
    CMPI_INC     = (none)
    CFLAGS       = -O3
    CLINKFLAGS   = $(CFLAGS)


 Please send feedbacks and/or the results of this run to:

 NPB Development Team
 npb@nas.nasa.gov




 NAS Parallel Benchmarks 3.4 -- IS Benchmark

 Size:  134217728  (class C)
 Iterations:   10
 Total number of processes:  64

   iteration
        1
        2
        3
        4
        5
        6
        7
        8
        9
        10


 IS Benchmark Completed
 Class           =                        C
 Size            =                134217728
 Iterations      =                       10
 Time in seconds =                    30.55
 Total processes =                       64
 Active processes=                       64
 Mop/s total     =                    43.93
 Mop/s/process   =                     0.69
 Operation type  =              keys ranked
 Verification    =               SUCCESSFUL
 Version         =                    3.4.1
 Compile date    =              06 Dec 2020

 Compile options:
    MPICC        = mpicc
    CLINK        = $(MPICC)
    CMPI_LIB     = (none)
    CMPI_INC     = (none)
    CFLAGS       = -O3
    CLINKFLAGS   = $(CFLAGS)


 Please send feedbacks and/or the results of this run to:

 NPB Development Team
 npb@nas.nasa.gov




 NAS Parallel Benchmarks 3.4 -- IS Benchmark

 Size:  134217728  (class C)
 Iterations:   10
 Total number of processes:  64

   iteration
        1
        2
        3
        4
        5
        6
        7
        8
        9
        10


 IS Benchmark Completed
 Class           =                        C
 Size            =                134217728
 Iterations      =                       10
 Time in seconds =                    29.85
 Total processes =                       64
 Active processes=                       64
 Mop/s total     =                    44.96
 Mop/s/process   =                     0.70
 Operation type  =              keys ranked
 Verification    =               SUCCESSFUL
 Version         =                    3.4.1
 Compile date    =              06 Dec 2020

 Compile options:
    MPICC        = mpicc
    CLINK        = $(MPICC)
    CMPI_LIB     = (none)
    CMPI_INC     = (none)
    CFLAGS       = -O3
    CLINKFLAGS   = $(CFLAGS)


 Please send feedbacks and/or the results of this run to:

 NPB Development Team
 npb@nas.nasa.gov




 NAS Parallel Benchmarks 3.4 -- IS Benchmark

 Size:  134217728  (class C)
 Iterations:   10
 Total number of processes:  64

   iteration
        1
        2
        3
        4
        5
        6
        7
        8
        9
        10


 IS Benchmark Completed
 Class           =                        C
 Size            =                134217728
 Iterations      =                       10
 Time in seconds =                    30.60
 Total processes =                       64
 Active processes=                       64
 Mop/s total     =                    43.87
 Mop/s/process   =                     0.69
 Operation type  =              keys ranked
 Verification    =               SUCCESSFUL
 Version         =                    3.4.1
 Compile date    =              06 Dec 2020

 Compile options:
    MPICC        = mpicc
    CLINK        = $(MPICC)
    CMPI_LIB     = (none)
    CMPI_INC     = (none)
    CFLAGS       = -O3
    CLINKFLAGS   = $(CFLAGS)


 Please send feedbacks and/or the results of this run to:

 NPB Development Team
 npb@nas.nasa.gov




 NAS Parallel Benchmarks 3.4 -- IS Benchmark

 Size:  134217728  (class C)
 Iterations:   10
 Total number of processes:  64

   iteration
        1
        2
        3
        4
        5
        6
        7
        8
        9
        10


 IS Benchmark Completed
 Class           =                        C
 Size            =                134217728
 Iterations      =                       10
 Time in seconds =                    29.94
 Total processes =                       64
 Active processes=                       64
 Mop/s total     =                    44.83
 Mop/s/process   =                     0.70
 Operation type  =              keys ranked
 Verification    =               SUCCESSFUL
 Version         =                    3.4.1
 Compile date    =              06 Dec 2020

 Compile options:
    MPICC        = mpicc
    CLINK        = $(MPICC)
    CMPI_LIB     = (none)
    CMPI_INC     = (none)
    CFLAGS       = -O3
    CLINKFLAGS   = $(CFLAGS)


 Please send feedbacks and/or the results of this run to:

 NPB Development Team
 npb@nas.nasa.gov




 NAS Parallel Benchmarks 3.4 -- IS Benchmark

 Size:  134217728  (class C)
 Iterations:   10
 Total number of processes:  64

   iteration
        1
        2
        3
        4
        5
        6
        7
        8
        9
        10


 IS Benchmark Completed
 Class           =                        C
 Size            =                134217728
 Iterations      =                       10
 Time in seconds =                    30.55
 Total processes =                       64
 Active processes=                       64
 Mop/s total     =                    43.93
 Mop/s/process   =                     0.69
 Operation type  =              keys ranked
 Verification    =               SUCCESSFUL
 Version         =                    3.4.1
 Compile date    =              06 Dec 2020

 Compile options:
    MPICC        = mpicc
    CLINK        = $(MPICC)
    CMPI_LIB     = (none)
    CMPI_INC     = (none)
    CFLAGS       = -O3
    CLINKFLAGS   = $(CFLAGS)


 Please send feedbacks and/or the results of this run to:

 NPB Development Team
 npb@nas.nasa.gov




 NAS Parallel Benchmarks 3.4 -- IS Benchmark

 Size:  134217728  (class C)
 Iterations:   10
 Total number of processes:  64

   iteration
        1
        2
        3
        4
        5
        6
        7
        8
        9
        10


 IS Benchmark Completed
 Class           =                        C
 Size            =                134217728
 Iterations      =                       10
 Time in seconds =                    31.11
 Total processes =                       64
 Active processes=                       64
 Mop/s total     =                    43.15
 Mop/s/process   =                     0.67
 Operation type  =              keys ranked
 Verification    =               SUCCESSFUL
 Version         =                    3.4.1
 Compile date    =              06 Dec 2020

 Compile options:
    MPICC        = mpicc
    CLINK        = $(MPICC)
    CMPI_LIB     = (none)
    CMPI_INC     = (none)
    CFLAGS       = -O3
    CLINKFLAGS   = $(CFLAGS)


 Please send feedbacks and/or the results of this run to:

 NPB Development Team
 npb@nas.nasa.gov




 NAS Parallel Benchmarks 3.4 -- IS Benchmark

 Size:  134217728  (class C)
 Iterations:   10
 Total number of processes:  64

   iteration
        1
        2
        3
        4
        5
        6
        7
        8
        9
        10


 IS Benchmark Completed
 Class           =                        C
 Size            =                134217728
 Iterations      =                       10
 Time in seconds =                    31.02
 Total processes =                       64
 Active processes=                       64
 Mop/s total     =                    43.27
 Mop/s/process   =                     0.68
 Operation type  =              keys ranked
 Verification    =               SUCCESSFUL
 Version         =                    3.4.1
 Compile date    =              06 Dec 2020

 Compile options:
    MPICC        = mpicc
    CLINK        = $(MPICC)
    CMPI_LIB     = (none)
    CMPI_INC     = (none)
    CFLAGS       = -O3
    CLINKFLAGS   = $(CFLAGS)


 Please send feedbacks and/or the results of this run to:

 NPB Development Team
 npb@nas.nasa.gov




 NAS Parallel Benchmarks 3.4 -- IS Benchmark

 Size:  134217728  (class C)
 Iterations:   10
 Total number of processes:  64

   iteration
        1
        2
        3
        4
        5
        6
        7
        8
        9
        10


 IS Benchmark Completed
 Class           =                        C
 Size            =                134217728
 Iterations      =                       10
 Time in seconds =                    30.34
 Total processes =                       64
 Active processes=                       64
 Mop/s total     =                    44.24
 Mop/s/process   =                     0.69
 Operation type  =              keys ranked
 Verification    =               SUCCESSFUL
 Version         =                    3.4.1
 Compile date    =              06 Dec 2020

 Compile options:
    MPICC        = mpicc
    CLINK        = $(MPICC)
    CMPI_LIB     = (none)
    CMPI_INC     = (none)
    CFLAGS       = -O3
    CLINKFLAGS   = $(CFLAGS)


 Please send feedbacks and/or the results of this run to:

 NPB Development Team
 npb@nas.nasa.gov


