--2020-08-16 23:58:56--  https://www.nas.nasa.gov/assets/npb/NPB3.4.tar.gz
Resolving www.nas.nasa.gov (www.nas.nasa.gov)... 198.9.3.30, 2001:4d0:6318:903:198:9:3:30
Connecting to www.nas.nasa.gov (www.nas.nasa.gov)|198.9.3.30|:443... connected.
HTTP request sent, awaiting response... 
  HTTP/1.1 200 OK
  Date: Sun, 16 Aug 2020 23:58:57 GMT
  Server: Apache
  X-Frame-Options: SAMEORIGIN
  Strict-Transport-Security: max-age=31536000
  Last-Modified: Thu, 04 Apr 2019 18:49:32 GMT
  ETag: "144076a-66a30-585b8d4b0020b"
  Accept-Ranges: bytes
  Content-Length: 420400
  Keep-Alive: timeout=5, max=100
  Connection: Keep-Alive
  Content-Type: application/x-gzip
Length: 420400 (411K) [application/x-gzip]
Saving to: ‘NPB3.4.tar.gz’

     0K .......... .......... .......... .......... .......... 12% 86.4K 4s
    50K .......... .......... .......... .......... .......... 24%  256K 2s
   100K .......... .......... .......... .......... .......... 36%  260K 2s
   150K .......... .......... .......... .......... .......... 48%  260K 1s
   200K .......... .......... .......... .......... .......... 60% 15.8M 1s
   250K .......... .......... .......... .......... .......... 73%  262K 0s
   300K .......... .......... .......... .......... .......... 85% 16.8M 0s
   350K .......... .......... .......... .......... .......... 97% 1.51M 0s
   400K ..........                                            100% 14.8M=1.4s

2020-08-16 23:58:58 (296 KB/s) - ‘NPB3.4.tar.gz’ saved [420400/420400]

