

 NAS Parallel Benchmarks 3.4 -- IS Benchmark

 Size:  134217728  (class C)
 Iterations:   10
 Total number of processes:  16

   iteration
        1
        2
        3
        4
        5
        6
        7
        8
        9
        10


 IS Benchmark Completed
 Class           =                        C
 Size            =                134217728
 Iterations      =                       10
 Time in seconds =                    14.73
 Total processes =                       16
 Active processes=                       16
 Mop/s total     =                    91.12
 Mop/s/process   =                     5.70
 Operation type  =              keys ranked
 Verification    =               SUCCESSFUL
 Version         =                    3.4.1
 Compile date    =              28 Nov 2020

 Compile options:
    MPICC        = mpicc
    CLINK        = $(MPICC)
    CMPI_LIB     = (none)
    CMPI_INC     = (none)
    CFLAGS       = -O3
    CLINKFLAGS   = $(CFLAGS)


 Please send feedbacks and/or the results of this run to:

 NPB Development Team
 npb@nas.nasa.gov




 NAS Parallel Benchmarks 3.4 -- IS Benchmark

 Size:  134217728  (class C)
 Iterations:   10
 Total number of processes:  16

   iteration
        1
        2
        3
        4
        5
        6
        7
        8
        9
        10


 IS Benchmark Completed
 Class           =                        C
 Size            =                134217728
 Iterations      =                       10
 Time in seconds =                    17.21
 Total processes =                       16
 Active processes=                       16
 Mop/s total     =                    77.97
 Mop/s/process   =                     4.87
 Operation type  =              keys ranked
 Verification    =               SUCCESSFUL
 Version         =                    3.4.1
 Compile date    =              28 Nov 2020

 Compile options:
    MPICC        = mpicc
    CLINK        = $(MPICC)
    CMPI_LIB     = (none)
    CMPI_INC     = (none)
    CFLAGS       = -O3
    CLINKFLAGS   = $(CFLAGS)


 Please send feedbacks and/or the results of this run to:

 NPB Development Team
 npb@nas.nasa.gov




 NAS Parallel Benchmarks 3.4 -- IS Benchmark

 Size:  134217728  (class C)
 Iterations:   10
 Total number of processes:  16

   iteration
        1
        2
        3
        4
        5
        6
        7
        8
        9
        10


 IS Benchmark Completed
 Class           =                        C
 Size            =                134217728
 Iterations      =                       10
 Time in seconds =                    18.19
 Total processes =                       16
 Active processes=                       16
 Mop/s total     =                    73.79
 Mop/s/process   =                     4.61
 Operation type  =              keys ranked
 Verification    =               SUCCESSFUL
 Version         =                    3.4.1
 Compile date    =              28 Nov 2020

 Compile options:
    MPICC        = mpicc
    CLINK        = $(MPICC)
    CMPI_LIB     = (none)
    CMPI_INC     = (none)
    CFLAGS       = -O3
    CLINKFLAGS   = $(CFLAGS)


 Please send feedbacks and/or the results of this run to:

 NPB Development Team
 npb@nas.nasa.gov




 NAS Parallel Benchmarks 3.4 -- IS Benchmark

 Size:  134217728  (class C)
 Iterations:   10
 Total number of processes:  16

   iteration
        1
        2
        3
        4
        5
        6
        7
        8
        9
        10


 IS Benchmark Completed
 Class           =                        C
 Size            =                134217728
 Iterations      =                       10
 Time in seconds =                    17.97
 Total processes =                       16
 Active processes=                       16
 Mop/s total     =                    74.69
 Mop/s/process   =                     4.67
 Operation type  =              keys ranked
 Verification    =               SUCCESSFUL
 Version         =                    3.4.1
 Compile date    =              28 Nov 2020

 Compile options:
    MPICC        = mpicc
    CLINK        = $(MPICC)
    CMPI_LIB     = (none)
    CMPI_INC     = (none)
    CFLAGS       = -O3
    CLINKFLAGS   = $(CFLAGS)


 Please send feedbacks and/or the results of this run to:

 NPB Development Team
 npb@nas.nasa.gov




 NAS Parallel Benchmarks 3.4 -- IS Benchmark

 Size:  134217728  (class C)
 Iterations:   10
 Total number of processes:  16

   iteration
        1
        2
        3
        4
        5
        6
        7
        8
        9
        10


 IS Benchmark Completed
 Class           =                        C
 Size            =                134217728
 Iterations      =                       10
 Time in seconds =                    18.37
 Total processes =                       16
 Active processes=                       16
 Mop/s total     =                    73.05
 Mop/s/process   =                     4.57
 Operation type  =              keys ranked
 Verification    =               SUCCESSFUL
 Version         =                    3.4.1
 Compile date    =              28 Nov 2020

 Compile options:
    MPICC        = mpicc
    CLINK        = $(MPICC)
    CMPI_LIB     = (none)
    CMPI_INC     = (none)
    CFLAGS       = -O3
    CLINKFLAGS   = $(CFLAGS)


 Please send feedbacks and/or the results of this run to:

 NPB Development Team
 npb@nas.nasa.gov




 NAS Parallel Benchmarks 3.4 -- IS Benchmark

 Size:  134217728  (class C)
 Iterations:   10
 Total number of processes:  16

   iteration
        1
        2
        3
        4
        5
        6
        7
        8
        9
        10


 IS Benchmark Completed
 Class           =                        C
 Size            =                134217728
 Iterations      =                       10
 Time in seconds =                    17.59
 Total processes =                       16
 Active processes=                       16
 Mop/s total     =                    76.31
 Mop/s/process   =                     4.77
 Operation type  =              keys ranked
 Verification    =               SUCCESSFUL
 Version         =                    3.4.1
 Compile date    =              28 Nov 2020

 Compile options:
    MPICC        = mpicc
    CLINK        = $(MPICC)
    CMPI_LIB     = (none)
    CMPI_INC     = (none)
    CFLAGS       = -O3
    CLINKFLAGS   = $(CFLAGS)


 Please send feedbacks and/or the results of this run to:

 NPB Development Team
 npb@nas.nasa.gov




 NAS Parallel Benchmarks 3.4 -- IS Benchmark

 Size:  134217728  (class C)
 Iterations:   10
 Total number of processes:  16

   iteration
        1
        2
        3
        4
        5
        6
        7
        8
        9
        10


 IS Benchmark Completed
 Class           =                        C
 Size            =                134217728
 Iterations      =                       10
 Time in seconds =                    16.74
 Total processes =                       16
 Active processes=                       16
 Mop/s total     =                    80.16
 Mop/s/process   =                     5.01
 Operation type  =              keys ranked
 Verification    =               SUCCESSFUL
 Version         =                    3.4.1
 Compile date    =              28 Nov 2020

 Compile options:
    MPICC        = mpicc
    CLINK        = $(MPICC)
    CMPI_LIB     = (none)
    CMPI_INC     = (none)
    CFLAGS       = -O3
    CLINKFLAGS   = $(CFLAGS)


 Please send feedbacks and/or the results of this run to:

 NPB Development Team
 npb@nas.nasa.gov




 NAS Parallel Benchmarks 3.4 -- IS Benchmark

 Size:  134217728  (class C)
 Iterations:   10
 Total number of processes:  16

   iteration
        1
        2
        3
        4
        5
        6
        7
        8
        9
        10


 IS Benchmark Completed
 Class           =                        C
 Size            =                134217728
 Iterations      =                       10
 Time in seconds =                    17.39
 Total processes =                       16
 Active processes=                       16
 Mop/s total     =                    77.17
 Mop/s/process   =                     4.82
 Operation type  =              keys ranked
 Verification    =               SUCCESSFUL
 Version         =                    3.4.1
 Compile date    =              28 Nov 2020

 Compile options:
    MPICC        = mpicc
    CLINK        = $(MPICC)
    CMPI_LIB     = (none)
    CMPI_INC     = (none)
    CFLAGS       = -O3
    CLINKFLAGS   = $(CFLAGS)


 Please send feedbacks and/or the results of this run to:

 NPB Development Team
 npb@nas.nasa.gov




 NAS Parallel Benchmarks 3.4 -- IS Benchmark

 Size:  134217728  (class C)
 Iterations:   10
 Total number of processes:  16

   iteration
        1
        2
        3
        4
        5
        6
        7
        8
        9
        10


 IS Benchmark Completed
 Class           =                        C
 Size            =                134217728
 Iterations      =                       10
 Time in seconds =                    17.35
 Total processes =                       16
 Active processes=                       16
 Mop/s total     =                    77.36
 Mop/s/process   =                     4.84
 Operation type  =              keys ranked
 Verification    =               SUCCESSFUL
 Version         =                    3.4.1
 Compile date    =              28 Nov 2020

 Compile options:
    MPICC        = mpicc
    CLINK        = $(MPICC)
    CMPI_LIB     = (none)
    CMPI_INC     = (none)
    CFLAGS       = -O3
    CLINKFLAGS   = $(CFLAGS)


 Please send feedbacks and/or the results of this run to:

 NPB Development Team
 npb@nas.nasa.gov




 NAS Parallel Benchmarks 3.4 -- IS Benchmark

 Size:  134217728  (class C)
 Iterations:   10
 Total number of processes:  16

   iteration
        1
        2
        3
        4
        5
        6
        7
        8
        9
        10


 IS Benchmark Completed
 Class           =                        C
 Size            =                134217728
 Iterations      =                       10
 Time in seconds =                    16.51
 Total processes =                       16
 Active processes=                       16
 Mop/s total     =                    81.30
 Mop/s/process   =                     5.08
 Operation type  =              keys ranked
 Verification    =               SUCCESSFUL
 Version         =                    3.4.1
 Compile date    =              28 Nov 2020

 Compile options:
    MPICC        = mpicc
    CLINK        = $(MPICC)
    CMPI_LIB     = (none)
    CMPI_INC     = (none)
    CFLAGS       = -O3
    CLINKFLAGS   = $(CFLAGS)


 Please send feedbacks and/or the results of this run to:

 NPB Development Team
 npb@nas.nasa.gov




 NAS Parallel Benchmarks 3.4 -- IS Benchmark

 Size:  134217728  (class C)
 Iterations:   10
 Total number of processes:  16

   iteration
        1
        2
        3
        4
        5
        6
        7
        8
        9
        10


 IS Benchmark Completed
 Class           =                        C
 Size            =                134217728
 Iterations      =                       10
 Time in seconds =                    18.62
 Total processes =                       16
 Active processes=                       16
 Mop/s total     =                    72.07
 Mop/s/process   =                     4.50
 Operation type  =              keys ranked
 Verification    =               SUCCESSFUL
 Version         =                    3.4.1
 Compile date    =              28 Nov 2020

 Compile options:
    MPICC        = mpicc
    CLINK        = $(MPICC)
    CMPI_LIB     = (none)
    CMPI_INC     = (none)
    CFLAGS       = -O3
    CLINKFLAGS   = $(CFLAGS)


 Please send feedbacks and/or the results of this run to:

 NPB Development Team
 npb@nas.nasa.gov




 NAS Parallel Benchmarks 3.4 -- IS Benchmark

 Size:  134217728  (class C)
 Iterations:   10
 Total number of processes:  16

   iteration
        1
        2
        3
        4
        5
        6
        7
        8
        9
        10


 IS Benchmark Completed
 Class           =                        C
 Size            =                134217728
 Iterations      =                       10
 Time in seconds =                    18.12
 Total processes =                       16
 Active processes=                       16
 Mop/s total     =                    74.06
 Mop/s/process   =                     4.63
 Operation type  =              keys ranked
 Verification    =               SUCCESSFUL
 Version         =                    3.4.1
 Compile date    =              28 Nov 2020

 Compile options:
    MPICC        = mpicc
    CLINK        = $(MPICC)
    CMPI_LIB     = (none)
    CMPI_INC     = (none)
    CFLAGS       = -O3
    CLINKFLAGS   = $(CFLAGS)


 Please send feedbacks and/or the results of this run to:

 NPB Development Team
 npb@nas.nasa.gov




 NAS Parallel Benchmarks 3.4 -- IS Benchmark

 Size:  134217728  (class C)
 Iterations:   10
 Total number of processes:  16

   iteration
        1
        2
        3
        4
        5
        6
        7
        8
        9
        10


 IS Benchmark Completed
 Class           =                        C
 Size            =                134217728
 Iterations      =                       10
 Time in seconds =                    18.01
 Total processes =                       16
 Active processes=                       16
 Mop/s total     =                    74.51
 Mop/s/process   =                     4.66
 Operation type  =              keys ranked
 Verification    =               SUCCESSFUL
 Version         =                    3.4.1
 Compile date    =              28 Nov 2020

 Compile options:
    MPICC        = mpicc
    CLINK        = $(MPICC)
    CMPI_LIB     = (none)
    CMPI_INC     = (none)
    CFLAGS       = -O3
    CLINKFLAGS   = $(CFLAGS)


 Please send feedbacks and/or the results of this run to:

 NPB Development Team
 npb@nas.nasa.gov




 NAS Parallel Benchmarks 3.4 -- IS Benchmark

 Size:  134217728  (class C)
 Iterations:   10
 Total number of processes:  16

   iteration
        1
        2
        3
        4
        5
        6
        7
        8
        9
        10


 IS Benchmark Completed
 Class           =                        C
 Size            =                134217728
 Iterations      =                       10
 Time in seconds =                    18.65
 Total processes =                       16
 Active processes=                       16
 Mop/s total     =                    71.97
 Mop/s/process   =                     4.50
 Operation type  =              keys ranked
 Verification    =               SUCCESSFUL
 Version         =                    3.4.1
 Compile date    =              28 Nov 2020

 Compile options:
    MPICC        = mpicc
    CLINK        = $(MPICC)
    CMPI_LIB     = (none)
    CMPI_INC     = (none)
    CFLAGS       = -O3
    CLINKFLAGS   = $(CFLAGS)


 Please send feedbacks and/or the results of this run to:

 NPB Development Team
 npb@nas.nasa.gov




 NAS Parallel Benchmarks 3.4 -- IS Benchmark

 Size:  134217728  (class C)
 Iterations:   10
 Total number of processes:  16

   iteration
        1
        2
        3
        4
        5
        6
        7
        8
        9
        10


 IS Benchmark Completed
 Class           =                        C
 Size            =                134217728
 Iterations      =                       10
 Time in seconds =                    18.22
 Total processes =                       16
 Active processes=                       16
 Mop/s total     =                    73.67
 Mop/s/process   =                     4.60
 Operation type  =              keys ranked
 Verification    =               SUCCESSFUL
 Version         =                    3.4.1
 Compile date    =              28 Nov 2020

 Compile options:
    MPICC        = mpicc
    CLINK        = $(MPICC)
    CMPI_LIB     = (none)
    CMPI_INC     = (none)
    CFLAGS       = -O3
    CLINKFLAGS   = $(CFLAGS)


 Please send feedbacks and/or the results of this run to:

 NPB Development Team
 npb@nas.nasa.gov




 NAS Parallel Benchmarks 3.4 -- IS Benchmark

 Size:  134217728  (class C)
 Iterations:   10
 Total number of processes:  16

   iteration
        1
        2
        3
        4
        5
        6
        7
        8
        9
        10


 IS Benchmark Completed
 Class           =                        C
 Size            =                134217728
 Iterations      =                       10
 Time in seconds =                    18.06
 Total processes =                       16
 Active processes=                       16
 Mop/s total     =                    74.30
 Mop/s/process   =                     4.64
 Operation type  =              keys ranked
 Verification    =               SUCCESSFUL
 Version         =                    3.4.1
 Compile date    =              28 Nov 2020

 Compile options:
    MPICC        = mpicc
    CLINK        = $(MPICC)
    CMPI_LIB     = (none)
    CMPI_INC     = (none)
    CFLAGS       = -O3
    CLINKFLAGS   = $(CFLAGS)


 Please send feedbacks and/or the results of this run to:

 NPB Development Team
 npb@nas.nasa.gov




 NAS Parallel Benchmarks 3.4 -- IS Benchmark

 Size:  134217728  (class C)
 Iterations:   10
 Total number of processes:  16

   iteration
        1
        2
        3
        4
        5
        6
        7
        8
        9
        10


 IS Benchmark Completed
 Class           =                        C
 Size            =                134217728
 Iterations      =                       10
 Time in seconds =                    18.12
 Total processes =                       16
 Active processes=                       16
 Mop/s total     =                    74.06
 Mop/s/process   =                     4.63
 Operation type  =              keys ranked
 Verification    =               SUCCESSFUL
 Version         =                    3.4.1
 Compile date    =              28 Nov 2020

 Compile options:
    MPICC        = mpicc
    CLINK        = $(MPICC)
    CMPI_LIB     = (none)
    CMPI_INC     = (none)
    CFLAGS       = -O3
    CLINKFLAGS   = $(CFLAGS)


 Please send feedbacks and/or the results of this run to:

 NPB Development Team
 npb@nas.nasa.gov




 NAS Parallel Benchmarks 3.4 -- IS Benchmark

 Size:  134217728  (class C)
 Iterations:   10
 Total number of processes:  16

   iteration
        1
        2
        3
        4
        5
        6
        7
        8
        9
        10


 IS Benchmark Completed
 Class           =                        C
 Size            =                134217728
 Iterations      =                       10
 Time in seconds =                    17.90
 Total processes =                       16
 Active processes=                       16
 Mop/s total     =                    74.98
 Mop/s/process   =                     4.69
 Operation type  =              keys ranked
 Verification    =               SUCCESSFUL
 Version         =                    3.4.1
 Compile date    =              28 Nov 2020

 Compile options:
    MPICC        = mpicc
    CLINK        = $(MPICC)
    CMPI_LIB     = (none)
    CMPI_INC     = (none)
    CFLAGS       = -O3
    CLINKFLAGS   = $(CFLAGS)


 Please send feedbacks and/or the results of this run to:

 NPB Development Team
 npb@nas.nasa.gov




 NAS Parallel Benchmarks 3.4 -- IS Benchmark

 Size:  134217728  (class C)
 Iterations:   10
 Total number of processes:  16

   iteration
        1
        2
        3
        4
        5
        6
        7
        8
        9
        10


 IS Benchmark Completed
 Class           =                        C
 Size            =                134217728
 Iterations      =                       10
 Time in seconds =                    17.71
 Total processes =                       16
 Active processes=                       16
 Mop/s total     =                    75.80
 Mop/s/process   =                     4.74
 Operation type  =              keys ranked
 Verification    =               SUCCESSFUL
 Version         =                    3.4.1
 Compile date    =              28 Nov 2020

 Compile options:
    MPICC        = mpicc
    CLINK        = $(MPICC)
    CMPI_LIB     = (none)
    CMPI_INC     = (none)
    CFLAGS       = -O3
    CLINKFLAGS   = $(CFLAGS)


 Please send feedbacks and/or the results of this run to:

 NPB Development Team
 npb@nas.nasa.gov




 NAS Parallel Benchmarks 3.4 -- IS Benchmark

 Size:  134217728  (class C)
 Iterations:   10
 Total number of processes:  16

   iteration
        1
        2
        3
        4
        5
        6
        7
        8
        9
        10


 IS Benchmark Completed
 Class           =                        C
 Size            =                134217728
 Iterations      =                       10
 Time in seconds =                    18.28
 Total processes =                       16
 Active processes=                       16
 Mop/s total     =                    73.44
 Mop/s/process   =                     4.59
 Operation type  =              keys ranked
 Verification    =               SUCCESSFUL
 Version         =                    3.4.1
 Compile date    =              28 Nov 2020

 Compile options:
    MPICC        = mpicc
    CLINK        = $(MPICC)
    CMPI_LIB     = (none)
    CMPI_INC     = (none)
    CFLAGS       = -O3
    CLINKFLAGS   = $(CFLAGS)


 Please send feedbacks and/or the results of this run to:

 NPB Development Team
 npb@nas.nasa.gov




 NAS Parallel Benchmarks 3.4 -- IS Benchmark

 Size:  134217728  (class C)
 Iterations:   10
 Total number of processes:  64

   iteration
        1
        2
        3
        4
        5
        6
        7
        8
        9
        10


 IS Benchmark Completed
 Class           =                        C
 Size            =                134217728
 Iterations      =                       10
 Time in seconds =                    29.72
 Total processes =                       64
 Active processes=                       64
 Mop/s total     =                    45.16
 Mop/s/process   =                     0.71
 Operation type  =              keys ranked
 Verification    =               SUCCESSFUL
 Version         =                    3.4.1
 Compile date    =              28 Nov 2020

 Compile options:
    MPICC        = mpicc
    CLINK        = $(MPICC)
    CMPI_LIB     = (none)
    CMPI_INC     = (none)
    CFLAGS       = -O3
    CLINKFLAGS   = $(CFLAGS)


 Please send feedbacks and/or the results of this run to:

 NPB Development Team
 npb@nas.nasa.gov




 NAS Parallel Benchmarks 3.4 -- IS Benchmark

 Size:  134217728  (class C)
 Iterations:   10
 Total number of processes:  64

   iteration
        1
        2
        3
        4
        5
        6
        7
        8
        9
        10


 IS Benchmark Completed
 Class           =                        C
 Size            =                134217728
 Iterations      =                       10
 Time in seconds =                    29.60
 Total processes =                       64
 Active processes=                       64
 Mop/s total     =                    45.35
 Mop/s/process   =                     0.71
 Operation type  =              keys ranked
 Verification    =               SUCCESSFUL
 Version         =                    3.4.1
 Compile date    =              28 Nov 2020

 Compile options:
    MPICC        = mpicc
    CLINK        = $(MPICC)
    CMPI_LIB     = (none)
    CMPI_INC     = (none)
    CFLAGS       = -O3
    CLINKFLAGS   = $(CFLAGS)


 Please send feedbacks and/or the results of this run to:

 NPB Development Team
 npb@nas.nasa.gov




 NAS Parallel Benchmarks 3.4 -- IS Benchmark

 Size:  134217728  (class C)
 Iterations:   10
 Total number of processes:  64

   iteration
        1
        2
        3
        4
        5
        6
        7
        8
        9
        10


 IS Benchmark Completed
 Class           =                        C
 Size            =                134217728
 Iterations      =                       10
 Time in seconds =                    28.97
 Total processes =                       64
 Active processes=                       64
 Mop/s total     =                    46.32
 Mop/s/process   =                     0.72
 Operation type  =              keys ranked
 Verification    =               SUCCESSFUL
 Version         =                    3.4.1
 Compile date    =              28 Nov 2020

 Compile options:
    MPICC        = mpicc
    CLINK        = $(MPICC)
    CMPI_LIB     = (none)
    CMPI_INC     = (none)
    CFLAGS       = -O3
    CLINKFLAGS   = $(CFLAGS)


 Please send feedbacks and/or the results of this run to:

 NPB Development Team
 npb@nas.nasa.gov




 NAS Parallel Benchmarks 3.4 -- IS Benchmark

 Size:  134217728  (class C)
 Iterations:   10
 Total number of processes:  64

   iteration
        1
        2
        3
        4
        5
        6
        7
        8
        9
        10


 IS Benchmark Completed
 Class           =                        C
 Size            =                134217728
 Iterations      =                       10
 Time in seconds =                    30.10
 Total processes =                       64
 Active processes=                       64
 Mop/s total     =                    44.59
 Mop/s/process   =                     0.70
 Operation type  =              keys ranked
 Verification    =               SUCCESSFUL
 Version         =                    3.4.1
 Compile date    =              28 Nov 2020

 Compile options:
    MPICC        = mpicc
    CLINK        = $(MPICC)
    CMPI_LIB     = (none)
    CMPI_INC     = (none)
    CFLAGS       = -O3
    CLINKFLAGS   = $(CFLAGS)


 Please send feedbacks and/or the results of this run to:

 NPB Development Team
 npb@nas.nasa.gov




 NAS Parallel Benchmarks 3.4 -- IS Benchmark

 Size:  134217728  (class C)
 Iterations:   10
 Total number of processes:  64

   iteration
        1
        2
        3
        4
        5
        6
        7
        8
        9
        10


 IS Benchmark Completed
 Class           =                        C
 Size            =                134217728
 Iterations      =                       10
 Time in seconds =                    31.53
 Total processes =                       64
 Active processes=                       64
 Mop/s total     =                    42.57
 Mop/s/process   =                     0.67
 Operation type  =              keys ranked
 Verification    =               SUCCESSFUL
 Version         =                    3.4.1
 Compile date    =              28 Nov 2020

 Compile options:
    MPICC        = mpicc
    CLINK        = $(MPICC)
    CMPI_LIB     = (none)
    CMPI_INC     = (none)
    CFLAGS       = -O3
    CLINKFLAGS   = $(CFLAGS)


 Please send feedbacks and/or the results of this run to:

 NPB Development Team
 npb@nas.nasa.gov




 NAS Parallel Benchmarks 3.4 -- IS Benchmark

 Size:  134217728  (class C)
 Iterations:   10
 Total number of processes:  64

   iteration
        1
        2
        3
        4
        5
        6
        7
        8
        9
        10


 IS Benchmark Completed
 Class           =                        C
 Size            =                134217728
 Iterations      =                       10
 Time in seconds =                    30.15
 Total processes =                       64
 Active processes=                       64
 Mop/s total     =                    44.51
 Mop/s/process   =                     0.70
 Operation type  =              keys ranked
 Verification    =               SUCCESSFUL
 Version         =                    3.4.1
 Compile date    =              28 Nov 2020

 Compile options:
    MPICC        = mpicc
    CLINK        = $(MPICC)
    CMPI_LIB     = (none)
    CMPI_INC     = (none)
    CFLAGS       = -O3
    CLINKFLAGS   = $(CFLAGS)


 Please send feedbacks and/or the results of this run to:

 NPB Development Team
 npb@nas.nasa.gov




 NAS Parallel Benchmarks 3.4 -- IS Benchmark

 Size:  134217728  (class C)
 Iterations:   10
 Total number of processes:  64

   iteration
        1
        2
        3
        4
        5
        6
        7
        8
        9
        10


 IS Benchmark Completed
 Class           =                        C
 Size            =                134217728
 Iterations      =                       10
 Time in seconds =                    29.57
 Total processes =                       64
 Active processes=                       64
 Mop/s total     =                    45.39
 Mop/s/process   =                     0.71
 Operation type  =              keys ranked
 Verification    =               SUCCESSFUL
 Version         =                    3.4.1
 Compile date    =              28 Nov 2020

 Compile options:
    MPICC        = mpicc
    CLINK        = $(MPICC)
    CMPI_LIB     = (none)
    CMPI_INC     = (none)
    CFLAGS       = -O3
    CLINKFLAGS   = $(CFLAGS)


 Please send feedbacks and/or the results of this run to:

 NPB Development Team
 npb@nas.nasa.gov




 NAS Parallel Benchmarks 3.4 -- IS Benchmark

 Size:  134217728  (class C)
 Iterations:   10
 Total number of processes:  64

   iteration
        1
        2
        3
        4
        5
        6
        7
        8
        9
        10


 IS Benchmark Completed
 Class           =                        C
 Size            =                134217728
 Iterations      =                       10
 Time in seconds =                    30.02
 Total processes =                       64
 Active processes=                       64
 Mop/s total     =                    44.72
 Mop/s/process   =                     0.70
 Operation type  =              keys ranked
 Verification    =               SUCCESSFUL
 Version         =                    3.4.1
 Compile date    =              28 Nov 2020

 Compile options:
    MPICC        = mpicc
    CLINK        = $(MPICC)
    CMPI_LIB     = (none)
    CMPI_INC     = (none)
    CFLAGS       = -O3
    CLINKFLAGS   = $(CFLAGS)


 Please send feedbacks and/or the results of this run to:

 NPB Development Team
 npb@nas.nasa.gov




 NAS Parallel Benchmarks 3.4 -- IS Benchmark

 Size:  134217728  (class C)
 Iterations:   10
 Total number of processes:  64

   iteration
        1
        2
        3
        4
        5
        6
        7
        8
        9
        10


 IS Benchmark Completed
 Class           =                        C
 Size            =                134217728
 Iterations      =                       10
 Time in seconds =                    30.07
 Total processes =                       64
 Active processes=                       64
 Mop/s total     =                    44.64
 Mop/s/process   =                     0.70
 Operation type  =              keys ranked
 Verification    =               SUCCESSFUL
 Version         =                    3.4.1
 Compile date    =              28 Nov 2020

 Compile options:
    MPICC        = mpicc
    CLINK        = $(MPICC)
    CMPI_LIB     = (none)
    CMPI_INC     = (none)
    CFLAGS       = -O3
    CLINKFLAGS   = $(CFLAGS)


 Please send feedbacks and/or the results of this run to:

 NPB Development Team
 npb@nas.nasa.gov




 NAS Parallel Benchmarks 3.4 -- IS Benchmark

 Size:  134217728  (class C)
 Iterations:   10
 Total number of processes:  64

   iteration
        1
        2
        3
        4
        5
        6
        7
        8
        9
        10


 IS Benchmark Completed
 Class           =                        C
 Size            =                134217728
 Iterations      =                       10
 Time in seconds =                    30.31
 Total processes =                       64
 Active processes=                       64
 Mop/s total     =                    44.29
 Mop/s/process   =                     0.69
 Operation type  =              keys ranked
 Verification    =               SUCCESSFUL
 Version         =                    3.4.1
 Compile date    =              28 Nov 2020

 Compile options:
    MPICC        = mpicc
    CLINK        = $(MPICC)
    CMPI_LIB     = (none)
    CMPI_INC     = (none)
    CFLAGS       = -O3
    CLINKFLAGS   = $(CFLAGS)


 Please send feedbacks and/or the results of this run to:

 NPB Development Team
 npb@nas.nasa.gov




 NAS Parallel Benchmarks 3.4 -- IS Benchmark

 Size:  134217728  (class C)
 Iterations:   10
 Total number of processes:  64

   iteration
        1
        2
        3
        4
        5
        6
        7
        8
        9
        10


 IS Benchmark Completed
 Class           =                        C
 Size            =                134217728
 Iterations      =                       10
 Time in seconds =                    31.76
 Total processes =                       64
 Active processes=                       64
 Mop/s total     =                    42.26
 Mop/s/process   =                     0.66
 Operation type  =              keys ranked
 Verification    =               SUCCESSFUL
 Version         =                    3.4.1
 Compile date    =              28 Nov 2020

 Compile options:
    MPICC        = mpicc
    CLINK        = $(MPICC)
    CMPI_LIB     = (none)
    CMPI_INC     = (none)
    CFLAGS       = -O3
    CLINKFLAGS   = $(CFLAGS)


 Please send feedbacks and/or the results of this run to:

 NPB Development Team
 npb@nas.nasa.gov




 NAS Parallel Benchmarks 3.4 -- IS Benchmark

 Size:  134217728  (class C)
 Iterations:   10
 Total number of processes:  64

   iteration
        1
        2
        3
        4
        5
        6
        7
        8
        9
        10


 IS Benchmark Completed
 Class           =                        C
 Size            =                134217728
 Iterations      =                       10
 Time in seconds =                    34.39
 Total processes =                       64
 Active processes=                       64
 Mop/s total     =                    39.03
 Mop/s/process   =                     0.61
 Operation type  =              keys ranked
 Verification    =               SUCCESSFUL
 Version         =                    3.4.1
 Compile date    =              28 Nov 2020

 Compile options:
    MPICC        = mpicc
    CLINK        = $(MPICC)
    CMPI_LIB     = (none)
    CMPI_INC     = (none)
    CFLAGS       = -O3
    CLINKFLAGS   = $(CFLAGS)


 Please send feedbacks and/or the results of this run to:

 NPB Development Team
 npb@nas.nasa.gov




 NAS Parallel Benchmarks 3.4 -- IS Benchmark

 Size:  134217728  (class C)
 Iterations:   10
 Total number of processes:  64

   iteration
        1
        2
        3
        4
        5
        6
        7
        8
        9
        10


 IS Benchmark Completed
 Class           =                        C
 Size            =                134217728
 Iterations      =                       10
 Time in seconds =                    34.08
 Total processes =                       64
 Active processes=                       64
 Mop/s total     =                    39.39
 Mop/s/process   =                     0.62
 Operation type  =              keys ranked
 Verification    =               SUCCESSFUL
 Version         =                    3.4.1
 Compile date    =              28 Nov 2020

 Compile options:
    MPICC        = mpicc
    CLINK        = $(MPICC)
    CMPI_LIB     = (none)
    CMPI_INC     = (none)
    CFLAGS       = -O3
    CLINKFLAGS   = $(CFLAGS)


 Please send feedbacks and/or the results of this run to:

 NPB Development Team
 npb@nas.nasa.gov




 NAS Parallel Benchmarks 3.4 -- IS Benchmark

 Size:  134217728  (class C)
 Iterations:   10
 Total number of processes:  64

   iteration
        1
        2
        3
        4
        5
        6
        7
        8
        9
        10


 IS Benchmark Completed
 Class           =                        C
 Size            =                134217728
 Iterations      =                       10
 Time in seconds =                    32.52
 Total processes =                       64
 Active processes=                       64
 Mop/s total     =                    41.27
 Mop/s/process   =                     0.64
 Operation type  =              keys ranked
 Verification    =               SUCCESSFUL
 Version         =                    3.4.1
 Compile date    =              28 Nov 2020

 Compile options:
    MPICC        = mpicc
    CLINK        = $(MPICC)
    CMPI_LIB     = (none)
    CMPI_INC     = (none)
    CFLAGS       = -O3
    CLINKFLAGS   = $(CFLAGS)


 Please send feedbacks and/or the results of this run to:

 NPB Development Team
 npb@nas.nasa.gov




 NAS Parallel Benchmarks 3.4 -- IS Benchmark

 Size:  134217728  (class C)
 Iterations:   10
 Total number of processes:  64

   iteration
        1
        2
        3
        4
        5
        6
        7
        8
        9
        10


 IS Benchmark Completed
 Class           =                        C
 Size            =                134217728
 Iterations      =                       10
 Time in seconds =                    31.78
 Total processes =                       64
 Active processes=                       64
 Mop/s total     =                    42.23
 Mop/s/process   =                     0.66
 Operation type  =              keys ranked
 Verification    =               SUCCESSFUL
 Version         =                    3.4.1
 Compile date    =              28 Nov 2020

 Compile options:
    MPICC        = mpicc
    CLINK        = $(MPICC)
    CMPI_LIB     = (none)
    CMPI_INC     = (none)
    CFLAGS       = -O3
    CLINKFLAGS   = $(CFLAGS)


 Please send feedbacks and/or the results of this run to:

 NPB Development Team
 npb@nas.nasa.gov




 NAS Parallel Benchmarks 3.4 -- IS Benchmark

 Size:  134217728  (class C)
 Iterations:   10
 Total number of processes:  64

   iteration
        1
        2
        3
        4
        5
        6
        7
        8
        9
        10


 IS Benchmark Completed
 Class           =                        C
 Size            =                134217728
 Iterations      =                       10
 Time in seconds =                    32.71
 Total processes =                       64
 Active processes=                       64
 Mop/s total     =                    41.03
 Mop/s/process   =                     0.64
 Operation type  =              keys ranked
 Verification    =               SUCCESSFUL
 Version         =                    3.4.1
 Compile date    =              28 Nov 2020

 Compile options:
    MPICC        = mpicc
    CLINK        = $(MPICC)
    CMPI_LIB     = (none)
    CMPI_INC     = (none)
    CFLAGS       = -O3
    CLINKFLAGS   = $(CFLAGS)


 Please send feedbacks and/or the results of this run to:

 NPB Development Team
 npb@nas.nasa.gov




 NAS Parallel Benchmarks 3.4 -- IS Benchmark

 Size:  134217728  (class C)
 Iterations:   10
 Total number of processes:  64

   iteration
        1
        2
        3
        4
        5
        6
        7
        8
        9
        10


 IS Benchmark Completed
 Class           =                        C
 Size            =                134217728
 Iterations      =                       10
 Time in seconds =                    32.28
 Total processes =                       64
 Active processes=                       64
 Mop/s total     =                    41.58
 Mop/s/process   =                     0.65
 Operation type  =              keys ranked
 Verification    =               SUCCESSFUL
 Version         =                    3.4.1
 Compile date    =              28 Nov 2020

 Compile options:
    MPICC        = mpicc
    CLINK        = $(MPICC)
    CMPI_LIB     = (none)
    CMPI_INC     = (none)
    CFLAGS       = -O3
    CLINKFLAGS   = $(CFLAGS)


 Please send feedbacks and/or the results of this run to:

 NPB Development Team
 npb@nas.nasa.gov




 NAS Parallel Benchmarks 3.4 -- IS Benchmark

 Size:  134217728  (class C)
 Iterations:   10
 Total number of processes:  64

   iteration
        1
        2
        3
        4
        5
        6
        7
        8
        9
        10


 IS Benchmark Completed
 Class           =                        C
 Size            =                134217728
 Iterations      =                       10
 Time in seconds =                    32.82
 Total processes =                       64
 Active processes=                       64
 Mop/s total     =                    40.90
 Mop/s/process   =                     0.64
 Operation type  =              keys ranked
 Verification    =               SUCCESSFUL
 Version         =                    3.4.1
 Compile date    =              28 Nov 2020

 Compile options:
    MPICC        = mpicc
    CLINK        = $(MPICC)
    CMPI_LIB     = (none)
    CMPI_INC     = (none)
    CFLAGS       = -O3
    CLINKFLAGS   = $(CFLAGS)


 Please send feedbacks and/or the results of this run to:

 NPB Development Team
 npb@nas.nasa.gov




 NAS Parallel Benchmarks 3.4 -- IS Benchmark

 Size:  134217728  (class C)
 Iterations:   10
 Total number of processes:  64

   iteration
        1
        2
        3
        4
        5
        6
        7
        8
        9
        10


 IS Benchmark Completed
 Class           =                        C
 Size            =                134217728
 Iterations      =                       10
 Time in seconds =                    32.65
 Total processes =                       64
 Active processes=                       64
 Mop/s total     =                    41.11
 Mop/s/process   =                     0.64
 Operation type  =              keys ranked
 Verification    =               SUCCESSFUL
 Version         =                    3.4.1
 Compile date    =              28 Nov 2020

 Compile options:
    MPICC        = mpicc
    CLINK        = $(MPICC)
    CMPI_LIB     = (none)
    CMPI_INC     = (none)
    CFLAGS       = -O3
    CLINKFLAGS   = $(CFLAGS)


 Please send feedbacks and/or the results of this run to:

 NPB Development Team
 npb@nas.nasa.gov




 NAS Parallel Benchmarks 3.4 -- IS Benchmark

 Size:  134217728  (class C)
 Iterations:   10
 Total number of processes:  64

   iteration
        1
        2
        3
        4
        5
        6
        7
        8
        9
        10


 IS Benchmark Completed
 Class           =                        C
 Size            =                134217728
 Iterations      =                       10
 Time in seconds =                    33.67
 Total processes =                       64
 Active processes=                       64
 Mop/s total     =                    39.87
 Mop/s/process   =                     0.62
 Operation type  =              keys ranked
 Verification    =               SUCCESSFUL
 Version         =                    3.4.1
 Compile date    =              28 Nov 2020

 Compile options:
    MPICC        = mpicc
    CLINK        = $(MPICC)
    CMPI_LIB     = (none)
    CMPI_INC     = (none)
    CFLAGS       = -O3
    CLINKFLAGS   = $(CFLAGS)


 Please send feedbacks and/or the results of this run to:

 NPB Development Team
 npb@nas.nasa.gov


